62	72	495,	12079,	12079,	86	1462795660512093	1462795660556840	44747.0
79	91	12803,	24387,	24387,	104	1462795660563325	1462795660606619	43294.0
99	108	25111,	36695,	36695,	120	1462795660613861	1462795660634593	20732.0
116	124	37419,	49003,	49003,	134	1462795660667943	1462795660686152	18209.0
130	138	49727,	61311,	61311,	147	1462795660771416	1462795660789357	17941.0
140	158	62035,	73619,	73619,	167	1462795660800782	1462795660848895	48113.0
159	174	74343,	85927,	85927,	185	1462795660831891	1462795660878844	46953.0
175	189	86651,	98235,	98235,	200	1462795660875411	1462795660907814	32403.0
197	205	98959,	110543,	110543,	215	1462795660932265	1462795660950332	18067.0
211	224	111267,	121403,	121403,	229	1462795660986526	1462795661039919	53393.0
225	251	123575,	143847,	143847,	258	1462795661034804	1462795661163907	129103.0
253	272	145295,	164119,	164119,	279	1462795661149238	1462795661250918	101680.0
274	289	165567,	181495,	181495,	297	1462795661263292	1462795661337777	74485.0
291	308	182943,	200319,	200319,	317	1462795661347303	1462795661420878	73575.0
310	326	201667,	216147,	216147,	334	1462795661405317	1462795661478693	73376.0
327	349	216978,	230010,	230010,	358	1462795661462741	1462795661537841	75100.0
351	367	231458,	244490,	244490,	377	1462795661521326	1462795661592947	71621.0
369	384	245938,	258970,	258970,	392	1462795661578324	1462795661625856	47532.0
386	399	260418,	273450,	273450,	407	1462795661634333	1462795661681733	47400.0
401	414	274190,	287222,	287222,	422	1462795661667313	1462795661736668	69355.0
415	426	287309,	298893,	298893,	436	1462795661721872	1462795661767992	46120.0
428	440	300327,	311911,	311911,	450	1462795661777371	1462795661822929	45558.0
442	454	313345,	324929,	324929,	464	1462795661808485	1462795661853871	45386.0
456	468	326113,	337697,	337697,	478	1462795661838374	1462795661882991	44617.0
469	484	338881,	350465,	350465,	494	1462795661868033	1462795661935978	67945.0
485	497	351649,	363233,	363233,	508	1462795661921116	1462795661964895	43779.0
499	511	364417,	376001,	376001,	522	1462795661950966	1462795661994015	43049.0
513	525	377185,	388769,	388769,	536	1462795661981092	1462795662024010	42918.0
527	539	389953,	401537,	401537,	550	1462795662011053	1462795662054023	42970.0
542	553	402721,	414305,	414305,	564	1462795662046665	1462795662082984	36319.0
559	567	414373,	425957,	425957,	577	1462795662097719	1462795662115572	17853.0
572	580	426228,	437812,	437812,	593	1462795662147810	1462795662165989	18179.0
584	0	
591	600	438184,	449768,	449768,	613	1462795662206838	1462795662251707	44869.0
607	617	450140,	461724,	461724,	628	1462795662261615	1462795662280136	18521.0
624	632	462183,	473767,	473767,	642	1462795662313059	1462795662331373	18314.0
638	646	474457,	486041,	486041,	656	1462795662362536	1462795662380579	18043.0
652	660	487324,	498908,	498908,	671	1462795662413670	1462795662431935	18265.0
668	682	500191,	507431,	507431,	687	1462795662466581	1462795662514217	47636.0
683	693	513058,	521746,	521746,	701	1462795662518372	1462795662571147	52775.0
695	709	523194,	533330,	533330,	716	1462795662574432	1462795662626880	52448.0
711	722	533895,	544031,	544031,	728	1462795662630415	1462795662683086	52671.0
723	732	544661,	553349,	553349,	739	1462795662673452	1462795662739069	65617.0
734	745	554797,	566381,	566381,	752	1462795662724317	1462795662770088	45771.0
747	757	566662,	576798,	576798,	764	1462795662779460	1462795662825013	45553.0
760	775	577975,	588111,	588111,	782	1462795662819491	1462795662881190	61699.0
777	791	589559,	601143,	601143,	801	1462795662876469	1462795662921933	45464.0
795	810	601532,	613116,	613116,	816	1462795662920434	1462795662975981	55547.0
812	824	613621,	625205,	625205,	839	1462795662972234	1462795663073045	100811.0
826	842	625871,	636007,	636007,	847	1462795663027388	1462795663101225	73837.0
844	858	637455,	649039,	649039,	864	1462795663086482	1462795663132186	45704.0
860	874	650149,	661733,	661733,	876	1462795663139497	1462795663187057	47560.0
876	893	662449,	674033,	674033,	896	1462795663189557	1462795663262067	72510.0
894	908	674749,	686333,	686333,	914	1462795663247060	1462795663300066	53006.0
910	925	687049,	698633,	698633,	928	1462795663297006	1462795663348031	51025.0
927	939	699349,	710933,	710933,	943	1462795663348188	1462795663403167	54979.0
941	955	711649,	723233,	723233,	958	1462795663403160	1462795663450017	46857.0
957	968	723949,	735533,	735533,	972	1462795663460401	1462795663506203	45802.0
971	982	736249,	747833,	747833,	986	1462795663512862	1462795663557975	45113.0
985	996	748235,	759819,	759819,	1000	1462795663564046	1462795663610003	45957.0
999	1010	760454,	772038,	772038,	1014	1462795663612168	1462795663657118	44950.0
1014	1024	772673,	784257,	784257,	1028	1462795663661578	1462795663706110	44532.0
1028	1042	784892,	793580,	793580,	1043	1462795663708495	1462795663763352	54857.0
1043	1056	797111,	807247,	807247,	1059	1462795663756241	1462795663828343	72102.0
1058	1071	808695,	818831,	818831,	1073	1462795663813547	1462795663885243	71696.0
1073	1086	820279,	831863,	831863,	1089	1462795663870576	1462795663943317	72741.0
1088	1098	833311,	843447,	843447,	1101	1462795663927581	1462795663999237	71656.0
1100	1110	844895,	856479,	856479,	1114	1462795663984596	1462795664030527	45931.0
1112	1128	857927,	868063,	868063,	1132	1462795664041520	1462795664113353	71833.0
1129	1143	869511,	881095,	881095,	1149	1462795664097779	1462795664145258	47479.0
1145	1160	882543,	895575,	895575,	1164	1462795664129627	1462795664199957	70330.0
1162	1174	895907,	907491,	907491,	1178	1462795664186653	1462795664233231	46578.0
1175	1188	908474,	920058,	920058,	1192	1462795664228726	1462795664288240	59514.0
1190	1201	921041,	932625,	932625,	1206	1462795664282572	1462795664328194	45622.0
1204	1216	933608,	945192,	945192,	1222	1462795664334532	1462795664379301	44769.0
1218	0	
1225	1239	946175,	957759,	957759,	1244	1462795664393347	1462795664440373	47026.0
1240	1256	958742,	970326,	970326,	1259	1462795664429166	1462795664494322	65156.0
1258	1274	971309,	981445,	981445,	1277	1462795664485532	1462795664557450	71918.0
1275	1291	982893,	994477,	994477,	1294	1462795664541810	1462795664605445	63635.0
1293	1307	995925,	1008957,	1008957,	1309	1462795664597687	1462795664662026	64339.0
1309	1325	1009028,	1019164,	1019164,	1327	1462795664646698	1462795664719369	72671.0
1327	1341	1020612,	1032196,	1032196,	1345	1462795664704547	1462795664754453	49906.0
1343	1359	1033644,	1046676,	1046676,	1360	1462795664758711	1462795664806107	47396.0
1360	1373	1046756,	1058340,	1058340,	1374	1462795664807731	1462795664861351	53620.0
1375	1387	1059332,	1070916,	1070916,	1389	1462795664859736	1462795664916416	56680.0
1389	1402	1071908,	1083492,	1083492,	1404	1462795664908895	1462795664954263	45368.0
1405	1416	1084484,	1096068,	1096068,	1418	1462795664957071	1462795665002293	45222.0
1419	1430	1097060,	1108644,	1108644,	1432	1462795665007185	1462795665051296	44111.0
1434	1444	1109249,	1120833,	1120833,	1445	1462795665061454	1462795665106346	44892.0
1447	1457	1121541,	1133125,	1133125,	1459	1462795665117152	1462795665161354	44202.0
1461	1471	1133833,	1145417,	1145417,	1473	1462795665170325	1462795665215359	45034.0
1475	1484	1146125,	1157709,	1157709,	1487	1462795665226547	1462795665244734	18187.0
1490	1498	1158417,	1170001,	1170001,	1501	1462795665279397	1462795665297457	18060.0
1504	1512	1170709,	1182293,	1182293,	1515	1462795665329658	1462795665347871	18213.0
1518	1526	1183001,	1194585,	1194585,	1529	1462795665378861	1462795665396979	18118.0
1534	1542	1195293,	1206877,	1206877,	1545	1462795665432033	1462795665450156	18123.0
1548	1556	1207585,	1219169,	1219169,	1559	1462795665480090	1462795665498214	18124.0
1562	1570	1219877,	1231461,	1231461,	1573	1462795665532476	1462795665550828	18352.0
1576	1584	1232363,	1243947,	1243947,	1587	1462795665580016	1462795665598157	18141.0
1590	1598	1244849,	1256433,	1256433,	1601	1462795665629381	1462795665647667	18286.0
1603	1611	1257335,	1268919,	1268919,	1612	1462795665677845	1462795665696102	18257.0
1614	1622	1269821,	1281405,	1281405,	1626	1462795665725175	1462795665743175	18000.0
1628	1636	1282307,	1293891,	1293891,	1640	1462795665771218	1462795665789228	18010.0
1642	1650	1294793,	1306377,	1306377,	1654	1462795665822097	1462795665840195	18098.0
1656	1664	1307279,	1318863,	1318863,	1668	1462795665877494	1462795665895713	18219.0
1672	1680	1319765,	1331349,	1331349,	1684	1462795665927850	1462795665946086	18236.0
1686	1694	1332251,	1343835,	1343835,	1698	1462795665975183	1462795665993236	18053.0
1700	1713	1344737,	1349081,	1349081,	1714	1462795666023942	1462795666070682	46740.0
1716	1729	1356894,	1368478,	1368478,	1732	1462795666071350	1462795666126477	55127.0
1730	1746	1369100,	1380684,	1380684,	1747	1462795666120812	1462795666171508	50696.0
1748	1760	1381369,	1392953,	1392953,	1761	1462795666175346	1462795666221538	46192.0
1762	1774	1393638,	1405222,	1405222,	1775	1462795666231513	1462795666277624	46111.0
1776	1787	1405907,	1417491,	1417491,	1789	1462795666286558	1462795666332635	46077.0
1790	1801	1418176,	1429760,	1429760,	1803	1462795666337589	1462795666383427	45838.0
1804	1817	1430445,	1442029,	1442029,	1819	1462795666390859	1462795666436425	45566.0
1820	1831	1442714,	1454298,	1454298,	1833	1462795666443335	1462795666487550	44215.0
1835	1846	1454983,	1466567,	1466567,	1848	1462795666495785	1462795666540559	44774.0
1850	1867	1467252,	1484628,	1484628,	1869	1462795666550517	1462795666597785	47268.0
1869	1885	1484892,	1500820,	1500820,	1887	1462795666600699	1462795666652540	51841.0
1888	1901	1501416,	1515896,	1515896,	1904	1462795666657616	1462795666703702	46086.0
1905	1918	1516536,	1531016,	1531016,	1921	1462795666708476	1462795666753364	44888.0
1922	1935	1531259,	1545739,	1545739,	1954	1462795666755606	1462795666850432	94826.0
1939	1960	1545762,	1558794,	1558794,	1958	1462795666805147	1462795666878709	73562.0
1961	1974	1559870,	1572902,	1572902,	1979	1462795666863765	1462795666908792	45027.0
1979	1994	1573832,	1585416,	1585416,	1994	1462795666900965	1462795666944774	43809.0
1998	2007	1586823,	1598407,	1598407,	2008	1462795666954900	1462795666973773	18873.0
2013	2021	1599671,	1611255,	1611255,	2021	1462795667006400	1462795667024358	17958.0
2026	2034	1612017,	1623601,	1623601,	2034	1462795667057151	1462795667075249	18098.0
2039	2047	1624363,	1635947,	1635947,	2047	1462795667114209	1462795667132302	18093.0
2052	2060	1636709,	1648293,	1648293,	2060	1462795667164390	1462795667182391	18001.0
2065	2073	1649055,	1660639,	1660639,	2073	1462795667212398	1462795667230405	18007.0
2078	2086	1661401,	1672985,	1672985,	2086	1462795667259383	1462795667277405	18022.0
2091	2099	1673747,	1685331,	1685331,	2098	1462795667308483	1462795667325533	17050.0
2103	2111	1686093,	1697677,	1697677,	2111	1462795667357021	1462795667375194	18173.0
2116	2124	1698439,	1710023,	1710023,	2125	1462795667406578	1462795667424765	18187.0
2131	2139	1710785,	1722369,	1722369,	2139	1462795667459841	1462795667477945	18104.0
2144	2155	1723131,	1737611,	1737611,	2155	1462795667513074	1462795667557579	44505.0
2160	2169	1737803,	1750835,	1750835,	2169	1462795667570364	1462795667588872	18508.0
2175	2184	1752063,	1765095,	1765095,	2184	1462795667624799	1462795667643179	18380.0
2189	2198	1766158,	1779190,	1779190,	2198	1462795667676774	1462795667695103	18329.0
2203	2212	1779932,	1792964,	1792964,	2211	1462795667728008	1462795667746342	18334.0
2216	2225	1793554,	1806586,	1806586,	2226	1462795667775457	1462795667793818	18361.0
2231	2244	1806845,	1808293,	1808293,	2245	1462795667824894	1462795667870915	46021.0
2251	2262	1820071,	1833103,	1833103,	2266	1462795667883721	1462795667928883	45162.0
2270	2284	1833297,	1846329,	1846329,	2284	1462795667929083	1462795667973536	44453.0
2289	2300	1846491,	1859523,	1859523,	2299	1462795667978539	1462795668022595	44056.0
2304	2313	1859587,	1871171,	1871171,	2313	1462795668028726	1462795668051647	22921.0
2319	2327	1871819,	1883403,	1883403,	2326	1462795668079585	1462795668097523	17938.0
2332	2340	1884051,	1895635,	1895635,	2338	1462795668133513	1462795668151567	18054.0
2345	2353	1896283,	1907867,	1907867,	2351	1462795668185586	1462795668203534	17948.0
2357	2365	1908515,	1920099,	1920099,	2363	1462795668233676	1462795668251540	17864.0
2369	2377	1920747,	1932331,	1932331,	2375	1462795668287154	1462795668305315	18161.0
2381	2389	1932979,	1944563,	1944563,	2391	1462795668344822	1462795668362894	18072.0
2393	0	
2400	2411	1945211,	1956795,	1956795,	2413	1462795668403843	1462795668448739	44896.0
2418	2428	1957443,	1969027,	1969027,	2429	1462795668451910	1462795668476786	24876.0
2436	2444	1969675,	1981259,	1981259,	2442	1462795668504464	1462795668522520	18056.0
2449	2456	1981907,	1992043,	1992043,	2454	1462795668560084	1462795668578153	18069.0
2461	2469	1993486,	2005070,	2005070,	2467	1462795668612764	1462795668630672	17908.0
2474	2482	2005137,	2016721,	2016721,	2480	1462795668667813	1462795668685981	18168.0
2487	2495	2016840,	2028424,	2028424,	2493	1462795668723672	1462795668741598	17926.0
2500	2508	2028803,	2040387,	2040387,	2506	1462795668774232	1462795668792350	18118.0
2514	2522	2040766,	2052350,	2052350,	2520	1462795668827551	1462795668845619	18068.0
2527	2535	2052849,	2064433,	2064433,	2533	1462795668879011	1462795668897252	18241.0
2542	2550	2064932,	2076516,	2076516,	2548	1462795668930703	1462795668948687	17984.0
2555	2563	2077067,	2088651,	2088651,	2561	1462795668981006	1462795668999185	18179.0
2568	2575	2089431,	2099567,	2099567,	2572	1462795669033829	1462795669051536	17707.0
2579	2586	2099986,	2110122,	2110122,	2584	1462795669080772	1462795669098541	17769.0
2591	2598	2110734,	2120870,	2120870,	2596	1462795669136136	1462795669154225	18089.0
2603	2610	2121724,	2131860,	2131860,	2607	1462795669195531	1462795669213486	17955.0
2614	2622	2133008,	2144592,	2144592,	2620	1462795669248076	1462795669266189	18113.0
2627	2635	2144937,	2156521,	2156521,	2633	1462795669299221	1462795669317338	18117.0
2640	2648	2156866,	2168450,	2168450,	2646	1462795669348108	1462795669366348	18240.0
2653	2661	2168927,	2180511,	2180511,	2660	1462795669401359	1462795669419489	18130.0
2668	2676	2180988,	2192572,	2192572,	2674	1462795669453975	1462795669472074	18099.0
2681	2689	2193227,	2204811,	2204811,	2687	1462795669505163	1462795669523430	18267.0
2694	2702	2206248,	2217832,	2217832,	2699	1462795669553523	1462795669571686	18163.0
2706	2714	2219269,	2230853,	2230853,	2712	1462795669602700	1462795669620830	18130.0
2719	2727	2232119,	2243703,	2243703,	2725	1462795669656030	1462795669674445	18415.0
2732	2740	2244969,	2256553,	2256553,	2738	1462795669706807	1462795669724813	18006.0
2745	2753	2257819,	2269403,	2269403,	2751	1462795669758593	1462795669776704	18111.0
2758	2766	2270669,	2282253,	2282253,	2765	1462795669809047	1462795669827343	18296.0
2772	2780	2283519,	2295103,	2295103,	2779	1462795669861976	1462795669880093	18117.0
2788	2796	2296369,	2307953,	2307953,	2794	1462795669919593	1462795669937753	18160.0
2801	2809	2309219,	2320803,	2320803,	2808	1462795669969064	1462795669987395	18331.0
2815	2823	2322069,	2333653,	2333653,	2821	1462795670024204	1462795670042368	18164.0
2828	2836	2334757,	2346341,	2346341,	2834	1462795670076828	1462795670094868	18040.0
2841	2849	2347445,	2359029,	2359029,	2847	1462795670132214	1462795670150382	18168.0
2854	2862	2360133,	2371717,	2371717,	2861	1462795670184461	1462795670202750	18289.0
2868	2876	2372821,	2384405,	2384405,	2874	1462795670232566	1462795670250768	18202.0
2882	2890	2385509,	2397093,	2397093,	2889	1462795670284067	1462795670302366	18299.0
2896	2904	2398197,	2409781,	2409781,	2903	1462795670333011	1462795670351330	18319.0
2910	2918	2410885,	2422469,	2422469,	2916	1462795670379896	1462795670397900	18004.0
2925	2933	2423573,	2435157,	2435157,	2931	1462795670427903	1462795670445904	18001.0
2938	2946	2436261,	2447845,	2447845,	2944	1462795670480077	1462795670498306	18229.0
2951	2961	2448949,	2463429,	2463429,	2961	1462795670534815	1462795670553185	18370.0
2968	2977	2463739,	2476771,	2476771,	2974	1462795670587254	1462795670605158	17904.0
2981	2990	2477587,	2490619,	2490619,	2992	1462795670632527	1462795670650797	18270.0
2994	0	
3002	3013	2491063,	2504095,	2504095,	3014	1462795670691193	1462795670736308	45115.0
3019	3033	2504416,	2517448,	2517448,	3031	1462795670737853	1462795670782036	44183.0
3038	3047	2517511,	2529095,	2529095,	3044	1462795670789204	1462795670811297	22093.0
3051	3059	2530521,	2542105,	2542105,	3057	1462795670837093	1462795670855379	18286.0
3064	3072	2543531,	2555115,	2555115,	3071	1462795670884377	1462795670902631	18254.0
3080	3088	2556451,	2568035,	2568035,	3086	1462795670932341	1462795670950488	18147.0
3093	3101	2569371,	2580955,	2580955,	3100	1462795670979529	1462795670997792	18263.0
3107	3115	2582291,	2593875,	2593875,	3113	1462795671026786	1462795671044869	18083.0
3120	3128	2594469,	2606053,	2606053,	3126	1462795671077022	1462795671094999	17977.0
3133	3141	2606647,	2618231,	2618231,	3139	1462795671124376	1462795671142678	18302.0
3146	3154	2618959,	2630543,	2630543,	3152	1462795671176518	1462795671194755	18237.0
3159	3173	2631271,	2639959,	2639959,	3167	1462795671229134	1462795671275489	46355.0
3174	3189	2643583,	2653719,	2653719,	3183	1462795671280093	1462795671380451	100358.0
3191	3208	2655167,	2666751,	2666751,	3203	1462795671391790	1462795671465446	73656.0
3210	3223	2668199,	2678335,	2678335,	3229	1462795671475857	1462795671577465	101608.0
3224	3241	2679783,	2691367,	2691367,	3235	1462795671531857	1462795671605470	73613.0
3243	3255	2692815,	2702951,	2702951,	3251	1462795671615816	1462795671662376	46560.0
3257	3265	2704399,	2710191,	2710191,	3260	1462795671646826	1462795671690485	43659.0
3267	3276	2711639,	2718879,	2718879,	3269	1462795671675807	1462795671743467	67660.0
3277	3285	2720327,	2727567,	2727567,	3278	1462795671727916	1462795671774507	46591.0
3286	3293	2729015,	2736255,	2736255,	3287	1462795671759017	1462795671803389	44372.0
3295	3305	2737703,	2747839,	2747839,	3299	1462795671811907	1462795671857087	45180.0
3307	3314	2747978,	2755218,	2755218,	3308	1462795671842908	1462795671886390	43482.0
3316	3328	2756666,	2768250,	2768250,	3323	1462795671871854	1462795671918044	46190.0
3331	3342	2768342,	2778478,	2778478,	3336	1462795671915508	1462795671971326	55818.0
3345	3354	2778925,	2789061,	2789061,	3348	1462795671963692	1462795672008420	44728.0
3356	3366	2789768,	2799904,	2799904,	3360	1462795672012195	1462795672056454	44259.0
3369	3383	2800886,	2806678,	2806678,	3374	1462795672067849	1462795672114600	46751.0
3384	3394	2812183,	2820871,	2820871,	3388	1462795672120250	1462795672171603	51353.0
3396	3411	2822319,	2833903,	2833903,	3405	1462795672175903	1462795672226574	50671.0
3413	3425	2835183,	2845319,	2845319,	3416	1462795672214946	1462795672282620	67674.0
3426	3442	2846767,	2856903,	2856903,	3434	1462795672267082	1462795672360639	93557.0
3443	3456	2858351,	2868487,	2868487,	3450	1462795672345053	1462795672395595	50542.0
3458	3474	2869935,	2880071,	2880071,	3465	1462795672400940	1462795672450622	49682.0
3475	3486	2881519,	2891655,	2891655,	3477	1462795672435028	1462795672506661	71633.0
3487	3500	2893103,	2906135,	2906135,	3492	1462795672491064	1462795672563279	72215.0
3502	3515	2906414,	2919446,	2919446,	3507	1462795672568815	1462795672615654	46839.0
3517	3531	2920894,	2935374,	2935374,	3523	1462795672604918	1462795672672562	67644.0
3533	3547	2936748,	2951228,	2951228,	3540	1462795672656983	1462795672708218	51235.0
3549	3563	2951339,	2964371,	2964371,	3555	1462795672712983	1462795672759660	46677.0
3564	3577	2965598,	2978630,	2978630,	3570	1462795672744728	1462795672793502	48774.0
3579	3592	2979626,	2992658,	2992658,	3584	1462795672798678	1462795672844398	45720.0
3593	3613	2993273,	3006305,	3006305,	3607	1462795672828476	1462795672903743	75267.0
3615	3633	3006847,	3019879,	3019879,	3628	1462795672914055	1462795672959477	45422.0
3635	3652	3020280,	3033312,	3033312,	3643	1462795672945060	1462795672991379	46319.0
3653	3667	3033378,	3046410,	3046410,	3658	1462795672976605	1462795673045384	68779.0
3668	3687	3046476,	3058060,	3058060,	3678	1462795673030515	1462795673103658	73143.0
3689	3702	3059508,	3069644,	3069644,	3694	1462795673087099	1462795673157771	70672.0
3704	3719	3071092,	3082676,	3082676,	3709	1462795673143110	1462795673190688	47578.0
3721	3734	3084124,	3097156,	3097156,	3724	1462795673199089	1462795673246712	47623.0
3735	3746	3098467,	3108603,	3108603,	3736	1462795673238031	1462795673300676	62645.0
3748	3761	3110051,	3123083,	3123083,	3751	1462795673286140	1462795673332608	46468.0
3762	3774	3124435,	3136019,	3136019,	3783	1462795673339973	1462795673441787	101814.0
3777	3798	3137419,	3149003,	3149003,	3785	1462795673395587	1462795673469782	74195.0
3799	3811	3150403,	3161987,	3161987,	3803	1462795673454666	1462795673501689	47023.0
3813	3828	3163387,	3174971,	3174971,	3819	1462795673501096	1462795673545792	44696.0
3834	3843	3176371,	3187955,	3187955,	3832	1462795673558548	1462795673604557	46009.0
3846	3861	3188736,	3198872,	3198872,	3850	1462795673609118	1462795673680832	71714.0
3862	3878	3200320,	3211904,	3211904,	3868	1462795673665346	1462795673715831	50485.0
3880	3893	3213352,	3224936,	3224936,	3881	1462795673721177	1462795673767779	46602.0
3895	3907	3225831,	3237415,	3237415,	3895	1462795673777199	1462795673823663	46464.0
3909	3920	3238196,	3249780,	3249780,	3908	1462795673820760	1462795673866552	45792.0
3922	3933	3250561,	3262145,	3262145,	3923	1462795673872588	1462795673917558	44970.0
3938	3949	3262926,	3274510,	3274510,	3937	1462795673927157	1462795673972605	45448.0
3954	3964	3275291,	3286875,	3286875,	3953	1462795673984246	1462795674027720	43474.0
3967	0	
3974	3988	3287656,	3300688,	3300688,	3975	1462795674042658	1462795674089816	47158.0
3989	4006	3301098,	3314130,	3314130,	3992	1462795674088761	1462795674142584	53823.0
4009	4022	3314314,	3327346,	3327346,	4007	1462795674143121	1462795674188826	45705.0
4024	4037	3327477,	3340509,	3340509,	4022	1462795674193765	1462795674243586	49821.0
4039	4052	3340640,	3353672,	3353672,	4037	1462795674245640	1462795674294589	48949.0
4054	4063	3353750,	3363886,	3363886,	4051	1462795674299265	1462795674323825	24560.0
4067	0	
4074	4086	3366740,	3378324,	3378324,	4074	1462795674358803	1462795674405775	46972.0
4088	4105	3379632,	3391216,	3391216,	4090	1462795674399254	1462795674443874	44620.0
4109	4119	3392406,	3403990,	3403990,	4103	1462795674449081	1462795674494799	45718.0
4122	4138	3405180,	3416764,	3416764,	4123	1462795674496399	1462795674569806	73407.0
4140	4153	3417954,	3428090,	3428090,	4139	1462795674554222	1462795674605951	51729.0
4155	4170	3429538,	3441122,	3441122,	4153	1462795674609222	1462795674661692	52470.0
4171	4183	3441399,	3452983,	3452983,	4167	1462795674651781	1462795674711705	59924.0
4185	4196	3453317,	3464901,	3464901,	4180	1462795674705853	1462795674751927	46074.0
4199	4209	3465246,	3476830,	3476830,	4193	1462795674763067	1462795674808649	45582.0
4212	4222	3477175,	3488759,	3488759,	4207	1462795674817202	1462795674862729	45527.0
4225	4236	3489184,	3500768,	3500768,	4222	1462795674868536	1462795674913676	45140.0
4241	4252	3501285,	3512869,	3512869,	4237	1462795674917239	1462795674961795	44556.0
4256	4266	3513495,	3525079,	3525079,	4251	1462795674966216	1462795675010823	44607.0
4270	4285	3525705,	3543081,	3543081,	4269	1462795675014163	1462795675060942	46779.0
4287	4302	3543186,	3559114,	3559114,	4287	1462795675066606	1462795675115844	49238.0
4305	4318	3559904,	3574384,	3574384,	4302	1462795675119908	1462795675165827	45919.0
4322	4338	3575310,	3586894,	3586894,	4322	1462795675177539	1462795675251985	74446.0
4340	4357	3588342,	3601374,	3601374,	4342	1462795675236313	1462795675308056	71743.0
4359	4374	3602822,	3615854,	3615854,	4357	1462795675293321	1462795675365963	72642.0
4376	4390	3617302,	3628886,	3628886,	4372	1462795675374346	1462795675446111	71765.0
4391	4404	3630334,	3643366,	3643366,	4387	1462795675430452	1462795675478953	48501.0
4406	4419	3644814,	3657846,	3657846,	4402	1462795675487365	1462795675534056	46691.0
4421	4432	3658860,	3670444,	3670444,	4415	1462795675520332	1462795675566068	45736.0
4434	4444	3671495,	3683079,	3683079,	4428	1462795675574375	1462795675621013	46638.0
4446	4457	3683306,	3694890,	3694890,	4441	1462795675604369	1462795675651054	46685.0
4459	4470	3695358,	3706942,	3706942,	4471	1462795675661375	1462795675739050	77675.0
4473	4492	3707993,	3719577,	3719577,	4473	1462795675693760	1462795675767059	73299.0
4494	4503	3720628,	3730764,	3730764,	4490	1462795675864188	1462795675910032	45844.0
4505	4525	3732212,	3745244,	3745244,	4509	1462795675894414	1462795675940805	46391.0
4526	4539	3745898,	3757482,	3757482,	4539	1462795675925015	1462795676025106	100091.0
4541	4561	3758533,	3770117,	3770117,	4541	1462795675979428	1462795676053074	73646.0
4562	4573	3771168,	3781304,	3781304,	4557	1462795676037967	1462795676085076	47109.0
4575	4591	3782752,	3794336,	3794336,	4573	1462795676093441	1462795676140185	46744.0
4593	4603	3795784,	3805920,	3805920,	4585	1462795676125457	1462795676195118	69661.0
4605	4618	3807368,	3820400,	3820400,	4600	1462795676179423	1462795676226808	47385.0
4620	4631	3820490,	3832074,	3832074,	4614	1462795676236476	1462795676281913	45437.0
4633	4645	3832554,	3844138,	3844138,	4627	1462795676266477	1462795676312161	45684.0
4647	4658	3844718,	3856302,	3856302,	4640	1462795676296452	1462795676342173	45721.0
4660	4671	3856882,	3868466,	3868466,	4653	1462795676351494	1462795676397003	45509.0
4672	4684	3869213,	3880797,	3880797,	4667	1462795676380981	1462795676426174	45193.0
4685	4699	3881544,	3893128,	3893128,	4682	1462795676411212	1462795676455983	44771.0
4700	4713	3893875,	3905459,	3905459,	4695	1462795676441012	1462795676486056	45044.0
4714	4725	3906206,	3917790,	3917790,	4709	1462795676484421	1462795676514135	29714.0
4731	4739	3918537,	3930121,	3930121,	4722	1462795676534077	1462795676552348	18271.0
4744	4752	3931569,	3943153,	3943153,	4735	1462795676583160	1462795676601407	18247.0
4757	4765	3944416,	3956000,	3956000,	4748	1462795676632400	1462795676650658	18258.0
4770	4778	3957263,	3968847,	3968847,	4761	1462795676679338	1462795676697583	18245.0
4783	4791	3970110,	3981694,	3981694,	4773	1462795676736059	1462795676754238	18179.0
4795	4803	3982957,	3994541,	3994541,	4786	1462795676786144	1462795676804456	18312.0
4808	4816	3995804,	4007388,	4007388,	4799	1462795676835156	1462795676853555	18399.0
4821	4829	4008651,	4020235,	4020235,	4813	1462795676883983	1462795676902103	18120.0
4837	4845	4021498,	4033082,	4033082,	4829	1462795676932976	1462795676951276	18300.0
4851	4859	4034345,	4045929,	4045929,	4843	1462795676980407	1462795676998730	18323.0
4865	4874	4047192,	4060224,	4060224,	4857	1462795677028957	1462795677047335	18378.0
4879	4888	4060450,	4073482,	4073482,	4872	1462795677083488	1462795677101788	18300.0
4894	4903	4073579,	4086611,	4086611,	4885	1462795677133675	1462795677151902	18227.0
4907	4916	4086708,	4099740,	4099740,	4900	1462795677184039	1462795677202420	18381.0
4922	4935	4099788,	4102684,	4102684,	4917	1462795677234833	1462795677281342	46509.0
4939	4951	4112265,	4123849,	4123849,	4935	1462795677281119	1462795677327333	46214.0
4954	4968	4124742,	4136326,	4136326,	4951	1462795677329877	1462795677374181	44304.0
4973	4983	4137219,	4148803,	4148803,	4983	1462795677376078	1462795677470194	94116.0
4988	5007	4149696,	4161280,	4161280,	4985	1462795677424156	1462795677498282	74126.0
5008	5019	4162173,	4172309,	4172309,	5001	1462795677483359	1462795677530326	46967.0
5021	5035	4173757,	4183893,	4183893,	5015	1462795677538669	1462795677584432	45763.0
5037	5047	4185341,	4195477,	4195477,	5027	1462795677569654	1462795677639252	69598.0
5049	5059	4196772,	4206908,	4206908,	5039	1462795677623685	1462795677669411	45726.0
5061	5072	4208232,	4219816,	4219816,	5052	1462795677663162	1462795677708015	44853.0
5074	5089	4219941,	4222837,	4222837,	5069	1462795677709700	1462795677764464	54764.0
5091	5106	4231755,	4243339,	4243339,	5085	1462795677755775	1462795677820008	64233.0
5107	5126	4243569,	4253705,	4253705,	5103	1462795677805733	1462795677883433	77700.0
5128	5142	4255153,	4265289,	4265289,	5121	1462795677888734	1462795677934469	45735.0
5144	5158	4266737,	4276873,	4276873,	5135	1462795677923729	1462795677988494	64765.0
5160	5171	4278321,	4289905,	4289905,	5149	1462795677974741	1462795678025399	50658.0
5173	5186	4291353,	4298593,	4298593,	5163	1462795678009744	1462795678075498	65754.0
5188	5200	4300041,	4310177,	4310177,	5179	1462795678065756	1462795678110329	44573.0
5202	5216	4310859,	4320995,	4320995,	5192	1462795678107108	1462795678158241	51133.0
5219	5228	4321434,	4331570,	4331570,	5204	1462795678154872	1462795678200251	45379.0
5231	5240	4332331,	4342467,	4342467,	5216	1462795678203604	1462795678249286	45682.0
5242	5251	4343342,	4353478,	4353478,	5228	1462795678250367	1462795678295424	45057.0
5254	5263	4354469,	4364605,	4364605,	5240	1462795678300550	1462795678345456	44906.0
5266	5275	4365797,	4375933,	4375933,	5252	1462795678348288	1462795678393512	45224.0
5278	5290	4377210,	4388794,	4388794,	5268	1462795678396422	1462795678442100	45678.0
5293	5304	4388888,	4400472,	4400472,	5281	1462795678451486	1462795678496227	44741.0
5307	5317	4400760,	4412344,	4412344,	5295	1462795678501394	1462795678546259	44865.0
5321	5332	4412726,	4425758,	4425758,	5310	1462795678552383	1462795678598225	45842.0
5336	5348	4426367,	4439399,	4439399,	5328	1462795678599824	1462795678644315	44491.0
5350	0	
5358	5373	4439870,	4442766,	4442766,	5350	1462795678658550	1462795678730609	72059.0
5379	5391	4453125,	4464709,	4464709,	5368	1462795678743447	1462795678790615	47168.0
5393	5409	4466157,	4477741,	4477741,	5384	1462795678799971	1462795678846598	46627.0
5411	5424	4479189,	4492221,	4492221,	5400	1462795678831984	1462795678902583	70599.0
5426	5438	4492282,	4502418,	4502418,	5413	1462795678887977	1462795678934538	46561.0
5440	5453	4503866,	4516898,	4516898,	5428	1462795678942971	1462795678988587	45616.0
5454	5473	4517914,	4529498,	4529498,	5448	1462795678973511	1462795679046649	73138.0
5475	5486	4530662,	4540798,	4540798,	5464	1462795679030930	1462795679077534	46604.0
5488	5502	4542246,	4552382,	4552382,	5477	1462795679086004	1462795679130566	44562.0
5504	5517	4553830,	4566862,	4566862,	5492	1462795679117002	1462795679164214	47212.0
5519	5534	4566959,	4578543,	4578543,	5509	1462795679172039	1462795679248400	76361.0
5537	5549	4578882,	4589018,	4589018,	5525	1462795679259454	1462795679306689	47235.0
5551	5564	4590466,	4600602,	4600602,	5540	1462795679316049	1462795679362521	46472.0
5566	5577	4602050,	4612186,	4612186,	5553	1462795679347039	1462795679418532	71493.0
5579	5599	4613634,	4625218,	4625218,	5572	1462795679404069	1462795679502686	98617.0
5601	5617	4626666,	4636802,	4636802,	5590	1462795679488026	1462795679588717	100691.0
5619	5634	4638250,	4649834,	4649834,	5607	1462795679574088	1462795679672652	98564.0
5636	5647	4651282,	4661418,	4661418,	5619	1462795679657099	1462795679729767	72668.0
5648	5667	4662866,	4681690,	4681690,	5640	1462795679714217	1462795679814680	100463.0
5669	5685	4683138,	4699066,	4699066,	5658	1462795679800127	1462795679872681	72554.0
5687	5703	4700514,	4716442,	4716442,	5677	1462795679858118	1462795679929714	71596.0
5704	5721	4717722,	4732202,	4732202,	5695	1462795679914871	1462795679962688	47817.0
5723	5738	4732808,	4747288,	4747288,	5712	1462795679970155	1462795680018388	48233.0
5739	5753	4747515,	4760547,	4760547,	5725	1462795680002844	1462795680048811	45967.0
5754	5776	4761985,	4775017,	4775017,	5747	1462795680033575	1462795680127726	94151.0
5777	5793	4776096,	4789128,	4789128,	5767	1462795680112600	1462795680159551	46951.0
5794	5809	4790083,	4801667,	4801667,	5782	1462795680143697	1462795680189833	46136.0
5811	5823	4803057,	4814641,	4814641,	5796	1462795680197046	1462795680242733	45687.0
5825	5839	4816031,	4829063,	4829063,	5811	1462795680228081	1462795680274540	46459.0
5840	5856	4829458,	4830906,	4830906,	5830	1462795680259782	1462795680329821	70039.0
5863	5877	4842784,	4855816,	4855816,	5850	1462795680342851	1462795680389725	46874.0
5878	5893	4856003,	4867587,	4867587,	5867	1462795680373530	1462795680419836	46306.0
5897	5910	4868961,	4880545,	4880545,	5882	1462795680427089	1462795680472755	45666.0
5912	5924	4881919,	4893503,	4893503,	5896	1462795680459122	1462795680504723	45601.0
5926	5938	4894823,	4906407,	4906407,	5910	1462795680490121	1462795680535741	45620.0
5940	5952	4907727,	4919311,	4919311,	5923	1462795680542153	1462795680586878	44725.0
5955	5965	4920631,	4932215,	4932215,	5936	1462795680577793	1462795680622866	45073.0
5966	5978	4933535,	4945119,	4945119,	5950	1462795680607817	1462795680652840	45023.0
5979	5993	4946439,	4959471,	4959471,	5965	1462795680637855	1462795680682794	44939.0
5995	6008	4960586,	4973618,	4973618,	5980	1462795680684688	1462795680729674	44986.0
6010	6023	4974327,	4987359,	4987359,	5995	1462795680720832	1462795680765745	44913.0
6024	6038	4988023,	5001055,	5001055,	6010	1462795680750678	1462795680795693	45015.0
6040	6052	5001581,	5014613,	5014613,	6025	1462795680781750	1462795680825820	44070.0
6055	6067	5014817,	5027849,	5027849,	6041	1462795680812773	1462795680855848	43075.0
6070	6092	5028053,	5041085,	5041085,	6064	1462795680853863	1462795680912828	58965.0
6093	6110	5041245,	5054277,	5054277,	6085	1462795680905082	1462795680949545	44463.0
6116	6129	5054365,	5067397,	5067397,	6100	1462795680955077	1462795680999577	44500.0
6133	6144	5067485,	5080517,	5080517,	6115	1462795681006941	1462795681051776	44835.0
6148	6157	5081110,	5092694,	5092694,	6128	1462795681058489	1462795681080802	22313.0
6162	6170	5093922,	5105506,	5105506,	6141	1462795681109435	1462795681127549	18114.0
6175	6183	5106734,	5118318,	5118318,	6154	1462795681164818	1462795681183060	18242.0
6188	6196	5119546,	5131130,	5131130,	6167	1462795681220506	1462795681238569	18063.0
6201	6209	5132358,	5143942,	5143942,	6181	1462795681273011	1462795681291330	18319.0
6215	6223	5145170,	5156754,	5156754,	6194	1462795681328944	1462795681347039	18095.0
6228	6236	5157982,	5169566,	5169566,	6207	1462795681382081	1462795681400347	18266.0
6243	6251	5170794,	5182378,	5182378,	6222	1462795681432807	1462795681450833	18026.0
6256	6264	5183606,	5195190,	5195190,	6236	1462795681487536	1462795681505612	18076.0
6270	6278	5196418,	5208002,	5208002,	6249	1462795681541056	1462795681559272	18216.0
6283	6291	5208013,	5219597,	5219597,	6262	1462795681598825	1462795681617098	18273.0
6296	6304	5220440,	5232024,	5232024,	6275	1462795681649373	1462795681667482	18109.0
6309	6317	5232867,	5244451,	5244451,	6287	1462795681704905	1462795681723248	18343.0
6321	6329	5245294,	5256878,	5256878,	6300	1462795681756343	1462795681774501	18158.0
6334	6342	5257721,	5269305,	5269305,	6312	1462795681803809	1462795681822024	18215.0
6346	6354	5270148,	5281732,	5281732,	6325	1462795681851437	1462795681869509	18072.0
6359	6367	5282575,	5294159,	5294159,	6339	1462795681900103	1462795681918391	18288.0
6374	6382	5295002,	5306586,	5306586,	6353	1462795681949465	1462795681967527	18062.0
6387	6395	5307429,	5319013,	5319013,	6366	1462795682006145	1462795682024408	18263.0
6400	6409	5319856,	5332888,	5332888,	6380	1462795682057506	1462795682075674	18168.0
6414	6423	5333811,	5346843,	5346843,	6394	1462795682105617	1462795682123733	18116.0
6428	6436	5346868,	5358452,	5358452,	6407	1462795682153160	1462795682171318	18158.0
6441	6449	5359820,	5371404,	5371404,	6420	1462795682201547	1462795682219796	18249.0
6454	6462	5372772,	5384356,	5384356,	6433	1462795682248875	1462795682266940	18065.0
6466	6474	5385570,	5397154,	5397154,	6446	1462795682296154	1462795682314325	18171.0
6479	6487	5398368,	5409952,	5409952,	6459	1462795682354178	1462795682372489	18311.0
6492	6500	5411166,	5422750,	5422750,	6491	1462795682406211	1462795682500118	93907.0
6506	6525	5423964,	5435548,	5435548,	6493	1462795682454660	1462795682528127	73467.0
6526	6534	5436762,	5446898,	5446898,	6509	1462795682512906	1462795682556997	44091.0
6540	6549	5447957,	5458093,	5458093,	6524	1462795682558690	1462795682585155	26465.0
6557	6564	5459357,	5469493,	5469493,	6535	1462795682607420	1462795682625539	18119.0
6569	6577	5470800,	5482384,	5482384,	6548	1462795682657494	1462795682675617	18123.0
6581	6589	5483098,	5494682,	5494682,	6562	1462795682705808	1462795682723764	17956.0
6595	6603	5495396,	5506980,	5506980,	6575	1462795682762050	1462795682780433	18383.0
6608	6616	5507694,	5519278,	5519278,	6587	1462795682813499	1462795682831666	18167.0
6620	6628	5519992,	5531576,	5531576,	6600	1462795682861001	1462795682879223	18222.0
6633	6641	5532290,	5543874,	5543874,	6614	1462795682910092	1462795682928163	18071.0
6648	6656	5544588,	5556172,	5556172,	6627	1462795682964869	1462795682982789	17920.0
6660	6672	5556886,	5558334,	5558334,	6644	1462795683016497	1462795683062141	45644.0
6678	6688	5569814,	5581398,	5581398,	6662	1462795683074943	1462795683120164	45221.0
6693	6710	5582742,	5585638,	5585638,	6680	1462795683118739	1462795683175300	56561.0
6714	6727	5595670,	5607254,	5607254,	6698	1462795683176505	1462795683231267	54762.0
6728	6744	5608598,	5620182,	5620182,	6714	1462795683231291	1462795683277270	45979.0
6747	6759	5621526,	5633110,	5633110,	6728	1462795683282466	1462795683332281	49815.0
6761	6772	5634454,	5646038,	5646038,	6741	1462795683335509	1462795683381281	45772.0
6774	6787	5647382,	5658966,	5658966,	6756	1462795683387891	1462795683434291	46400.0
6790	6800	5660310,	5671894,	5671894,	6769	1462795683438640	1462795683484183	45543.0
6803	6813	5673238,	5684822,	5684822,	6783	1462795683492003	1462795683537228	45225.0
6816	6827	5686166,	5697750,	5697750,	6796	1462795683548314	1462795683593154	44840.0
6830	6840	5698658,	5710242,	5710242,	6809	1462795683602171	1462795683647162	44991.0
6843	6853	5711150,	5722734,	5722734,	6822	1462795683656883	1462795683701168	44285.0
6855	6865	5723642,	5735226,	5735226,	6835	1462795683709188	1462795683754234	45046.0
6868	6882	5736134,	5740478,	5740478,	6851	1462795683764056	1462795683810382	46326.0
6883	6897	5748626,	5760210,	5760210,	6869	1462795683816382	1462795683866258	49876.0
6898	6914	5761118,	5772702,	5772702,	6886	1462795683865001	1462795683917282	52281.0
6919	6930	5773610,	5785194,	5785194,	6901	1462795683920448	1462795683974285	53837.0
6932	6944	5786102,	5797686,	5797686,	6915	1462795683973565	1462795684022287	48722.0
6946	6956	5798594,	5808730,	5808730,	6927	1462795684025530	1462795684070041	44511.0
6959	6968	5808803,	5818939,	5818939,	6939	1462795684073801	1462795684118081	44280.0
6971	6980	5819092,	5829228,	5829228,	6951	1462795684121563	1462795684166181	44618.0
6983	6992	5829674,	5839810,	5839810,	6963	1462795684175610	1462795684220279	44669.0
6995	7003	5840600,	5850736,	5850736,	6974	1462795684225868	1462795684249405	23537.0
7007	7014	5851552,	5861688,	5861688,	6986	1462795684275078	1462795684292906	17828.0
7019	7026	5862846,	5872982,	5872982,	6998	1462795684325931	1462795684343913	17982.0
7031	7040	5874201,	5885785,	5885785,	7012	1462795684371799	1462795684416302	44503.0
7045	7055	5886651,	5898235,	5898235,	7027	1462795684418616	1462795684463303	44687.0
7059	7069	5899101,	5910685,	5910685,	7040	1462795684469936	1462795684514337	44401.0
7072	7081	5911551,	5923135,	5923135,	7054	1462795684518288	1462795684543234	24946.0
7087	7095	5924047,	5935631,	5935631,	7067	1462795684570717	1462795684588806	18089.0
7099	7107	5936543,	5948127,	5948127,	7081	1462795684622436	1462795684640574	18138.0
7113	7121	5949039,	5960623,	5960623,	7094	1462795684672307	1462795684690480	18173.0
7126	7134	5961535,	5973119,	5973119,	7106	1462795684729551	1462795684747730	18179.0
7138	7146	5974031,	5985615,	5985615,	7118	1462795684780615	1462795684798838	18223.0
7150	7158	5986527,	5998111,	5998111,	7131	1462795684828750	1462795684846906	18156.0
7163	7171	5999023,	6010607,	6010607,	7144	1462795684876236	1462795684894186	17950.0
7178	7186	6011519,	6023103,	6023103,	7159	1462795684930527	1462795684948706	18179.0
7191	7199	6024015,	6035599,	6035599,	7172	1462795684981623	1462795684999847	18224.0
7204	7212	6036511,	6048095,	6048095,	7184	1462795685036582	1462795685054879	18297.0
7216	7224	6049068,	6060652,	6060652,	7197	1462795685091626	1462795685109773	18147.0
7229	7237	6061625,	6073209,	6073209,	7210	1462795685147808	1462795685165896	18088.0
7243	7251	6074182,	6085766,	6085766,	7224	1462795685198115	1462795685216193	18078.0
7256	7264	6086739,	6098323,	6098323,	7237	1462795685249776	1462795685267922	18146.0
7269	7277	6099296,	6110880,	6110880,	7250	1462795685298442	1462795685316645	18203.0
7282	7290	6111853,	6123437,	6123437,	7263	1462795685350792	1462795685368937	18145.0
7295	7303	6124410,	6135994,	6135994,	7277	1462795685403015	1462795685421175	18160.0
7310	7318	6136967,	6148551,	6148551,	7291	1462795685453154	1462795685471162	18008.0
7323	7331	6149524,	6161108,	6161108,	7305	1462795685510104	1462795685528219	18115.0
7337	7345	6161946,	6173530,	6173530,	7318	1462795685560955	1462795685579071	18116.0
7350	7358	6174368,	6185952,	6185952,	7331	1462795685610664	1462795685628829	18165.0
7363	7371	6186790,	6198374,	6198374,	7343	1462795685663540	1462795685681720	18180.0
7375	7383	6199212,	6210796,	6210796,	7356	1462795685714692	1462795685732972	18280.0
7388	7396	6211634,	6223218,	6223218,	7368	1462795685765422	1462795685783351	17929.0
7401	7409	6224056,	6235640,	6235640,	7382	1462795685818729	1462795685836927	18198.0
7414	7427	6236478,	6240822,	6240822,	7399	1462795685870995	1462795685917657	46662.0
7432	7444	6248900,	6260484,	6260484,	7418	1462795685927177	1462795685973643	46466.0
7446	7462	6261322,	6272906,	6272906,	7434	1462795685979102	1462795686027539	48437.0
7465	7478	6273744,	6286776,	6286776,	7449	1462795686028853	1462795686080521	51668.0
7480	7493	6287878,	6300910,	6300910,	7464	1462795686078175	1462795686132294	54119.0
7495	7508	6300921,	6313953,	6313953,	7479	1462795686125351	1462795686180379	55028.0
7510	7521	6313964,	6325548,	6325548,	7493	1462795686174032	1462795686219650	45618.0
7524	7535	6326900,	6338484,	6338484,	7507	1462795686222272	1462795686267648	45376.0
7538	7549	6339836,	6351420,	6351420,	7520	1462795686269559	1462795686314660	45101.0
7552	7562	6352508,	6364092,	6364092,	7533	1462795686324606	1462795686369674	45068.0
7565	7575	6365180,	6376764,	6376764,	7547	1462795686380980	1462795686425702	44722.0
7580	7590	6377852,	6389436,	6389436,	7561	1462795686433478	1462795686477642	44164.0
7593	7602	6390524,	6402108,	6402108,	7573	1462795686487782	1462795686506710	18928.0
7606	7613	6403196,	6413332,	6413332,	7585	1462795686540438	1462795686558302	17864.0
7618	7625	6414557,	6424693,	6424693,	7596	1462795686591247	1462795686609313	18066.0
7629	7637	6426139,	6437723,	6437723,	7609	1462795686638997	1462795686657210	18213.0
7642	7650	6437903,	6449487,	6449487,	7622	1462795686695286	1462795686713332	18046.0
7655	7663	6449912,	6461496,	6461496,	7636	1462795686748406	1462795686766486	18080.0
7669	7677	6462589,	6474173,	6474173,	7649	1462795686797091	1462795686815287	18196.0
7682	7690	6475266,	6486850,	6486850,	7662	1462795686845914	1462795686864165	18251.0
7695	7703	6487943,	6499527,	6499527,	7677	1462795686899784	1462795686917930	18146.0
7711	7719	6500620,	6512204,	6512204,	7692	1462795686952453	1462795686970430	17977.0
7725	7733	6513297,	6524881,	6524881,	7705	1462795687001269	1462795687019324	18055.0
7738	7746	6525974,	6537558,	6537558,	7718	1462795687054937	1462795687073060	18123.0
7751	7759	6538333,	6549917,	6549917,	7731	1462795687106024	1462795687124107	18083.0
7764	7772	6550692,	6562276,	6562276,	7744	1462795687156421	1462795687174441	18020.0
7777	7785	6563051,	6574635,	6574635,	7757	1462795687206567	1462795687224780	18213.0
7790	7798	6575410,	6586994,	6586994,	7770	1462795687253041	1462795687271215	18174.0
7803	7811	6587769,	6599353,	6599353,	7783	1462795687299627	1462795687317453	17826.0
7816	7824	6600128,	6611712,	6611712,	7796	1462795687359097	1462795687377224	18127.0
7831	7839	6612487,	6624071,	6624071,	7811	1462795687427895	1462795687445953	18058.0
7844	7852	6624846,	6636430,	6636430,	7824	1462795687479126	1462795687497153	18027.0
7857	7866	6637205,	6650237,	6650237,	7839	1462795687529706	1462795687548100	18394.0
7872	7880	6651279,	6662863,	6662863,	7853	1462795687584356	1462795687602494	18138.0
7886	7894	6664298,	6675882,	6675882,	7867	1462795687635360	1462795687653556	18196.0
7900	7908	6677230,	6688814,	6688814,	7880	1462795687685351	1462795687703574	18223.0
7913	7921	6690162,	6701746,	6701746,	7894	1462795687731817	1462795687750122	18305.0
7927	7940	6703094,	6705990,	6705990,	7911	1462795687780929	1462795687826968	46039.0
7944	7956	6716026,	6727610,	6727610,	7929	1462795687837138	1462795687883874	46736.0
7959	7981	6728958,	6736198,	6736198,	7949	1462795687887532	1462795687960011	72479.0
7984	7995	6741890,	6752026,	6752026,	7965	1462795687951027	1462795687997871	46844.0
7997	8013	6753474,	6765058,	6765058,	7981	1462795688000375	1462795688053043	52668.0
8015	8028	6766506,	6779538,	6779538,	7996	1462795688038379	1462795688108998	70619.0
8030	8040	6780800,	6790936,	6790936,	8008	1462795688094393	1462795688139941	45548.0
8042	8055	6792384,	6805416,	6805416,	8023	1462795688149404	1462795688195910	46506.0
8057	8068	6806441,	6818025,	6818025,	8037	1462795688191217	1462795688236868	45651.0
8071	8081	6819128,	6830712,	6830712,	8050	1462795688244198	1462795688290102	45904.0
8083	8094	6831815,	6843399,	6843399,	8063	1462795688292152	1462795688336982	44830.0
8097	8107	6844502,	6856086,	6856086,	8076	1462795688343689	1462795688387994	44305.0
8110	8122	6857189,	6868773,	6868773,	8092	1462795688393150	1462795688437990	44840.0
8126	8136	6869876,	6881460,	6881460,	8106	1462795688449256	1462795688493979	44723.0
8140	8149	6882563,	6894147,	6894147,	8119	1462795688504066	1462795688523049	18983.0
8154	8162	6895250,	6906834,	6906834,	8149	1462795688557286	1462795688654997	97711.0
8166	8185	6907819,	6919403,	6919403,	8151	1462795688609305	1462795688683003	73698.0
8186	8197	6920388,	6931972,	6931972,	8169	1462795688667963	1462795688713117	45154.0
8201	8214	6932957,	6944541,	6944541,	8185	1462795688705688	1462795688748990	43302.0
8219	8230	6945526,	6957110,	6957110,	8198	1462795688752416	1462795688797024	44608.0
8233	8243	6958095,	6969679,	6969679,	8212	1462795688802684	1462795688847039	44355.0
8247	8257	6970664,	6982248,	6982248,	8226	1462795688858442	1462795688902958	44516.0
8260	8272	6983233,	6994817,	6994817,	8241	1462795688907595	1462795688952017	44422.0
8276	8286	6995802,	7007386,	7007386,	8254	1462795688953530	1462795688998050	44520.0
8289	8297	7008371,	7018507,	7018507,	8266	1462795689008322	1462795689027112	18790.0
8302	8309	7019479,	7029615,	7029615,	8278	1462795689060816	1462795689078978	18162.0
8314	8321	7030931,	7041067,	7041067,	8290	1462795689117525	1462795689135537	18012.0
8326	8334	7042487,	7054071,	7054071,	8303	1462795689171851	1462795689190151	18300.0
8339	8347	7055124,	7066708,	7066708,	8316	1462795689220458	1462795689238692	18234.0
8352	8360	7067761,	7079345,	7079345,	8330	1462795689277925	1462795689296158	18233.0
8366	8374	7080398,	7091982,	7091982,	8344	1462795689330583	1462795689348737	18154.0
8380	8388	7093035,	7104619,	7104619,	8358	1462795689377775	1462795689395948	18173.0
8396	8409	7105672,	7115808,	7115808,	8374	1462795689423425	1462795689472160	48735.0
8410	8423	7118309,	7128445,	7128445,	8388	1462795689472703	1462795689545254	72551.0
8425	8442	7129893,	7141477,	7141477,	8408	1462795689530498	1462795689658247	127749.0
8444	8459	7142925,	7154509,	7154509,	8438	1462795689643542	1462795689772291	128749.0
8461	8479	7155957,	7167541,	7167541,	8444	1462795689726654	1462795689800265	73611.0
8481	8495	7168989,	7180573,	7180573,	8462	1462795689810658	1462795689858200	47542.0
8497	8511	7182021,	7192157,	7192157,	8476	1462795689866679	1462795689913327	46648.0
8512	8526	7193605,	7205189,	7205189,	8491	1462795689897820	1462795689970219	72399.0
8528	8539	7206637,	7218221,	7218221,	8504	1462795689978702	1462795690026232	47530.0
8541	8554	7219669,	7232701,	7232701,	8519	1462795690034586	1462795690082031	47445.0
8556	8566	7233122,	7243258,	7243258,	8531	1462795690067689	1462795690113240	45551.0
8568	8581	7244706,	7257738,	7257738,	8546	1462795690121733	1462795690168209	46476.0
8582	8597	7258666,	7273146,	7273146,	8563	1462795690153443	1462795690223017	69574.0
8599	8612	7273621,	7286653,	7286653,	8578	1462795690208769	1462795690254063	45294.0
8614	8627	7287404,	7300436,	7300436,	8593	1462795690240642	1462795690285283	44641.0
8629	8642	7301046,	7314078,	7314078,	8608	1462795690293219	1462795690338973	45754.0
8643	8657	7314487,	7327519,	7327519,	8623	1462795690323444	1462795690368375	44931.0
8659	8670	7327716,	7339300,	7339300,	8637	1462795690354297	1462795690398350	44053.0
8672	8684	7340719,	7352303,	7352303,	8651	1462795690384375	1462795690428399	44024.0
8686	8699	7353722,	7365306,	7365306,	8665	1462795690414330	1462795690458346	44016.0
8702	8712	7366680,	7378264,	7378264,	8679	1462795690466939	1462795690487227	20288.0
8718	8725	7379638,	7389774,	7389774,	8691	1462795690524544	1462795690542609	18065.0
8730	8737	7390455,	7400591,	7400591,	8703	1462795690587673	1462795690605650	17977.0
8742	8749	7401496,	7411632,	7411632,	8715	1462795690633458	1462795690651491	18033.0
8754	8761	7412692,	7422828,	7422828,	8727	1462795690683885	1462795690701888	18003.0
8766	8773	7424061,	7434197,	7434197,	8739	1462795690741553	1462795690759624	18071.0
8778	8786	7435536,	7447120,	7447120,	8751	1462795690796490	1462795690814695	18205.0
8790	8798	7447373,	7458957,	7458957,	8765	1462795690848730	1462795690866887	18157.0
8804	8812	7459904,	7471488,	7471488,	8779	1462795690904188	1462795690922403	18215.0
8819	8827	7472435,	7484019,	7484019,	8792	1462795690956231	1462795690974212	17981.0
8831	8837	7484966,	7493654,	7493654,	8802	1462795691006840	1462795691024711	17871.0
8841	8847	7494646,	7503334,	7503334,	8812	1462795691056378	1462795691074439	18061.0
8851	8858	7504566,	7514702,	7514702,	8824	1462795691102923	1462795691120925	18002.0
8863	8870	7514726,	7524862,	7524862,	8835	1462795691160358	1462795691178010	17652.0
8874	8881	7525244,	7535380,	7535380,	8847	1462795691211598	1462795691229698	18100.0
8886	8893	7536179,	7546315,	7546315,	8859	1462795691259826	1462795691277841	18015.0
8898	8905	7547439,	7557575,	7557575,	8870	1462795691307859	1462795691325868	18009.0
8909	8917	7558983,	7570567,	7570567,	8882	1462795691360878	1462795691378898	18020.0
8921	8931	7570833,	7582417,	7582417,	8896	1462795691414127	1462795691432086	17959.0
8935	8943	7582683,	7594267,	7594267,	8910	1462795691463595	1462795691481535	17940.0
8949	8959	7594626,	7609106,	7609106,	8926	1462795691512057	1462795691530353	18296.0
8965	8975	7609934,	7624414,	7624414,	8942	1462795691565943	1462795691584183	18240.0
8981	8990	7624663,	7637695,	7637695,	8956	1462795691617724	1462795691636015	18291.0
8995	9004	7638699,	7651731,	7651731,	8971	1462795691668088	1462795691686514	18426.0
9010	9019	7652182,	7665214,	7665214,	8986	1462795691716865	1462795691734960	18095.0
9025	9034	7665470,	7678502,	7678502,	9001	1462795691763919	1462795691782077	18158.0
9040	9049	7678603,	7691635,	7691635,	9015	1462795691813470	1462795691831565	18095.0
9054	9062	7691655,	7703239,	7703239,	9028	1462795691861114	1462795691879208	18094.0
9067	9075	7704681,	7716265,	7716265,	9041	1462795691911889	1462795691930090	18201.0
9082	9090	7717629,	7729213,	7729213,	9057	1462795691967631	1462795691985817	18186.0
9096	9106	7730577,	7745057,	7745057,	9073	1462795692018749	1462795692037055	18306.0
9112	9122	7746240,	7760720,	7760720,	9089	1462795692068284	1462795692086694	18410.0
9128	9138	7761484,	7775964,	7775964,	9105	1462795692120120	1462795692138402	18282.0
9144	9153	7776333,	7789365,	7789365,	9119	1462795692170859	1462795692189137	18278.0
9158	9173	7790087,	7798775,	7798775,	9135	1462795692221362	1462795692267674	46312.0
9174	9187	7803460,	7815044,	7815044,	9155	1462795692276015	1462795692347715	71700.0
9189	9205	7816492,	7828076,	7828076,	9171	1462795692333044	1462795692381674	48630.0
9207	9221	7829524,	7841108,	7841108,	9187	1462795692388036	1462795692438574	50538.0
9223	9234	7842556,	7854140,	7854140,	9200	1462795692448061	1462795692494581	46520.0
9236	9247	7855588,	7867172,	7867172,	9214	1462795692505065	1462795692551572	46507.0
9248	9260	7868620,	7880204,	7880204,	9227	1462795692535063	1462795692581629	46566.0
9262	9273	7880773,	7892357,	7892357,	9240	1462795692592094	1462795692637640	45546.0
9276	9289	7892594,	7895490,	7895490,	9256	1462795692636626	1462795692694738	58112.0
9291	9306	7904516,	7916100,	7916100,	9274	1462795692687213	1462795692750476	63263.0
9307	9322	7916438,	7928022,	7928022,	9290	1462795692735120	1462795692793496	58376.0
9324	9342	7928427,	7940011,	7940011,	9310	1462795692784109	1462795692855551	71442.0
9344	9360	7940637,	7952221,	7952221,	9328	1462795692848070	1462795692905417	57347.0
9362	9377	7952847,	7964431,	7964431,	9343	1462795692896074	1462795692955602	59528.0
9379	9390	7965178,	7976762,	7976762,	9356	1462795692950678	1462795692996715	46037.0
9393	9403	7977509,	7989093,	7989093,	9370	1462795692997299	1462795693042481	45182.0
9406	9417	7989840,	8001424,	8001424,	9384	1462795693053047	1462795693098310	45263.0
9420	9431	8001541,	8013125,	8013125,	9398	1462795693105284	1462795693150331	45047.0
9434	9445	8013300,	8024884,	8024884,	9412	1462795693155034	1462795693199534	44500.0
9449	9463	8025336,	8031128,	8031128,	9427	1462795693205372	1462795693255823	50451.0
9464	9478	8038145,	8049729,	8049729,	9445	1462795693252984	1462795693311776	58792.0
9479	9495	8050954,	8062538,	8062538,	9461	1462795693301216	1462795693353784	52568.0
9498	9510	8063763,	8075347,	8075347,	9475	1462795693351337	1462795693401757	50420.0
9512	9526	8076572,	8088156,	8088156,	9491	1462795693404721	1462795693452800	48079.0
9528	9539	8089381,	8100965,	8100965,	9505	1462795693460149	1462795693505704	45555.0
9542	9553	8102190,	8113774,	8113774,	9519	1462795693511416	1462795693556654	45238.0
9557	9567	8114698,	8126282,	8126282,	9532	1462795693568138	1462795693613670	45532.0
9569	9580	8127206,	8138790,	8138790,	9546	1462795693622912	1462795693667726	44814.0
9584	9594	8139714,	8151298,	8151298,	9560	1462795693674140	1462795693718733	44593.0
9598	9608	8152222,	8163806,	8163806,	9573	1462795693727356	1462795693771719	44363.0
9611	9621	8164730,	8176314,	8176314,	9586	1462795693779492	1462795693823751	44259.0
9624	9633	8177238,	8188822,	8188822,	9599	1462795693830747	1462795693852843	22096.0
9638	9646	8189746,	8201330,	8201330,	9611	1462795693888269	1462795693906353	18084.0
9651	9659	8202254,	8213838,	8213838,	9626	1462795693939599	1462795693957867	18268.0
9665	9673	8214762,	8226346,	8226346,	9639	1462795693994949	1462795694013254	18305.0
9678	9686	8227270,	8238854,	8238854,	9652	1462795694045278	1462795694063383	18105.0
9691	9699	8239906,	8251490,	8251490,	9664	1462795694093152	1462795694111265	18113.0
9703	9711	8252542,	8264126,	8264126,	9677	1462795694140553	1462795694158982	18429.0
9716	9724	8265178,	8276762,	8276762,	9690	1462795694189294	1462795694207406	18112.0
9729	9737	8277814,	8289398,	8289398,	9719	1462795694235910	1462795694330858	94948.0
9741	9759	8290450,	8302034,	8302034,	9721	1462795694284840	1462795694358899	74059.0
9760	9770	8303086,	8314670,	8314670,	9739	1462795694343936	1462795694387939	44003.0
9776	9787	8315722,	8327306,	8327306,	9756	1462795694382343	1462795694416824	34481.0
9797	9805	8328358,	8339942,	8339942,	9770	1462795694438897	1462795694457084	18187.0
9810	9818	8340994,	8352578,	8352578,	9782	1462795694489351	1462795694507547	18196.0
9822	9830	8353630,	8365214,	8365214,	9796	1462795694543244	1462795694561375	18131.0
