68	8	70	72	74	76	78	82	84	86	
88	8	90	92	94	96	98	100	102	104	
106	8	108	110	112	114	115	117	118	120	
122	8	123	125	126	128	129	131	132	134	
136	7	137	139	140	142	143	145	147	
149	9	151	153	155	157	159	161	163	165	167	
169	8	171	173	175	177	179	181	183	185	
187	8	188	190	191	194	195	197	198	200	
203	8	204	206	207	209	210	212	213	215	
217	8	218	220	221	223	224	226	227	229	
231	14	233	235	237	239	241	243	245	247	249	251	253	255	256	258	
259	13	261	262	264	265	267	268	270	271	273	274	276	277	279	
280	11	282	283	285	286	288	289	291	292	294	295	297	
298	12	300	301	303	304	306	307	309	310	312	313	316	317	
319	9	320	322	323	326	327	329	330	332	334	
336	10	338	340	342	346	348	350	352	354	356	358	
360	9	362	364	366	368	370	372	374	376	377	
379	9	380	382	383	385	386	388	389	391	392	
394	9	395	397	398	400	401	403	404	406	407	
409	9	410	412	413	415	416	418	419	421	422	
424	8	425	427	428	430	431	433	434	436	
438	8	439	441	442	444	445	447	448	450	
452	8	453	455	456	458	459	461	462	464	
466	8	467	469	470	472	473	475	476	478	
480	8	482	484	485	487	488	490	491	494	
496	8	497	499	500	502	503	505	506	508	
510	8	511	513	514	516	517	519	520	522	
524	8	525	527	528	530	531	533	534	536	
538	8	539	541	542	544	545	547	548	550	
552	8	553	555	556	558	559	561	562	564	
566	16	567	569	570	572	573	575	576	577	579	581	583	585	587	589	591	593	
595	0	
597	8	599	601	603	605	607	609	611	613	
615	8	617	619	621	622	624	625	627	628	
630	8	631	633	634	636	637	639	640	642	
644	8	645	647	648	650	651	653	654	656	
659	8	660	662	663	665	666	668	669	671	
674	8	675	677	678	680	681	683	685	687	
689	6	691	693	695	697	699	701	
703	7	705	707	709	711	713	714	716	
718	7	719	721	722	724	725	727	728	
730	6	731	733	734	736	737	739	
740	8	742	743	745	746	748	749	751	752	
754	6	755	757	758	760	762	764	
766	8	768	770	772	774	776	778	780	782	
784	8	786	788	791	793	795	797	799	801	
804	8	805	807	808	810	811	813	814	816	
818	6	819	821	822	824	825	827	
829	9	831	833	835	837	839	841	843	845	847	
849	8	851	853	855	857	859	861	863	864	
866	7	867	869	870	872	873	875	876	
878	9	880	882	884	886	888	890	892	894	896	
898	8	900	902	904	906	908	910	912	914	
916	8	917	919	920	922	923	925	926	928	
930	8	931	933	934	936	937	939	940	943	
945	8	946	948	949	951	953	955	956	958	
960	8	961	963	964	966	967	969	970	972	
974	8	975	977	978	980	981	983	984	986	
988	8	989	991	992	994	995	997	998	1000	
1002	8	1003	1005	1006	1008	1009	1011	1012	1014	
1016	8	1017	1019	1020	1022	1023	1025	1026	1028	
1030	8	1031	1033	1034	1036	1037	1039	1041	1043	
1045	7	1047	1049	1051	1053	1055	1057	1059	
1061	7	1063	1065	1067	1069	1070	1072	1073	
1075	8	1076	1079	1080	1082	1083	1085	1087	1089	
1090	7	1092	1093	1095	1096	1098	1099	1101	
1102	7	1104	1105	1107	1108	1110	1112	1114	
1116	8	1118	1120	1122	1124	1126	1128	1130	1132	
1134	8	1136	1138	1140	1142	1144	1146	1148	1149	
1151	9	1152	1154	1155	1157	1158	1160	1161	1163	1164	
1166	8	1167	1169	1170	1172	1173	1175	1176	1178	
1180	8	1181	1183	1184	1186	1187	1189	1190	1192	
1194	16	1195	1197	1198	1200	1201	1203	1204	1206	1208	1210	1212	1214	1216	1218	1220	1222	
1224	0	
1227	8	1229	1231	1233	1236	1238	1240	1242	1244	
1246	7	1248	1250	1252	1253	1255	1257	1259	
1261	8	1263	1265	1267	1269	1271	1273	1275	1277	
1279	8	1281	1283	1285	1287	1289	1291	1293	1294	
1296	8	1297	1299	1300	1302	1303	1305	1307	1309	
1311	8	1313	1315	1317	1319	1321	1323	1325	1327	
1329	8	1331	1333	1335	1337	1339	1341	1343	1345	
1346	9	1348	1349	1351	1352	1354	1355	1357	1358	1360	
1362	8	1363	1365	1366	1368	1369	1371	1372	1374	
1376	8	1377	1379	1380	1382	1383	1386	1387	1389	
1391	8	1392	1394	1396	1398	1399	1401	1402	1404	
1406	8	1407	1409	1410	1412	1413	1415	1416	1418	
1420	8	1421	1423	1424	1426	1427	1429	1430	1432	
1434	8	1435	1437	1438	1439	1441	1442	1444	1445	
1447	8	1448	1450	1451	1453	1454	1456	1457	1459	
1461	8	1462	1464	1465	1467	1468	1470	1471	1473	
1475	8	1476	1478	1479	1480	1482	1484	1485	1487	
1489	8	1490	1492	1493	1495	1496	1498	1499	1501	
1503	8	1504	1506	1507	1509	1510	1512	1513	1515	
1517	8	1518	1520	1521	1523	1524	1526	1527	1529	
1533	8	1534	1536	1537	1539	1540	1542	1543	1545	
1547	8	1548	1550	1551	1553	1554	1556	1557	1559	
1561	8	1562	1564	1565	1567	1568	1570	1571	1573	
1575	8	1576	1578	1579	1581	1582	1584	1585	1587	
1589	8	1590	1592	1593	1594	1596	1598	1599	1601	
1603	8	1604	1606	1607	1608	1609	1610	1611	1612	
1614	8	1615	1617	1618	1620	1621	1623	1624	1626	
1628	8	1629	1631	1632	1634	1635	1637	1638	1640	
1642	8	1643	1645	1646	1648	1649	1651	1652	1654	
1656	8	1657	1659	1660	1662	1663	1665	1666	1668	
1672	8	1673	1675	1676	1678	1679	1681	1682	1684	
1686	8	1687	1689	1690	1692	1693	1695	1696	1698	
1700	8	1701	1703	1704	1706	1708	1710	1712	1714	
1716	8	1718	1720	1722	1724	1726	1728	1730	1732	
1734	8	1736	1738	1740	1741	1743	1744	1746	1747	
1749	8	1750	1752	1753	1755	1756	1758	1759	1761	
1763	8	1764	1766	1767	1769	1770	1772	1773	1775	
1777	8	1778	1780	1781	1783	1784	1786	1787	1789	
1791	8	1792	1794	1795	1797	1798	1800	1801	1803	
1806	8	1807	1809	1810	1812	1813	1815	1817	1819	
1821	8	1822	1824	1825	1827	1828	1830	1831	1833	
1835	8	1836	1838	1839	1841	1842	1844	1845	1848	
1851	12	1852	1854	1855	1857	1858	1860	1861	1863	1864	1866	1867	1869	
1871	11	1872	1874	1875	1877	1878	1880	1881	1883	1884	1886	1887	
1889	10	1890	1892	1893	1895	1896	1898	1899	1901	1902	1904	
1906	10	1907	1909	1910	1912	1913	1915	1916	1918	1919	1921	
1923	9	1924	1926	1927	1929	1930	1932	1933	1935	1936	
1938	10	1940	1942	1944	1946	1948	1950	1952	1954	1956	1958	
1960	9	1962	1964	1966	1968	1970	1973	1975	1977	1979	
1981	8	1983	1984	1986	1987	1990	1991	1993	1994	
1996	8	1997	1999	2000	2002	2003	2005	2006	2008	
2010	8	2011	2013	2014	2015	2016	2018	2019	2021	
2023	8	2024	2025	2027	2028	2030	2031	2033	2034	
2036	8	2037	2038	2040	2041	2043	2044	2045	2047	
2049	8	2050	2052	2053	2054	2055	2057	2058	2060	
2062	8	2063	2065	2066	2068	2069	2070	2071	2073	
2075	8	2076	2078	2079	2081	2082	2083	2084	2086	
2088	8	2089	2090	2092	2093	2094	2095	2097	2098	
2100	8	2101	2102	2104	2106	2107	2108	2109	2111	
2114	8	2115	2117	2118	2119	2121	2122	2124	2125	
2128	8	2129	2130	2132	2133	2135	2136	2137	2139	
2141	10	2142	2143	2145	2146	2147	2149	2150	2152	2153	2155	
2157	9	2158	2160	2161	2162	2164	2165	2167	2168	2169	
2172	9	2173	2174	2176	2177	2178	2180	2181	2182	2184	
2186	9	2187	2188	2190	2191	2192	2194	2195	2196	2198	
2200	9	2201	2202	2204	2205	2207	2208	2209	2210	2211	
2213	9	2214	2216	2217	2219	2220	2222	2223	2225	2226	
2228	9	2229	2231	2233	2235	2237	2239	2241	2243	2245	
2247	9	2249	2251	2253	2255	2257	2259	2262	2264	2266	
2269	9	2271	2273	2275	2277	2278	2280	2281	2283	2284	
2286	9	2287	2289	2290	2292	2293	2295	2296	2298	2299	
2301	8	2302	2304	2305	2307	2308	2310	2311	2313	
2315	8	2316	2318	2319	2321	2322	2324	2325	2326	
2328	8	2329	2331	2332	2333	2335	2336	2337	2338	
2341	8	2342	2344	2345	2346	2348	2349	2350	2351	
2353	8	2354	2356	2357	2359	2360	2361	2362	2363	
2365	16	2366	2367	2369	2370	2371	2373	2374	2375	2377	2379	2381	2383	2385	2387	2389	2391	
2393	0	
2396	8	2398	2400	2402	2404	2406	2408	2411	2413	
2415	8	2417	2419	2421	2423	2425	2426	2428	2429	
2431	8	2432	2434	2435	2437	2438	2440	2441	2442	
2444	7	2445	2446	2448	2449	2451	2452	2454	
2456	8	2457	2459	2460	2462	2463	2464	2466	2467	
2469	8	2470	2471	2473	2474	2475	2477	2478	2480	
2482	8	2483	2485	2486	2488	2489	2490	2492	2493	
2495	8	2496	2498	2499	2501	2502	2504	2505	2506	
2509	8	2510	2512	2513	2514	2516	2517	2519	2520	
2522	8	2523	2525	2526	2528	2529	2531	2532	2533	
2537	8	2538	2540	2541	2543	2544	2546	2547	2548	
2550	8	2551	2553	2554	2555	2557	2558	2560	2561	
2563	7	2564	2566	2567	2568	2570	2571	2572	
2574	7	2575	2577	2578	2580	2581	2583	2584	
2586	7	2587	2588	2590	2591	2593	2594	2596	
2598	7	2599	2600	2602	2603	2605	2606	2607	
2609	8	2610	2612	2613	2615	2616	2618	2619	2620	
2622	8	2623	2624	2626	2627	2629	2630	2632	2633	
2635	8	2636	2637	2639	2641	2642	2644	2645	2646	
2649	8	2650	2651	2653	2654	2656	2657	2659	2660	
2663	8	2664	2666	2667	2668	2669	2671	2672	2674	
2676	8	2677	2678	2680	2681	2683	2684	2685	2687	
2689	8	2690	2692	2693	2694	2696	2697	2698	2699	
2701	8	2702	2704	2705	2706	2708	2709	2711	2712	
2714	8	2715	2717	2718	2719	2721	2722	2724	2725	
2727	8	2728	2730	2731	2732	2734	2735	2737	2738	
2740	8	2741	2742	2744	2745	2746	2748	2749	2751	
2753	8	2754	2756	2757	2759	2760	2762	2763	2765	
2767	8	2768	2770	2771	2773	2774	2776	2777	2779	
2783	8	2784	2786	2787	2789	2790	2791	2793	2794	
2796	8	2797	2799	2800	2802	2803	2805	2806	2808	
2810	8	2811	2813	2814	2815	2817	2818	2820	2821	
2823	8	2824	2826	2827	2828	2830	2831	2832	2834	
2836	8	2837	2839	2840	2842	2843	2845	2846	2847	
2849	8	2850	2852	2853	2855	2856	2858	2859	2861	
2863	8	2864	2866	2867	2869	2870	2871	2873	2874	
2877	8	2878	2880	2881	2883	2884	2886	2887	2889	
2891	8	2892	2894	2895	2897	2898	2900	2901	2903	
2905	8	2906	2908	2909	2910	2912	2913	2915	2916	
2920	8	2921	2923	2924	2926	2927	2929	2930	2931	
2933	8	2934	2936	2937	2939	2940	2942	2943	2944	
2946	10	2947	2949	2950	2952	2953	2955	2956	2958	2959	2961	
2963	18	2964	2966	2967	2968	2969	2971	2972	2973	2974	2976	2978	2980	2982	2984	2986	2988	2990	2992	
2994	0	
2996	9	2998	3000	3002	3004	3006	3008	3010	3012	3014	
3016	9	3018	3020	3022	3024	3025	3027	3028	3030	3031	
3033	8	3034	3036	3037	3039	3040	3041	3043	3044	
3046	8	3047	3049	3050	3051	3053	3054	3056	3057	
3059	8	3060	3062	3063	3065	3066	3067	3069	3071	
3075	8	3076	3078	3079	3081	3082	3084	3085	3086	
3088	8	3089	3091	3092	3094	3095	3097	3098	3100	
3102	8	3103	3105	3106	3108	3109	3110	3111	3113	
3115	8	3116	3118	3119	3121	3122	3123	3124	3126	
3128	8	3129	3130	3132	3133	3135	3136	3138	3139	
3141	8	3142	3143	3145	3146	3148	3149	3151	3152	
3154	8	3155	3157	3158	3160	3161	3163	3165	3167	
3169	7	3171	3173	3175	3177	3179	3181	3183	
3186	8	3188	3190	3193	3195	3197	3199	3201	3203	
3205	6	3207	3209	3211	3212	3214	3215	
3217	9	3219	3221	3223	3225	3227	3229	3231	3233	3235	
3237	7	3239	3241	3243	3245	3247	3249	3251	
3253	4	3255	3257	3259	3260	
3262	5	3263	3265	3266	3268	3269	
3271	5	3272	3274	3275	3277	3278	
3280	5	3281	3283	3284	3286	3287	
3289	7	3290	3292	3293	3295	3296	3298	3299	
3301	5	3302	3304	3305	3307	3308	
3310	8	3311	3313	3314	3317	3318	3320	3321	3323	
3326	7	3327	3329	3330	3332	3333	3335	3336	
3338	7	3339	3340	3342	3343	3345	3346	3348	
3350	7	3351	3353	3354	3356	3357	3359	3360	
3362	7	3363	3365	3366	3368	3370	3372	3374	
3376	6	3378	3380	3382	3384	3386	3388	
3390	8	3392	3394	3396	3398	3400	3402	3404	3405	
3407	6	3408	3410	3411	3413	3414	3416	
3418	8	3420	3422	3424	3426	3428	3430	3432	3434	
3436	7	3438	3440	3442	3444	3446	3448	3450	
3453	7	3455	3457	3458	3460	3462	3464	3465	
3467	7	3468	3470	3471	3473	3474	3476	3477	
3479	9	3480	3482	3483	3485	3486	3488	3489	3491	3492	
3494	9	3495	3497	3498	3500	3501	3503	3504	3506	3507	
3509	10	3510	3512	3513	3515	3516	3518	3519	3520	3522	3523	
3525	10	3526	3528	3529	3531	3532	3534	3535	3537	3538	3540	
3542	9	3543	3545	3546	3548	3549	3551	3552	3554	3555	
3557	9	3558	3560	3561	3563	3564	3566	3567	3569	3570	
3572	8	3573	3574	3576	3577	3579	3580	3582	3584	
3586	10	3588	3590	3592	3594	3596	3598	3600	3603	3605	3607	
3609	9	3611	3613	3616	3618	3620	3622	3624	3626	3628	
3630	9	3631	3633	3634	3636	3637	3639	3640	3642	3643	
3645	8	3646	3648	3649	3651	3652	3654	3656	3658	
3660	9	3662	3664	3666	3668	3670	3672	3674	3676	3678	
3680	7	3682	3684	3686	3688	3690	3692	3694	
3696	8	3698	3700	3701	3703	3704	3706	3707	3709	
3710	9	3712	3713	3715	3716	3718	3719	3721	3722	3724	
3726	7	3727	3729	3730	3732	3733	3735	3736	
3738	9	3739	3741	3742	3744	3745	3747	3748	3750	3751	
3753	7	3754	3756	3757	3759	3760	3762	3763	
3766	9	3768	3770	3772	3774	3776	3778	3781	3783	3785	
3787	8	3789	3791	3793	3795	3797	3799	3801	3803	
3805	8	3807	3809	3811	3813	3814	3816	3817	3819	
3821	7	3822	3824	3825	3826	3828	3830	3832	
3834	8	3836	3838	3840	3842	3844	3846	3848	3850	
3852	8	3854	3856	3858	3860	3862	3864	3866	3868	
3869	8	3871	3872	3874	3875	3877	3878	3880	3881	
3883	8	3884	3886	3887	3889	3890	3892	3893	3895	
3897	8	3898	3899	3901	3902	3903	3905	3906	3908	
3910	8	3911	3913	3914	3916	3917	3919	3921	3923	
3926	16	3927	3928	3930	3931	3932	3934	3935	3937	3939	3941	3943	3945	3947	3949	3951	3953	
3955	0	
3957	9	3959	3961	3963	3965	3967	3969	3971	3973	3975	
3977	9	3979	3981	3983	3985	3986	3988	3989	3991	3992	
3994	9	3995	3997	3998	4000	4001	4003	4004	4006	4007	
4009	9	4010	4012	4013	4015	4016	4018	4019	4021	4022	
4024	16	4025	4027	4028	4030	4031	4033	4034	4036	4037	4039	4041	4043	4045	4047	4049	4051	
4053	1	4055	
4057	8	4059	4061	4063	4065	4068	4070	4072	4074	
4076	8	4078	4080	4083	4084	4086	4087	4089	4090	
4092	7	4093	4095	4096	4098	4099	4101	4103	
4105	9	4107	4109	4111	4113	4115	4117	4119	4121	4123	
4125	7	4127	4129	4131	4133	4135	4137	4139	
4141	8	4143	4144	4146	4147	4149	4150	4152	4153	
4155	8	4156	4158	4159	4161	4162	4164	4165	4167	
4169	8	4170	4172	4173	4175	4176	4178	4179	4180	
4182	8	4183	4184	4186	4187	4189	4190	4192	4193	
4195	8	4196	4198	4199	4201	4202	4204	4205	4207	
4209	8	4210	4212	4213	4215	4216	4218	4220	4222	
4225	8	4226	4228	4229	4231	4232	4234	4235	4237	
4239	8	4240	4241	4243	4245	4246	4248	4249	4251	
4253	12	4254	4255	4257	4258	4259	4261	4262	4264	4265	4266	4268	4269	
4271	11	4272	4274	4275	4277	4278	4280	4281	4283	4284	4286	4287	
4289	9	4290	4291	4293	4294	4296	4297	4299	4300	4302	
4304	9	4306	4308	4310	4312	4314	4316	4318	4320	4322	
4324	9	4326	4328	4330	4332	4334	4336	4338	4340	4342	
4343	9	4345	4346	4348	4349	4351	4352	4354	4355	4357	
4358	8	4360	4361	4363	4365	4367	4368	4370	4372	
4374	9	4375	4377	4378	4380	4381	4383	4384	4386	4387	
4389	9	4390	4392	4393	4395	4396	4398	4399	4401	4402	
4404	8	4405	4407	4408	4410	4411	4413	4414	4415	
4417	8	4418	4420	4421	4423	4424	4425	4427	4428	
4430	8	4431	4433	4434	4435	4437	4438	4440	4441	
4443	7	4444	4446	4447	4449	4450	4452	4453	
4455	9	4457	4459	4461	4463	4465	4467	4469	4471	4473	
4475	7	4477	4479	4481	4483	4486	4488	4490	
4492	9	4494	4496	4498	4501	4503	4504	4506	4507	4509	
4511	7	4512	4514	4515	4517	4518	4520	4521	
4523	9	4525	4527	4529	4531	4533	4535	4537	4539	4541	
4543	7	4545	4547	4549	4551	4553	4555	4557	
4559	8	4561	4563	4565	4567	4569	4570	4572	4573	
4575	7	4576	4578	4579	4581	4582	4584	4585	
4587	9	4588	4590	4591	4593	4594	4596	4597	4599	4600	
4602	8	4603	4605	4606	4608	4609	4611	4612	4614	
4616	8	4617	4619	4620	4622	4623	4625	4626	4627	
4629	8	4630	4632	4633	4635	4636	4637	4639	4640	
4642	8	4643	4645	4646	4647	4649	4650	4652	4653	
4655	8	4656	4658	4659	4661	4662	4665	4666	4667	
4669	8	4670	4672	4673	4675	4677	4679	4680	4682	
4684	8	4685	4687	4688	4690	4691	4692	4694	4695	
4697	8	4698	4700	4701	4703	4704	4706	4707	4709	
4711	8	4712	4713	4715	4716	4718	4719	4721	4722	
4724	8	4725	4727	4728	4730	4731	4733	4734	4735	
4737	8	4738	4739	4741	4742	4744	4745	4747	4748	
4750	8	4751	4752	4754	4755	4757	4758	4760	4761	
4763	8	4764	4765	4767	4768	4769	4771	4772	4773	
4775	8	4776	4777	4779	4780	4781	4783	4784	4786	
4788	8	4789	4791	4792	4793	4795	4796	4798	4799	
4801	8	4802	4804	4805	4806	4808	4809	4811	4813	
4817	8	4818	4820	4821	4823	4824	4825	4827	4829	
4831	8	4832	4833	4835	4837	4838	4840	4841	4843	
4845	9	4846	4848	4849	4851	4852	4854	4855	4856	4857	
4859	9	4860	4861	4863	4865	4866	4868	4869	4871	4872	
4874	9	4875	4876	4878	4879	4880	4881	4883	4884	4885	
4887	9	4888	4890	4891	4893	4894	4896	4897	4899	4900	
4902	8	4903	4905	4907	4909	4911	4913	4915	4917	
4919	8	4921	4923	4925	4927	4929	4931	4933	4935	
4937	8	4939	4941	4943	4945	4947	4948	4950	4951	
4953	7	4954	4956	4957	4959	4960	4963	4964	
4967	9	4969	4971	4973	4975	4977	4979	4981	4983	4985	
4987	7	4989	4991	4993	4995	4997	4999	5001	
5003	7	5005	5007	5009	5011	5012	5014	5015	
5017	7	5018	5020	5021	5023	5024	5026	5027	
5029	7	5030	5032	5033	5035	5036	5038	5039	
5041	8	5042	5044	5045	5046	5048	5049	5051	5052	
5054	8	5055	5057	5059	5061	5063	5065	5067	5069	
5071	7	5073	5075	5077	5079	5081	5083	5085	
5087	8	5089	5091	5093	5095	5097	5099	5101	5103	
5106	7	5108	5110	5112	5114	5117	5119	5121	
5123	7	5125	5127	5129	5130	5132	5133	5135	
5136	7	5138	5139	5141	5143	5145	5147	5149	
5151	6	5153	5155	5157	5159	5161	5163	
5165	7	5167	5169	5171	5173	5175	5177	5179	
5181	7	5183	5185	5186	5188	5189	5191	5192	
5194	7	5195	5197	5198	5200	5201	5203	5204	
5206	7	5207	5209	5210	5212	5213	5215	5216	
5218	7	5219	5221	5222	5224	5225	5227	5228	
5230	7	5231	5233	5234	5236	5237	5239	5240	
5242	7	5243	5245	5246	5248	5249	5251	5252	
5255	8	5256	5258	5259	5261	5262	5264	5266	5268	
5270	8	5271	5272	5274	5275	5277	5278	5280	5281	
5283	8	5284	5285	5287	5289	5290	5292	5293	5295	
5297	18	5298	5299	5301	5303	5304	5306	5307	5309	5310	5312	5314	5316	5318	5320	5322	5324	5326	5328	
5330	0	
5332	9	5334	5336	5338	5340	5342	5344	5346	5348	5350	
5352	8	5354	5356	5358	5360	5362	5364	5366	5368	
5370	8	5372	5374	5376	5378	5380	5381	5383	5384	
5386	9	5387	5389	5390	5392	5393	5395	5396	5399	5400	
5402	7	5403	5405	5406	5409	5410	5412	5413	
5415	8	5416	5418	5419	5421	5422	5424	5426	5428	
5430	9	5432	5434	5436	5438	5440	5442	5444	5446	5448	
5450	7	5452	5454	5456	5458	5460	5462	5464	
5466	7	5468	5470	5471	5473	5474	5476	5477	
5479	9	5480	5482	5483	5485	5486	5488	5489	5491	5492	
5494	8	5495	5497	5499	5501	5503	5505	5507	5509	
5511	7	5513	5515	5517	5519	5521	5523	5525	
5527	7	5529	5531	5533	5535	5537	5538	5540	
5541	6	5543	5544	5546	5548	5551	5553	
5555	8	5557	5560	5562	5564	5566	5568	5570	5572	
5574	8	5576	5578	5580	5582	5584	5586	5588	5590	
5592	8	5594	5596	5598	5600	5602	5604	5606	5607	
5609	7	5610	5612	5613	5615	5616	5618	5619	
5621	13	5622	5624	5625	5627	5628	5630	5631	5633	5634	5636	5637	5639	5640	
5642	11	5643	5645	5646	5648	5649	5651	5652	5654	5655	5657	5658	
5660	11	5661	5663	5664	5666	5667	5669	5671	5673	5674	5676	5677	
5679	10	5681	5683	5684	5686	5687	5689	5690	5692	5693	5695	
5697	10	5698	5700	5701	5703	5704	5706	5707	5709	5710	5712	
5714	8	5715	5716	5718	5719	5721	5722	5724	5725	
5727	10	5729	5731	5733	5735	5737	5739	5741	5743	5745	5747	
5749	9	5751	5753	5755	5757	5759	5761	5763	5765	5767	
5769	8	5771	5773	5774	5776	5777	5779	5780	5782	
5784	8	5785	5787	5788	5790	5791	5793	5794	5796	
5798	9	5799	5801	5802	5804	5805	5807	5808	5810	5811	
5813	9	5814	5816	5818	5820	5822	5824	5826	5828	5830	
5832	9	5834	5836	5838	5840	5842	5844	5846	5848	5850	
5852	8	5854	5857	5859	5861	5862	5864	5865	5867	
5870	8	5871	5873	5874	5876	5877	5879	5880	5882	
5884	8	5885	5887	5888	5890	5891	5893	5894	5896	
5898	8	5899	5901	5902	5904	5905	5907	5908	5910	
5912	8	5913	5915	5916	5917	5919	5920	5922	5923	
5925	8	5926	5927	5929	5930	5932	5933	5935	5936	
5938	8	5939	5941	5942	5944	5945	5947	5948	5950	
5952	9	5953	5955	5956	5958	5959	5961	5962	5964	5965	
5967	9	5968	5969	5971	5973	5974	5976	5977	5979	5980	
5982	9	5983	5984	5986	5987	5989	5990	5992	5993	5995	
5997	9	5998	5999	6001	6003	6004	6006	6007	6009	6010	
6012	9	6013	6015	6016	6018	6019	6021	6022	6024	6025	
6027	8	6028	6030	6031	6033	6035	6037	6039	6041	
6043	10	6045	6047	6049	6051	6053	6055	6058	6060	6062	6064	
6066	9	6068	6070	6073	6075	6077	6079	6081	6083	6085	
6087	9	6088	6090	6091	6093	6094	6096	6097	6099	6100	
6102	9	6103	6105	6106	6108	6109	6111	6112	6114	6115	
6117	8	6118	6120	6121	6122	6124	6125	6127	6128	
6130	8	6131	6133	6134	6135	6137	6138	6140	6141	
6143	8	6144	6146	6147	6148	6149	6151	6152	6154	
6156	8	6157	6159	6160	6161	6163	6164	6166	6167	
6169	8	6170	6172	6173	6175	6176	6178	6179	6181	
6183	8	6184	6186	6187	6189	6190	6192	6193	6194	
6196	8	6197	6199	6200	6202	6203	6204	6206	6207	
6211	8	6212	6214	6215	6217	6218	6219	6221	6222	
6224	8	6225	6227	6228	6230	6231	6233	6234	6236	
6238	8	6239	6241	6242	6244	6245	6247	6248	6249	
6251	8	6252	6254	6255	6257	6258	6260	6261	6262	
6264	8	6265	6266	6268	6269	6271	6272	6274	6275	
6277	8	6278	6279	6281	6282	6284	6285	6286	6287	
6289	8	6290	6292	6293	6295	6296	6297	6298	6300	
6302	8	6303	6304	6306	6307	6308	6309	6311	6312	
6314	8	6315	6316	6318	6320	6321	6323	6324	6325	
6328	8	6329	6330	6332	6333	6335	6336	6338	6339	
6342	8	6343	6344	6346	6347	6349	6350	6352	6353	
6355	8	6356	6357	6359	6360	6362	6363	6365	6366	
6368	9	6369	6370	6372	6373	6375	6376	6377	6378	6380	
6382	9	6383	6385	6386	6387	6389	6390	6392	6393	6394	
6396	8	6397	6398	6400	6401	6403	6404	6406	6407	
6409	8	6410	6412	6413	6415	6416	6417	6418	6420	
6422	8	6423	6425	6426	6427	6428	6430	6432	6433	
6435	8	6436	6438	6439	6441	6442	6444	6445	6446	
6448	8	6449	6451	6452	6454	6455	6456	6458	6459	
6462	7	6463	6465	6466	6468	6469	6470	6472	
6475	9	6477	6479	6481	6483	6485	6487	6489	6491	6493	
6495	7	6497	6499	6501	6503	6505	6507	6509	
6511	7	6513	6515	6517	6519	6521	6522	6524	
6526	7	6527	6529	6530	6532	6533	6534	6535	
6538	8	6539	6540	6542	6543	6544	6546	6547	6548	
6550	8	6551	6553	6554	6556	6557	6559	6560	6562	
6564	8	6565	6566	6568	6569	6571	6572	6574	6575	
6577	8	6578	6579	6581	6582	6584	6585	6586	6587	
6589	8	6590	6591	6593	6594	6596	6597	6599	6600	
6603	8	6604	6606	6607	6609	6610	6611	6613	6614	
6617	8	6618	6620	6621	6622	6623	6625	6626	6627	
6629	8	6630	6632	6634	6636	6638	6640	6642	6644	
6646	8	6648	6650	6652	6654	6656	6658	6660	6662	
6664	8	6666	6668	6670	6672	6674	6676	6678	6680	
6682	8	6684	6686	6688	6690	6692	6694	6696	6698	
6700	8	6702	6704	6706	6708	6710	6711	6713	6714	
6716	8	6717	6719	6720	6722	6723	6725	6726	6728	
6730	8	6731	6732	6734	6735	6737	6738	6740	6741	
6744	8	6745	6747	6748	6750	6751	6754	6755	6756	
6758	8	6759	6761	6762	6764	6765	6766	6768	6769	
6771	8	6772	6774	6775	6777	6778	6780	6781	6783	
6785	8	6786	6787	6789	6790	6792	6793	6794	6796	
6798	8	6799	6800	6802	6803	6804	6806	6807	6809	
6811	8	6812	6814	6815	6816	6818	6819	6821	6822	
6824	8	6825	6826	6827	6829	6830	6832	6833	6835	
6837	8	6838	6840	6841	6843	6845	6847	6849	6851	
6853	8	6855	6857	6859	6861	6863	6865	6867	6869	
6871	8	6873	6875	6877	6879	6881	6883	6885	6886	
6889	8	6890	6892	6893	6895	6896	6898	6899	6901	
6903	8	6904	6906	6907	6909	6910	6912	6913	6915	
6917	7	6918	6920	6921	6923	6924	6926	6927	
6929	7	6930	6932	6933	6934	6936	6938	6939	
6941	7	6942	6943	6945	6946	6948	6949	6951	
6953	7	6954	6956	6957	6959	6960	6962	6963	
6965	7	6966	6967	6969	6970	6972	6973	6974	
6976	7	6977	6979	6980	6982	6983	6985	6986	
6988	7	6989	6991	6992	6993	6995	6996	6998	
7000	8	7001	7002	7004	7005	7006	7008	7009	7012	
7015	8	7016	7018	7019	7021	7022	7024	7025	7027	
7029	8	7030	7031	7033	7034	7036	7037	7039	7040	
7042	8	7043	7045	7046	7047	7049	7051	7052	7054	
7056	8	7057	7058	7060	7062	7063	7065	7066	7067	
7069	8	7070	7071	7073	7075	7076	7078	7079	7081	
7083	8	7084	7085	7087	7088	7090	7091	7093	7094	
7096	8	7097	7098	7100	7101	7103	7104	7105	7106	
7108	8	7109	7110	7112	7113	7115	7116	7117	7118	
7120	8	7121	7122	7124	7126	7127	7129	7130	7131	
7133	8	7134	7136	7137	7138	7140	7141	7143	7144	
7148	8	7149	7151	7152	7154	7155	7157	7158	7159	
7161	8	7162	7163	7165	7167	7168	7170	7171	7172	
7174	8	7175	7176	7178	7179	7180	7182	7183	7184	
7186	8	7187	7188	7190	7191	7193	7194	7196	7197	
7199	8	7200	7202	7203	7205	7206	7208	7209	7210	
7213	8	7214	7216	7217	7218	7220	7221	7223	7224	
7226	8	7227	7228	7230	7232	7233	7235	7236	7237	
7239	8	7240	7242	7243	7245	7246	7248	7249	7250	
7252	8	7253	7255	7256	7258	7259	7260	7262	7263	
7266	8	7267	7269	7270	7272	7273	7274	7276	7277	
7280	8	7281	7283	7284	7286	7287	7289	7290	7291	
7293	8	7294	7296	7297	7299	7300	7302	7303	7305	
7307	8	7308	7310	7311	7313	7314	7316	7317	7318	
7320	8	7321	7323	7324	7326	7327	7329	7330	7331	
7333	8	7334	7335	7337	7338	7339	7341	7342	7343	
7345	8	7346	7347	7349	7350	7352	7353	7355	7356	
7358	8	7359	7360	7362	7363	7364	7366	7367	7368	
7371	8	7372	7373	7375	7376	7378	7379	7381	7382	
7384	8	7385	7387	7388	7390	7392	7394	7396	7399	
7402	8	7404	7406	7408	7410	7412	7414	7416	7418	
7420	8	7422	7424	7426	7428	7430	7431	7433	7434	
7436	9	7437	7439	7440	7442	7443	7445	7446	7448	7449	
7451	9	7452	7454	7455	7457	7458	7460	7461	7463	7464	
7466	9	7467	7469	7470	7472	7473	7475	7476	7478	7479	
7481	8	7482	7484	7485	7487	7488	7490	7491	7493	
7495	8	7496	7498	7499	7501	7502	7504	7505	7507	
7509	8	7510	7511	7513	7514	7516	7517	7519	7520	
7522	8	7523	7525	7526	7527	7528	7530	7531	7533	
7535	8	7536	7537	7539	7540	7541	7543	7544	7547	
7550	8	7551	7553	7554	7556	7557	7558	7560	7561	
7563	8	7564	7566	7567	7568	7569	7571	7572	7573	
7575	7	7576	7578	7579	7580	7582	7583	7585	
7587	7	7588	7590	7591	7592	7594	7595	7596	
7598	8	7599	7600	7602	7603	7605	7606	7608	7609	
7611	8	7612	7614	7615	7617	7618	7620	7621	7622	
7624	8	7625	7627	7628	7630	7631	7633	7634	7636	
7638	8	7639	7641	7642	7643	7645	7646	7648	7649	
7651	8	7652	7654	7655	7657	7658	7659	7661	7662	
7665	8	7666	7668	7669	7671	7672	7674	7675	7677	
7680	8	7681	7683	7684	7686	7687	7689	7690	7692	
7694	8	7695	7697	7698	7700	7701	7702	7704	7705	
7707	8	7708	7709	7711	7712	7714	7715	7717	7718	
7720	8	7721	7722	7724	7725	7727	7728	7730	7731	
7733	8	7734	7736	7737	7739	7740	7742	7743	7744	
7746	8	7747	7749	7750	7752	7753	7754	7756	7757	
7759	8	7760	7762	7763	7765	7766	7767	7769	7770	
7772	8	7773	7775	7776	7778	7779	7781	7782	7783	
7785	8	7786	7787	7789	7790	7792	7793	7795	7796	
7800	8	7801	7803	7804	7805	7807	7809	7810	7811	
7813	8	7814	7815	7817	7818	7820	7821	7823	7824	
7826	9	7827	7829	7830	7832	7833	7835	7836	7838	7839	
7841	8	7842	7844	7845	7847	7848	7850	7851	7853	
7855	8	7856	7858	7859	7861	7862	7864	7865	7867	
7869	8	7870	7872	7873	7874	7876	7877	7879	7880	
7882	8	7883	7885	7886	7888	7889	7891	7892	7894	
7896	8	7897	7899	7901	7903	7905	7907	7909	7911	
7913	8	7915	7917	7919	7921	7923	7925	7927	7929	
7932	8	7934	7936	7938	7940	7943	7945	7947	7949	
7951	7	7953	7955	7957	7959	7961	7963	7965	
7967	8	7969	7971	7973	7975	7977	7978	7980	7981	
7983	9	7984	7986	7987	7989	7990	7992	7993	7995	7996	
7998	7	7999	8001	8002	8004	8005	8007	8008	
8010	9	8011	8013	8014	8016	8017	8018	8020	8021	8023	
8025	8	8026	8028	8029	8031	8032	8034	8035	8037	
8039	8	8040	8041	8043	8044	8046	8047	8049	8050	
8052	8	8053	8054	8056	8058	8059	8060	8062	8063	
8065	8	8066	8068	8069	8070	8072	8073	8075	8076	
8079	8	8080	8082	8083	8085	8086	8088	8089	8092	
8094	8	8095	8096	8098	8100	8101	8103	8104	8106	
8108	8	8109	8111	8112	8113	8115	8116	8118	8119	
8121	7	8122	8124	8125	8127	8128	8129	8131	
8133	9	8135	8137	8139	8141	8143	8145	8147	8149	8151	
8153	8	8155	8157	8159	8161	8163	8165	8167	8169	
8171	8	8173	8175	8177	8179	8180	8182	8183	8185	
8187	8	8188	8190	8191	8192	8194	8195	8197	8198	
8200	8	8201	8203	8204	8206	8207	8209	8210	8212	
8214	8	8215	8216	8218	8219	8221	8222	8224	8226	
8228	8	8229	8231	8232	8234	8235	8238	8239	8241	
8243	8	8244	8245	8247	8249	8250	8251	8253	8254	
8256	7	8257	8259	8260	8262	8263	8265	8266	
8268	7	8269	8271	8272	8274	8275	8277	8278	
8280	7	8281	8282	8284	8285	8287	8288	8290	
8292	8	8293	8295	8296	8298	8299	8300	8302	8303	
8305	8	8306	8308	8309	8311	8312	8314	8315	8316	
8318	8	8319	8321	8322	8324	8325	8327	8328	8330	
8332	8	8333	8335	8336	8338	8339	8341	8342	8344	
8346	8	8347	8349	8350	8352	8353	8355	8356	8358	
8362	8	8363	8365	8366	8368	8369	8371	8372	8374	
8376	6	8378	8380	8382	8384	8386	8388	
8390	9	8392	8394	8396	8398	8400	8402	8404	8406	8408	
8410	7	8412	8414	8416	8418	8420	8422	8424	
8426	9	8428	8430	8432	8434	8436	8438	8440	8442	8444	
8446	8	8448	8450	8452	8454	8456	8458	8460	8462	
8464	7	8466	8468	8469	8471	8473	8475	8476	
8478	8	8480	8482	8483	8485	8486	8488	8489	8491	
8492	8	8494	8495	8497	8498	8500	8501	8503	8504	
8506	9	8507	8509	8510	8512	8513	8515	8516	8518	8519	
8521	7	8522	8524	8525	8527	8528	8530	8531	
8533	9	8534	8536	8537	8539	8540	8542	8543	8545	8546	
8548	10	8549	8551	8552	8554	8555	8557	8558	8560	8561	8563	
8565	9	8566	8568	8569	8571	8572	8574	8575	8577	8578	
8580	9	8581	8583	8584	8586	8587	8589	8590	8592	8593	
8595	9	8596	8597	8599	8600	8602	8603	8605	8606	8608	
8610	9	8611	8613	8614	8616	8617	8619	8620	8621	8623	
8625	8	8626	8628	8629	8631	8632	8634	8635	8637	
8639	8	8640	8643	8644	8646	8647	8649	8650	8651	
8653	8	8654	8657	8658	8660	8661	8663	8664	8665	
8667	8	8668	8670	8671	8673	8674	8676	8677	8679	
8681	7	8682	8684	8685	8687	8688	8689	8691	
8693	7	8694	8696	8697	8699	8700	8701	8703	
8705	7	8706	8708	8709	8711	8712	8713	8715	
8717	7	8718	8720	8721	8723	8724	8726	8727	
8729	7	8730	8731	8733	8734	8736	8737	8739	
8741	8	8742	8743	8745	8746	8747	8749	8750	8751	
8753	8	8754	8755	8757	8759	8760	8762	8763	8765	
8768	8	8769	8771	8772	8773	8775	8776	8778	8779	
8782	8	8783	8784	8786	8787	8789	8790	8791	8792	
8794	6	8795	8796	8798	8799	8801	8802	
8804	6	8805	8806	8808	8809	8811	8812	
8814	7	8815	8817	8818	8820	8821	8823	8824	
8826	7	8827	8828	8830	8831	8833	8834	8835	
8837	7	8838	8840	8841	8843	8844	8846	8847	
8849	7	8850	8852	8853	8855	8856	8858	8859	
8861	7	8862	8864	8865	8867	8868	8869	8870	
8872	8	8873	8874	8876	8877	8879	8880	8881	8882	
8885	8	8886	8888	8889	8891	8893	8894	8895	8896	
8898	8	8899	8901	8902	8904	8905	8907	8908	8910	
8912	10	8913	8915	8916	8918	8919	8921	8922	8924	8925	8926	
8928	10	8929	8930	8932	8934	8935	8936	8938	8939	8941	8942	
8944	9	8945	8946	8948	8949	8950	8952	8953	8954	8956	
8958	9	8959	8961	8962	8964	8965	8967	8968	8970	8971	
8973	9	8974	8975	8977	8979	8980	8981	8983	8985	8986	
8988	9	8989	8991	8992	8994	8995	8997	8998	9000	9001	
9003	9	9004	9005	9007	9008	9010	9011	9013	9014	9015	
9017	8	9018	9020	9021	9022	9024	9025	9027	9028	
9031	8	9032	9033	9035	9036	9038	9039	9040	9041	
9045	8	9046	9048	9049	9051	9052	9054	9055	9057	
9059	10	9060	9062	9063	9065	9066	9068	9069	9070	9072	9073	
9075	10	9076	9078	9079	9081	9082	9084	9085	9087	9088	9089	
9091	10	9092	9094	9095	9096	9098	9099	9101	9102	9104	9105	
9107	9	9108	9109	9111	9113	9114	9116	9117	9118	9119	
9121	9	9122	9124	9125	9126	9128	9129	9131	9133	9135	
9137	8	9139	9141	9145	9147	9149	9151	9153	9155	
9157	8	9159	9161	9163	9165	9167	9168	9170	9171	
9174	8	9175	9177	9178	9180	9182	9184	9185	9187	
9188	8	9190	9191	9193	9194	9196	9197	9199	9200	
9202	8	9203	9205	9206	9208	9209	9211	9212	9214	
9215	8	9217	9218	9220	9221	9223	9224	9226	9227	
9229	8	9230	9232	9233	9235	9236	9238	9239	9240	
9242	8	9243	9244	9246	9248	9250	9252	9254	9256	
9258	8	9260	9262	9264	9266	9268	9270	9272	9274	
9276	7	9278	9280	9282	9284	9286	9288	9290	
9292	9	9294	9296	9298	9300	9302	9304	9306	9308	9310	
9312	8	9314	9316	9318	9320	9322	9324	9325	9328	
9330	8	9331	9333	9334	9336	9338	9340	9341	9343	
9345	8	9346	9348	9349	9351	9352	9354	9355	9356	
9358	8	9359	9361	9362	9364	9365	9367	9368	9370	
9372	8	9373	9375	9376	9378	9379	9381	9382	9384	
9386	8	9387	9389	9390	9392	9393	9395	9396	9398	
9400	8	9401	9403	9404	9406	9407	9409	9410	9412	
9414	8	9415	9417	9418	9419	9421	9423	9425	9427	
9429	8	9431	9433	9435	9437	9439	9441	9443	9445	
9447	8	9449	9451	9453	9455	9457	9458	9460	9461	
9463	8	9464	9466	9467	9469	9470	9472	9473	9475	
9478	8	9479	9481	9482	9484	9485	9488	9489	9491	
9493	8	9494	9496	9497	9499	9500	9502	9503	9505	
9507	8	9508	9510	9511	9513	9514	9516	9517	9519	
9521	8	9522	9523	9525	9526	9527	9529	9530	9532	
9534	8	9535	9536	9538	9540	9541	9543	9544	9546	
9548	8	9549	9551	9552	9554	9555	9557	9558	9560	
9562	8	9563	9565	9566	9568	9569	9570	9572	9573	
9575	8	9576	9578	9579	9580	9582	9583	9585	9586	
9588	8	9589	9590	9592	9593	9595	9596	9598	9599	
9602	8	9603	9605	9606	9607	9608	9609	9610	9611	
9614	8	9615	9617	9618	9620	9621	9623	9624	9626	
9628	8	9629	9630	9632	9633	9634	9636	9637	9639	
9641	8	9642	9643	9645	9646	9648	9649	9651	9652	
9654	8	9655	9656	9658	9659	9661	9662	9663	9664	
9666	8	9667	9669	9670	9671	9673	9674	9676	9677	
9679	8	9680	9682	9683	9685	9686	9687	9688	9690	
9692	7	9693	9694	9696	9697	9699	9700	9701	
9703	9	9705	9707	9709	9711	9713	9715	9717	9719	9721	
9723	8	9725	9727	9729	9731	9733	9735	9737	9739	
9741	8	9743	9745	9747	9749	9750	9753	9754	9756	
9759	8	9760	9761	9763	9764	9765	9767	9768	9770	
9772	8	9773	9774	9776	9777	9778	9780	9781	9782	
9784	8	9785	9787	9788	9790	9791	9793	9794	9796	
9798	8	9799	9800	9802	9804	9805	9807	9808	9810	
