62	8	63	64	65	66	67	70	71	72	
79	8	80	81	82	83	84	85	87	91	
99	8	100	101	102	103	104	105	106	108	
116	8	117	118	119	120	121	122	123	124	
130	8	131	132	133	134	135	136	137	138	
140	9	141	142	144	145	149	155	156	157	158	
159	8	160	161	163	164	166	168	170	174	
175	8	176	177	179	181	183	186	187	189	
197	8	198	199	200	201	202	203	204	205	
211	9	212	213	214	215	216	217	218	219	224	
225	14	226	227	230	232	234	236	238	240	242	243	245	247	249	251	
253	13	255	256	258	259	261	262	263	265	266	268	269	271	272	
274	11	275	276	277	279	280	282	283	285	286	288	289	
291	12	292	293	295	296	298	299	301	302	304	305	307	308	
310	10	311	313	314	318	319	321	322	324	325	326	
327	10	328	330	331	334	336	338	340	347	348	349	
351	9	352	354	356	358	359	361	363	365	367	
369	9	371	373	375	377	378	380	381	383	384	
386	9	387	389	390	392	393	395	396	398	399	
401	9	402	404	405	407	408	410	411	412	414	
415	8	417	418	420	421	422	423	425	426	
428	8	429	431	432	434	435	437	439	440	
442	8	443	445	446	448	449	451	453	454	
456	8	457	459	460	461	463	464	466	468	
469	8	471	472	474	475	477	478	480	484	
485	8	487	488	490	491	493	494	496	497	
499	8	500	502	503	505	507	508	509	511	
513	8	514	516	517	519	521	522	523	525	
527	8	529	530	531	533	535	536	537	539	
542	8	543	544	545	547	548	549	552	553	
559	8	560	561	562	563	564	565	566	567	
572	8	573	574	575	576	577	578	579	580	
584	0	
591	8	592	593	594	595	596	597	599	600	
607	8	608	609	610	611	612	614	615	617	
624	8	625	626	627	628	629	630	631	632	
638	8	639	640	641	642	643	644	645	646	
652	8	653	654	655	656	657	658	659	660	
668	9	669	670	671	672	673	674	675	676	682	
683	6	685	686	688	689	691	693	
695	7	697	699	701	703	705	707	709	
711	7	713	714	715	717	719	720	722	
723	6	725	726	728	729	731	732	
734	8	735	736	738	739	741	742	744	745	
747	7	748	750	751	753	754	756	757	
760	8	761	762	764	766	769	771	773	775	
777	8	778	780	782	784	785	787	789	791	
795	8	797	799	801	803	805	807	808	810	
812	8	813	814	816	817	819	821	822	824	
826	9	827	828	830	832	835	837	838	840	842	
844	8	845	847	849	851	852	854	856	858	
860	8	862	864	866	868	869	871	872	874	
876	9	877	878	880	881	883	885	888	890	893	
894	8	896	897	899	901	903	904	906	908	
910	8	912	914	916	918	920	922	923	925	
927	8	928	929	931	932	934	936	937	939	
941	8	942	943	945	946	950	952	953	955	
957	8	958	959	961	962	964	966	967	968	
971	8	972	973	974	976	977	979	981	982	
985	8	986	987	988	990	991	993	995	996	
999	8	1000	1001	1002	1003	1005	1006	1008	1010	
1014	8	1015	1016	1017	1018	1019	1020	1022	1024	
1028	9	1029	1030	1031	1032	1033	1034	1036	1038	1042	
1043	7	1044	1045	1049	1050	1052	1054	1056	
1058	7	1060	1062	1064	1066	1068	1070	1071	
1073	8	1074	1076	1077	1078	1080	1081	1085	1086	
1088	7	1089	1091	1092	1094	1095	1097	1098	
1100	8	1101	1102	1104	1105	1107	1108	1109	1110	
1112	8	1113	1115	1117	1120	1122	1124	1126	1128	
1129	8	1131	1133	1135	1136	1138	1140	1141	1143	
1145	9	1147	1149	1151	1153	1154	1156	1157	1159	1160	
1162	8	1163	1165	1166	1168	1169	1171	1172	1174	
1175	8	1177	1178	1180	1181	1183	1185	1186	1188	
1190	8	1191	1192	1193	1195	1196	1198	1200	1201	
1204	8	1205	1206	1207	1209	1210	1212	1214	1216	
1218	0	
1225	8	1226	1227	1228	1232	1233	1235	1237	1239	
1240	8	1242	1244	1246	1248	1250	1252	1254	1256	
1258	8	1260	1261	1263	1266	1268	1270	1272	1274	
1275	8	1277	1279	1281	1283	1285	1287	1289	1291	
1293	9	1295	1297	1299	1300	1301	1303	1304	1306	1307	
1309	8	1310	1312	1314	1316	1319	1321	1324	1325	
1327	8	1328	1330	1332	1334	1335	1337	1339	1341	
1343	9	1345	1347	1349	1351	1353	1354	1356	1357	1359	
1360	8	1362	1363	1365	1366	1368	1370	1371	1373	
1375	8	1376	1377	1379	1380	1382	1384	1385	1387	
1389	8	1390	1391	1395	1396	1397	1399	1401	1402	
1405	8	1406	1407	1408	1410	1411	1413	1415	1416	
1419	8	1420	1421	1422	1424	1425	1426	1428	1430	
1434	8	1435	1436	1437	1438	1439	1440	1442	1444	
1447	8	1448	1449	1450	1451	1452	1454	1455	1457	
1461	8	1462	1463	1464	1465	1466	1467	1469	1471	
1475	8	1476	1477	1478	1479	1480	1481	1483	1484	
1490	8	1491	1492	1493	1494	1495	1496	1497	1498	
1504	8	1505	1506	1507	1508	1509	1510	1511	1512	
1518	8	1519	1520	1521	1522	1523	1524	1525	1526	
1534	8	1535	1536	1537	1538	1539	1540	1541	1542	
1548	8	1549	1550	1551	1552	1553	1554	1555	1556	
1562	8	1563	1564	1565	1566	1567	1568	1569	1570	
1576	8	1577	1578	1579	1580	1581	1582	1583	1584	
1590	8	1591	1592	1593	1594	1595	1596	1597	1598	
1603	8	1604	1605	1606	1607	1608	1609	1610	1611	
1614	8	1615	1616	1617	1618	1619	1620	1621	1622	
1628	8	1629	1630	1631	1632	1633	1634	1635	1636	
1642	8	1643	1644	1645	1646	1647	1648	1649	1650	
1656	8	1657	1658	1659	1660	1661	1662	1663	1664	
1672	8	1673	1674	1675	1676	1677	1678	1679	1680	
1686	8	1687	1688	1689	1690	1691	1692	1693	1694	
1700	9	1701	1702	1703	1704	1705	1706	1707	1708	1713	
1716	8	1717	1718	1720	1722	1723	1725	1727	1729	
1730	8	1732	1734	1736	1738	1740	1742	1744	1746	
1748	8	1749	1751	1752	1754	1755	1757	1758	1760	
1762	8	1763	1764	1766	1767	1769	1771	1772	1774	
1776	8	1777	1778	1780	1781	1783	1785	1786	1787	
1790	8	1791	1792	1793	1795	1796	1798	1800	1801	
1804	8	1805	1806	1807	1809	1810	1812	1816	1817	
1820	8	1821	1822	1823	1825	1826	1827	1829	1831	
1835	8	1836	1837	1838	1839	1840	1841	1843	1846	
1850	12	1851	1852	1853	1854	1855	1856	1858	1861	1862	1864	1866	1867	
1869	11	1870	1871	1873	1874	1875	1877	1879	1880	1882	1883	1885	
1888	10	1889	1891	1892	1893	1894	1895	1897	1899	1900	1901	
1905	10	1906	1907	1908	1909	1910	1912	1913	1915	1917	1918	
1922	10	1923	1924	1925	1926	1927	1929	1930	1931	1934	1935	
1939	11	1940	1941	1942	1943	1944	1945	1947	1948	1952	1956	1960	
1961	9	1962	1964	1965	1966	1967	1969	1970	1972	1974	
1979	8	1980	1981	1982	1983	1987	1989	1991	1994	
1998	8	1999	2000	2001	2002	2003	2004	2006	2007	
2013	8	2014	2015	2016	2017	2018	2019	2020	2021	
2026	8	2027	2028	2029	2030	2031	2032	2033	2034	
2039	8	2040	2041	2042	2043	2044	2045	2046	2047	
2052	8	2053	2054	2055	2056	2057	2058	2059	2060	
2065	8	2066	2067	2068	2069	2070	2071	2072	2073	
2078	8	2079	2080	2081	2082	2083	2084	2085	2086	
2091	8	2092	2093	2094	2095	2096	2097	2098	2099	
2103	8	2104	2105	2106	2107	2108	2109	2110	2111	
2116	8	2117	2118	2119	2120	2121	2122	2123	2124	
2131	8	2132	2133	2134	2135	2136	2137	2138	2139	
2144	10	2145	2146	2147	2148	2149	2150	2151	2152	2153	2155	
2160	9	2161	2162	2163	2164	2165	2166	2167	2168	2169	
2175	9	2176	2177	2178	2179	2180	2181	2182	2183	2184	
2189	9	2190	2191	2192	2193	2194	2195	2196	2197	2198	
2203	9	2204	2205	2206	2207	2208	2209	2210	2211	2212	
2216	9	2217	2218	2219	2220	2221	2222	2223	2224	2225	
2231	10	2232	2233	2234	2235	2236	2237	2238	2239	2240	2244	
2251	9	2252	2253	2254	2255	2256	2257	2259	2260	2262	
2270	9	2271	2272	2273	2274	2275	2277	2279	2281	2284	
2289	9	2290	2291	2292	2293	2294	2295	2297	2298	2300	
2304	8	2305	2306	2307	2308	2309	2310	2312	2313	
2319	8	2320	2321	2322	2323	2324	2325	2326	2327	
2332	8	2333	2334	2335	2336	2337	2338	2339	2340	
2345	8	2346	2347	2348	2349	2350	2351	2352	2353	
2357	8	2358	2359	2360	2361	2362	2363	2364	2365	
2369	8	2370	2371	2372	2373	2374	2375	2376	2377	
2381	8	2382	2383	2384	2385	2386	2387	2388	2389	
2393	0	
2400	8	2401	2402	2403	2404	2405	2406	2410	2411	
2418	8	2419	2420	2421	2422	2423	2424	2426	2428	
2436	8	2437	2438	2439	2440	2441	2442	2443	2444	
2449	7	2450	2451	2452	2453	2454	2455	2456	
2461	8	2462	2463	2464	2465	2466	2467	2468	2469	
2474	8	2475	2476	2477	2478	2479	2480	2481	2482	
2487	8	2488	2489	2490	2491	2492	2493	2494	2495	
2500	8	2501	2502	2503	2504	2505	2506	2507	2508	
2514	8	2515	2516	2517	2518	2519	2520	2521	2522	
2527	8	2528	2529	2530	2531	2532	2533	2534	2535	
2542	8	2543	2544	2545	2546	2547	2548	2549	2550	
2555	8	2556	2557	2558	2559	2560	2561	2562	2563	
2568	7	2569	2570	2571	2572	2573	2574	2575	
2579	7	2580	2581	2582	2583	2584	2585	2586	
2591	7	2592	2593	2594	2595	2596	2597	2598	
2603	7	2604	2605	2606	2607	2608	2609	2610	
2614	8	2615	2616	2617	2618	2619	2620	2621	2622	
2627	8	2628	2629	2630	2631	2632	2633	2634	2635	
2640	8	2641	2642	2643	2644	2645	2646	2647	2648	
2653	8	2654	2655	2656	2657	2658	2659	2660	2661	
2668	8	2669	2670	2671	2672	2673	2674	2675	2676	
2681	8	2682	2683	2684	2685	2686	2687	2688	2689	
2694	8	2695	2696	2697	2698	2699	2700	2701	2702	
2706	8	2707	2708	2709	2710	2711	2712	2713	2714	
2719	8	2720	2721	2722	2723	2724	2725	2726	2727	
2732	8	2733	2734	2735	2736	2737	2738	2739	2740	
2745	8	2746	2747	2748	2749	2750	2751	2752	2753	
2758	8	2759	2760	2761	2762	2763	2764	2765	2766	
2772	8	2773	2774	2775	2776	2777	2778	2779	2780	
2788	8	2789	2790	2791	2792	2793	2794	2795	2796	
2801	8	2802	2803	2804	2805	2806	2807	2808	2809	
2815	8	2816	2817	2818	2819	2820	2821	2822	2823	
2828	8	2829	2830	2831	2832	2833	2834	2835	2836	
2841	8	2842	2843	2844	2845	2846	2847	2848	2849	
2854	8	2855	2856	2857	2858	2859	2860	2861	2862	
2868	8	2869	2870	2871	2872	2873	2874	2875	2876	
2882	8	2883	2884	2885	2886	2887	2888	2889	2890	
2896	8	2897	2898	2899	2900	2901	2902	2903	2904	
2910	8	2911	2912	2913	2914	2915	2916	2917	2918	
2925	8	2926	2927	2928	2929	2930	2931	2932	2933	
2938	8	2939	2940	2941	2942	2943	2944	2945	2946	
2951	10	2952	2953	2954	2955	2956	2957	2958	2959	2960	2961	
2968	9	2969	2970	2971	2972	2973	2974	2975	2976	2977	
2981	9	2982	2983	2984	2985	2986	2987	2988	2989	2990	
2994	0	
3002	9	3003	3004	3005	3006	3007	3008	3010	3011	3013	
3019	9	3020	3021	3022	3023	3024	3026	3028	3030	3033	
3038	8	3039	3040	3041	3042	3043	3044	3046	3047	
3051	8	3052	3053	3054	3055	3056	3057	3058	3059	
3064	8	3065	3066	3067	3068	3069	3070	3071	3072	
3080	8	3081	3082	3083	3084	3085	3086	3087	3088	
3093	8	3094	3095	3096	3097	3098	3099	3100	3101	
3107	8	3108	3109	3110	3111	3112	3113	3114	3115	
3120	8	3121	3122	3123	3124	3125	3126	3127	3128	
3133	8	3134	3135	3136	3137	3138	3139	3140	3141	
3146	8	3147	3148	3149	3150	3151	3152	3153	3154	
3159	9	3160	3161	3162	3163	3164	3165	3166	3167	3173	
3174	8	3175	3176	3179	3181	3183	3185	3187	3189	
3191	8	3192	3194	3198	3200	3202	3204	3206	3208	
3210	7	3212	3213	3215	3217	3219	3221	3223	
3224	9	3225	3227	3228	3230	3232	3234	3237	3239	3241	
3243	7	3244	3246	3248	3250	3251	3253	3255	
3257	4	3259	3261	3263	3265	
3267	5	3269	3271	3273	3274	3276	
3277	5	3279	3280	3282	3283	3285	
3286	5	3288	3289	3290	3292	3293	
3295	7	3296	3298	3299	3301	3302	3304	3305	
3307	5	3308	3310	3311	3313	3314	
3316	8	3317	3319	3320	3322	3323	3325	3326	3328	
3331	7	3333	3334	3335	3337	3338	3340	3342	
3345	7	3346	3347	3348	3349	3351	3352	3354	
3356	7	3357	3358	3359	3361	3362	3364	3366	
3369	8	3370	3371	3372	3373	3375	3376	3377	3383	
3384	6	3386	3387	3389	3390	3392	3394	
3396	8	3397	3399	3401	3403	3405	3407	3409	3411	
3413	7	3415	3417	3419	3420	3422	3423	3425	
3426	8	3428	3429	3431	3433	3436	3438	3440	3442	
3443	7	3445	3447	3449	3450	3452	3454	3456	
3458	7	3460	3462	3464	3466	3470	3472	3474	
3475	7	3477	3478	3480	3481	3483	3484	3486	
3487	9	3489	3490	3492	3493	3495	3496	3497	3499	3500	
3502	9	3503	3505	3506	3508	3509	3511	3512	3514	3515	
3517	10	3518	3520	3521	3523	3524	3526	3527	3528	3530	3531	
3533	10	3534	3536	3537	3538	3540	3541	3543	3544	3546	3547	
3549	9	3550	3552	3553	3555	3556	3558	3560	3561	3563	
3564	9	3566	3567	3569	3570	3571	3573	3574	3576	3577	
3579	9	3580	3582	3583	3585	3586	3588	3589	3591	3592	
3593	10	3595	3596	3598	3599	3603	3609	3610	3611	3612	3613	
3615	9	3616	3618	3622	3624	3626	3627	3629	3631	3633	
3635	9	3637	3639	3641	3643	3645	3647	3649	3650	3652	
3653	9	3655	3656	3658	3659	3661	3662	3664	3665	3667	
3668	9	3670	3671	3673	3675	3677	3679	3685	3686	3687	
3689	7	3690	3692	3694	3696	3698	3700	3702	
3704	8	3706	3708	3710	3712	3714	3716	3718	3719	
3721	9	3722	3723	3725	3726	3728	3729	3731	3732	3734	
3735	7	3737	3738	3740	3741	3743	3745	3746	
3748	9	3749	3751	3752	3754	3755	3756	3758	3759	3761	
3762	8	3764	3765	3767	3768	3770	3771	3773	3774	
3777	9	3778	3779	3780	3782	3783	3784	3788	3791	3798	
3799	8	3800	3801	3802	3804	3805	3807	3809	3811	
3813	8	3814	3816	3818	3820	3822	3824	3826	3828	
3834	8	3835	3836	3837	3838	3839	3840	3842	3843	
3846	8	3847	3848	3850	3853	3855	3857	3859	3861	
3862	8	3864	3866	3868	3870	3872	3874	3876	3878	
3880	8	3882	3884	3886	3888	3889	3890	3892	3893	
3895	8	3896	3898	3899	3901	3902	3904	3905	3907	
3909	8	3910	3911	3913	3914	3915	3917	3919	3920	
3922	8	3923	3924	3925	3927	3928	3930	3932	3933	
3938	8	3939	3940	3941	3943	3944	3946	3948	3949	
3954	8	3955	3956	3957	3958	3959	3961	3962	3964	
3967	0	
3974	9	3975	3976	3977	3978	3980	3981	3983	3985	3988	
3989	9	3990	3992	3994	3996	3998	4000	4002	4004	4006	
4009	9	4010	4011	4013	4014	4016	4017	4019	4020	4022	
4024	9	4025	4026	4028	4029	4031	4032	4034	4035	4037	
4039	9	4040	4041	4043	4044	4046	4047	4049	4050	4052	
4054	7	4055	4056	4058	4059	4060	4062	4063	
4067	1	4073	
4074	8	4075	4076	4077	4079	4080	4082	4084	4086	
4088	8	4089	4091	4095	4097	4099	4101	4103	4105	
4109	8	4110	4111	4112	4113	4115	4116	4118	4119	
4122	9	4123	4124	4126	4128	4131	4133	4135	4137	4138	
4140	7	4141	4143	4145	4147	4149	4151	4153	
4155	8	4157	4159	4161	4163	4165	4167	4168	4170	
4171	8	4172	4174	4175	4177	4178	4180	4181	4183	
4185	8	4186	4187	4189	4190	4192	4194	4195	4196	
4199	8	4200	4201	4202	4204	4205	4206	4208	4209	
4212	8	4213	4214	4215	4216	4218	4219	4221	4222	
4225	8	4226	4227	4228	4230	4231	4233	4235	4236	
4241	8	4242	4243	4244	4245	4247	4248	4250	4252	
4256	8	4257	4258	4259	4260	4261	4262	4264	4266	
4270	12	4271	4272	4273	4274	4275	4276	4278	4280	4281	4282	4284	4285	
4287	11	4288	4289	4291	4292	4293	4295	4296	4297	4299	4300	4302	
4305	10	4306	4307	4308	4309	4311	4312	4314	4316	4317	4318	
4322	9	4323	4324	4326	4328	4331	4333	4335	4337	4338	
4340	9	4342	4343	4345	4347	4349	4351	4353	4355	4357	
4359	9	4361	4363	4365	4367	4368	4370	4371	4373	4374	
4376	8	4377	4379	4380	4382	4383	4385	4386	4390	
4391	9	4392	4394	4395	4397	4398	4400	4401	4403	4404	
4406	9	4407	4409	4410	4412	4413	4415	4416	4418	4419	
4421	8	4422	4424	4425	4427	4428	4430	4431	4432	
4434	8	4435	4437	4438	4440	4441	4442	4443	4444	
4446	8	4447	4449	4450	4451	4453	4454	4456	4457	
4459	8	4460	4461	4463	4464	4466	4467	4469	4470	
4473	9	4474	4475	4476	4477	4479	4480	4482	4485	4492	
4494	7	4495	4496	4497	4498	4500	4501	4503	
4505	9	4508	4509	4510	4514	4516	4518	4520	4522	4525	
4526	8	4528	4530	4531	4533	4534	4536	4538	4539	
4541	9	4542	4544	4545	4547	4548	4550	4552	4554	4561	
4562	7	4563	4564	4566	4567	4569	4571	4573	
4575	8	4577	4579	4581	4583	4585	4587	4589	4591	
4593	7	4595	4596	4597	4599	4600	4602	4603	
4605	9	4606	4608	4609	4611	4612	4614	4615	4617	4618	
4620	8	4621	4622	4624	4625	4627	4628	4630	4631	
4633	8	4634	4636	4637	4639	4640	4642	4644	4645	
4647	8	4648	4650	4651	4653	4654	4655	4657	4658	
4660	8	4661	4663	4664	4665	4667	4668	4670	4671	
4672	8	4674	4675	4676	4678	4679	4681	4682	4684	
4685	8	4687	4688	4690	4691	4695	4696	4697	4699	
4700	8	4702	4703	4705	4706	4708	4709	4711	4713	
4714	8	4716	4717	4719	4720	4721	4722	4724	4725	
4731	8	4732	4733	4734	4735	4736	4737	4738	4739	
4744	8	4745	4746	4747	4748	4749	4750	4751	4752	
4757	8	4758	4759	4760	4761	4762	4763	4764	4765	
4770	8	4771	4772	4773	4774	4775	4776	4777	4778	
4783	8	4784	4785	4786	4787	4788	4789	4790	4791	
4795	8	4796	4797	4798	4799	4800	4801	4802	4803	
4808	8	4809	4810	4811	4812	4813	4814	4815	4816	
4821	8	4822	4823	4824	4825	4826	4827	4828	4829	
4837	8	4838	4839	4840	4841	4842	4843	4844	4845	
4851	8	4852	4853	4854	4855	4856	4857	4858	4859	
4865	9	4866	4867	4868	4869	4870	4871	4872	4873	4874	
4879	9	4880	4881	4882	4883	4884	4885	4886	4887	4888	
4894	9	4895	4896	4897	4898	4899	4900	4901	4902	4903	
4907	9	4908	4909	4910	4911	4912	4913	4914	4915	4916	
4922	9	4923	4924	4925	4926	4927	4928	4929	4930	4935	
4939	8	4940	4941	4942	4944	4946	4947	4949	4951	
4954	8	4955	4956	4958	4960	4962	4964	4966	4968	
4973	8	4974	4975	4976	4977	4979	4980	4982	4983	
4988	9	4989	4990	4991	4993	4994	4996	4998	5000	5007	
5008	7	5009	5010	5012	5013	5015	5017	5019	
5021	7	5023	5025	5027	5029	5031	5033	5035	
5037	7	5039	5040	5041	5043	5044	5046	5047	
5049	7	5050	5052	5053	5055	5056	5058	5059	
5061	8	5062	5064	5065	5066	5068	5069	5071	5072	
5074	9	5075	5076	5078	5079	5081	5082	5084	5085	5089	
5091	8	5093	5095	5097	5099	5100	5102	5104	5106	
5107	9	5109	5111	5113	5115	5117	5119	5122	5124	5126	
5128	7	5129	5131	5133	5134	5138	5140	5142	
5144	7	5146	5148	5150	5152	5154	5156	5158	
5160	8	5161	5163	5164	5165	5167	5168	5170	5171	
5173	6	5175	5177	5180	5182	5184	5186	
5188	7	5189	5191	5193	5195	5196	5198	5200	
5202	7	5204	5206	5208	5210	5212	5214	5216	
5219	7	5220	5221	5222	5224	5225	5227	5228	
5231	7	5232	5233	5234	5236	5237	5239	5240	
5242	7	5243	5244	5245	5247	5248	5249	5251	
5254	7	5255	5256	5257	5258	5260	5261	5263	
5266	7	5267	5268	5269	5270	5272	5273	5275	
5278	8	5279	5280	5281	5282	5284	5285	5289	5290	
5293	8	5294	5295	5296	5297	5299	5300	5302	5304	
5307	8	5308	5309	5310	5311	5312	5314	5315	5317	
5321	9	5322	5323	5324	5325	5326	5327	5329	5331	5332	
5336	9	5337	5338	5339	5340	5341	5343	5344	5346	5348	
5350	0	
5358	10	5359	5360	5361	5362	5364	5365	5367	5369	5371	5373	
5379	8	5380	5381	5382	5384	5385	5387	5389	5391	
5393	8	5395	5397	5399	5401	5403	5405	5407	5409	
5411	9	5413	5414	5415	5417	5418	5420	5421	5423	5424	
5426	7	5427	5429	5430	5434	5435	5437	5438	
5440	9	5441	5442	5444	5445	5447	5448	5450	5451	5453	
5454	9	5456	5457	5459	5461	5463	5465	5471	5472	5473	
5475	7	5476	5478	5480	5481	5483	5484	5486	
5488	7	5490	5492	5494	5496	5498	5500	5502	
5504	9	5505	5507	5508	5510	5511	5513	5514	5516	5517	
5519	9	5520	5522	5523	5525	5526	5527	5529	5531	5534	
5537	7	5538	5540	5541	5543	5545	5547	5549	
5551	7	5553	5555	5557	5559	5560	5562	5564	
5566	7	5568	5570	5571	5573	5574	5576	5577	
5579	9	5581	5586	5588	5590	5592	5593	5595	5597	5599	
5601	8	5603	5606	5608	5610	5611	5613	5615	5617	
5619	8	5621	5623	5625	5627	5629	5631	5633	5634	
5636	7	5638	5640	5641	5642	5644	5645	5647	
5648	13	5650	5651	5653	5654	5656	5657	5659	5660	5662	5663	5664	5666	5667	
5669	11	5670	5672	5673	5675	5676	5678	5679	5681	5682	5684	5685	
5687	11	5688	5690	5691	5693	5694	5695	5697	5698	5700	5701	5703	
5704	10	5708	5709	5711	5712	5714	5715	5717	5718	5720	5721	
5723	10	5724	5726	5727	5729	5730	5732	5734	5735	5737	5738	
5739	9	5741	5742	5744	5745	5747	5748	5750	5752	5753	
5754	10	5756	5757	5759	5760	5762	5763	5765	5767	5769	5776	
5777	9	5778	5779	5781	5782	5784	5786	5788	5790	5793	
5794	8	5795	5797	5799	5801	5803	5805	5807	5809	
5811	8	5812	5814	5815	5817	5818	5820	5822	5823	
5825	9	5826	5828	5829	5831	5832	5834	5836	5837	5839	
5840	10	5842	5843	5845	5846	5848	5849	5851	5852	5853	5856	
5863	9	5864	5865	5866	5867	5869	5870	5872	5874	5877	
5878	8	5879	5881	5883	5885	5887	5889	5892	5893	
5897	8	5899	5901	5902	5904	5905	5907	5909	5910	
5912	8	5913	5915	5916	5918	5919	5921	5923	5924	
5926	8	5927	5929	5930	5932	5933	5935	5937	5938	
5940	8	5941	5943	5944	5945	5947	5948	5950	5952	
5955	8	5956	5957	5958	5959	5960	5962	5963	5965	
5966	8	5967	5969	5970	5972	5973	5975	5976	5978	
5979	9	5981	5982	5984	5985	5987	5988	5989	5991	5993	
5995	9	5996	5997	5999	6000	6002	6004	6005	6006	6008	
6010	9	6011	6012	6014	6015	6017	6019	6020	6021	6023	
6024	9	6025	6027	6028	6030	6032	6033	6034	6036	6038	
6040	9	6041	6042	6043	6045	6046	6049	6050	6051	6052	
6055	9	6056	6057	6058	6060	6061	6064	6065	6066	6067	
6070	10	6071	6072	6073	6075	6077	6079	6089	6090	6091	6092	
6093	9	6094	6095	6099	6100	6102	6104	6106	6108	6110	
6116	9	6118	6119	6120	6121	6122	6123	6125	6127	6129	
6133	9	6134	6135	6136	6137	6138	6139	6141	6142	6144	
6148	8	6149	6150	6151	6152	6153	6154	6156	6157	
6162	8	6163	6164	6165	6166	6167	6168	6169	6170	
6175	8	6176	6177	6178	6179	6180	6181	6182	6183	
6188	8	6189	6190	6191	6192	6193	6194	6195	6196	
6201	8	6202	6203	6204	6205	6206	6207	6208	6209	
6215	8	6216	6217	6218	6219	6220	6221	6222	6223	
6228	8	6229	6230	6231	6232	6233	6234	6235	6236	
6243	8	6244	6245	6246	6247	6248	6249	6250	6251	
6256	8	6257	6258	6259	6260	6261	6262	6263	6264	
6270	8	6271	6272	6273	6274	6275	6276	6277	6278	
6283	8	6284	6285	6286	6287	6288	6289	6290	6291	
6296	8	6297	6298	6299	6300	6301	6302	6303	6304	
6309	8	6310	6311	6312	6313	6314	6315	6316	6317	
6321	8	6322	6323	6324	6325	6326	6327	6328	6329	
6334	8	6335	6336	6337	6338	6339	6340	6341	6342	
6346	8	6347	6348	6349	6350	6351	6352	6353	6354	
6359	8	6360	6361	6362	6363	6364	6365	6366	6367	
6374	8	6375	6376	6377	6378	6379	6380	6381	6382	
6387	8	6388	6389	6390	6391	6392	6393	6394	6395	
6400	9	6401	6402	6403	6404	6405	6406	6407	6408	6409	
6414	9	6415	6416	6417	6418	6419	6420	6421	6422	6423	
6428	8	6429	6430	6431	6432	6433	6434	6435	6436	
6441	8	6442	6443	6444	6445	6446	6447	6448	6449	
6454	8	6455	6456	6457	6458	6459	6460	6461	6462	
6466	8	6467	6468	6469	6470	6471	6472	6473	6474	
6479	8	6480	6481	6482	6483	6484	6485	6486	6487	
6492	8	6493	6494	6495	6496	6497	6498	6499	6500	
6506	9	6507	6508	6509	6510	6511	6512	6513	6518	6525	
6526	7	6527	6528	6529	6530	6531	6533	6534	
6540	7	6541	6542	6543	6544	6545	6546	6549	
6557	7	6558	6559	6560	6561	6562	6563	6564	
6569	8	6570	6571	6572	6573	6574	6575	6576	6577	
6581	8	6582	6583	6584	6585	6586	6587	6588	6589	
6595	8	6596	6597	6598	6599	6600	6601	6602	6603	
6608	8	6609	6610	6611	6612	6613	6614	6615	6616	
6620	8	6621	6622	6623	6624	6625	6626	6627	6628	
6633	8	6634	6635	6636	6637	6638	6639	6640	6641	
6648	8	6649	6650	6651	6652	6653	6654	6655	6656	
6660	9	6661	6662	6663	6664	6665	6666	6667	6668	6672	
6678	8	6679	6680	6681	6682	6683	6685	6686	6688	
6693	9	6694	6695	6696	6698	6700	6702	6704	6706	6710	
6714	8	6715	6716	6718	6720	6721	6723	6725	6727	
6728	8	6730	6732	6734	6736	6738	6740	6742	6744	
6747	8	6748	6750	6751	6753	6754	6756	6757	6759	
6761	8	6762	6763	6765	6766	6768	6770	6771	6772	
6774	8	6775	6777	6778	6780	6781	6785	6786	6787	
6790	8	6791	6792	6793	6795	6796	6797	6799	6800	
6803	8	6804	6805	6806	6807	6809	6810	6812	6813	
6816	8	6818	6819	6820	6821	6822	6823	6825	6827	
6830	8	6831	6832	6833	6834	6835	6836	6838	6840	
6843	8	6844	6845	6846	6847	6848	6849	6851	6853	
6855	8	6856	6857	6858	6859	6860	6862	6863	6865	
6868	9	6869	6870	6871	6872	6873	6874	6876	6878	6882	
6883	8	6885	6886	6888	6890	6891	6893	6895	6897	
6898	8	6900	6902	6904	6906	6908	6910	6912	6914	
6919	8	6920	6922	6923	6924	6925	6927	6928	6930	
6932	8	6933	6934	6936	6937	6939	6941	6942	6944	
6946	7	6947	6948	6950	6951	6952	6954	6956	
6959	7	6960	6961	6962	6963	6965	6966	6968	
6971	7	6972	6973	6974	6975	6977	6978	6980	
6983	7	6984	6985	6986	6987	6988	6990	6992	
6995	7	6996	6997	6998	6999	7001	7002	7003	
7007	7	7008	7009	7010	7011	7012	7013	7014	
7019	7	7020	7021	7022	7023	7024	7025	7026	
7031	8	7032	7033	7034	7035	7036	7037	7038	7040	
7045	8	7046	7047	7048	7049	7050	7051	7053	7055	
7059	8	7060	7061	7062	7063	7064	7065	7067	7069	
7072	8	7073	7074	7075	7076	7077	7078	7080	7081	
7087	8	7088	7089	7090	7091	7092	7093	7094	7095	
7099	8	7100	7101	7102	7103	7104	7105	7106	7107	
7113	8	7114	7115	7116	7117	7118	7119	7120	7121	
7126	8	7127	7128	7129	7130	7131	7132	7133	7134	
7138	8	7139	7140	7141	7142	7143	7144	7145	7146	
7150	8	7151	7152	7153	7154	7155	7156	7157	7158	
7163	8	7164	7165	7166	7167	7168	7169	7170	7171	
7178	8	7179	7180	7181	7182	7183	7184	7185	7186	
7191	8	7192	7193	7194	7195	7196	7197	7198	7199	
7204	8	7205	7206	7207	7208	7209	7210	7211	7212	
7216	8	7217	7218	7219	7220	7221	7222	7223	7224	
7229	8	7230	7231	7232	7233	7234	7235	7236	7237	
7243	8	7244	7245	7246	7247	7248	7249	7250	7251	
7256	8	7257	7258	7259	7260	7261	7262	7263	7264	
7269	8	7270	7271	7272	7273	7274	7275	7276	7277	
7282	8	7283	7284	7285	7286	7287	7288	7289	7290	
7295	8	7296	7297	7298	7299	7300	7301	7302	7303	
7310	8	7311	7312	7313	7314	7315	7316	7317	7318	
7323	8	7324	7325	7326	7327	7328	7329	7330	7331	
7337	8	7338	7339	7340	7341	7342	7343	7344	7345	
7350	8	7351	7352	7353	7354	7355	7356	7357	7358	
7363	8	7364	7365	7366	7367	7368	7369	7370	7371	
7375	8	7376	7377	7378	7379	7380	7381	7382	7383	
7388	8	7389	7390	7391	7392	7393	7394	7395	7396	
7401	8	7402	7403	7404	7405	7406	7407	7408	7409	
7414	9	7415	7416	7417	7418	7419	7420	7421	7422	7427	
7432	8	7433	7434	7436	7438	7439	7441	7443	7444	
7446	8	7448	7450	7452	7454	7456	7458	7460	7462	
7465	9	7466	7468	7469	7471	7472	7474	7475	7477	7478	
7480	9	7481	7483	7484	7486	7487	7489	7490	7492	7493	
7495	9	7496	7498	7499	7501	7502	7504	7505	7506	7508	
7510	8	7511	7512	7514	7515	7517	7518	7520	7521	
7524	8	7525	7526	7527	7529	7530	7532	7534	7535	
7538	8	7539	7540	7541	7543	7544	7545	7547	7549	
7552	8	7553	7554	7555	7556	7557	7559	7560	7562	
7565	8	7566	7567	7568	7569	7570	7571	7573	7575	
7580	8	7581	7582	7583	7584	7585	7586	7588	7590	
7593	8	7594	7595	7596	7597	7598	7600	7601	7602	
7606	7	7607	7608	7609	7610	7611	7612	7613	
7618	7	7619	7620	7621	7622	7623	7624	7625	
7629	8	7630	7631	7632	7633	7634	7635	7636	7637	
7642	8	7643	7644	7645	7646	7647	7648	7649	7650	
7655	8	7656	7657	7658	7659	7660	7661	7662	7663	
7669	8	7670	7671	7672	7673	7674	7675	7676	7677	
7682	8	7683	7684	7685	7686	7687	7688	7689	7690	
7695	8	7696	7697	7698	7699	7700	7701	7702	7703	
7711	8	7712	7713	7714	7715	7716	7717	7718	7719	
7725	8	7726	7727	7728	7729	7730	7731	7732	7733	
7738	8	7739	7740	7741	7742	7743	7744	7745	7746	
7751	8	7752	7753	7754	7755	7756	7757	7758	7759	
7764	8	7765	7766	7767	7768	7769	7770	7771	7772	
7777	8	7778	7779	7780	7781	7782	7783	7784	7785	
7790	8	7791	7792	7793	7794	7795	7796	7797	7798	
7803	8	7804	7805	7806	7807	7808	7809	7810	7811	
7816	8	7817	7818	7819	7820	7821	7822	7823	7824	
7831	8	7832	7833	7834	7835	7836	7837	7838	7839	
7844	8	7845	7846	7847	7848	7849	7850	7851	7852	
7857	9	7858	7859	7860	7861	7862	7863	7864	7865	7866	
7872	8	7873	7874	7875	7876	7877	7878	7879	7880	
7886	8	7887	7888	7889	7890	7891	7892	7893	7894	
7900	8	7901	7902	7903	7904	7905	7906	7907	7908	
7913	8	7914	7915	7916	7917	7918	7919	7920	7921	
7927	9	7928	7929	7930	7931	7932	7933	7934	7935	7940	
7944	8	7945	7946	7947	7949	7951	7952	7954	7956	
7959	10	7960	7961	7963	7965	7967	7969	7973	7975	7978	7981	
7984	7	7985	7986	7988	7990	7991	7993	7995	
7997	8	7999	8001	8003	8005	8007	8009	8011	8013	
8015	9	8017	8018	8019	8021	8022	8024	8025	8027	8028	
8030	7	8031	8033	8034	8036	8037	8039	8040	
8042	9	8043	8045	8046	8048	8049	8050	8052	8053	8055	
8057	8	8058	8059	8060	8062	8063	8065	8067	8068	
8071	8	8072	8073	8074	8076	8077	8079	8080	8081	
8083	8	8084	8085	8087	8088	8089	8091	8092	8094	
8097	8	8098	8099	8100	8101	8102	8104	8105	8107	
8110	8	8111	8112	8113	8114	8115	8117	8118	8122	
8126	8	8127	8128	8129	8130	8131	8132	8134	8136	
8140	8	8141	8142	8143	8144	8145	8146	8148	8149	
8154	8	8155	8156	8157	8158	8159	8160	8161	8162	
8166	9	8167	8168	8169	8170	8171	8172	8174	8178	8185	
8186	8	8187	8188	8189	8190	8192	8193	8195	8197	
8201	8	8202	8203	8204	8206	8208	8210	8212	8214	
8219	8	8220	8221	8222	8223	8225	8226	8228	8230	
8233	8	8234	8235	8236	8237	8238	8240	8241	8243	
8247	8	8248	8249	8250	8251	8252	8253	8255	8257	
8260	8	8261	8262	8263	8264	8265	8269	8270	8272	
8276	8	8277	8278	8279	8280	8281	8282	8284	8286	
8289	7	8290	8291	8292	8293	8294	8296	8297	
8302	7	8303	8304	8305	8306	8307	8308	8309	
8314	7	8315	8316	8317	8318	8319	8320	8321	
8326	8	8327	8328	8329	8330	8331	8332	8333	8334	
8339	8	8340	8341	8342	8343	8344	8345	8346	8347	
8352	8	8353	8354	8355	8356	8357	8358	8359	8360	
8366	8	8367	8368	8369	8370	8371	8372	8373	8374	
8380	8	8381	8382	8383	8384	8385	8386	8387	8388	
8396	9	8397	8398	8399	8400	8401	8402	8403	8404	8409	
8410	7	8411	8412	8415	8417	8419	8421	8423	
8425	9	8427	8429	8431	8433	8435	8437	8438	8440	8442	
8444	8	8446	8448	8450	8452	8453	8455	8457	8459	
8461	9	8463	8465	8466	8468	8470	8472	8475	8477	8479	
8481	8	8482	8484	8486	8488	8489	8491	8493	8495	
8497	7	8499	8501	8503	8505	8507	8509	8511	
8512	8	8516	8517	8519	8520	8522	8523	8525	8526	
8528	8	8529	8531	8532	8534	8535	8536	8538	8539	
8541	9	8542	8544	8545	8547	8548	8550	8551	8553	8554	
8556	7	8557	8559	8560	8562	8563	8565	8566	
8568	9	8569	8571	8572	8574	8575	8576	8578	8579	8581	
8582	10	8584	8585	8587	8588	8590	8591	8593	8594	8596	8597	
8599	9	8600	8602	8603	8605	8606	8607	8609	8611	8612	
8614	9	8615	8617	8618	8620	8621	8623	8624	8626	8627	
8629	9	8630	8632	8633	8635	8636	8638	8639	8641	8642	
8643	9	8645	8646	8648	8649	8651	8652	8653	8655	8657	
8659	8	8660	8661	8663	8664	8666	8668	8669	8670	
8672	8	8673	8675	8676	8678	8680	8681	8682	8684	
8686	8	8687	8691	8692	8694	8696	8697	8698	8699	
8702	8	8703	8704	8705	8706	8708	8709	8711	8712	
8718	7	8719	8720	8721	8722	8723	8724	8725	
8730	7	8731	8732	8733	8734	8735	8736	8737	
8742	7	8743	8744	8745	8746	8747	8748	8749	
8754	7	8755	8756	8757	8758	8759	8760	8761	
8766	7	8767	8768	8769	8770	8771	8772	8773	
8778	8	8779	8780	8781	8782	8783	8784	8785	8786	
8790	8	8791	8792	8793	8794	8795	8796	8797	8798	
8804	8	8805	8806	8807	8808	8809	8810	8811	8812	
8819	8	8820	8821	8822	8823	8824	8825	8826	8827	
8831	6	8832	8833	8834	8835	8836	8837	
8841	6	8842	8843	8844	8845	8846	8847	
8851	7	8852	8853	8854	8855	8856	8857	8858	
8863	7	8864	8865	8866	8867	8868	8869	8870	
8874	7	8875	8876	8877	8878	8879	8880	8881	
8886	7	8887	8888	8889	8890	8891	8892	8893	
8898	7	8899	8900	8901	8902	8903	8904	8905	
8909	8	8910	8911	8912	8913	8914	8915	8916	8917	
8921	8	8922	8923	8924	8925	8927	8929	8930	8931	
8935	8	8936	8937	8938	8939	8940	8941	8942	8943	
8949	10	8950	8951	8952	8953	8954	8955	8956	8957	8958	8959	
8965	10	8966	8967	8968	8969	8970	8971	8972	8973	8974	8975	
8981	9	8982	8983	8984	8985	8986	8987	8988	8989	8990	
8995	9	8996	8997	8998	8999	9000	9001	9002	9003	9004	
9010	9	9011	9012	9013	9014	9015	9016	9017	9018	9019	
9025	9	9026	9027	9028	9029	9030	9031	9032	9033	9034	
9040	9	9041	9042	9043	9044	9045	9046	9047	9048	9049	
9054	8	9055	9056	9057	9058	9059	9060	9061	9062	
9067	8	9068	9069	9070	9071	9072	9073	9074	9075	
9082	8	9083	9084	9085	9086	9087	9088	9089	9090	
9096	10	9097	9098	9099	9100	9101	9102	9103	9104	9105	9106	
9112	10	9113	9114	9115	9116	9117	9118	9119	9120	9121	9122	
9128	10	9129	9130	9131	9132	9133	9134	9135	9136	9137	9138	
9144	9	9145	9146	9147	9148	9149	9150	9151	9152	9153	
9158	10	9159	9160	9161	9162	9163	9164	9165	9166	9167	9173	
9174	8	9176	9177	9179	9180	9182	9184	9185	9187	
9189	8	9191	9193	9195	9197	9199	9201	9203	9205	
9207	8	9209	9210	9212	9213	9217	9218	9220	9221	
9223	8	9224	9226	9227	9229	9230	9231	9233	9234	
9236	8	9237	9238	9239	9241	9242	9244	9245	9247	
9248	8	9250	9251	9253	9254	9256	9257	9259	9260	
9262	8	9263	9265	9266	9268	9269	9271	9272	9273	
9276	9	9277	9278	9279	9281	9282	9283	9285	9286	9289	
9291	8	9293	9295	9297	9299	9300	9302	9304	9306	
9307	8	9309	9311	9313	9315	9317	9318	9320	9322	
9324	9	9326	9329	9331	9333	9335	9337	9338	9340	9342	
9344	8	9346	9348	9350	9352	9354	9356	9358	9360	
9362	8	9364	9365	9367	9368	9372	9374	9375	9377	
9379	8	9380	9381	9383	9384	9386	9388	9389	9390	
9393	8	9394	9395	9396	9398	9399	9400	9402	9403	
9406	8	9407	9408	9409	9411	9412	9414	9416	9417	
9420	8	9421	9422	9423	9425	9426	9428	9430	9431	
9434	8	9435	9436	9437	9438	9440	9441	9443	9445	
9449	9	9450	9451	9452	9453	9454	9455	9457	9459	9463	
9464	8	9466	9467	9469	9471	9472	9474	9476	9478	
9479	8	9481	9483	9485	9487	9489	9491	9493	9495	
9498	8	9499	9501	9502	9504	9505	9507	9508	9510	
9512	8	9513	9514	9516	9517	9519	9523	9524	9526	
9528	8	9529	9530	9532	9533	9534	9536	9538	9539	
9542	8	9543	9544	9545	9547	9548	9550	9552	9553	
9557	8	9558	9559	9560	9561	9562	9564	9566	9567	
9569	8	9570	9571	9572	9574	9575	9576	9578	9580	
9584	8	9585	9586	9587	9588	9589	9590	9592	9594	
9598	8	9599	9600	9601	9602	9603	9604	9606	9608	
9611	8	9612	9613	9614	9615	9616	9618	9619	9621	
9624	8	9625	9626	9627	9628	9629	9631	9632	9633	
9638	8	9639	9640	9641	9642	9643	9644	9645	9646	
9651	8	9652	9653	9654	9655	9656	9657	9658	9659	
9665	8	9666	9667	9668	9669	9670	9671	9672	9673	
9678	8	9679	9680	9681	9682	9683	9684	9685	9686	
9691	8	9692	9693	9694	9695	9696	9697	9698	9699	
9703	8	9704	9705	9706	9707	9708	9709	9710	9711	
9716	8	9717	9718	9719	9720	9721	9722	9723	9724	
9729	8	9730	9731	9732	9733	9734	9735	9736	9737	
9741	9	9742	9743	9744	9745	9746	9747	9748	9752	9759	
9760	8	9761	9762	9763	9764	9765	9767	9768	9770	
9776	8	9777	9778	9779	9780	9781	9783	9785	9787	
9797	8	9798	9799	9800	9801	9802	9803	9804	9805	
9810	8	9811	9812	9813	9814	9815	9816	9817	9818	
9822	8	9823	9824	9825	9826	9827	9828	9829	9830	
9836	8	9837	9838	9839	9840	9841	9842	9843	9844	
