341	1462795660479732	1462795660498263	1462795660510048	1462795660510292	1462795660550815	1462795660511897	1462795660540258	1462795660578852
342	1462795660532639	1462795660550851	1462795660561300	1462795660561564	1462795660601863	1462795660563154	1462795660591253	1462795660629862
343	1462795660584731	1462795660601898	1462795660610983	1462795660611237	1462795660654074	1462795660613617	1462795660667963	1462795660683836
344	1462795660636300	1462795660654124	1462795660665926	1462795660666190	1462795660707333	1462795660667768	1462795660771438	1462795660786847
345	1462795660689649	1462795660707410	1462795660717894	1462795660718162	1462795660756131	1462795660771233	1462795660800801	1462795660816886
346	1462795660740221	1462795660756166	1462795660765251	1462795660765467	1462795660806995	1462795660800604	1462795660831394	1462795660848925
347	1462795660789728	1462795660807030	1462795660820143	1462795660820388	1462795660862882	1462795660831660	1462795660862228	1462795660890875
348	1462795660844513	1462795660862930	1462795660873404	1462795660873647	1462795660917666	1462795660875235	1462795660891337	1462795660947878
349	1462795660899155	1462795660917714	1462795660930225	1462795660930479	1462795660972017	1462795660932092	1462795660986548	1462795661001881
350	1462795660953711	1462795660972067	1462795660983757	1462795660984109	1462795661021173	1462795660986313	1462795661034832	1462795661050915
351	1462795661005139	1462795661021230	1462795661031421	1462795661031702	1462795661071195	1462795661034527	1462795661065189	1462795661164956
352	1462795661055364	1462795661071264	1462795661085231	1462795661085520	1462795661128919	1462795661121726	1462795661175401	1462795661278952
353	1462795661110900	1462795661128991	1462795661142397	1462795661142788	1462795661183146	1462795661234689	1462795661291439	1462795661362969
354	1462795661164800	1462795661183196	1462795661195546	1462795661195803	1462795661236885	1462795661321737	1462795661375380	1462795661420963
355	1462795661218824	1462795661236934	1462795661247565	1462795661247818	1462795661285706	1462795661404563	1462795661433404	1462795661479854
356	1462795661271218	1462795661285762	1462795661299086	1462795661299408	1462795661339871	1462795661462566	1462795661520446	1462795661537961
357	1462795661321908	1462795661339920	1462795661352179	1462795661352436	1462795661392960	1462795661520717	1462795661551471	1462795661593949
358	1462795661374940	1462795661393039	1462795661402666	1462795661402898	1462795661448315	1462795661577594	1462795661605479	1462795661650008
359	1462795661429258	1462795661448363	1462795661459192	1462795661459455	1462795661499717	1462795661609767	1462795661638484	1462795661683006
360	1462795661482004	1462795661499764	1462795661514298	1462795661514685	1462795661554387	1462795661665776	1462795661694483	1462795661738012
361	1462795661536457	1462795661554433	1462795661567244	1462795661567498	1462795661609435	1462795661721695	1462795661749500	1462795661793026
362	1462795661591328	1462795661609485	1462795661619212	1462795661619461	1462795661663130	1462795661751772	1462795661780359	1462795661824025
363	1462795661645144	1462795661663206	1462795661675869	1462795661676134	1462795661714824	1462795661806767	1462795661834448	1462795661854937
364	1462795661697510	1462795661714859	1462795661725921	1462795661726173	1462795661765298	1462795661837708	1462795661865553	1462795661883990
365	1462795661749224	1462795661765356	1462795661775068	1462795661775325	1462795661817076	1462795661867767	1462795661895542	1462795661937031
366	1462795661799396	1462795661817125	1462795661829530	1462795661829787	1462795661869452	1462795661920865	1462795661925477	1462795661967068
367	1462795661851572	1462795661869512	1462795661880597	1462795661880851	1462795661926460	1462795661950796	1462795661976491	1462795661997062
368	1462795661907830	1462795661926508	1462795661938927	1462795661939180	1462795661979415	1462795661980846	1462795662006464	1462795662027062
369	1462795661961180	1462795661979463	1462795661990358	1462795661990593	1462795662031698	1462795662010803	1462795662036524	1462795662062063
370	1462795662013738	1462795662031747	1462795662045024	1462795662045264	1462795662085363	1462795662046491	1462795662067420	1462795662113079
371	1462795662067501	1462795662085411	1462795662096060	1462795662096276	1462795662136163	1462795662097549	1462795662147837	1462795662194064
372	1462795662118828	1462795662136213	1462795662145491	1462795662145731	1462795662192061	1462795662147562	1462795662206860	1462795662222978
373	1462795662172919	1462795662192111	1462795662202792	1462795662203013	1462795662246169	1462795662206666	1462795662261637	1462795662277152
374	1462795662227936	1462795662246251	1462795662259443	1462795662259801	1462795662300289	1462795662261441	1462795662313139	1462795662329105
375	1462795662282290	1462795662300338	1462795662311112	1462795662311383	1462795662349626	1462795662312886	1462795662362558	1462795662378107
376	1462795662333035	1462795662349680	1462795662360494	1462795662360702	1462795662401432	1462795662362366	1462795662413697	1462795662429132
377	1462795662383449	1462795662401480	1462795662410910	1462795662411179	1462795662451632	1462795662413422	1462795662466605	1462795662482200
378	1462795662434310	1462795662451667	1462795662464775	1462795662464990	1462795662506065	1462795662466413	1462795662518394	1462795662534202
379	1462795662488132	1462795662506114	1462795662516630	1462795662516866	1462795662556750	1462795662518197	1462795662568385	1462795662590204
380	1462795662539307	1462795662556794	1462795662566001	1462795662566242	1462795662605979	1462795662568133	1462795662616960	1462795662646115
381	1462795662591151	1462795662606037	1462795662615245	1462795662615414	1462795662659924	1462795662616792	1462795662673475	1462795662689138
382	1462795662642913	1462795662659999	1462795662671765	1462795662672005	1462795662712846	1462795662673286	1462795662723735	1462795662740074
383	1462795662697364	1462795662712881	1462795662722058	1462795662722270	1462795662759476	1462795662723563	1462795662752560	1462795662795177
384	1462795662744078	1462795662759537	1462795662770084	1462795662770283	1462795662808508	1462795662771626	1462795662782605	1462795662835186
385	1462795662793365	1462795662808568	1462795662817804	1462795662818008	1462795662855964	1462795662819314	1462795662865651	1462795662892192
386	1462795662841189	1462795662856043	1462795662865294	1462795662865512	1462795662904673	1462795662866697	1462795662904654	1462795662936189
387	1462795662887856	1462795662904758	1462795662915127	1462795662915335	1462795662957756	1462795662917310	1462795662933601	1462795662988194
388	1462795662939872	1462795662957826	1462795662970498	1462795662970725	1462795663012624	1462795662972056	1462795663027417	1462795663043224
389	1462795662994688	1462795663012700	1462795663024929	1462795663025220	1462795663066402	1462795663027140	1462795663085990	1462795663102227
390	1462795663048640	1462795663066487	1462795663078895	1462795663079162	1462795663119242	1462795663085822	1462795663114708	1462795663155248
391	1462795663101688	1462795663119326	1462795663133174	1462795663133522	1462795663175268	1462795663135876	1462795663144623	1462795663205243
392	1462795663157630	1462795663175327	1462795663187482	1462795663187704	1462795663228387	1462795663189388	1462795663247083	1462795663263124
393	1462795663210480	1462795663228435	1462795663242223	1462795663242569	1462795663284292	1462795663246891	1462795663297029	1462795663313132
394	1462795663266324	1462795663284364	1462795663294973	1462795663295226	1462795663335507	1462795663296831	1462795663312712	1462795663364227
395	1462795663317907	1462795663335572	1462795663346166	1462795663346411	1462795663389135	1462795663348021	1462795663403183	1462795663419291
396	1462795663371182	1462795663389205	1462795663401138	1462795663401386	1462795663445394	1462795663402990	1462795663460422	1462795663476286
397	1462795663426948	1462795663445474	1462795663457953	1462795663458353	1462795663499097	1462795663460228	1462795663512884	1462795663528290
398	1462795663481229	1462795663499146	1462795663511249	1462795663511483	1462795663552377	1462795663512686	1462795663564075	1462795663580202
399	1462795663534519	1462795663552425	1462795663561621	1462795663561831	1462795663601305	1462795663563760	1462795663612191	1462795663628305
400	1462795663586438	1462795663601368	1462795663610542	1462795663610791	1462795663649871	1462795663611996	1462795663661606	1462795663677317
401	1462795663634453	1462795663649933	1462795663659165	1462795663659371	1462795663697547	1462795663661331	1462795663708519	1462795663724324
402	1462795663682801	1462795663697604	1462795663706782	1462795663706996	1462795663745040	1462795663708319	1462795663756263	1462795663772338
403	1462795663730226	1462795663745074	1462795663754243	1462795663754556	1462795663798671	1462795663756063	1462795663812963	1462795663829340
404	1462795663780076	1462795663798719	1462795663810969	1462795663811276	1462795663853838	1462795663812795	1462795663841695	1462795663886297
405	1462795663837679	1462795663853872	1462795663863046	1462795663863336	1462795663901043	1462795663864778	1462795663897705	1462795663944226
406	1462795663885954	1462795663901077	1462795663910245	1462795663910520	1462795663953043	1462795663927019	1462795663956725	1462795664000361
407	1462795663936205	1462795663953092	1462795663965051	1462795663965343	1462795664005067	1462795663983046	1462795664013688	1462795664057377
408	1462795663987359	1462795664005115	1462795664015763	1462795664016093	1462795664055338	1462795664017828	1462795664072596	1462795664114237
409	1462795664039457	1462795664055372	1462795664064644	1462795664065018	1462795664104854	1462795664072863	1462795664125726	1462795664146258
410	1462795664087237	1462795664104902	1462795664114176	1462795664114486	1462795664156475	1462795664129053	1462795664157754	1462795664202359
411	1462795664138685	1462795664156524	1462795664168477	1462795664168790	1462795664213225	1462795664184142	1462795664212772	1462795664244409
412	1462795664194962	1462795664213273	1462795664225796	1462795664226223	1462795664269581	1462795664228557	1462795664245760	1462795664298408
413	1462795664251239	1462795664269630	1462795664280310	1462795664280675	1462795664322084	1462795664282402	1462795664334562	1462795664380418
414	1462795664303934	1462795664322133	1462795664331399	1462795664331709	1462795664369712	1462795664334278	1462795664393376	1462795664409454
415	1462795664355110	1462795664369746	1462795664378999	1462795664379373	1462795664416720	1462795664393101	1462795664429194	1462795664445306
416	1462795664401794	1462795664416754	1462795664426010	1462795664426323	1462795664470890	1462795664428923	1462795664453695	1462795664501438
417	1462795664452783	1462795664470938	1462795664483204	1462795664483571	1462795664525781	1462795664485365	1462795664533810	1462795664558349
418	1462795664506618	1462795664525831	1462795664538682	1462795664539127	1462795664579725	1462795664541161	1462795664569796	1462795664613469
419	1462795664561661	1462795664579796	1462795664591736	1462795664592082	1462795664632235	1462795664593887	1462795664617822	1462795664663359
420	1462795664615549	1462795664632269	1462795664641512	1462795664641885	1462795664688828	1462795664646157	1462795664702727	1462795664720469
421	1462795664669556	1462795664688876	1462795664699526	1462795664699871	1462795664740317	1462795664702995	1462795664732809	1462795664774457
422	1462795664723049	1462795664740364	1462795664749627	1462795664749961	1462795664792241	1462795664752604	1462795664762830	1462795664823461
423	1462795664774593	1462795664792289	1462795664805416	1462795664805787	1462795664846741	1462795664807556	1462795664818861	1462795664875499
424	1462795664828659	1462795664846788	1462795664857424	1462795664857790	1462795664895927	1462795664859561	1462795664908917	1462795664924527
425	1462795664880341	1462795664895961	1462795664906536	1462795664906861	1462795664945866	1462795664908718	1462795664957094	1462795664972469
426	1462795664929966	1462795664945900	1462795664955050	1462795664955383	1462795664994203	1462795664956896	1462795665007214	1462795665022532
427	1462795664978742	1462795664994238	1462795665003981	1462795665004319	1462795665047223	1462795665006926	1462795665061477	1462795665077543
428	1462795665029117	1462795665047267	1462795665059095	1462795665059437	1462795665101678	1462795665061278	1462795665117174	1462795665132533
429	1462795665083599	1462795665101726	1462795665114355	1462795665114837	1462795665156181	1462795665116974	1462795665170349	1462795665186463
430	1462795665138283	1462795665156230	1462795665167991	1462795665168389	1462795665212309	1462795665170153	1462795665226570	1462795665242556
431	1462795665192751	1462795665212357	1462795665224225	1462795665224598	1462795665266054	1462795665226379	1462795665279419	1462795665295560
432	1462795665248102	1462795665266102	1462795665277253	1462795665277643	1462795665317530	1462795665279226	1462795665329686	1462795665345471
433	1462795665299691	1462795665317579	1462795665326783	1462795665327051	1462795665366204	1462795665329414	1462795665378889	1462795665394587
434	1462795665350979	1462795665366239	1462795665375982	1462795665376229	1462795665418051	1462795665378614	1462795665432055	1462795665447598
435	1462795665401034	1462795665418099	1462795665429982	1462795665430235	1462795665466084	1462795665431835	1462795665480113	1462795665495588
436	1462795665452076	1462795665466144	1462795665478043	1462795665478294	1462795665519823	1462795665479891	1462795665532499	1462795665548593
437	1462795665501652	1462795665519872	1462795665530428	1462795665530687	1462795665568768	1462795665532299	1462795665580038	1462795665595573
438	1462795665552908	1462795665568803	1462795665577985	1462795665578231	1462795665615901	1462795665579829	1462795665629409	1462795665645467
439	1462795665600333	1462795665615961	1462795665626507	1462795665626755	1462795665665752	1462795665629126	1462795665677873	1462795665693595
440	1462795665650890	1462795665665787	1462795665674960	1462795665675232	1462795665713989	1462795665677599	1462795665725195	1462795665740604
441	1462795665699172	1462795665714023	1462795665723206	1462795665723453	1462795665760092	1462795665725005	1462795665771241	1462795665786610
442	1462795665745470	1462795665760126	1462795665769288	1462795665769561	1462795665809233	1462795665771049	1462795665822124	1462795665837645
443	1462795665792385	1462795665809282	1462795665819349	1462795665819615	1462795665864075	1462795665821853	1462795665877515	1462795665893619
444	1462795665845829	1462795665864140	1462795665875535	1462795665875787	1462795665915348	1462795665877328	1462795665927872	1462795665943660
445	1462795665898185	1462795665915383	1462795665925918	1462795665926199	1462795665964404	1462795665927676	1462795665975205	1462795665990662
446	1462795665948258	1462795665964438	1462795665973578	1462795665973803	1462795666013153	1462795665975013	1462795666023964	1462795666039672
447	1462795665997975	1462795666013188	1462795666022342	1462795666022562	1462795666060585	1462795666023771	1462795666071370	1462795666086688
448	1462795666045345	1462795666060620	1462795666069747	1462795666069966	1462795666107881	1462795666071173	1462795666083015	1462795666136703
449	1462795666092356	1462795666107916	1462795666118419	1462795666118661	1462795666161840	1462795666120555	1462795666139178	1462795666190711
450	1462795666143688	1462795666161888	1462795666173732	1462795666173955	1462795666216915	1462795666175169	1462795666204113	1462795666247638
451	1462795666198234	1462795666216964	1462795666229157	1462795666229504	1462795666274384	1462795666231265	1462795666286579	1462795666302711
452	1462795666255516	1462795666274459	1462795666284962	1462795666285187	1462795666326070	1462795666286390	1462795666337618	1462795666353719
453	1462795666307941	1462795666326140	1462795666335311	1462795666335480	1462795666377366	1462795666337331	1462795666390881	1462795666406687
454	1462795666359567	1462795666377414	1462795666389250	1462795666389470	1462795666431124	1462795666390683	1462795666443357	1462795666458733
455	1462795666412811	1462795666431204	1462795666441741	1462795666441950	1462795666483333	1462795666443165	1462795666495808	1462795666511749
456	1462795666463375	1462795666483383	1462795666493322	1462795666493801	1462795666535249	1462795666495601	1462795666550544	1462795666566658
457	1462795666517049	1462795666535299	1462795666548058	1462795666548520	1462795666587481	1462795666550333	1462795666581078	1462795666616796
458	1462795666569254	1462795666587525	1462795666598592	1462795666598977	1462795666642764	1462795666600521	1462795666611022	1462795666673660
459	1462795666623698	1462795666642813	1462795666655513	1462795666655913	1462795666696675	1462795666657439	1462795666687208	1462795666723798
460	1462795666680640	1462795666696730	1462795666706363	1462795666706768	1462795666743874	1462795666708302	1462795666737252	1462795666771788
461	1462795666729205	1462795666743927	1462795666753528	1462795666753963	1462795666792596	1462795666755440	1462795666785283	1462795666820792
462	1462795666775073	1462795666792646	1462795666802231	1462795666802637	1462795666842192	1462795666804901	1462795666863149	1462795666879797
463	1462795666826976	1462795666842226	1462795666851659	1462795666852100	1462795666888489	1462795666863524	1462795666891180	1462795666916764
464	1462795666874089	1462795666888523	1462795666898078	1462795666898492	1462795666940666	1462795666900719	1462795666929209	1462795666970817
465	1462795666922394	1462795666940715	1462795666952805	1462795666953213	1462795666991796	1462795666954724	1462795667006423	1462795667021795
466	1462795666974625	1462795666991831	1462795667004296	1462795667004701	1462795667044778	1462795667006225	1462795667057180	1462795667072848
467	1462795667027195	1462795667044833	1462795667054253	1462795667054683	1462795667100022	1462795667056897	1462795667114232	1462795667129855
468	1462795667081303	1462795667100071	1462795667112132	1462795667112533	1462795667152846	1462795667114037	1462795667164412	1462795667179845
469	1462795667137106	1462795667152881	1462795667162271	1462795667162675	1462795667199482	1462795667164213	1462795667212420	1462795667227858
470	1462795667184061	1462795667199517	1462795667210286	1462795667210683	1462795667247831	1462795667212224	1462795667259405	1462795667274860
471	1462795667232302	1462795667247866	1462795667257285	1462795667257718	1462795667296115	1462795667259214	1462795667308510	1462795667323767
472	1462795667279153	1462795667296185	1462795667305583	1462795667305982	1462795667345428	1462795667308240	1462795667357044	1462795667372878
473	1462795667330308	1462795667345490	1462795667354901	1462795667355309	1462795667393380	1462795667356853	1462795667406606	1462795667421836
474	1462795667376628	1462795667393430	1462795667403685	1462795667404106	1462795667445209	1462795667406332	1462795667459864	1462795667475883
475	1462795667427322	1462795667445259	1462795667457744	1462795667458161	1462795667499533	1462795667459672	1462795667513097	1462795667528855
476	1462795667481465	1462795667499629	1462795667510963	1462795667511345	1462795667555594	1462795667512898	1462795667570387	1462795667585906
477	1462795667536718	1462795667555662	1462795667568276	1462795667568682	1462795667607274	1462795667570185	1462795667624822	1462795667640923
478	1462795667589497	1462795667607323	1462795667622044	1462795667622616	1462795667662021	1462795667624623	1462795667676797	1462795667692944
479	1462795667644112	1462795667662093	1462795667674665	1462795667675067	1462795667714605	1462795667676598	1462795667728031	1462795667743936
480	1462795667696741	1462795667714652	1462795667725896	1462795667726294	1462795667763465	1462795667727807	1462795667775481	1462795667790941
481	1462795667747824	1462795667763498	1462795667773365	1462795667773791	1462795667811499	1462795667775288	1462795667824917	1462795667840956
482	1462795667794714	1462795667811555	1462795667822787	1462795667823206	1462795667861503	1462795667824724	1462795667883745	1462795667899870
483	1462795667846076	1462795667861538	1462795667871394	1462795667871790	1462795667913708	1462795667883540	1462795667929106	1462795667944967
484	1462795667896513	1462795667913784	1462795667926979	1462795667927376	1462795667965653	1462795667928906	1462795667958411	1462795667993970
485	1462795667947824	1462795667965701	1462795667976787	1462795667977137	1462795668015854	1462795667978363	1462795668028749	1462795668044940
486	1462795667998779	1462795668015911	1462795668026955	1462795668027291	1462795668065651	1462795668028551	1462795668079614	1462795668094964
487	1462795668051113	1462795668065685	1462795668077027	1462795668077524	1462795668119126	1462795668079335	1462795668133536	1462795668148995
488	1462795668101226	1462795668119177	1462795668131765	1462795668132106	1462795668172219	1462795668133342	1462795668185613	1462795668200977
489	1462795668154160	1462795668172268	1462795668183184	1462795668183514	1462795668221563	1462795668185330	1462795668233703	1462795668249031
490	1462795668206686	1462795668221598	1462795668231257	1462795668231593	1462795668273000	1462795668233420	1462795668287177	1462795668303030
491	1462795668255447	1462795668273048	1462795668285404	1462795668285774	1462795668329366	1462795668286986	1462795668344844	1462795668391031
492	1462795668310772	1462795668329414	1462795668342583	1462795668343079	1462795668382481	1462795668344654	1462795668403866	1462795668419948
493	1462795668364737	1462795668382521	1462795668394965	1462795668395174	1462795668436649	1462795668403674	1462795668451939	1462795668468042
494	1462795668418271	1462795668436698	1462795668449490	1462795668449798	1462795668490010	1462795668451656	1462795668504485	1462795668520049
495	1462795668472192	1462795668490054	1462795668502761	1462795668502971	1462795668543323	1462795668504294	1462795668560106	1462795668576056
496	1462795668525486	1462795668543372	1462795668557632	1462795668557939	1462795668598800	1462795668559835	1462795668612787	1462795668628968
497	1462795668581151	1462795668598844	1462795668611037	1462795668611254	1462795668651090	1462795668612587	1462795668667841	1462795668684005
498	1462795668633196	1462795668651137	1462795668665380	1462795668665691	1462795668710566	1462795668667559	1462795668723694	1462795668739099
499	1462795668691280	1462795668710614	1462795668721992	1462795668722216	1462795668762270	1462795668723500	1462795668774258	1462795668790114
500	1462795668746873	1462795668762304	1462795668771849	1462795668772067	1462795668813556	1462795668773982	1462795668827573	1462795668843144
501	1462795668795660	1462795668813606	1462795668825868	1462795668826103	1462795668866245	1462795668827373	1462795668879033	1462795668895080
502	1462795668848403	1462795668866293	1462795668877325	1462795668877530	1462795668918185	1462795668878836	1462795668930731	1462795668946123
503	1462795668899956	1462795668918228	1462795668927862	1462795668928120	1462795668965685	1462795668930447	1462795668981028	1462795668997095
504	1462795668950286	1462795668965719	1462795668978980	1462795668979269	1462795669020272	1462795668980831	1462795669033849	1462795669049137
505	1462795669002367	1462795669020320	1462795669032148	1462795669032359	1462795669068304	1462795669033662	1462795669080794	1462795669096147
506	1462795669054910	1462795669068387	1462795669079044	1462795669079262	1462795669121147	1462795669080596	1462795669136157	1462795669152165
507	1462795669103011	1462795669121211	1462795669133700	1462795669134017	1462795669179024	1462795669135891	1462795669195558	1462795669211132
508	1462795669160739	1462795669179104	1462795669193148	1462795669193478	1462795669234274	1462795669195276	1462795669248096	1462795669264171
509	1462795669216457	1462795669234348	1462795669246441	1462795669246665	1462795669286734	1462795669247887	1462795669299243	1462795669315171
510	1462795669268755	1462795669286782	1462795669297530	1462795669297746	1462795669335852	1462795669299052	1462795669348129	1462795669364175
511	1462795669320500	1462795669335886	1462795669346434	1462795669346669	1462795669385571	1462795669347923	1462795669401381	1462795669417159
512	1462795669369973	1462795669385605	1462795669399523	1462795669399813	1462795669441165	1462795669401183	1462795669453998	1462795669470100
513	1462795669423098	1462795669441214	1462795669451947	1462795669452210	1462795669492861	1462795669453797	1462795669505191	1462795669521179
514	1462795669476683	1462795669492914	1462795669502276	1462795669502520	1462795669541627	1462795669504909	1462795669553547	1462795669569206
515	1462795669526437	1462795669541683	1462795669551183	1462795669551430	1462795669590330	1462795669553196	1462795669602728	1462795669618178
516	1462795669575202	1462795669590387	1462795669599881	1462795669600146	1462795669641731	1462795669602453	1462795669656053	1462795669672070
517	1462795669623939	1462795669641798	1462795669653996	1462795669654244	1462795669693891	1462795669655840	1462795669706829	1462795669722210
518	1462795669675931	1462795669693960	1462795669704802	1462795669705054	1462795669745242	1462795669706639	1462795669758620	1462795669774185
519	1462795669727636	1462795669745328	1462795669755700	1462795669755953	1462795669793522	1462795669758340	1462795669809069	1462795669825133
520	1462795669779148	1462795669793584	1462795669806584	1462795669806938	1462795669849072	1462795669808873	1462795669861997	1462795669877251
521	1462795669830934	1462795669849120	1462795669859977	1462795669860242	1462795669904135	1462795669861804	1462795669919615	1462795669935273
522	1462795669885402	1462795669904183	1462795669917575	1462795669917830	1462795669956158	1462795669919423	1462795669969087	1462795669985177
523	1462795669938659	1462795669956238	1462795669967044	1462795669967290	1462795670007194	1462795669968890	1462795670024226	1462795670040289
524	1462795669989439	1462795670007242	1462795670021331	1462795670021683	1462795670061938	1462795670024027	1462795670076851	1462795670092292
525	1462795670044076	1462795670062024	1462795670074792	1462795670075043	1462795670115166	1462795670076663	1462795670132236	1462795670148299
526	1462795670097532	1462795670115213	1462795670129299	1462795670129655	1462795670170212	1462795670132024	1462795670184507	1462795670200340
527	1462795670152419	1462795670170259	1462795670182417	1462795670182661	1462795670220955	1462795670184294	1462795670232593	1462795670248329
528	1462795670207241	1462795670220988	1462795670230420	1462795670230815	1462795670272481	1462795670232345	1462795670284090	1462795670300223
529	1462795670256887	1462795670272515	1462795670281950	1462795670282353	1462795670321373	1462795670283872	1462795670333035	1462795670348327
530	1462795670305887	1462795670321408	1462795670330905	1462795670331311	1462795670368217	1462795670332837	1462795670379919	1462795670395278
531	1462795670353307	1462795670368275	1462795670377824	1462795670378204	1462795670416312	1462795670379722	1462795670427926	1462795670443317
532	1462795670401382	1462795670416346	1462795670425826	1462795670426233	1462795670464360	1462795670427727	1462795670480100	1462795670495389
533	1462795670447947	1462795670464416	1462795670477125	1462795670477462	1462795670521801	1462795670479790	1462795670534840	1462795670550397
534	1462795670502950	1462795670521851	1462795670532785	1462795670533048	1462795670575093	1462795670534644	1462795670587276	1462795670603272
535	1462795670557183	1462795670575144	1462795670585302	1462795670585565	1462795670620620	1462795670587085	1462795670632550	1462795670678380
536	1462795670607664	1462795670620657	1462795670630477	1462795670630755	1462795670669179	1462795670632358	1462795670691216	1462795670707284
537	1462795670653502	1462795670669247	1462795670683586	1462795670683930	1462795670723078	1462795670691027	1462795670737876	1462795670753384
538	1462795670705765	1462795670723165	1462795670735837	1462795670736097	1462795670776528	1462795670737683	1462795670766876	1462795670805291
539	1462795670758413	1462795670776579	1462795670786318	1462795670786570	1462795670825242	1462795670788957	1462795670837116	1462795670852420
540	1462795670809701	1462795670825309	1462795670835059	1462795670835307	1462795670872475	1462795670836927	1462795670884399	1462795670900401
541	1462795670857940	1462795670872542	1462795670882318	1462795670882576	1462795670920495	1462795670884213	1462795670932364	1462795670948426
542	1462795670905450	1462795670920548	1462795670930290	1462795670930544	1462795670967061	1462795670932177	1462795670979552	1462795670995434
543	1462795670951597	1462795670967123	1462795670977855	1462795670978074	1462795671015622	1462795670979364	1462795671026808	1462795671042414
544	1462795671000108	1462795671015683	1462795671025082	1462795671025305	1462795671063914	1462795671026599	1462795671077044	1462795671092412
545	1462795671046897	1462795671064007	1462795671074979	1462795671075222	1462795671111279	1462795671076846	1462795671124400	1462795671140451
546	1462795671097594	1462795671111333	1462795671122336	1462795671122576	1462795671159263	1462795671124207	1462795671176541	1462795671192457
547	1462795671143325	1462795671159349	1462795671173754	1462795671174115	1462795671214719	1462795671176351	1462795671229156	1462795671244479
548	1462795671196752	1462795671214763	1462795671227098	1462795671227349	1462795671268337	1462795671228967	1462795671280116	1462795671295442
549	1462795671251454	1462795671268404	1462795671278040	1462795671278305	1462795671321474	1462795671279906	1462795671365472	1462795671407463
550	1462795671304207	1462795671321523	1462795671334627	1462795671334872	1462795671373980	1462795671365230	1462795671422512	1462795671491453
551	1462795671356206	1462795671374048	1462795671385090	1462795671385340	1462795671424758	1462795671422264	1462795671476949	1462795671547437
552	1462795671406887	1462795671424852	1462795671435527	1462795671435815	1462795671473125	1462795671505341	1462795671533976	1462795671631471
553	1462795671457875	1462795671473186	1462795671481952	1462795671482130	1462795671520781	1462795671590105	1462795671645276	1462795671663351
554	1462795671504474	1462795671520830	1462795671530675	1462795671530856	1462795671573443	1462795671645105	1462795671674519	1462795671691485
555	1462795671555865	1462795671573491	1462795671585790	1462795671586003	1462795671626874	1462795671674270	1462795671702970	1462795671744396
556	1462795671608405	1462795671626922	1462795671640074	1462795671640371	1462795671682080	1462795671703224	1462795671755990	1462795671775382
557	1462795671664521	1462795671682153	1462795671694215	1462795671694415	1462795671735173	1462795671756242	1462795671787019	1462795671827520
558	1462795671717291	1462795671735222	1462795671748436	1462795671748746	1462795671791442	1462795671787380	1462795671816053	1462795671858462
559	1462795671773283	1462795671791491	1462795671803022	1462795671803239	1462795671848459	1462795671841420	1462795671869941	1462795671887467
560	1462795671829637	1462795671848507	1462795671864637	1462795671864862	1462795671904744	1462795671870195	1462795671898975	1462795671931469
561	1462795671889740	1462795671904806	1462795671913823	1462795671914045	1462795671952335	1462795671915336	1462795671930981	1462795671979580
562	1462795671937342	1462795671952369	1462795671961320	1462795671961548	1462795672001151	1462795671963442	1462795672012218	1462795672027619
563	1462795671986510	1462795672001188	1462795672010483	1462795672010703	1462795672054107	1462795672012021	1462795672067871	1462795672083605
564	1462795672036965	1462795672054156	1462795672066169	1462795672066380	1462795672107839	1462795672067678	1462795672120272	1462795672135610
565	1462795672090242	1462795672107886	1462795672118550	1462795672118771	1462795672157080	1462795672120085	1462795672168117	1462795672191609
566	1462795672141906	1462795672157114	1462795672166411	1462795672166616	1462795672203810	1462795672167926	1462795672204028	1462795672230613
567	1462795672189452	1462795672203873	1462795672213271	1462795672213479	1462795672252736	1462795672214773	1462795672260036	1462795672283529
568	1462795672234992	1462795672252784	1462795672263229	1462795672263448	1462795672301930	1462795672265376	1462795672324029	1462795672361495
569	1462795672286875	1462795672301984	1462795672311347	1462795672311561	1462795672349747	1462795672324372	1462795672374084	1462795672416651
570	1462795672334368	1462795672349782	1462795672359131	1462795672359344	1462795672404713	1462795672379370	1462795672407047	1462795672451522
571	1462795672386700	1462795672404761	1462795672415398	1462795672415731	1462795672456441	1462795672430312	1462795672463014	1462795672507561
572	1462795672438453	1462795672456489	1462795672471043	1462795672471530	1462795672511467	1462795672485372	1462795672519098	1462795672584565
573	1462795672493607	1462795672511515	1462795672524161	1462795672524546	1462795672564324	1462795672547389	1462795672576079	1462795672620675
574	1462795672546394	1462795672564371	1462795672575353	1462795672575676	1462795672613765	1462795672599391	1462795672628035	1462795672673588
575	1462795672598778	1462795672613799	1462795672623600	1462795672623918	1462795672661453	1462795672656322	1462795672663090	1462795672728696
576	1462795672646329	1462795672661488	1462795672671200	1462795672671556	1462795672707926	1462795672692505	1462795672720131	1462795672760682
577	1462795672693400	1462795672707960	1462795672717724	1462795672718083	1462795672759226	1462795672744468	1462795672772149	1462795672814722
578	1462795672740718	1462795672759276	1462795672773222	1462795672773479	1462795672814448	1462795672798433	1462795672806105	1462795672845613
579	1462795672796462	1462795672814497	1462795672825493	1462795672825747	1462795672863769	1462795672828301	1462795672886098	1462795672929707
580	1462795672847980	1462795672863805	1462795672874749	1462795672874993	1462795672914240	1462795672886445	1462795672917043	1462795672960730
581	1462795672899023	1462795672914275	1462795672923833	1462795672924196	1462795672961787	1462795672944504	1462795672970095	1462795672992709
582	1462795672946635	1462795672961822	1462795672971596	1462795672971885	1462795673012697	1462795672976430	1462795673004251	1462795673046618
583	1462795672995000	1462795673012756	1462795673026003	1462795673026248	1462795673065948	1462795673030338	1462795673086212	1462795673103726
584	1462795673048129	1462795673065997	1462795673076898	1462795673077158	1462795673115565	1462795673086482	1462795673117156	1462795673158771
585	1462795673099844	1462795673115626	1462795673126190	1462795673126454	1462795673171266	1462795673128035	1462795673146195	1462795673214769
586	1462795673152839	1462795673171334	1462795673183734	1462795673183991	1462795673224757	1462795673185591	1462795673227073	1462795673253768
587	1462795673207201	1462795673224805	1462795673235147	1462795673235396	1462795673273928	1462795673237777	1462795673259214	1462795673301749
588	1462795673259199	1462795673273963	1462795673283224	1462795673283475	1462795673325008	1462795673285190	1462795673313269	1462795673355792
589	1462795673307274	1462795673325094	1462795673337991	1462795673338242	1462795673378830	1462795673339792	1462795673345229	1462795673411695
590	1462795673361016	1462795673378879	1462795673392714	1462795673393059	1462795673437323	1462795673395344	1462795673454689	1462795673470752
591	1462795673419469	1462795673437373	1462795673448027	1462795673448277	1462795673489131	1462795673454490	1462795673501175	1462795673516819
592	1462795673470894	1462795673489180	1462795673498335	1462795673498608	1462795673545928	1462795673500837	1462795673514269	1462795673574724
593	1462795673527589	1462795673545994	1462795673556562	1462795673556802	1462795673597140	1462795673558378	1462795673609144	1462795673624830
594	1462795673579618	1462795673597212	1462795673606366	1462795673606612	1462795673646213	1462795673608874	1462795673644245	1462795673681736
595	1462795673631182	1462795673646248	1462795673659086	1462795673659433	1462795673699613	1462795673661208	1462795673693313	1462795673736853
596	1462795673681864	1462795673699662	1462795673711484	1462795673711751	1462795673752706	1462795673713270	1462795673749374	1462795673792852
597	1462795673734769	1462795673752790	1462795673766443	1462795673766778	1462795673806808	1462795673768769	1462795673780287	1462795673836861
598	1462795673789250	1462795673806857	1462795673818721	1462795673818971	1462795673860044	1462795673820588	1462795673872611	1462795673887780
599	1462795673842187	1462795673860091	1462795673870557	1462795673870806	1462795673913253	1462795673872419	1462795673927178	1462795673942888
600	1462795673895379	1462795673913318	1462795673925153	1462795673925413	1462795673967161	1462795673926992	1462795673984267	1462795674029889
601	1462795673948980	1462795673967208	1462795673981186	1462795673981557	1462795674022849	1462795673983872	1462795674042680	1462795674058800
602	1462795674004996	1462795674022908	1462795674035250	1462795674035511	1462795674075941	1462795674042490	1462795674088782	1462795674104901
603	1462795674058189	1462795674076009	1462795674086724	1462795674086974	1462795674127561	1462795674088587	1462795674103318	1462795674158914
604	1462795674109582	1462795674127609	1462795674141114	1462795674141374	1462795674180948	1462795674142952	1462795674172435	1462795674209922
605	1462795674163431	1462795674180997	1462795674191723	1462795674191979	1462795674231550	1462795674193596	1462795674223404	1462795674260924
606	1462795674214345	1462795674231584	1462795674243607	1462795674243849	1462795674283875	1462795674245466	1462795674274398	1462795674345960
607	1462795674266034	1462795674283924	1462795674297268	1462795674297536	1462795674337956	1462795674299087	1462795674358365	1462795674374928
608	1462795674319944	1462795674338006	1462795674348740	1462795674348994	1462795674387832	1462795674358630	1462795674399275	1462795674414942
609	1462795674372148	1462795674387893	1462795674397242	1462795674397484	1462795674436851	1462795674399082	1462795674418412	1462795674464956
610	1462795674421083	1462795674436886	1462795674446193	1462795674446444	1462795674484586	1462795674448827	1462795674496426	1462795674511961
611	1462795674469423	1462795674484620	1462795674493709	1462795674494004	1462795674535844	1462795674496146	1462795674553345	1462795674570874
612	1462795674518188	1462795674535892	1462795674549029	1462795674549360	1462795674590032	1462795674553592	1462795674583308	1462795674624978
613	1462795674572422	1462795674590079	1462795674600608	1462795674600897	1462795674639318	1462795674602465	1462795674618360	1462795674667844
614	1462795674623626	1462795674639353	1462795674649806	1462795674650098	1462795674692148	1462795674651612	1462795674681310	1462795674722014
615	1462795674673975	1462795674692196	1462795674703938	1462795674704268	1462795674748491	1462795674705682	1462795674763096	1462795674779005
616	1462795674729705	1462795674748538	1462795674760427	1462795674760789	1462795674803194	1462795674762814	1462795674817225	1462795674833015
617	1462795674785443	1462795674803242	1462795674815271	1462795674815527	1462795674856077	1462795674817027	1462795674868558	1462795674884022
618	1462795674838282	1462795674856125	1462795674866516	1462795674866812	1462795674906189	1462795674868370	1462795674917263	1462795674932984
619	1462795674890756	1462795674906223	1462795674915344	1462795674915627	1462795674953730	1462795674917066	1462795674966240	1462795674982040
620	1462795674938758	1462795674953764	1462795674963643	1462795674964016	1462795675001637	1462795674966045	1462795675014188	1462795675030044
621	1462795674986408	1462795675001671	1462795675011504	1462795675011874	1462795675050013	1462795675013985	1462795675044402	1462795675082062
622	1462795675034971	1462795675050046	1462795675063565	1462795675064041	1462795675105927	1462795675066373	1462795675073346	1462795675136069
623	1462795675087489	1462795675105976	1462795675116942	1462795675117282	1462795675162190	1462795675119664	1462795675149414	1462795675192972
624	1462795675144914	1462795675162240	1462795675174551	1462795675174868	1462795675217033	1462795675177292	1462795675233365	1462795675252991
625	1462795675199034	1462795675217076	1462795675230001	1462795675230462	1462795675271640	1462795675233743	1462795675264365	1462795675309064
626	1462795675253869	1462795675271705	1462795675283857	1462795675284388	1462795675324642	1462795675291635	1462795675319449	1462795675390129
627	1462795675306484	1462795675324686	1462795675334153	1462795675334460	1462795675373878	1462795675349800	1462795675402474	1462795675446949
628	1462795675358760	1462795675373911	1462795675383460	1462795675383759	1462795675419758	1462795675405805	1462795675458527	1462795675503123
629	1462795675405154	1462795675419792	1462795675429207	1462795675429511	1462795675468580	1462795675462829	1462795675491517	1462795675536146
630	1462795675450906	1462795675468629	1462795675477989	1462795675478241	1462795675517427	1462795675517704	1462795675546508	1462795675590150
631	1462795675502193	1462795675517462	1462795675530138	1462795675530491	1462795675573015	1462795675549804	1462795675603558	1462795675621133
632	1462795675554857	1462795675573062	1462795675583786	1462795675584134	1462795675625020	1462795675603951	1462795675632498	1462795675677117
633	1462795675606959	1462795675625068	1462795675634425	1462795675634808	1462795675678784	1462795675637344	1462795675662498	1462795675709147
634	1462795675660036	1462795675678832	1462795675691224	1462795675691782	1462795675731112	1462795675693584	1462795675864213	1462795675880172
635	1462795675713632	1462795675731147	1462795675741899	1462795675742232	1462795675779201	1462795675864000	1462795675893935	1462795675911035
636	1462795675765642	1462795675779237	1462795675790051	1462795675790278	1462795675824957	1462795675893768	1462795675921557	1462795675942007
637	1462795675812154	1462795675825019	1462795675834382	1462795675834606	1462795675873293	1462795675924758	1462795675952557	1462795675995199
638	1462795675858847	1462795675873355	1462795675883876	1462795675884102	1462795675923619	1462795675976904	1462795676004593	1462795676054100
639	1462795675905818	1462795675923668	1462795675937636	1462795675937952	1462795675980633	1462795676037788	1462795676067925	1462795676109257
640	1462795675962066	1462795675980702	1462795675992378	1462795675992670	1462795676032835	1462795676067764	1462795676096551	1462795676141214
641	1462795676017396	1462795676032870	1462795676042079	1462795676042366	1462795676079395	1462795676123883	1462795676152578	1462795676196094
642	1462795676063590	1462795676079444	1462795676093196	1462795676093608	1462795676129871	1462795676178745	1462795676207589	1462795676252235
643	1462795676115187	1462795676129905	1462795676139132	1462795676139450	1462795676176214	1462795676210907	1462795676239599	1462795676283130
644	1462795676160860	1462795676176249	1462795676185484	1462795676185782	1462795676223457	1462795676265856	1462795676293612	1462795676313158
645	1462795676206535	1462795676223492	1462795676234122	1462795676234426	1462795676272104	1462795676295889	1462795676324625	1462795676367203
646	1462795676255259	1462795676272153	1462795676282677	1462795676282983	1462795676320088	1462795676325827	1462795676353616	1462795676397163
647	1462795676305134	1462795676320123	1462795676329369	1462795676329700	1462795676367575	1462795676380812	1462795676383627	1462795676427211
648	1462795676352085	1462795676367610	1462795676378221	1462795676378534	1462795676419939	1462795676410961	1462795676438608	1462795676457063
649	1462795676401473	1462795676419993	1462795676433223	1462795676433526	1462795676469988	1462795676440837	1462795676467649	1462795676500094
650	1462795676453196	1462795676470024	1462795676482141	1462795676482458	1462795676519798	1462795676484247	1462795676496631	1462795676550135
651	1462795676503174	1462795676519833	1462795676531885	1462795676532200	1462795676570098	1462795676533903	1462795676583183	1462795676599283
652	1462795676553189	1462795676570133	1462795676580905	1462795676581250	1462795676619292	1462795676582987	1462795676632423	1462795676648333
653	1462795676602325	1462795676619327	1462795676630060	1462795676630433	1462795676667667	1462795676632229	1462795676679361	1462795676695285
654	1462795676652430	1462795676667702	1462795676677072	1462795676677385	1462795676720517	1462795676679171	1462795676736081	1462795676752159
655	1462795676702147	1462795676720565	1462795676733705	1462795676734054	1462795676771737	1462795676735873	1462795676786166	1462795676802312
656	1462795676754853	1462795676771772	1462795676783848	1462795676784191	1462795676822050	1462795676785976	1462795676835178	1462795676851326
657	1462795676805153	1462795676822086	1462795676832849	1462795676833209	1462795676870873	1462795676834989	1462795676884010	1462795676899300
658	1462795676854109	1462795676870909	1462795676881666	1462795676882008	1462795676920411	1462795676883800	1462795676933004	1462795676948349
659	1462795676903122	1462795676920446	1462795676929802	1462795676930175	1462795676968602	1462795676932719	1462795676980428	1462795676996325
660	1462795676953553	1462795676968637	1462795676978088	1462795676978427	1462795677017176	1462795676980232	1462795677028979	1462795677044338
661	1462795677002129	1462795677017210	1462795677026652	1462795677026993	1462795677067629	1462795677028784	1462795677083511	1462795677099358
662	1462795677049880	1462795677067677	1462795677081202	1462795677081553	1462795677119188	1462795677083315	1462795677133697	1462795677149362
663	1462795677102278	1462795677119222	1462795677131339	1462795677131689	1462795677170469	1462795677133501	1462795677184060	1462795677199373
664	1462795677152688	1462795677170518	1462795677181718	1462795677182046	1462795677221372	1462795677183849	1462795677234862	1462795677250378
665	1462795677203578	1462795677221421	1462795677231669	1462795677232012	1462795677269389	1462795677234590	1462795677281139	1462795677297290
666	1462795677254581	1462795677269424	1462795677278782	1462795677279164	1462795677317296	1462795677280952	1462795677293697	1462795677345398
667	1462795677299883	1462795677317340	1462795677326736	1462795677327087	1462795677364303	1462795677329634	1462795677357720	1462795677391352
668	1462795677349539	1462795677364338	1462795677373703	1462795677374035	1462795677412445	1462795677375886	1462795677424178	1462795677440261
669	1462795677397388	1462795677412480	1462795677421821	1462795677422185	1462795677459618	1462795677423981	1462795677483388	1462795677499370
670	1462795677443578	1462795677459654	1462795677468764	1462795677469097	1462795677508321	1462795677483108	1462795677521518	1462795677554429
671	1462795677490969	1462795677508369	1462795677518812	1462795677519125	1462795677556919	1462795677521281	1462795677542788	1462795677585433
672	1462795677541922	1462795677556954	1462795677566227	1462795677566526	1462795677602665	1462795677568002	1462795677596802	1462795677640297
673	1462795677587606	1462795677602700	1462795677613352	1462795677613679	1462795677651857	1462795677623005	1462795677651800	1462795677678445
674	1462795677636857	1462795677651891	1462795677661195	1462795677661529	1462795677695381	1462795677662988	1462795677691822	1462795677725455
675	1462795677682465	1462795677695418	1462795677704748	1462795677705095	1462795677741834	1462795677706575	1462795677710820	1462795677771462
676	1462795677725747	1462795677741869	1462795677753825	1462795677754132	1462795677791770	1462795677755606	1462795677776825	1462795677821320
677	1462795677774720	1462795677791805	1462795677803757	1462795677804096	1462795677843204	1462795677805564	1462795677867840	1462795677904511
678	1462795677825617	1462795677843253	1462795677857099	1462795677857532	1462795677896881	1462795677868105	1462795677895852	1462795677939428
679	1462795677879811	1462795677896916	1462795677908853	1462795677909183	1462795677945573	1462795677918052	1462795677945845	1462795677990497
680	1462795677928915	1462795677945607	1462795677957217	1462795677957536	1462795677995900	1462795677959040	1462795677980862	1462795678026400
681	1462795677979238	1462795677995934	1462795678007580	1462795678007917	1462795678046349	1462795678009005	1462795678059846	1462795678081540
682	1462795678028993	1462795678046384	1462795678056690	1462795678056989	1462795678096102	1462795678060115	1462795678107131	1462795678122528
683	1462795678080393	1462795678096138	1462795678105124	1462795678105411	1462795678143876	1462795678106940	1462795678122869	1462795678170502
684	1462795678129198	1462795678143911	1462795678152885	1462795678153197	1462795678190680	1462795678154699	1462795678203634	1462795678219531
685	1462795678174176	1462795678190714	1462795678201102	1462795678201347	1462795678239533	1462795678203356	1462795678250389	1462795678266442
686	1462795678224820	1462795678239568	1462795678248560	1462795678248801	1462795678286688	1462795678250191	1462795678300584	1462795678316544
687	1462795678270315	1462795678286723	1462795678297129	1462795678297351	1462795678336828	1462795678300215	1462795678348376	1462795678364448
688	1462795678322109	1462795678336863	1462795678345896	1462795678346124	1462795678384850	1462795678348038	1462795678396445	1462795678412533
689	1462795678370317	1462795678384884	1462795678393937	1462795678394184	1462795678438022	1462795678396209	1462795678451508	1462795678467477
690	1462795678419785	1462795678438056	1462795678449825	1462795678450050	1462795678488660	1462795678451313	1462795678501416	1462795678517430
691	1462795678470516	1462795678488695	1462795678499346	1462795678499597	1462795678539633	1462795678501215	1462795678552406	1462795678568437
692	1462795678522256	1462795678539668	1462795678550341	1462795678550603	1462795678588535	1462795678552210	1462795678599849	1462795678645563
693	1462795678573298	1462795678588569	1462795678597817	1462795678598061	1462795678635640	1462795678599651	1462795678658579	1462795678674603
694	1462795678620053	1462795678635675	1462795678646291	1462795678646540	1462795678682967	1462795678658298	1462795678743469	1462795678759613
695	1462795678667833	1462795678683001	1462795678692245	1462795678692494	1462795678730837	1462795678743278	1462795678774486	1462795678815628
696	1462795678715134	1462795678730871	1462795678741535	1462795678741800	1462795678779878	1462795678774237	1462795678804000	1462795678847623
697	1462795678762876	1462795678779913	1462795678790460	1462795678790701	1462795678826985	1462795678830313	1462795678859080	1462795678903584
698	1462795678811860	1462795678827019	1462795678836205	1462795678836465	1462795678874194	1462795678886296	1462795678916021	1462795678958593
699	1462795678857881	1462795678874248	1462795678884824	1462795678885091	1462795678923179	1462795678918327	1462795678947068	1462795678989597
700	1462795678906196	1462795678923241	1462795678933814	1462795678934063	1462795678972578	1462795678973336	1462795679030074	1462795679047560
701	1462795678957745	1462795678972613	1462795678981632	1462795678981846	1462795679021344	1462795679030330	1462795679060045	1462795679101659
702	1462795679006616	1462795679021377	1462795679030451	1462795679030662	1462795679069461	1462795679061317	1462795679089959	1462795679132569
703	1462795679052127	1462795679069495	1462795679078576	1462795679078789	1462795679116370	1462795679115317	1462795679143070	1462795679187652
704	1462795679101561	1462795679116404	1462795679125455	1462795679125667	1462795679163199	1462795679148390	1462795679203064	1462795679275590
705	1462795679146816	1462795679163232	1462795679173678	1462795679173894	1462795679212512	1462795679259273	1462795679289701	1462795679331654
706	1462795679195310	1462795679212560	1462795679222778	1462795679222995	1462795679261367	1462795679289454	1462795679318068	1462795679363558
707	1462795679247143	1462795679261428	1462795679270541	1462795679270817	1462795679309095	1462795679345502	1462795679374037	1462795679419661
708	1462795679291990	1462795679309144	1462795679319206	1462795679319455	1462795679361384	1462795679402426	1462795679433098	1462795679503739
709	1462795679343691	1462795679361449	1462795679373277	1462795679373533	1462795679415811	1462795679460501	1462795679517199	1462795679589706
710	1462795679397495	1462795679415845	1462795679426290	1462795679426532	1462795679465123	1462795679544557	1462795679600254	1462795679673653
711	1462795679447247	1462795679465171	1462795679476209	1462795679476487	1462795679516728	1462795679629344	1462795679685169	1462795679730617
712	1462795679499437	1462795679516763	1462795679529355	1462795679529636	1462795679566740	1462795679687453	1462795679742237	1462795679815778
713	1462795679549916	1462795679566796	1462795679579378	1462795679579659	1462795679617571	1462795679798543	1462795679827285	1462795679873779
714	1462795679600169	1462795679617606	1462795679628692	1462795679628939	1462795679667258	1462795679856659	1462795679885271	1462795679930836
715	1462795679650200	1462795679667312	1462795679678343	1462795679678584	1462795679716403	1462795679914616	1462795679942231	1462795679985801
716	1462795679699202	1462795679716438	1462795679726008	1462795679726255	1462795679770567	1462795679946589	1462795679975221	1462795680019721
717	1462795679752371	1462795679770623	1462795679782882	1462795679783151	1462795679821587	1462795680002589	1462795680030296	1462795680049705
718	1462795679803924	1462795679821662	1462795679833407	1462795679833650	1462795679871107	1462795680033400	1462795680061168	1462795680128768
719	1462795679854287	1462795679871142	1462795679881986	1462795679882227	1462795679920314	1462795680112432	1462795680143723	1462795680160726
720	1462795679903102	1462795679920348	1462795679929791	1462795679930039	1462795679967784	1462795680143445	1462795680172169	1462795680212871
721	1462795679952180	1462795679967818	1462795679977596	1462795679977842	1462795680015318	1462795680174282	1462795680201263	1462795680243846
722	1462795679998481	1462795680015352	1462795680026333	1462795680026566	1462795680063882	1462795680226421	1462795680254230	1462795680275818
723	1462795680048829	1462795680063916	1462795680073374	1462795680073704	1462795680112185	1462795680259530	1462795680287238	1462795680358860
724	1462795680095074	1462795680112227	1462795680121959	1462795680122326	1462795680159467	1462795680342595	1462795680373554	1462795680389865
725	1462795680144411	1462795680159500	1462795680169263	1462795680169589	1462795680208517	1462795680373360	1462795680403138	1462795680442774
726	1462795680191115	1462795680208564	1462795680219412	1462795680219730	1462795680263291	1462795680403531	1462795680432248	1462795680474815
727	1462795680244738	1462795680263339	1462795680275915	1462795680276293	1462795680313388	1462795680456551	1462795680484224	1462795680505846
728	1462795680296509	1462795680313422	1462795680324538	1462795680324865	1462795680362451	1462795680488561	1462795680516263	1462795680557896
729	1462795680345576	1462795680362485	1462795680373635	1462795680374258	1462795680410962	1462795680519583	1462795680547283	1462795680593905
730	1462795680394008	1462795680411020	1462795680422208	1462795680422862	1462795680460516	1462795680577549	1462795680607844	1462795680623893
731	1462795680442812	1462795680460610	1462795680473927	1462795680474731	1462795680513990	1462795680607563	1462795680635290	1462795680653874
732	1462795680496462	1462795680514052	1462795680526526	1462795680526882	1462795680579094	1462795680637600	1462795680664256	1462795680700782
733	1462795680551116	1462795680579143	1462795680590494	1462795680590826	1462795680633298	1462795680684521	1462795680695271	1462795680736915
734	1462795680615177	1462795680633346	1462795680646698	1462795680647058	1462795680684210	1462795680720583	1462795680742276	1462795680766824
735	1462795680667115	1462795680684259	1462795680695284	1462795680695645	1462795680733460	1462795680750505	1462795680771304	1462795680797782
736	1462795680715943	1462795680733494	1462795680744502	1462795680744840	1462795680784372	1462795680781510	1462795680808334	1462795680828837
737	1462795680766896	1462795680784407	1462795680794156	1462795680794463	1462795680840299	1462795680812524	1462795680838310	1462795680869906
738	1462795680821332	1462795680840348	1462795680851506	1462795680851915	1462795680891626	1462795680853690	1462795680895326	1462795680920954
739	1462795680874177	1462795680891660	1462795680902782	1462795680903138	1462795680941199	1462795680904912	1462795680933274	1462795680970921
740	1462795680925119	1462795680941233	1462795680951982	1462795680952313	1462795680992412	1462795680954836	1462795680984350	1462795681022960
741	1462795680974990	1462795680992460	1462795681004663	1462795681005003	1462795681044001	1462795681006776	1462795681058512	1462795681073976
742	1462795681026830	1462795681044052	1462795681056183	1462795681056556	1462795681097634	1462795681058323	1462795681109457	1462795681124994
743	1462795681081447	1462795681097669	1462795681107159	1462795681107468	1462795681150248	1462795681109270	1462795681164840	1462795681180948
744	1462795681132040	1462795681150296	1462795681162493	1462795681162824	1462795681203229	1462795681164641	1462795681220528	1462795681235993
745	1462795681185057	1462795681203278	1462795681217444	1462795681217894	1462795681258423	1462795681220333	1462795681273033	1462795681288973
746	1462795681240488	1462795681258471	1462795681270665	1462795681271012	1462795681313187	1462795681272838	1462795681328966	1462795681345006
747	1462795681295159	1462795681313235	1462795681326119	1462795681326570	1462795681367558	1462795681328769	1462795681382103	1462795681398012
748	1462795681349630	1462795681367606	1462795681379786	1462795681380148	1462795681420107	1462795681381915	1462795681432835	1462795681448922
749	1462795681403539	1462795681420143	1462795681429630	1462795681429956	1462795681472449	1462795681432562	1462795681487559	1462795681502985
750	1462795681454374	1462795681472498	1462795681485593	1462795681485883	1462795681527780	1462795681487363	1462795681541078	1462795681557052
751	1462795681509118	1462795681527829	1462795681538708	1462795681539051	1462795681584545	1462795681540889	1462795681598847	1462795681614983
752	1462795681563876	1462795681584594	1462795681596566	1462795681596899	1462795681637520	1462795681598659	1462795681649396	1462795681665065
753	1462795681621366	1462795681637554	1462795681647062	1462795681647401	1462795681690311	1462795681649205	1462795681704927	1462795681721034
754	1462795681672752	1462795681690360	1462795681702583	1462795681702926	1462795681743050	1462795681704738	1462795681756365	1462795681772077
755	1462795681725119	1462795681743097	1462795681753989	1462795681754323	1462795681790537	1462795681756171	1462795681803832	1462795681819952
756	1462795681776557	1462795681790574	1462795681801471	1462795681801835	1462795681839591	1462795681803632	1462795681851459	1462795681867056
757	1462795681823663	1462795681839627	1462795681849163	1462795681849520	1462795681886823	1462795681851265	1462795681900125	1462795681916126
758	1462795681871550	1462795681886857	1462795681897743	1462795681898114	1462795681937581	1462795681899910	1462795681949488	1462795681965089
759	1462795681921617	1462795681937616	1462795681947117	1462795681947469	1462795681990918	1462795681949292	1462795682006167	1462795682022086
760	1462795681972405	1462795681990964	1462795682003848	1462795682004194	1462795682044481	1462795682005968	1462795682057535	1462795682073113
761	1462795682026463	1462795682044531	1462795682054339	1462795682054697	1462795682093567	1462795682057260	1462795682105641	1462795682121122
762	1462795682078508	1462795682093602	1462795682103322	1462795682103649	1462795682140304	1462795682105450	1462795682153188	1462795682169131
763	1462795682125810	1462795682140339	1462795682150047	1462795682150374	1462795682189515	1462795682152914	1462795682201569	1462795682217133
764	1462795682174016	1462795682189550	1462795682199240	1462795682199616	1462795682235440	1462795682201378	1462795682248897	1462795682264147
765	1462795682221030	1462795682235476	1462795682246564	1462795682246899	1462795682284094	1462795682248707	1462795682296178	1462795682312167
766	1462795682268659	1462795682284130	1462795682293818	1462795682294155	1462795682339242	1462795682295974	1462795682354200	1462795682370176
767	1462795682321231	1462795682339291	1462795682351886	1462795682352241	1462795682393355	1462795682354001	1462795682406239	1462795682422087
768	1462795682376783	1462795682393390	1462795682403074	1462795682403457	1462795682442064	1462795682405961	1462795682454688	1462795682470201
769	1462795682426558	1462795682442099	1462795682451985	1462795682452303	1462795682493648	1462795682454404	1462795682512928	1462795682529060
770	1462795682475471	1462795682493697	1462795682505693	1462795682506023	1462795682545952	1462795682512735	1462795682558712	1462795682574220
771	1462795682527997	1462795682546000	1462795682556722	1462795682557037	1462795682595429	1462795682558518	1462795682607441	1462795682623198
772	1462795682579545	1462795682595464	1462795682605114	1462795682605501	1462795682643287	1462795682607254	1462795682657523	1462795682673181
773	1462795682627536	1462795682643321	1462795682654316	1462795682654642	1462795682693814	1462795682657248	1462795682705830	1462795682721232
774	1462795682678237	1462795682693849	1462795682703489	1462795682703839	1462795682748576	1462795682705641	1462795682762072	1462795682778146
775	1462795682729948	1462795682748624	1462795682759743	1462795682760113	1462795682801485	1462795682761882	1462795682813521	1462795682829232
776	1462795682785169	1462795682801519	1462795682811168	1462795682811564	1462795682848215	1462795682813325	1462795682861030	1462795682877142
777	1462795682833275	1462795682848250	1462795682857901	1462795682858211	1462795682898220	1462795682860745	1462795682910115	1462795682926199
778	1462795682882937	1462795682898254	1462795682907895	1462795682908239	1462795682950342	1462795682909920	1462795682964890	1462795682980251
779	1462795682932871	1462795682950391	1462795682962757	1462795682963060	1462795683004084	1462795682964693	1462795683016523	1462795683032232
780	1462795682985896	1462795683004126	1462795683013743	1462795683013999	1462795683053845	1462795683016244	1462795683074964	1462795683090274
781	1462795683038357	1462795683053880	1462795683064038	1462795683064290	1462795683103037	1462795683074769	1462795683118762	1462795683134295
782	1462795683087460	1462795683103073	1462795683116720	1462795683116966	1462795683160809	1462795683118564	1462795683176525	1462795683192300
783	1462795683142035	1462795683160857	1462795683173760	1462795683174095	1462795683218184	1462795683176325	1462795683187736	1462795683247295
784	1462795683199571	1462795683218256	1462795683229270	1462795683229524	1462795683269909	1462795683231119	1462795683243751	1462795683298308
785	1462795683251784	1462795683269957	1462795683279610	1462795683279866	1462795683321062	1462795683282219	1462795683311778	1462795683351280
786	1462795683302998	1462795683321138	1462795683333491	1462795683333736	1462795683374802	1462795683335340	1462795683387914	1462795683403304
787	1462795683356848	1462795683374849	1462795683385865	1462795683386112	1462795683426076	1462795683387719	1462795683417641	1462795683454324
788	1462795683407983	1462795683426146	1462795683435785	1462795683436062	1462795683477791	1462795683438387	1462795683492026	1462795683507298
789	1462795683459493	1462795683477839	1462795683489971	1462795683490220	1462795683532835	1462795683491808	1462795683548337	1462795683564368
790	1462795683514748	1462795683532916	1462795683545491	1462795683545861	1462795683589290	1462795683548140	1462795683602193	1462795683618268
791	1462795683571161	1462795683589339	1462795683600171	1462795683600415	1462795683641392	1462795683602005	1462795683656906	1462795683672357
792	1462795683623423	1462795683641452	1462795683654326	1462795683654682	1462795683694958	1462795683656717	1462795683709210	1462795683725268
793	1462795683677230	1462795683695026	1462795683707139	1462795683707385	1462795683748591	1462795683709021	1462795683764082	1462795683779373
794	1462795683730615	1462795683748639	1462795683761114	1462795683761465	1462795683802131	1462795683763786	1462795683816402	1462795683832379
795	1462795683784289	1462795683802179	1462795683814337	1462795683814581	1462795683852058	1462795683816206	1462795683822692	1462795683880392
796	1462795683837586	1462795683852110	1462795683862955	1462795683863206	1462795683903491	1462795683864828	1462795683878823	1462795683936419
797	1462795683885357	1462795683903541	1462795683917619	1462795683917969	1462795683961380	1462795683920275	1462795683949761	1462795683989422
798	1462795683942874	1462795683961429	1462795683971886	1462795683972128	1462795684013708	1462795683973392	1462795684025558	1462795684041417
799	1462795683997629	1462795684013765	1462795684023118	1462795684023328	1462795684062255	1462795684025280	1462795684073828	1462795684089402
800	1462795684047211	1462795684062289	1462795684071425	1462795684071654	1462795684109861	1462795684073560	1462795684121591	1462795684137463
801	1462795684095048	1462795684109919	1462795684119158	1462795684119380	1462795684161994	1462795684121320	1462795684175631	1462795684191445
802	1462795684144031	1462795684162046	1462795684173925	1462795684174140	1462795684213576	1462795684175439	1462795684225890	1462795684241462
803	1462795684195790	1462795684213632	1462795684224193	1462795684224406	1462795684264194	1462795684225696	1462795684275099	1462795684290467
804	1462795684248170	1462795684264229	1462795684273392	1462795684273608	1462795684313669	1462795684274911	1462795684325957	1462795684341437
805	1462795684298643	1462795684313726	1462795684323043	1462795684323292	1462795684360387	1462795684325684	1462795684371823	1462795684387374
806	1462795684347017	1462795684360424	1462795684369765	1462795684370023	1462795684407227	1462795684371618	1462795684418638	1462795684434477
807	1462795684392753	1462795684407262	1462795684416603	1462795684416853	1462795684456712	1462795684418440	1462795684469963	1462795684485485
808	1462795684439874	1462795684456761	1462795684467163	1462795684467414	1462795684505509	1462795684469682	1462795684518311	1462795684534397
809	1462795684491003	1462795684505544	1462795684516269	1462795684516543	1462795684556646	1462795684518114	1462795684570739	1462795684586504
810	1462795684539291	1462795684556695	1462795684568706	1462795684568947	1462795684609636	1462795684570544	1462795684622459	1462795684638497
811	1462795684591711	1462795684609685	1462795684620403	1462795684620652	1462795684660082	1462795684622266	1462795684672335	1462795684688383
812	1462795684644077	1462795684660116	1462795684669415	1462795684669668	1462795684715276	1462795684672059	1462795684729572	1462795684745495
813	1462795684696781	1462795684715325	1462795684727515	1462795684727772	1462795684767896	1462795684729384	1462795684780635	1462795684796534
814	1462795684750133	1462795684767937	1462795684778575	1462795684778824	1462795684816540	1462795684780448	1462795684828778	1462795684844508
815	1462795684800490	1462795684816574	1462795684825877	1462795684826124	1462795684864082	1462795684828507	1462795684876265	1462795684891516
816	1462795684850556	1462795684864143	1462795684873469	1462795684873692	1462795684916511	1462795684875977	1462795684930549	1462795684946557
817	1462795684898398	1462795684916562	1462795684928591	1462795684928848	1462795684967453	1462795684930352	1462795684981644	1462795684997538
818	1462795684949594	1462795684967502	1462795684979641	1462795684979889	1462795685019931	1462795684981450	1462795685036604	1462795685052589
819	1462795685001919	1462795685019994	1462795685033887	1462795685034255	1462795685078545	1462795685036408	1462795685091647	1462795685107592
820	1462795685059794	1462795685078595	1462795685089664	1462795685089919	1462795685133806	1462795685091451	1462795685147830	1462795685163583
821	1462795685115506	1462795685133855	1462795685145884	1462795685146150	1462795685185387	1462795685147641	1462795685198136	1462795685213596
822	1462795685168144	1462795685185421	1462795685196157	1462795685196414	1462795685236417	1462795685197949	1462795685249803	1462795685265601
823	1462795685218857	1462795685236465	1462795685246979	1462795685247231	1462795685286183	1462795685249532	1462795685298468	1462795685314487
824	1462795685270864	1462795685286218	1462795685295554	1462795685295804	1462795685336690	1462795685298198	1462795685350814	1462795685366591
825	1462795685319112	1462795685336751	1462795685348762	1462795685349014	1462795685390199	1462795685350617	1462795685403038	1462795685418627
826	1462795685372412	1462795685390247	1462795685400993	1462795685401235	1462795685441229	1462795685402842	1462795685453182	1462795685468663
827	1462795685424570	1462795685441283	1462795685450748	1462795685450996	1462795685495893	1462795685452901	1462795685510126	1462795685525680
828	1462795685476996	1462795685495942	1462795685508096	1462795685508354	1462795685548017	1462795685509933	1462795685560977	1462795685576649
829	1462795685532582	1462795685548072	1462795685558931	1462795685559195	1462795685597541	1462795685560782	1462795685610692	1462795685626630
830	1462795685582101	1462795685597603	1462795685607828	1462795685608084	1462795685649424	1462795685610419	1462795685663562	1462795685679639
831	1462795685631653	1462795685649467	1462795685661602	1462795685661859	1462795685701778	1462795685663366	1462795685714713	1462795685730671
832	1462795685683815	1462795685701826	1462795685712688	1462795685712950	1462795685753172	1462795685714526	1462795685765449	1462795685781560
833	1462795685735529	1462795685753220	1462795685762678	1462795685762938	1462795685803245	1462795685765177	1462795685818777	1462795685834660
834	1462795685786847	1462795685803279	1462795685816719	1462795685816979	1462795685857186	1462795685818563	1462795685871016	1462795685886723
835	1462795685839160	1462795685857278	1462795685868994	1462795685869245	1462795685911672	1462795685870822	1462795685927197	1462795685942714
836	1462795685893331	1462795685911720	1462795685925178	1462795685925427	1462795685966060	1462795685927007	1462795685930116	1462795685994690
837	1462795685947729	1462795685966107	1462795685977077	1462795685977352	1462795686016434	1462795685978928	1462795685987069	1462795686044694
838	1462795686000527	1462795686016469	1462795686025950	1462795686026187	1462795686065830	1462795686028610	1462795686058174	1462795686093700
839	1462795686050753	1462795686065864	1462795686075345	1462795686075615	1462795686113867	1462795686077929	1462795686107175	1462795686140732
840	1462795686098773	1462795686113922	1462795686123382	1462795686123649	1462795686161664	1462795686125178	1462795686154202	1462795686189759
841	1462795686146737	1462795686161699	1462795686171140	1462795686171385	1462795686209786	1462795686173763	1462795686203171	1462795686237745
842	1462795686194783	1462795686209841	1462795686219410	1462795686219655	1462795686257960	1462795686222022	1462795686269580	1462795686285654
843	1462795686242831	1462795686258014	1462795686267596	1462795686267856	1462795686310253	1462795686269386	1462795686324628	1462795686340638
844	1462795686292794	1462795686310287	1462795686322563	1462795686322814	1462795686363439	1462795686324439	1462795686381003	1462795686396776
845	1462795686345495	1462795686363523	1462795686378435	1462795686378780	1462795686418746	1462795686380813	1462795686433500	1462795686448780
846	1462795686400651	1462795686418800	1462795686431430	1462795686431675	1462795686471389	1462795686433311	1462795686487810	1462795686503717
847	1462795686453212	1462795686471437	1462795686485350	1462795686485658	1462795686526759	1462795686487537	1462795686540459	1462795686555801
848	1462795686508745	1462795686526805	1462795686538759	1462795686538970	1462795686578858	1462795686540269	1462795686591268	1462795686606808
849	1462795686561089	1462795686578906	1462795686589570	1462795686589810	1462795686627913	1462795686591071	1462795686639020	1462795686654827
850	1462795686612737	1462795686627993	1462795686637324	1462795686637547	1462795686679799	1462795686638828	1462795686695309	1462795686710836
851	1462795686661345	1462795686679885	1462795686693287	1462795686693539	1462795686736080	1462795686695114	1462795686748434	1462795686763806
852	1462795686717946	1462795686736155	1462795686745521	1462795686745773	1462795686785700	1462795686748155	1462795686797113	1462795686812836
853	1462795686770355	1462795686785756	1462795686795124	1462795686795384	1462795686833643	1462795686796917	1462795686845942	1462795686861848
854	1462795686818543	1462795686833677	1462795686843026	1462795686843274	1462795686885661	1462795686845662	1462795686899805	1462795686915865
855	1462795686867846	1462795686885705	1462795686897778	1462795686898030	1462795686939644	1462795686899613	1462795686952476	1462795686967873
856	1462795686921438	1462795686939716	1462795686950424	1462795686950671	1462795686989875	1462795686952286	1462795687001291	1462795687016747
857	1462795686974634	1462795686989937	1462795686999241	1462795686999491	1462795687039350	1462795687001105	1462795687054960	1462795687070879
858	1462795687021457	1462795687039409	1462795687052934	1462795687053182	1462795687092001	1462795687054770	1462795687106047	1462795687121885
859	1462795687074921	1462795687092087	1462795687104018	1462795687104286	1462795687143686	1462795687105858	1462795687156443	1462795687171897
860	1462795687126466	1462795687143747	1462795687154392	1462795687154638	1462795687194331	1462795687156255	1462795687206595	1462795687221870
861	1462795687176584	1462795687194383	1462795687203687	1462795687203934	1462795687241638	1462795687206315	1462795687253062	1462795687268903
862	1462795687227208	1462795687241700	1462795687250998	1462795687251237	1462795687288261	1462795687252870	1462795687299649	1462795687314934
863	1462795687273205	1462795687288316	1462795687297621	1462795687297864	1462795687345578	1462795687299454	1462795687359119	1462795687374939
864	1462795687326550	1462795687345663	1462795687357083	1462795687357336	1462795687412826	1462795687358923	1462795687427918	1462795687443943
865	1462795687395291	1462795687412911	1462795687425886	1462795687426133	1462795687466140	1462795687427723	1462795687479148	1462795687494949
866	1462795687447988	1462795687466206	1462795687477109	1462795687477357	1462795687517365	1462795687478959	1462795687529735	1462795687545852
867	1462795687499420	1462795687517431	1462795687526853	1462795687527101	1462795687569205	1462795687529465	1462795687584380	1462795687599956
868	1462795687551247	1462795687569291	1462795687582316	1462795687582558	1462795687622456	1462795687584189	1462795687635383	1462795687650919
869	1462795687604662	1462795687622519	1462795687633350	1462795687633616	1462795687673777	1462795687635193	1462795687685374	1462795687700986
870	1462795687658318	1462795687673838	1462795687683311	1462795687683563	1462795687720282	1462795687685178	1462795687731839	1462795687747858
871	1462795687705873	1462795687720345	1462795687729809	1462795687730056	1462795687767165	1462795687731642	1462795687780958	1462795687796959
872	1462795687751740	1462795687767220	1462795687778039	1462795687778284	1462795687822389	1462795687780676	1462795687837156	1462795687852977
873	1462795687804201	1462795687822476	1462795687835108	1462795687835359	1462795687874655	1462795687836965	1462795687839370	1462795687903059
874	1462795687856876	1462795687874716	1462795687885540	1462795687885786	1462795687924245	1462795687887361	1462795687916433	1462795687967012
875	1462795687908465	1462795687924281	1462795687933745	1462795687933991	1462795687972802	1462795687950771	1462795687979477	1462795688015984
876	1462795687955074	1462795687972850	1462795687983300	1462795687983558	1462795688021810	1462795687985931	1462795688010450	1462795688054047
877	1462795688006830	1462795688021851	1462795688031276	1462795688031475	1462795688075319	1462795688036698	1462795688065484	1462795688110031
878	1462795688057174	1462795688075367	1462795688087791	1462795688088034	1462795688127188	1462795688092739	1462795688121531	1462795688165020
879	1462795688109866	1462795688127223	1462795688138137	1462795688138406	1462795688178609	1462795688140015	1462795688152458	1462795688207030
880	1462795688160757	1462795688178657	1462795688188277	1462795688188477	1462795688229447	1462795688190961	1462795688244220	1462795688260062
881	1462795688211520	1462795688229492	1462795688242153	1462795688242401	1462795688277809	1462795688244023	1462795688292175	1462795688308069
882	1462795688263466	1462795688277856	1462795688290124	1462795688290376	1462795688330768	1462795688291957	1462795688321479	1462795688359071
883	1462795688312961	1462795688330818	1462795688341750	1462795688342003	1462795688380694	1462795688343517	1462795688393178	1462795688409096
884	1462795688365010	1462795688380727	1462795688390285	1462795688390526	1462795688436296	1462795688392908	1462795688449277	1462795688465106
885	1462795688417429	1462795688436374	1462795688447301	1462795688447563	1462795688488131	1462795688449088	1462795688504088	1462795688520072
886	1462795688471244	1462795688488180	1462795688500781	1462795688501229	1462795688542604	1462795688503789	1462795688557308	1462795688573081
887	1462795688524582	1462795688542652	1462795688554989	1462795688555325	1462795688596019	1462795688557114	1462795688609328	1462795688625110
888	1462795688578073	1462795688596069	1462795688606975	1462795688607310	1462795688645884	1462795688609133	1462795688667998	1462795688684122
889	1462795688630285	1462795688645918	1462795688655529	1462795688655907	1462795688693715	1462795688667798	1462795688705711	1462795688721105
890	1462795688678451	1462795688693751	1462795688703374	1462795688703710	1462795688740443	1462795688705522	1462795688733522	1462795688768136
891	1462795688725912	1462795688740477	1462795688750077	1462795688750441	1462795688788748	1462795688752252	1462795688802713	1462795688818236
892	1462795688772461	1462795688788797	1462795688799455	1462795688799809	1462795688843565	1462795688802428	1462795688858465	1462795688874181
893	1462795688826340	1462795688843599	1462795688855881	1462795688856455	1462795688895600	1462795688858270	1462795688907618	1462795688923180
894	1462795688879551	1462795688895634	1462795688905318	1462795688905672	1462795688942260	1462795688907425	1462795688953555	1462795688969073
895	1462795688928565	1462795688942299	1462795688951556	1462795688951831	1462795688991745	1462795688953352	1462795689008343	1462795689024182
896	1462795688975254	1462795688991794	1462795689005782	1462795689006150	1462795689046665	1462795689008155	1462795689060838	1462795689076227
897	1462795689028855	1462795689046707	1462795689058868	1462795689059150	1462795689101055	1462795689060652	1462795689117547	1462795689133209
898	1462795689082858	1462795689101103	1462795689115057	1462795689115486	1462795689158792	1462795689117358	1462795689171874	1462795689187200
899	1462795689140485	1462795689158840	1462795689169576	1462795689169941	1462795689208761	1462795689171682	1462795689220480	1462795689236222
900	1462795689192611	1462795689208795	1462795689218138	1462795689218515	1462795689263392	1462795689220292	1462795689277949	1462795689293229
901	1462795689245422	1462795689263440	1462795689275627	1462795689276015	1462795689318849	1462795689277752	1462795689330606	1462795689346220
902	1462795689301917	1462795689318883	1462795689328252	1462795689328642	1462795689365789	1462795689330409	1462795689377797	1462795689393226
903	1462795689350829	1462795689365824	1462795689375180	1462795689375708	1462795689411719	1462795689377603	1462795689423447	1462795689439250
904	1462795689397161	1462795689411753	1462795689421106	1462795689421461	1462795689459692	1462795689423254	1462795689472724	1462795689488256
905	1462795689444009	1462795689459728	1462795689470417	1462795689470773	1462795689511446	1462795689472533	1462795689527146	1462795689546262
906	1462795689493563	1462795689511494	1462795689524842	1462795689525194	1462795689564443	1462795689526980	1462795689613647	1462795689659242
907	1462795689546952	1462795689564491	1462795689575201	1462795689575574	1462795689616012	1462795689614022	1462795689669665	1462795689742240
908	1462795689598148	1462795689616060	1462795689626691	1462795689627043	1462795689667588	1462795689699177	1462795689728746	1462795689826313
909	1462795689649651	1462795689667637	1462795689681065	1462795689681441	1462795689721987	1462795689784883	1462795689839693	1462795689882282
910	1462795689704000	1462795689722035	1462795689732750	1462795689732991	1462795689771730	1462795689840985	1462795689869770	1462795689914183
911	1462795689756054	1462795689771794	1462795689781186	1462795689781453	1462795689820331	1462795689896024	1462795689925755	1462795689994326
912	1462795689802976	1462795689820380	1462795689830904	1462795689831161	1462795689873334	1462795689954154	1462795690006799	1462795690050329
913	1462795689855432	1462795689873382	1462795689885426	1462795689885667	1462795689926641	1462795690010182	1462795690038735	1462795690083342
914	1462795689908481	1462795689926689	1462795689937411	1462795689937662	1462795689973998	1462795690066001	1462795690094767	1462795690137353
915	1462795689958735	1462795689974047	1462795689985252	1462795689985511	1462795690023864	1462795690097066	1462795690125869	1462795690169345
916	1462795690007696	1462795690023898	1462795690033446	1462795690033696	1462795690073857	1462795690153199	1462795690180817	1462795690224355
917	1462795690055862	1462795690073904	1462795690084107	1462795690084358	1462795690125843	1462795690207057	1462795690234878	1462795690256341
918	1462795690107927	1462795690125887	1462795690138287	1462795690138543	1462795690181981	1462795690240298	1462795690266769	1462795690309344
919	1462795690163230	1462795690182029	1462795690195365	1462795690195753	1462795690239938	1462795690292981	1462795690297782	1462795690340265
920	1462795690221070	1462795690239983	1462795690251001	1462795690251270	1462795690289761	1462795690323139	1462795690350811	1462795690370354
921	1462795690274212	1462795690289796	1462795690300378	1462795690300721	1462795690340513	1462795690354056	1462795690381731	1462795690400374
922	1462795690324179	1462795690340558	1462795690353798	1462795690354052	1462795690395261	1462795690384134	1462795690411033	1462795690430398
923	1462795690377337	1462795690395310	1462795690409705	1462795690410044	1462795690454087	1462795690414075	1462795690440818	1462795690482414
924	1462795690434347	1462795690454136	1462795690464688	1462795690464902	1462795690510341	1462795690466696	1462795690470768	1462795690540427
925	1462795690491771	1462795690510389	1462795690522260	1462795690522481	1462795690564579	1462795690524302	1462795690587693	1462795690603416
926	1462795690546678	1462795690564626	1462795690576692	1462795690576995	1462795690619764	1462795690579651	1462795690633479	1462795690649420
927	1462795690601710	1462795690619855	1462795690631759	1462795690631975	1462795690672262	1462795690633284	1462795690683911	1462795690699388
928	1462795690654286	1462795690672311	1462795690681532	1462795690681737	1462795690727895	1462795690683635	1462795690741576	1462795690757443
929	1462795690709157	1462795690727943	1462795690739871	1462795690740123	1462795690781044	1462795690741386	1462795690796513	1462795690812418
930	1462795690763052	1462795690781091	1462795690793724	1462795690794099	1462795690834525	1462795690796316	1462795690848754	1462795690864458
931	1462795690816884	1462795690834573	1462795690846671	1462795690846905	1462795690887267	1462795690848553	1462795690904209	1462795690919508
932	1462795690869219	1462795690887315	1462795690901316	1462795690901687	1462795690942324	1462795690903961	1462795690956254	1462795690972365
933	1462795690924265	1462795690942374	1462795690954503	1462795690954717	1462795690994751	1462795690956055	1462795691006861	1462795691022482
934	1462795690977247	1462795690994796	1462795691005153	1462795691005368	1462795691045625	1462795691006673	1462795691056400	1462795691072487
935	1462795691028711	1462795691045659	1462795691054663	1462795691054874	1462795691092132	1462795691056212	1462795691102946	1462795691118520
936	1462795691077701	1462795691092194	1462795691101253	1462795691101475	1462795691146809	1462795691102749	1462795691160380	1462795691176521
937	1462795691128281	1462795691146878	1462795691158654	1462795691158887	1462795691200756	1462795691160185	1462795691211621	1462795691227486
938	1462795691184281	1462795691200815	1462795691209930	1462795691210156	1462795691248957	1462795691211434	1462795691259849	1462795691275498
939	1462795691234063	1462795691249013	1462795691258156	1462795691258392	1462795691295629	1462795691259661	1462795691307882	1462795691323530
940	1462795691280153	1462795691295686	1462795691306210	1462795691306421	1462795691345425	1462795691307685	1462795691360906	1462795691376569
941	1462795691329803	1462795691345463	1462795691357861	1462795691358153	1462795691399964	1462795691360632	1462795691414155	1462795691429562
942	1462795691381991	1462795691400020	1462795691411820	1462795691412043	1462795691451888	1462795691413886	1462795691463617	1462795691479527
943	1462795691435636	1462795691451923	1462795691461552	1462795691461826	1462795691500437	1462795691463417	1462795691512080	1462795691527529
944	1462795691484535	1462795691500473	1462795691510095	1462795691510349	1462795691549668	1462795691511871	1462795691565966	1462795691581572
945	1462795691534122	1462795691549724	1462795691563902	1462795691564224	1462795691603626	1462795691565768	1462795691617746	1462795691633589
946	1462795691586554	1462795691603661	1462795691615773	1462795691616135	1462795691656397	1462795691617550	1462795691668111	1462795691683559
947	1462795691640919	1462795691656464	1462795691666013	1462795691666390	1462795691703814	1462795691667902	1462795691716886	1462795691732564
948	1462795691688234	1462795691703894	1462795691714781	1462795691715152	1462795691752329	1462795691716698	1462795691763940	1462795691779569
949	1462795691737209	1462795691752407	1462795691761859	1462795691762259	1462795691801015	1462795691763754	1462795691813498	1462795691829569
950	1462795691784586	1462795691801092	1462795691810576	1462795691810971	1462795691849505	1462795691813226	1462795691861137	1462795691876579
951	1462795691834479	1462795691849591	1462795691859022	1462795691859394	1462795691897736	1462795691860947	1462795691911916	1462795691927634
952	1462795691882614	1462795691897829	1462795691908901	1462795691909448	1462795691953327	1462795691911643	1462795691967653	1462795691983639
953	1462795691934578	1462795691953467	1462795691965534	1462795691965933	1462795692005955	1462795691967454	1462795692018778	1462795692034638
954	1462795691990193	1462795692006047	1462795692015864	1462795692016255	1462795692053618	1462795692018491	1462795692068307	1462795692083644
955	1462795692038789	1462795692053713	1462795692065358	1462795692065941	1462795692105514	1462795692068108	1462795692120144	1462795692135650
956	1462795692087750	1462795692105620	1462795692118054	1462795692118453	1462795692157412	1462795692119927	1462795692170881	1462795692186658
957	1462795692139749	1462795692157514	1462795692168785	1462795692169170	1462795692208036	1462795692170682	1462795692221385	1462795692236641
958	1462795692190908	1462795692208163	1462795692219270	1462795692219659	1462795692261235	1462795692221196	1462795692276036	1462795692291678
959	1462795692243794	1462795692261353	1462795692273932	1462795692274332	1462795692314727	1462795692275827	1462795692304180	1462795692348699
960	1462795692296823	1462795692314836	1462795692326096	1462795692326474	1462795692364462	1462795692328017	1462795692338134	1462795692403645
961	1462795692349420	1462795692364545	1462795692374268	1462795692374665	1462795692411767	1462795692376185	1462795692394188	1462795692463706
962	1462795692396114	1462795692411852	1462795692422805	1462795692423184	1462795692460553	1462795692424714	1462795692476113	1462795692520708
963	1462795692443109	1462795692460656	1462795692469969	1462795692470287	1462795692513447	1462795692478345	1462795692507145	1462795692551696
964	1462795692495589	1462795692513556	1462795692525752	1462795692526063	1462795692567107	1462795692534347	1462795692563222	1462795692607722
965	1462795692549075	1462795692567239	1462795692581482	1462795692581974	1462795692622390	1462795692583811	1462795692594140	1462795692652729
966	1462795692604420	1462795692622500	1462795692634879	1462795692635209	1462795692674600	1462795692636458	1462795692687234	1462795692702735
967	1462795692656885	1462795692674706	1462795692685504	1462795692685837	1462795692723907	1462795692687039	1462795692707125	1462795692751666
968	1462795692707605	1462795692723942	1462795692733372	1462795692733591	1462795692772992	1462795692734888	1462795692764148	1462795692799765
969	1462795692756971	1462795692773052	1462795692782407	1462795692782639	1462795692825225	1462795692783920	1462795692820284	1462795692863775
970	1462795692807708	1462795692825274	1462795692838173	1462795692838430	1462795692878168	1462795692840054	1462795692868143	1462795692911680
971	1462795692859637	1462795692878251	1462795692893398	1462795692893651	1462795692936865	1462795692895243	1462795692918159	1462795692966753
972	1462795692918895	1462795692936924	1462795692948656	1462795692948915	1462795692983510	1462795692950509	1462795692997322	1462795693012755
973	1462795692969714	1462795692983567	1462795692995620	1462795692995843	1462795693037159	1462795692997121	1462795693053070	1462795693068766
974	1462795693019234	1462795693037243	1462795693051065	1462795693051394	1462795693091237	1462795693052875	1462795693105307	1462795693120824
975	1462795693073294	1462795693091284	1462795693103606	1462795693103819	1462795693143554	1462795693105115	1462795693155056	1462795693170824
976	1462795693127255	1462795693143589	1462795693153022	1462795693153279	1462795693193926	1462795693154863	1462795693205394	1462795693220794
977	1462795693178054	1462795693193959	1462795693203338	1462795693203594	1462795693240395	1462795693205199	1462795693253012	1462795693268822
978	1462795693225900	1462795693240450	1462795693249831	1462795693250169	1462795693289474	1462795693252735	1462795693268191	1462795693316832
979	1462795693274261	1462795693289508	1462795693298889	1462795693299239	1462795693337303	1462795693301044	1462795693324216	1462795693366822
980	1462795693322289	1462795693337337	1462795693348083	1462795693348523	1462795693390232	1462795693351096	1462795693404744	1462795693420865
981	1462795693372159	1462795693390293	1462795693402373	1462795693402761	1462795693444576	1462795693404558	1462795693460172	1462795693475829
982	1462795693426107	1462795693444624	1462795693456963	1462795693457413	1462795693495662	1462795693459915	1462795693511440	1462795693526878
983	1462795693480898	1462795693495712	1462795693509098	1462795693509452	1462795693552558	1462795693511246	1462795693568161	1462795693583889
984	1462795693533742	1462795693552605	1462795693564930	1462795693565385	1462795693608807	1462795693567890	1462795693622935	1462795693638878
985	1462795693590344	1462795693608856	1462795693620584	1462795693620941	1462795693661534	1462795693622740	1462795693674169	1462795693689892
986	1462795693643531	1462795693661581	1462795693670936	1462795693671299	1462795693712994	1462795693673891	1462795693727378	1462795693742901
987	1462795693695069	1462795693713041	1462795693725064	1462795693725417	1462795693766391	1462795693727186	1462795693779515	1462795693794908
988	1462795693748365	1462795693766439	1462795693777183	1462795693777564	1462795693817231	1462795693779324	1462795693830774	1462795693846812
989	1462795693799427	1462795693817279	1462795693827529	1462795693827862	1462795693874859	1462795693830505	1462795693888291	1462795693903909
990	1462795693856670	1462795693874907	1462795693885959	1462795693886293	1462795693925567	1462795693888106	1462795693939626	1462795693954920
991	1462795693908724	1462795693925600	1462795693936383	1462795693936841	1462795693980931	1462795693939353	1462795693994971	1462795694010927
992	1462795693962131	1462795693980978	1462795693992667	1462795693993061	1462795694033552	1462795693994785	1462795694045300	1462795694060947
993	1462795694017769	1462795694033584	1462795694042939	1462795694043273	1462795694080610	1462795694045108	1462795694093180	1462795694108955
994	1462795694065933	1462795694080644	1462795694089995	1462795694090372	1462795694128835	1462795694092900	1462795694140575	1462795694155968
995	1462795694113612	1462795694128869	1462795694138218	1462795694138544	1462795694176736	1462795694140381	1462795694189322	1462795694204964
996	1462795694160498	1462795694176783	1462795694186155	1462795694186515	1462795694224256	1462795694189047	1462795694235932	1462795694251974
997	1462795694209001	1462795694224289	1462795694233625	1462795694233955	1462795694271783	1462795694235740	1462795694284862	1462795694300978
998	1462795694256098	1462795694271816	1462795694282518	1462795694282860	1462795694320405	1462795694284668	1462795694343959	1462795694360021
999	1462795694305024	1462795694320455	1462795694329807	1462795694330190	1462795694369721	1462795694343700	1462795694382371	1462795694397953
1000	1462795694354575	1462795694369768	1462795694379165	1462795694379518	1462795694424857	1462795694382091	1462795694438920	1462795694455017
1001	1462795694406330	1462795694424906	1462795694436663	1462795694437012	1462795694476816	1462795694438725	1462795694489379	1462795694505007
1002	1462795694459221	1462795694476875	1462795694486313	1462795694486656	1462795694527135	1462795694489102	1462795694543267	1462795694559022
1003	1462795694509437	1462795694527207	1462795694540902	1462795694541298	1462795694579234	1462795694543077	1462795694593981	1462795694610031
