1462795660527846	1462795646400
1462795660578852	1462795646410
1462795660629862	1462795646420
1462795660683836	1462795646430
1462795660786847	1462795646440
1462795660816886	1462795646450
1462795660848925	1462795646460
1462795660890875	1462795646470
1462795660947878	1462795646480
1462795661001881	1462795646490
1462795661050915	1462795646500
1462795661164956	1462795646510
1462795661278952	1462795646520
1462795661362969	1462795646530
1462795661420963	1462795646540
1462795661479854	1462795646550
1462795661537961	1462795646560
1462795661593949	1462795646570
1462795661650008	1462795646580
1462795661683006	1462795646590
1462795661738012	1462795646600
1462795661793026	1462795646610
1462795661824025	1462795646620
1462795661854937	1462795646630
1462795661883990	1462795646640
1462795661937031	1462795646650
1462795661967068	1462795646660
1462795661997062	1462795646670
1462795662027062	1462795646680
1462795662062063	1462795646690
1462795662113079	1462795646700
1462795662194064	1462795646710
1462795662222978	1462795646720
1462795662277152	1462795646730
1462795662329105	1462795646740
1462795662378107	1462795646750
1462795662429132	1462795646760
1462795662482200	1462795646770
1462795662534202	1462795646780
1462795662590204	1462795646790
1462795662646115	1462795646800
1462795662689138	1462795646810
1462795662740074	1462795646820
1462795662795177	1462795646830
1462795662835186	1462795646840
1462795662892192	1462795646850
1462795662936189	1462795646860
1462795662988194	1462795646870
1462795663043224	1462795646880
1462795663102227	1462795646890
1462795663155248	1462795646900
1462795663205243	1462795646910
1462795663263124	1462795646920
1462795663313132	1462795646930
1462795663364227	1462795646940
1462795663419291	1462795646950
1462795663476286	1462795646960
1462795663528290	1462795646970
1462795663580202	1462795646980
1462795663628305	1462795646990
1462795663677317	1462795647000
1462795663724324	1462795647010
1462795663772338	1462795647020
1462795663829340	1462795647030
1462795663886297	1462795647040
1462795663944226	1462795647050
1462795664000361	1462795647060
1462795664057377	1462795647070
1462795664114237	1462795647080
1462795664146258	1462795647090
1462795664202359	1462795647100
1462795664244409	1462795647110
1462795664298408	1462795647120
1462795664380418	1462795647130
1462795664409454	1462795647140
1462795664445306	1462795647150
1462795664501438	1462795647160
1462795664558349	1462795647170
1462795664613469	1462795647180
1462795664663359	1462795647190
1462795664720469	1462795647200
1462795664774457	1462795647210
1462795664823461	1462795647220
1462795664875499	1462795647230
1462795664924527	1462795647240
1462795664972469	1462795647250
1462795665022532	1462795647260
1462795665077543	1462795647270
1462795665132533	1462795647280
1462795665186463	1462795647290
1462795665242556	1462795647300
1462795665295560	1462795647310
1462795665345471	1462795647320
1462795665394587	1462795647330
1462795665447598	1462795647340
1462795665495588	1462795647350
1462795665548593	1462795647360
1462795665595573	1462795647370
1462795665645467	1462795647380
1462795665693595	1462795647390
1462795665740604	1462795647400
1462795665786610	1462795647410
1462795665837645	1462795647420
1462795665893619	1462795647430
1462795665943660	1462795647440
1462795665990662	1462795647450
1462795666039672	1462795647460
1462795666086688	1462795647470
1462795666136703	1462795647480
1462795666190711	1462795647490
1462795666247638	1462795647500
1462795666302711	1462795647510
1462795666353719	1462795647520
1462795666406687	1462795647530
1462795666458733	1462795647540
1462795666511749	1462795647550
1462795666566658	1462795647560
1462795666616796	1462795647570
1462795666673660	1462795647580
1462795666723798	1462795647590
1462795666771788	1462795647600
1462795666820792	1462795647610
1462795666879797	1462795647620
1462795666916764	1462795647630
1462795666970817	1462795647640
1462795667021795	1462795647650
1462795667072848	1462795647660
1462795667129855	1462795647670
1462795667179845	1462795647680
1462795667227858	1462795647690
1462795667274860	1462795647700
1462795667323767	1462795647710
1462795667372878	1462795647720
1462795667421836	1462795647730
1462795667475883	1462795647740
1462795667528855	1462795647750
1462795667585906	1462795647760
1462795667640923	1462795647770
1462795667692944	1462795647780
1462795667743936	1462795647790
1462795667790941	1462795647800
1462795667840956	1462795647810
1462795667899870	1462795647820
1462795667944967	1462795647830
1462795667993970	1462795647840
1462795668044940	1462795647850
1462795668094964	1462795647860
1462795668148995	1462795647870
1462795668200977	1462795647880
1462795668249031	1462795647890
1462795668303030	1462795647900
1462795668391031	1462795647910
1462795668419948	1462795647920
1462795668468042	1462795647930
1462795668520049	1462795647940
1462795668576056	1462795647950
1462795668628968	1462795647960
1462795668684005	1462795647970
1462795668739099	1462795647980
1462795668790114	1462795647990
1462795668843144	1462795648000
1462795668895080	1462795648010
1462795668946123	1462795648020
1462795668997095	1462795648030
1462795669049137	1462795648040
1462795669096147	1462795648050
1462795669152165	1462795648060
1462795669211132	1462795648070
1462795669264171	1462795648080
1462795669315171	1462795648090
1462795669364175	1462795648100
1462795669417159	1462795648110
1462795669470100	1462795648120
1462795669521179	1462795648130
1462795669569206	1462795648140
1462795669618178	1462795648150
1462795669672070	1462795648160
1462795669722210	1462795648170
1462795669774185	1462795648180
1462795669825133	1462795648190
1462795669877251	1462795648200
1462795669935273	1462795648210
1462795669985177	1462795648220
1462795670040289	1462795648230
1462795670092292	1462795648240
1462795670148299	1462795648250
1462795670200340	1462795648260
1462795670248329	1462795648270
1462795670300223	1462795648280
1462795670348327	1462795648290
1462795670395278	1462795648300
1462795670443317	1462795648310
1462795670495389	1462795648320
1462795670550397	1462795648330
1462795670603272	1462795648340
1462795670678380	1462795648350
1462795670707284	1462795648360
1462795670753384	1462795648370
1462795670805291	1462795648380
1462795670852420	1462795648390
1462795670900401	1462795648400
1462795670948426	1462795648410
1462795670995434	1462795648420
1462795671042414	1462795648430
1462795671092412	1462795648440
1462795671140451	1462795648450
1462795671192457	1462795648460
1462795671244479	1462795648470
1462795671295442	1462795648480
1462795671407463	1462795648490
1462795671491453	1462795648500
1462795671547437	1462795648510
1462795671631471	1462795648520
1462795671663351	1462795648530
1462795671691485	1462795648540
1462795671744396	1462795648550
1462795671775382	1462795648560
1462795671827520	1462795648570
1462795671858462	1462795648580
1462795671887467	1462795648590
1462795671931469	1462795648600
1462795671979580	1462795648610
1462795672027619	1462795648620
1462795672083605	1462795648630
1462795672135610	1462795648640
1462795672191609	1462795648650
1462795672230613	1462795648660
1462795672283529	1462795648670
1462795672361495	1462795648680
1462795672416651	1462795648690
1462795672451522	1462795648700
1462795672507561	1462795648710
1462795672584565	1462795648720
1462795672620675	1462795648730
1462795672673588	1462795648740
1462795672728696	1462795648750
1462795672760682	1462795648760
1462795672814722	1462795648770
1462795672845613	1462795648780
1462795672929707	1462795648790
1462795672960730	1462795648800
1462795672992709	1462795648810
1462795673046618	1462795648820
1462795673103726	1462795648830
1462795673158771	1462795648840
1462795673214769	1462795648850
1462795673253768	1462795648860
1462795673301749	1462795648870
1462795673355792	1462795648880
1462795673411695	1462795648890
1462795673470752	1462795648900
1462795673516819	1462795648910
1462795673574724	1462795648920
1462795673624830	1462795648930
1462795673681736	1462795648940
1462795673736853	1462795648950
1462795673792852	1462795648960
1462795673836861	1462795648970
1462795673887780	1462795648980
1462795673942888	1462795648990
1462795674029889	1462795649000
1462795674058800	1462795649010
1462795674104901	1462795649020
1462795674158914	1462795649030
1462795674209922	1462795649040
1462795674260924	1462795649050
1462795674345960	1462795649060
1462795674374928	1462795649070
1462795674414942	1462795649080
1462795674464956	1462795649090
1462795674511961	1462795649100
1462795674570874	1462795649110
1462795674624978	1462795649120
1462795674667844	1462795649130
1462795674722014	1462795649140
1462795674779005	1462795649150
1462795674833015	1462795649160
1462795674884022	1462795649170
1462795674932984	1462795649180
1462795674982040	1462795649190
1462795675030044	1462795649200
1462795675082062	1462795649210
1462795675136069	1462795649220
1462795675192972	1462795649230
1462795675252991	1462795649240
1462795675309064	1462795649250
1462795675390129	1462795649260
1462795675446949	1462795649270
1462795675503123	1462795649280
1462795675536146	1462795649290
1462795675590150	1462795649300
1462795675621133	1462795649310
1462795675677117	1462795649320
1462795675709147	1462795649330
1462795675880172	1462795649340
1462795675911035	1462795649350
1462795675942007	1462795649360
1462795675995199	1462795649370
1462795676054100	1462795649380
1462795676109257	1462795649390
1462795676141214	1462795649400
1462795676196094	1462795649410
1462795676252235	1462795649420
1462795676283130	1462795649430
1462795676313158	1462795649440
1462795676367203	1462795649450
1462795676397163	1462795649460
1462795676427211	1462795649470
1462795676457063	1462795649480
1462795676500094	1462795649490
1462795676550135	1462795649500
1462795676599283	1462795649510
1462795676648333	1462795649520
1462795676695285	1462795649530
1462795676752159	1462795649540
1462795676802312	1462795649550
1462795676851326	1462795649560
1462795676899300	1462795649570
1462795676948349	1462795649580
1462795676996325	1462795649590
1462795677044338	1462795649600
1462795677099358	1462795649610
1462795677149362	1462795649620
1462795677199373	1462795649630
1462795677250378	1462795649640
1462795677297290	1462795649650
1462795677345398	1462795649660
1462795677391352	1462795649670
1462795677440261	1462795649680
1462795677499370	1462795649690
1462795677554429	1462795649700
1462795677585433	1462795649710
1462795677640297	1462795649720
1462795677678445	1462795649730
1462795677725455	1462795649740
1462795677771462	1462795649750
1462795677821320	1462795649760
1462795677904511	1462795649770
1462795677939428	1462795649780
1462795677990497	1462795649790
1462795678026400	1462795649800
1462795678081540	1462795649810
1462795678122528	1462795649820
1462795678170502	1462795649830
1462795678219531	1462795649840
1462795678266442	1462795649850
1462795678316544	1462795649860
1462795678364448	1462795649870
1462795678412533	1462795649880
1462795678467477	1462795649890
1462795678517430	1462795649900
1462795678568437	1462795649910
1462795678645563	1462795649920
1462795678674603	1462795649930
1462795678759613	1462795649940
1462795678815628	1462795649950
1462795678847623	1462795649960
1462795678903584	1462795649970
1462795678958593	1462795649980
1462795678989597	1462795649990
1462795679047560	1462795650000
1462795679101659	1462795650010
1462795679132569	1462795650020
1462795679187652	1462795650030
1462795679275590	1462795650040
1462795679331654	1462795650050
1462795679363558	1462795650060
1462795679419661	1462795650070
1462795679503739	1462795650080
1462795679589706	1462795650090
1462795679673653	1462795650100
1462795679730617	1462795650110
1462795679815778	1462795650120
1462795679873779	1462795650130
1462795679930836	1462795650140
1462795679985801	1462795650150
1462795680019721	1462795650160
1462795680049705	1462795650170
1462795680128768	1462795650180
1462795680160726	1462795650190
1462795680212871	1462795650200
1462795680243846	1462795650210
1462795680275818	1462795650220
1462795680358860	1462795650230
1462795680389865	1462795650240
1462795680442774	1462795650250
1462795680474815	1462795650260
1462795680505846	1462795650270
1462795680557896	1462795650280
1462795680593905	1462795650290
1462795680623893	1462795650300
1462795680653874	1462795650310
1462795680700782	1462795650320
1462795680736915	1462795650330
1462795680766824	1462795650340
1462795680797782	1462795650350
1462795680828837	1462795650360
1462795680869906	1462795650370
1462795680920954	1462795650380
1462795680970921	1462795650390
1462795681022960	1462795650400
1462795681073976	1462795650410
1462795681124994	1462795650420
1462795681180948	1462795650430
1462795681235993	1462795650440
1462795681288973	1462795650450
1462795681345006	1462795650460
1462795681398012	1462795650470
1462795681448922	1462795650480
1462795681502985	1462795650490
1462795681557052	1462795650500
1462795681614983	1462795650510
1462795681665065	1462795650520
1462795681721034	1462795650530
1462795681772077	1462795650540
1462795681819952	1462795650550
1462795681867056	1462795650560
1462795681916126	1462795650570
1462795681965089	1462795650580
1462795682022086	1462795650590
1462795682073113	1462795650600
1462795682121122	1462795650610
1462795682169131	1462795650620
1462795682217133	1462795650630
1462795682264147	1462795650640
1462795682312167	1462795650650
1462795682370176	1462795650660
1462795682422087	1462795650670
1462795682470201	1462795650680
1462795682529060	1462795650690
1462795682574220	1462795650700
1462795682623198	1462795650710
1462795682673181	1462795650720
1462795682721232	1462795650730
1462795682778146	1462795650740
1462795682829232	1462795650750
1462795682877142	1462795650760
1462795682926199	1462795650770
1462795682980251	1462795650780
1462795683032232	1462795650790
1462795683090274	1462795650800
1462795683134295	1462795650810
1462795683192300	1462795650820
1462795683247295	1462795650830
1462795683298308	1462795650840
1462795683351280	1462795650850
1462795683403304	1462795650860
1462795683454324	1462795650870
1462795683507298	1462795650880
1462795683564368	1462795650890
1462795683618268	1462795650900
1462795683672357	1462795650910
1462795683725268	1462795650920
1462795683779373	1462795650930
1462795683832379	1462795650940
1462795683880392	1462795650950
1462795683936419	1462795650960
1462795683989422	1462795650970
1462795684041417	1462795650980
1462795684089402	1462795650990
1462795684137463	1462795651000
1462795684191445	1462795651010
1462795684241462	1462795651020
1462795684290467	1462795651030
1462795684341437	1462795651040
1462795684387374	1462795651050
1462795684434477	1462795651060
1462795684485485	1462795651070
1462795684534397	1462795651080
1462795684586504	1462795651090
1462795684638497	1462795651100
1462795684688383	1462795651110
1462795684745495	1462795651120
1462795684796534	1462795651130
1462795684844508	1462795651140
1462795684891516	1462795651150
1462795684946557	1462795651160
1462795684997538	1462795651170
1462795685052589	1462795651180
1462795685107592	1462795651190
1462795685163583	1462795651200
1462795685213596	1462795651210
1462795685265601	1462795651220
1462795685314487	1462795651230
1462795685366591	1462795651240
1462795685418627	1462795651250
1462795685468663	1462795651260
1462795685525680	1462795651270
1462795685576649	1462795651280
1462795685626630	1462795651290
1462795685679639	1462795651300
1462795685730671	1462795651310
1462795685781560	1462795651320
1462795685834660	1462795651330
1462795685886723	1462795651340
1462795685942714	1462795651350
1462795685994690	1462795651360
1462795686044694	1462795651370
1462795686093700	1462795651380
1462795686140732	1462795651390
1462795686189759	1462795651400
1462795686237745	1462795651410
1462795686285654	1462795651420
1462795686340638	1462795651430
1462795686396776	1462795651440
1462795686448780	1462795651450
1462795686503717	1462795651460
1462795686555801	1462795651470
1462795686606808	1462795651480
1462795686654827	1462795651490
1462795686710836	1462795651500
1462795686763806	1462795651510
1462795686812836	1462795651520
1462795686861848	1462795651530
1462795686915865	1462795651540
1462795686967873	1462795651550
1462795687016747	1462795651560
1462795687070879	1462795651570
1462795687121885	1462795651580
1462795687171897	1462795651590
1462795687221870	1462795651600
1462795687268903	1462795651610
1462795687314934	1462795651620
1462795687374939	1462795651630
1462795687443943	1462795651640
1462795687494949	1462795651650
1462795687545852	1462795651660
1462795687599956	1462795651670
1462795687650919	1462795651680
1462795687700986	1462795651690
1462795687747858	1462795651700
1462795687796959	1462795651710
1462795687852977	1462795651720
1462795687903059	1462795651730
1462795687967012	1462795651740
1462795688015984	1462795651750
1462795688054047	1462795651760
1462795688110031	1462795651770
1462795688165020	1462795651780
1462795688207030	1462795651790
1462795688260062	1462795651800
1462795688308069	1462795651810
1462795688359071	1462795651820
1462795688409096	1462795651830
1462795688465106	1462795651840
1462795688520072	1462795651850
1462795688573081	1462795651860
1462795688625110	1462795651870
1462795688684122	1462795651880
1462795688721105	1462795651890
1462795688768136	1462795651900
1462795688818236	1462795651910
1462795688874181	1462795651920
1462795688923180	1462795651930
1462795688969073	1462795651940
1462795689024182	1462795651950
1462795689076227	1462795651960
1462795689133209	1462795651970
1462795689187200	1462795651980
1462795689236222	1462795651990
1462795689293229	1462795652000
1462795689346220	1462795652010
1462795689393226	1462795652020
1462795689439250	1462795652030
1462795689488256	1462795652040
1462795689546262	1462795652050
1462795689659242	1462795652060
1462795689742240	1462795652070
1462795689826313	1462795652080
1462795689882282	1462795652090
1462795689914183	1462795652100
1462795689994326	1462795652110
1462795690050329	1462795652120
1462795690083342	1462795652130
1462795690137353	1462795652140
1462795690169345	1462795652150
1462795690224355	1462795652160
1462795690256341	1462795652170
1462795690309344	1462795652180
1462795690340265	1462795652190
1462795690370354	1462795652200
1462795690400374	1462795652210
1462795690430398	1462795652220
1462795690482414	1462795652230
1462795690540427	1462795652240
1462795690603416	1462795652250
1462795690649420	1462795652260
1462795690699388	1462795652270
1462795690757443	1462795652280
1462795690812418	1462795652290
1462795690864458	1462795652300
1462795690919508	1462795652310
1462795690972365	1462795652320
1462795691022482	1462795652330
1462795691072487	1462795652340
1462795691118520	1462795652350
1462795691176521	1462795652360
1462795691227486	1462795652370
1462795691275498	1462795652380
1462795691323530	1462795652390
1462795691376569	1462795652400
1462795691429562	1462795652410
1462795691479527	1462795652420
1462795691527529	1462795652430
1462795691581572	1462795652440
1462795691633589	1462795652450
1462795691683559	1462795652460
1462795691732564	1462795652470
1462795691779569	1462795652480
1462795691829569	1462795652490
1462795691876579	1462795652500
1462795691927634	1462795652510
1462795691983639	1462795652520
1462795692034638	1462795652530
1462795692083644	1462795652540
1462795692135650	1462795652550
1462795692186658	1462795652560
1462795692236641	1462795652570
1462795692291678	1462795652580
1462795692348699	1462795652590
1462795692403645	1462795652600
1462795692463706	1462795652610
1462795692520708	1462795652620
1462795692551696	1462795652630
1462795692607722	1462795652640
1462795692652729	1462795652650
1462795692702735	1462795652660
1462795692751666	1462795652670
1462795692799765	1462795652680
1462795692863775	1462795652690
1462795692911680	1462795652700
1462795692966753	1462795652710
1462795693012755	1462795652720
1462795693068766	1462795652730
1462795693120824	1462795652740
1462795693170824	1462795652750
1462795693220794	1462795652760
1462795693268822	1462795652770
1462795693316832	1462795652780
1462795693366822	1462795652790
1462795693420865	1462795652800
1462795693475829	1462795652810
1462795693526878	1462795652820
1462795693583889	1462795652830
1462795693638878	1462795652840
1462795693689892	1462795652850
1462795693742901	1462795652860
1462795693794908	1462795652870
1462795693846812	1462795652880
1462795693903909	1462795652890
1462795693954920	1462795652900
1462795694010927	1462795652910
1462795694060947	1462795652920
1462795694108955	1462795652930
1462795694155968	1462795652940
1462795694204964	1462795652950
1462795694251974	1462795652960
1462795694300978	1462795652970
1462795694360021	1462795652980
1462795694397953	1462795652990
1462795694455017	1462795653000
1462795694505007	1462795653010
1462795694559022	1462795653020
1462795694610031	1462795653030
1462795694658936	1462795653040
1462795694710006	1462795653050
