341	1462795660511897	1462795660540258	1462795660578852
342	1462795660563154	1462795660591253	1462795660629862
343	1462795660613617	1462795660667963	1462795660683836
344	1462795660667768	1462795660771438	1462795660786847
345	1462795660771233	1462795660800801	1462795660816886
346	1462795660800604	1462795660831394	1462795660848925
347	1462795660831660	1462795660862228	1462795660890875
348	1462795660875235	1462795660891337	1462795660947878
349	1462795660932092	1462795660986548	1462795661001881
350	1462795660986313	1462795661034832	1462795661050915
351	1462795661034527	1462795661065189	1462795661164956
352	1462795661121726	1462795661175401	1462795661278952
353	1462795661234689	1462795661291439	1462795661362969
354	1462795661321737	1462795661375380	1462795661420963
355	1462795661404563	1462795661433404	1462795661479854
356	1462795661462566	1462795661520446	1462795661537961
357	1462795661520717	1462795661551471	1462795661593949
358	1462795661577594	1462795661605479	1462795661650008
359	1462795661609767	1462795661638484	1462795661683006
360	1462795661665776	1462795661694483	1462795661738012
361	1462795661721695	1462795661749500	1462795661793026
362	1462795661751772	1462795661780359	1462795661824025
363	1462795661806767	1462795661834448	1462795661854937
364	1462795661837708	1462795661865553	1462795661883990
365	1462795661867767	1462795661895542	1462795661937031
366	1462795661920865	1462795661925477	1462795661967068
367	1462795661950796	1462795661976491	1462795661997062
368	1462795661980846	1462795662006464	1462795662027062
369	1462795662010803	1462795662036524	1462795662062063
370	1462795662046491	1462795662067420	1462795662113079
371	1462795662097549	1462795662147837	1462795662194064
372	1462795662147562	1462795662206860	1462795662222978
373	1462795662206666	1462795662261637	1462795662277152
374	1462795662261441	1462795662313139	1462795662329105
375	1462795662312886	1462795662362558	1462795662378107
376	1462795662362366	1462795662413697	1462795662429132
377	1462795662413422	1462795662466605	1462795662482200
378	1462795662466413	1462795662518394	1462795662534202
379	1462795662518197	1462795662568385	1462795662590204
380	1462795662568133	1462795662616960	1462795662646115
381	1462795662616792	1462795662673475	1462795662689138
382	1462795662673286	1462795662723735	1462795662740074
383	1462795662723563	1462795662752560	1462795662795177
384	1462795662771626	1462795662782605	1462795662835186
385	1462795662819314	1462795662865651	1462795662892192
386	1462795662866697	1462795662904654	1462795662936189
387	1462795662917310	1462795662933601	1462795662988194
388	1462795662972056	1462795663027417	1462795663043224
389	1462795663027140	1462795663085990	1462795663102227
390	1462795663085822	1462795663114708	1462795663155248
391	1462795663135876	1462795663144623	1462795663205243
392	1462795663189388	1462795663247083	1462795663263124
393	1462795663246891	1462795663297029	1462795663313132
394	1462795663296831	1462795663312712	1462795663364227
395	1462795663348021	1462795663403183	1462795663419291
396	1462795663402990	1462795663460422	1462795663476286
397	1462795663460228	1462795663512884	1462795663528290
398	1462795663512686	1462795663564075	1462795663580202
399	1462795663563760	1462795663612191	1462795663628305
400	1462795663611996	1462795663661606	1462795663677317
401	1462795663661331	1462795663708519	1462795663724324
402	1462795663708319	1462795663756263	1462795663772338
403	1462795663756063	1462795663812963	1462795663829340
404	1462795663812795	1462795663841695	1462795663886297
405	1462795663864778	1462795663897705	1462795663944226
406	1462795663927019	1462795663956725	1462795664000361
407	1462795663983046	1462795664013688	1462795664057377
408	1462795664017828	1462795664072596	1462795664114237
409	1462795664072863	1462795664125726	1462795664146258
410	1462795664129053	1462795664157754	1462795664202359
411	1462795664184142	1462795664212772	1462795664244409
412	1462795664228557	1462795664245760	1462795664298408
413	1462795664282402	1462795664334562	1462795664380418
414	1462795664334278	1462795664393376	1462795664409454
415	1462795664393101	1462795664429194	1462795664445306
416	1462795664428923	1462795664453695	1462795664501438
417	1462795664485365	1462795664533810	1462795664558349
418	1462795664541161	1462795664569796	1462795664613469
419	1462795664593887	1462795664617822	1462795664663359
420	1462795664646157	1462795664702727	1462795664720469
421	1462795664702995	1462795664732809	1462795664774457
422	1462795664752604	1462795664762830	1462795664823461
423	1462795664807556	1462795664818861	1462795664875499
424	1462795664859561	1462795664908917	1462795664924527
425	1462795664908718	1462795664957094	1462795664972469
426	1462795664956896	1462795665007214	1462795665022532
427	1462795665006926	1462795665061477	1462795665077543
428	1462795665061278	1462795665117174	1462795665132533
429	1462795665116974	1462795665170349	1462795665186463
430	1462795665170153	1462795665226570	1462795665242556
431	1462795665226379	1462795665279419	1462795665295560
432	1462795665279226	1462795665329686	1462795665345471
433	1462795665329414	1462795665378889	1462795665394587
434	1462795665378614	1462795665432055	1462795665447598
435	1462795665431835	1462795665480113	1462795665495588
436	1462795665479891	1462795665532499	1462795665548593
437	1462795665532299	1462795665580038	1462795665595573
438	1462795665579829	1462795665629409	1462795665645467
439	1462795665629126	1462795665677873	1462795665693595
440	1462795665677599	1462795665725195	1462795665740604
441	1462795665725005	1462795665771241	1462795665786610
442	1462795665771049	1462795665822124	1462795665837645
443	1462795665821853	1462795665877515	1462795665893619
444	1462795665877328	1462795665927872	1462795665943660
445	1462795665927676	1462795665975205	1462795665990662
446	1462795665975013	1462795666023964	1462795666039672
447	1462795666023771	1462795666071370	1462795666086688
448	1462795666071173	1462795666083015	1462795666136703
449	1462795666120555	1462795666139178	1462795666190711
450	1462795666175169	1462795666204113	1462795666247638
451	1462795666231265	1462795666286579	1462795666302711
452	1462795666286390	1462795666337618	1462795666353719
453	1462795666337331	1462795666390881	1462795666406687
454	1462795666390683	1462795666443357	1462795666458733
455	1462795666443165	1462795666495808	1462795666511749
456	1462795666495601	1462795666550544	1462795666566658
457	1462795666550333	1462795666581078	1462795666616796
458	1462795666600521	1462795666611022	1462795666673660
459	1462795666657439	1462795666687208	1462795666723798
460	1462795666708302	1462795666737252	1462795666771788
461	1462795666755440	1462795666785283	1462795666820792
462	1462795666804901	1462795666863149	1462795666879797
463	1462795666863524	1462795666891180	1462795666916764
464	1462795666900719	1462795666929209	1462795666970817
465	1462795666954724	1462795667006423	1462795667021795
466	1462795667006225	1462795667057180	1462795667072848
467	1462795667056897	1462795667114232	1462795667129855
468	1462795667114037	1462795667164412	1462795667179845
469	1462795667164213	1462795667212420	1462795667227858
470	1462795667212224	1462795667259405	1462795667274860
471	1462795667259214	1462795667308510	1462795667323767
472	1462795667308240	1462795667357044	1462795667372878
473	1462795667356853	1462795667406606	1462795667421836
474	1462795667406332	1462795667459864	1462795667475883
475	1462795667459672	1462795667513097	1462795667528855
476	1462795667512898	1462795667570387	1462795667585906
477	1462795667570185	1462795667624822	1462795667640923
478	1462795667624623	1462795667676797	1462795667692944
479	1462795667676598	1462795667728031	1462795667743936
480	1462795667727807	1462795667775481	1462795667790941
481	1462795667775288	1462795667824917	1462795667840956
482	1462795667824724	1462795667883745	1462795667899870
483	1462795667883540	1462795667929106	1462795667944967
484	1462795667928906	1462795667958411	1462795667993970
485	1462795667978363	1462795668028749	1462795668044940
486	1462795668028551	1462795668079614	1462795668094964
487	1462795668079335	1462795668133536	1462795668148995
488	1462795668133342	1462795668185613	1462795668200977
489	1462795668185330	1462795668233703	1462795668249031
490	1462795668233420	1462795668287177	1462795668303030
491	1462795668286986	1462795668344844	1462795668391031
492	1462795668344654	1462795668403866	1462795668419948
493	1462795668403674	1462795668451939	1462795668468042
494	1462795668451656	1462795668504485	1462795668520049
495	1462795668504294	1462795668560106	1462795668576056
496	1462795668559835	1462795668612787	1462795668628968
497	1462795668612587	1462795668667841	1462795668684005
498	1462795668667559	1462795668723694	1462795668739099
499	1462795668723500	1462795668774258	1462795668790114
500	1462795668773982	1462795668827573	1462795668843144
501	1462795668827373	1462795668879033	1462795668895080
502	1462795668878836	1462795668930731	1462795668946123
503	1462795668930447	1462795668981028	1462795668997095
504	1462795668980831	1462795669033849	1462795669049137
505	1462795669033662	1462795669080794	1462795669096147
506	1462795669080596	1462795669136157	1462795669152165
507	1462795669135891	1462795669195558	1462795669211132
508	1462795669195276	1462795669248096	1462795669264171
509	1462795669247887	1462795669299243	1462795669315171
510	1462795669299052	1462795669348129	1462795669364175
511	1462795669347923	1462795669401381	1462795669417159
512	1462795669401183	1462795669453998	1462795669470100
513	1462795669453797	1462795669505191	1462795669521179
514	1462795669504909	1462795669553547	1462795669569206
515	1462795669553196	1462795669602728	1462795669618178
516	1462795669602453	1462795669656053	1462795669672070
517	1462795669655840	1462795669706829	1462795669722210
518	1462795669706639	1462795669758620	1462795669774185
519	1462795669758340	1462795669809069	1462795669825133
520	1462795669808873	1462795669861997	1462795669877251
521	1462795669861804	1462795669919615	1462795669935273
522	1462795669919423	1462795669969087	1462795669985177
523	1462795669968890	1462795670024226	1462795670040289
524	1462795670024027	1462795670076851	1462795670092292
525	1462795670076663	1462795670132236	1462795670148299
526	1462795670132024	1462795670184507	1462795670200340
527	1462795670184294	1462795670232593	1462795670248329
528	1462795670232345	1462795670284090	1462795670300223
529	1462795670283872	1462795670333035	1462795670348327
530	1462795670332837	1462795670379919	1462795670395278
531	1462795670379722	1462795670427926	1462795670443317
532	1462795670427727	1462795670480100	1462795670495389
533	1462795670479790	1462795670534840	1462795670550397
534	1462795670534644	1462795670587276	1462795670603272
535	1462795670587085	1462795670632550	1462795670678380
536	1462795670632358	1462795670691216	1462795670707284
537	1462795670691027	1462795670737876	1462795670753384
538	1462795670737683	1462795670766876	1462795670805291
539	1462795670788957	1462795670837116	1462795670852420
540	1462795670836927	1462795670884399	1462795670900401
541	1462795670884213	1462795670932364	1462795670948426
542	1462795670932177	1462795670979552	1462795670995434
543	1462795670979364	1462795671026808	1462795671042414
544	1462795671026599	1462795671077044	1462795671092412
545	1462795671076846	1462795671124400	1462795671140451
546	1462795671124207	1462795671176541	1462795671192457
547	1462795671176351	1462795671229156	1462795671244479
548	1462795671228967	1462795671280116	1462795671295442
549	1462795671279906	1462795671365472	1462795671407463
550	1462795671365230	1462795671422512	1462795671491453
551	1462795671422264	1462795671476949	1462795671547437
552	1462795671505341	1462795671533976	1462795671631471
553	1462795671590105	1462795671645276	1462795671663351
554	1462795671645105	1462795671674519	1462795671691485
555	1462795671674270	1462795671702970	1462795671744396
556	1462795671703224	1462795671755990	1462795671775382
557	1462795671756242	1462795671787019	1462795671827520
558	1462795671787380	1462795671816053	1462795671858462
559	1462795671841420	1462795671869941	1462795671887467
560	1462795671870195	1462795671898975	1462795671931469
561	1462795671915336	1462795671930981	1462795671979580
562	1462795671963442	1462795672012218	1462795672027619
563	1462795672012021	1462795672067871	1462795672083605
564	1462795672067678	1462795672120272	1462795672135610
565	1462795672120085	1462795672168117	1462795672191609
566	1462795672167926	1462795672204028	1462795672230613
567	1462795672214773	1462795672260036	1462795672283529
568	1462795672265376	1462795672324029	1462795672361495
569	1462795672324372	1462795672374084	1462795672416651
570	1462795672379370	1462795672407047	1462795672451522
571	1462795672430312	1462795672463014	1462795672507561
572	1462795672485372	1462795672519098	1462795672584565
573	1462795672547389	1462795672576079	1462795672620675
574	1462795672599391	1462795672628035	1462795672673588
575	1462795672656322	1462795672663090	1462795672728696
576	1462795672692505	1462795672720131	1462795672760682
577	1462795672744468	1462795672772149	1462795672814722
578	1462795672798433	1462795672806105	1462795672845613
579	1462795672828301	1462795672886098	1462795672929707
580	1462795672886445	1462795672917043	1462795672960730
581	1462795672944504	1462795672970095	1462795672992709
582	1462795672976430	1462795673004251	1462795673046618
583	1462795673030338	1462795673086212	1462795673103726
584	1462795673086482	1462795673117156	1462795673158771
585	1462795673128035	1462795673146195	1462795673214769
586	1462795673185591	1462795673227073	1462795673253768
587	1462795673237777	1462795673259214	1462795673301749
588	1462795673285190	1462795673313269	1462795673355792
589	1462795673339792	1462795673345229	1462795673411695
590	1462795673395344	1462795673454689	1462795673470752
591	1462795673454490	1462795673501175	1462795673516819
592	1462795673500837	1462795673514269	1462795673574724
593	1462795673558378	1462795673609144	1462795673624830
594	1462795673608874	1462795673644245	1462795673681736
595	1462795673661208	1462795673693313	1462795673736853
596	1462795673713270	1462795673749374	1462795673792852
597	1462795673768769	1462795673780287	1462795673836861
598	1462795673820588	1462795673872611	1462795673887780
599	1462795673872419	1462795673927178	1462795673942888
600	1462795673926992	1462795673984267	1462795674029889
601	1462795673983872	1462795674042680	1462795674058800
602	1462795674042490	1462795674088782	1462795674104901
603	1462795674088587	1462795674103318	1462795674158914
604	1462795674142952	1462795674172435	1462795674209922
605	1462795674193596	1462795674223404	1462795674260924
606	1462795674245466	1462795674274398	1462795674345960
607	1462795674299087	1462795674358365	1462795674374928
608	1462795674358630	1462795674399275	1462795674414942
609	1462795674399082	1462795674418412	1462795674464956
610	1462795674448827	1462795674496426	1462795674511961
611	1462795674496146	1462795674553345	1462795674570874
612	1462795674553592	1462795674583308	1462795674624978
613	1462795674602465	1462795674618360	1462795674667844
614	1462795674651612	1462795674681310	1462795674722014
615	1462795674705682	1462795674763096	1462795674779005
616	1462795674762814	1462795674817225	1462795674833015
617	1462795674817027	1462795674868558	1462795674884022
618	1462795674868370	1462795674917263	1462795674932984
619	1462795674917066	1462795674966240	1462795674982040
620	1462795674966045	1462795675014188	1462795675030044
621	1462795675013985	1462795675044402	1462795675082062
622	1462795675066373	1462795675073346	1462795675136069
623	1462795675119664	1462795675149414	1462795675192972
624	1462795675177292	1462795675233365	1462795675252991
625	1462795675233743	1462795675264365	1462795675309064
626	1462795675291635	1462795675319449	1462795675390129
627	1462795675349800	1462795675402474	1462795675446949
628	1462795675405805	1462795675458527	1462795675503123
629	1462795675462829	1462795675491517	1462795675536146
630	1462795675517704	1462795675546508	1462795675590150
631	1462795675549804	1462795675603558	1462795675621133
632	1462795675603951	1462795675632498	1462795675677117
633	1462795675637344	1462795675662498	1462795675709147
634	1462795675693584	1462795675864213	1462795675880172
635	1462795675864000	1462795675893935	1462795675911035
636	1462795675893768	1462795675921557	1462795675942007
637	1462795675924758	1462795675952557	1462795675995199
638	1462795675976904	1462795676004593	1462795676054100
639	1462795676037788	1462795676067925	1462795676109257
640	1462795676067764	1462795676096551	1462795676141214
641	1462795676123883	1462795676152578	1462795676196094
642	1462795676178745	1462795676207589	1462795676252235
643	1462795676210907	1462795676239599	1462795676283130
644	1462795676265856	1462795676293612	1462795676313158
645	1462795676295889	1462795676324625	1462795676367203
646	1462795676325827	1462795676353616	1462795676397163
647	1462795676380812	1462795676383627	1462795676427211
648	1462795676410961	1462795676438608	1462795676457063
649	1462795676440837	1462795676467649	1462795676500094
650	1462795676484247	1462795676496631	1462795676550135
651	1462795676533903	1462795676583183	1462795676599283
652	1462795676582987	1462795676632423	1462795676648333
653	1462795676632229	1462795676679361	1462795676695285
654	1462795676679171	1462795676736081	1462795676752159
655	1462795676735873	1462795676786166	1462795676802312
656	1462795676785976	1462795676835178	1462795676851326
657	1462795676834989	1462795676884010	1462795676899300
658	1462795676883800	1462795676933004	1462795676948349
659	1462795676932719	1462795676980428	1462795676996325
660	1462795676980232	1462795677028979	1462795677044338
661	1462795677028784	1462795677083511	1462795677099358
662	1462795677083315	1462795677133697	1462795677149362
663	1462795677133501	1462795677184060	1462795677199373
664	1462795677183849	1462795677234862	1462795677250378
665	1462795677234590	1462795677281139	1462795677297290
666	1462795677280952	1462795677293697	1462795677345398
667	1462795677329634	1462795677357720	1462795677391352
668	1462795677375886	1462795677424178	1462795677440261
669	1462795677423981	1462795677483388	1462795677499370
670	1462795677483108	1462795677521518	1462795677554429
671	1462795677521281	1462795677542788	1462795677585433
672	1462795677568002	1462795677596802	1462795677640297
673	1462795677623005	1462795677651800	1462795677678445
674	1462795677662988	1462795677691822	1462795677725455
675	1462795677706575	1462795677710820	1462795677771462
676	1462795677755606	1462795677776825	1462795677821320
677	1462795677805564	1462795677867840	1462795677904511
678	1462795677868105	1462795677895852	1462795677939428
679	1462795677918052	1462795677945845	1462795677990497
680	1462795677959040	1462795677980862	1462795678026400
681	1462795678009005	1462795678059846	1462795678081540
682	1462795678060115	1462795678107131	1462795678122528
683	1462795678106940	1462795678122869	1462795678170502
684	1462795678154699	1462795678203634	1462795678219531
685	1462795678203356	1462795678250389	1462795678266442
686	1462795678250191	1462795678300584	1462795678316544
687	1462795678300215	1462795678348376	1462795678364448
688	1462795678348038	1462795678396445	1462795678412533
689	1462795678396209	1462795678451508	1462795678467477
690	1462795678451313	1462795678501416	1462795678517430
691	1462795678501215	1462795678552406	1462795678568437
692	1462795678552210	1462795678599849	1462795678645563
693	1462795678599651	1462795678658579	1462795678674603
694	1462795678658298	1462795678743469	1462795678759613
695	1462795678743278	1462795678774486	1462795678815628
696	1462795678774237	1462795678804000	1462795678847623
697	1462795678830313	1462795678859080	1462795678903584
698	1462795678886296	1462795678916021	1462795678958593
699	1462795678918327	1462795678947068	1462795678989597
700	1462795678973336	1462795679030074	1462795679047560
701	1462795679030330	1462795679060045	1462795679101659
702	1462795679061317	1462795679089959	1462795679132569
703	1462795679115317	1462795679143070	1462795679187652
704	1462795679148390	1462795679203064	1462795679275590
705	1462795679259273	1462795679289701	1462795679331654
706	1462795679289454	1462795679318068	1462795679363558
707	1462795679345502	1462795679374037	1462795679419661
708	1462795679402426	1462795679433098	1462795679503739
709	1462795679460501	1462795679517199	1462795679589706
710	1462795679544557	1462795679600254	1462795679673653
711	1462795679629344	1462795679685169	1462795679730617
712	1462795679687453	1462795679742237	1462795679815778
713	1462795679798543	1462795679827285	1462795679873779
714	1462795679856659	1462795679885271	1462795679930836
715	1462795679914616	1462795679942231	1462795679985801
716	1462795679946589	1462795679975221	1462795680019721
717	1462795680002589	1462795680030296	1462795680049705
718	1462795680033400	1462795680061168	1462795680128768
719	1462795680112432	1462795680143723	1462795680160726
720	1462795680143445	1462795680172169	1462795680212871
721	1462795680174282	1462795680201263	1462795680243846
722	1462795680226421	1462795680254230	1462795680275818
723	1462795680259530	1462795680287238	1462795680358860
724	1462795680342595	1462795680373554	1462795680389865
725	1462795680373360	1462795680403138	1462795680442774
726	1462795680403531	1462795680432248	1462795680474815
727	1462795680456551	1462795680484224	1462795680505846
728	1462795680488561	1462795680516263	1462795680557896
729	1462795680519583	1462795680547283	1462795680593905
730	1462795680577549	1462795680607844	1462795680623893
731	1462795680607563	1462795680635290	1462795680653874
732	1462795680637600	1462795680664256	1462795680700782
733	1462795680684521	1462795680695271	1462795680736915
734	1462795680720583	1462795680742276	1462795680766824
735	1462795680750505	1462795680771304	1462795680797782
736	1462795680781510	1462795680808334	1462795680828837
737	1462795680812524	1462795680838310	1462795680869906
738	1462795680853690	1462795680895326	1462795680920954
739	1462795680904912	1462795680933274	1462795680970921
740	1462795680954836	1462795680984350	1462795681022960
741	1462795681006776	1462795681058512	1462795681073976
742	1462795681058323	1462795681109457	1462795681124994
743	1462795681109270	1462795681164840	1462795681180948
744	1462795681164641	1462795681220528	1462795681235993
745	1462795681220333	1462795681273033	1462795681288973
746	1462795681272838	1462795681328966	1462795681345006
747	1462795681328769	1462795681382103	1462795681398012
748	1462795681381915	1462795681432835	1462795681448922
749	1462795681432562	1462795681487559	1462795681502985
750	1462795681487363	1462795681541078	1462795681557052
751	1462795681540889	1462795681598847	1462795681614983
752	1462795681598659	1462795681649396	1462795681665065
753	1462795681649205	1462795681704927	1462795681721034
754	1462795681704738	1462795681756365	1462795681772077
755	1462795681756171	1462795681803832	1462795681819952
756	1462795681803632	1462795681851459	1462795681867056
757	1462795681851265	1462795681900125	1462795681916126
758	1462795681899910	1462795681949488	1462795681965089
759	1462795681949292	1462795682006167	1462795682022086
760	1462795682005968	1462795682057535	1462795682073113
761	1462795682057260	1462795682105641	1462795682121122
762	1462795682105450	1462795682153188	1462795682169131
763	1462795682152914	1462795682201569	1462795682217133
764	1462795682201378	1462795682248897	1462795682264147
765	1462795682248707	1462795682296178	1462795682312167
766	1462795682295974	1462795682354200	1462795682370176
767	1462795682354001	1462795682406239	1462795682422087
768	1462795682405961	1462795682454688	1462795682470201
769	1462795682454404	1462795682512928	1462795682529060
770	1462795682512735	1462795682558712	1462795682574220
771	1462795682558518	1462795682607441	1462795682623198
772	1462795682607254	1462795682657523	1462795682673181
773	1462795682657248	1462795682705830	1462795682721232
774	1462795682705641	1462795682762072	1462795682778146
775	1462795682761882	1462795682813521	1462795682829232
776	1462795682813325	1462795682861030	1462795682877142
777	1462795682860745	1462795682910115	1462795682926199
778	1462795682909920	1462795682964890	1462795682980251
779	1462795682964693	1462795683016523	1462795683032232
780	1462795683016244	1462795683074964	1462795683090274
781	1462795683074769	1462795683118762	1462795683134295
782	1462795683118564	1462795683176525	1462795683192300
783	1462795683176325	1462795683187736	1462795683247295
784	1462795683231119	1462795683243751	1462795683298308
785	1462795683282219	1462795683311778	1462795683351280
786	1462795683335340	1462795683387914	1462795683403304
787	1462795683387719	1462795683417641	1462795683454324
788	1462795683438387	1462795683492026	1462795683507298
789	1462795683491808	1462795683548337	1462795683564368
790	1462795683548140	1462795683602193	1462795683618268
791	1462795683602005	1462795683656906	1462795683672357
792	1462795683656717	1462795683709210	1462795683725268
793	1462795683709021	1462795683764082	1462795683779373
794	1462795683763786	1462795683816402	1462795683832379
795	1462795683816206	1462795683822692	1462795683880392
796	1462795683864828	1462795683878823	1462795683936419
797	1462795683920275	1462795683949761	1462795683989422
798	1462795683973392	1462795684025558	1462795684041417
799	1462795684025280	1462795684073828	1462795684089402
800	1462795684073560	1462795684121591	1462795684137463
801	1462795684121320	1462795684175631	1462795684191445
802	1462795684175439	1462795684225890	1462795684241462
803	1462795684225696	1462795684275099	1462795684290467
804	1462795684274911	1462795684325957	1462795684341437
805	1462795684325684	1462795684371823	1462795684387374
806	1462795684371618	1462795684418638	1462795684434477
807	1462795684418440	1462795684469963	1462795684485485
808	1462795684469682	1462795684518311	1462795684534397
809	1462795684518114	1462795684570739	1462795684586504
810	1462795684570544	1462795684622459	1462795684638497
811	1462795684622266	1462795684672335	1462795684688383
812	1462795684672059	1462795684729572	1462795684745495
813	1462795684729384	1462795684780635	1462795684796534
814	1462795684780448	1462795684828778	1462795684844508
815	1462795684828507	1462795684876265	1462795684891516
816	1462795684875977	1462795684930549	1462795684946557
817	1462795684930352	1462795684981644	1462795684997538
818	1462795684981450	1462795685036604	1462795685052589
819	1462795685036408	1462795685091647	1462795685107592
820	1462795685091451	1462795685147830	1462795685163583
821	1462795685147641	1462795685198136	1462795685213596
822	1462795685197949	1462795685249803	1462795685265601
823	1462795685249532	1462795685298468	1462795685314487
824	1462795685298198	1462795685350814	1462795685366591
825	1462795685350617	1462795685403038	1462795685418627
826	1462795685402842	1462795685453182	1462795685468663
827	1462795685452901	1462795685510126	1462795685525680
828	1462795685509933	1462795685560977	1462795685576649
829	1462795685560782	1462795685610692	1462795685626630
830	1462795685610419	1462795685663562	1462795685679639
831	1462795685663366	1462795685714713	1462795685730671
832	1462795685714526	1462795685765449	1462795685781560
833	1462795685765177	1462795685818777	1462795685834660
834	1462795685818563	1462795685871016	1462795685886723
835	1462795685870822	1462795685927197	1462795685942714
836	1462795685927007	1462795685930116	1462795685994690
837	1462795685978928	1462795685987069	1462795686044694
838	1462795686028610	1462795686058174	1462795686093700
839	1462795686077929	1462795686107175	1462795686140732
840	1462795686125178	1462795686154202	1462795686189759
841	1462795686173763	1462795686203171	1462795686237745
842	1462795686222022	1462795686269580	1462795686285654
843	1462795686269386	1462795686324628	1462795686340638
844	1462795686324439	1462795686381003	1462795686396776
845	1462795686380813	1462795686433500	1462795686448780
846	1462795686433311	1462795686487810	1462795686503717
847	1462795686487537	1462795686540459	1462795686555801
848	1462795686540269	1462795686591268	1462795686606808
849	1462795686591071	1462795686639020	1462795686654827
850	1462795686638828	1462795686695309	1462795686710836
851	1462795686695114	1462795686748434	1462795686763806
852	1462795686748155	1462795686797113	1462795686812836
853	1462795686796917	1462795686845942	1462795686861848
854	1462795686845662	1462795686899805	1462795686915865
855	1462795686899613	1462795686952476	1462795686967873
856	1462795686952286	1462795687001291	1462795687016747
857	1462795687001105	1462795687054960	1462795687070879
858	1462795687054770	1462795687106047	1462795687121885
859	1462795687105858	1462795687156443	1462795687171897
860	1462795687156255	1462795687206595	1462795687221870
861	1462795687206315	1462795687253062	1462795687268903
862	1462795687252870	1462795687299649	1462795687314934
863	1462795687299454	1462795687359119	1462795687374939
864	1462795687358923	1462795687427918	1462795687443943
865	1462795687427723	1462795687479148	1462795687494949
866	1462795687478959	1462795687529735	1462795687545852
867	1462795687529465	1462795687584380	1462795687599956
868	1462795687584189	1462795687635383	1462795687650919
869	1462795687635193	1462795687685374	1462795687700986
870	1462795687685178	1462795687731839	1462795687747858
871	1462795687731642	1462795687780958	1462795687796959
872	1462795687780676	1462795687837156	1462795687852977
873	1462795687836965	1462795687839370	1462795687903059
874	1462795687887361	1462795687916433	1462795687967012
875	1462795687950771	1462795687979477	1462795688015984
876	1462795687985931	1462795688010450	1462795688054047
877	1462795688036698	1462795688065484	1462795688110031
878	1462795688092739	1462795688121531	1462795688165020
879	1462795688140015	1462795688152458	1462795688207030
880	1462795688190961	1462795688244220	1462795688260062
881	1462795688244023	1462795688292175	1462795688308069
882	1462795688291957	1462795688321479	1462795688359071
883	1462795688343517	1462795688393178	1462795688409096
884	1462795688392908	1462795688449277	1462795688465106
885	1462795688449088	1462795688504088	1462795688520072
886	1462795688503789	1462795688557308	1462795688573081
887	1462795688557114	1462795688609328	1462795688625110
888	1462795688609133	1462795688667998	1462795688684122
889	1462795688667798	1462795688705711	1462795688721105
890	1462795688705522	1462795688733522	1462795688768136
891	1462795688752252	1462795688802713	1462795688818236
892	1462795688802428	1462795688858465	1462795688874181
893	1462795688858270	1462795688907618	1462795688923180
894	1462795688907425	1462795688953555	1462795688969073
895	1462795688953352	1462795689008343	1462795689024182
896	1462795689008155	1462795689060838	1462795689076227
897	1462795689060652	1462795689117547	1462795689133209
898	1462795689117358	1462795689171874	1462795689187200
899	1462795689171682	1462795689220480	1462795689236222
900	1462795689220292	1462795689277949	1462795689293229
901	1462795689277752	1462795689330606	1462795689346220
902	1462795689330409	1462795689377797	1462795689393226
903	1462795689377603	1462795689423447	1462795689439250
904	1462795689423254	1462795689472724	1462795689488256
905	1462795689472533	1462795689527146	1462795689546262
906	1462795689526980	1462795689613647	1462795689659242
907	1462795689614022	1462795689669665	1462795689742240
908	1462795689699177	1462795689728746	1462795689826313
909	1462795689784883	1462795689839693	1462795689882282
910	1462795689840985	1462795689869770	1462795689914183
911	1462795689896024	1462795689925755	1462795689994326
912	1462795689954154	1462795690006799	1462795690050329
913	1462795690010182	1462795690038735	1462795690083342
914	1462795690066001	1462795690094767	1462795690137353
915	1462795690097066	1462795690125869	1462795690169345
916	1462795690153199	1462795690180817	1462795690224355
917	1462795690207057	1462795690234878	1462795690256341
918	1462795690240298	1462795690266769	1462795690309344
919	1462795690292981	1462795690297782	1462795690340265
920	1462795690323139	1462795690350811	1462795690370354
921	1462795690354056	1462795690381731	1462795690400374
922	1462795690384134	1462795690411033	1462795690430398
923	1462795690414075	1462795690440818	1462795690482414
924	1462795690466696	1462795690470768	1462795690540427
925	1462795690524302	1462795690587693	1462795690603416
926	1462795690579651	1462795690633479	1462795690649420
927	1462795690633284	1462795690683911	1462795690699388
928	1462795690683635	1462795690741576	1462795690757443
929	1462795690741386	1462795690796513	1462795690812418
930	1462795690796316	1462795690848754	1462795690864458
931	1462795690848553	1462795690904209	1462795690919508
932	1462795690903961	1462795690956254	1462795690972365
933	1462795690956055	1462795691006861	1462795691022482
934	1462795691006673	1462795691056400	1462795691072487
935	1462795691056212	1462795691102946	1462795691118520
936	1462795691102749	1462795691160380	1462795691176521
937	1462795691160185	1462795691211621	1462795691227486
938	1462795691211434	1462795691259849	1462795691275498
939	1462795691259661	1462795691307882	1462795691323530
940	1462795691307685	1462795691360906	1462795691376569
941	1462795691360632	1462795691414155	1462795691429562
942	1462795691413886	1462795691463617	1462795691479527
943	1462795691463417	1462795691512080	1462795691527529
944	1462795691511871	1462795691565966	1462795691581572
945	1462795691565768	1462795691617746	1462795691633589
946	1462795691617550	1462795691668111	1462795691683559
947	1462795691667902	1462795691716886	1462795691732564
948	1462795691716698	1462795691763940	1462795691779569
949	1462795691763754	1462795691813498	1462795691829569
950	1462795691813226	1462795691861137	1462795691876579
951	1462795691860947	1462795691911916	1462795691927634
952	1462795691911643	1462795691967653	1462795691983639
953	1462795691967454	1462795692018778	1462795692034638
954	1462795692018491	1462795692068307	1462795692083644
955	1462795692068108	1462795692120144	1462795692135650
956	1462795692119927	1462795692170881	1462795692186658
957	1462795692170682	1462795692221385	1462795692236641
958	1462795692221196	1462795692276036	1462795692291678
959	1462795692275827	1462795692304180	1462795692348699
960	1462795692328017	1462795692338134	1462795692403645
961	1462795692376185	1462795692394188	1462795692463706
962	1462795692424714	1462795692476113	1462795692520708
963	1462795692478345	1462795692507145	1462795692551696
964	1462795692534347	1462795692563222	1462795692607722
965	1462795692583811	1462795692594140	1462795692652729
966	1462795692636458	1462795692687234	1462795692702735
967	1462795692687039	1462795692707125	1462795692751666
968	1462795692734888	1462795692764148	1462795692799765
969	1462795692783920	1462795692820284	1462795692863775
970	1462795692840054	1462795692868143	1462795692911680
971	1462795692895243	1462795692918159	1462795692966753
972	1462795692950509	1462795692997322	1462795693012755
973	1462795692997121	1462795693053070	1462795693068766
974	1462795693052875	1462795693105307	1462795693120824
975	1462795693105115	1462795693155056	1462795693170824
976	1462795693154863	1462795693205394	1462795693220794
977	1462795693205199	1462795693253012	1462795693268822
978	1462795693252735	1462795693268191	1462795693316832
979	1462795693301044	1462795693324216	1462795693366822
980	1462795693351096	1462795693404744	1462795693420865
981	1462795693404558	1462795693460172	1462795693475829
982	1462795693459915	1462795693511440	1462795693526878
983	1462795693511246	1462795693568161	1462795693583889
984	1462795693567890	1462795693622935	1462795693638878
985	1462795693622740	1462795693674169	1462795693689892
986	1462795693673891	1462795693727378	1462795693742901
987	1462795693727186	1462795693779515	1462795693794908
988	1462795693779324	1462795693830774	1462795693846812
989	1462795693830505	1462795693888291	1462795693903909
990	1462795693888106	1462795693939626	1462795693954920
991	1462795693939353	1462795693994971	1462795694010927
992	1462795693994785	1462795694045300	1462795694060947
993	1462795694045108	1462795694093180	1462795694108955
994	1462795694092900	1462795694140575	1462795694155968
995	1462795694140381	1462795694189322	1462795694204964
996	1462795694189047	1462795694235932	1462795694251974
997	1462795694235740	1462795694284862	1462795694300978
998	1462795694284668	1462795694343959	1462795694360021
999	1462795694343700	1462795694382371	1462795694397953
1000	1462795694382091	1462795694438920	1462795694455017
1001	1462795694438725	1462795694489379	1462795694505007
1002	1462795694489102	1462795694543267	1462795694559022
1003	1462795694543077	1462795694593981	1462795694610031
1004	1462795694593793	1462795694642879	1462795694658936
