1462529450512183	1462529445090
1462529450512183	1462529445090
1462529450574216	1462529445100
1462529450574216	1462529445100
1462529450629218	1462529445110
1462529450629218	1462529445110
1462529450684230	1462529445120
1462529450684230	1462529445120
1462529450741255	1462529445130
1462529450741255	1462529445130
1462529450793334	1462529445140
1462529450793334	1462529445140
1462529450843252	1462529445150
1462529450843252	1462529445150
1462529450900257	1462529445160
1462529450900257	1462529445160
1462529450954316	1462529445170
1462529450954316	1462529445170
1462529451007319	1462529445180
1462529451007319	1462529445180
1462529451057346	1462529445190
1462529451057346	1462529445190
1462529451116296	1462529445200
1462529451116296	1462529445200
1462529451169301	1462529445210
1462529451169301	1462529445210
1462529451223391	1462529445220
1462529451223391	1462529445220
1462529451275399	1462529445230
1462529451275399	1462529445230
1462529451330232	1462529445240
1462529451330232	1462529445240
1462529451386363	1462529445250
1462529451386363	1462529445250
1462529451439407	1462529445260
1462529451439407	1462529445260
1462529451490371	1462529445270
1462529451490371	1462529445270
1462529451537408	1462529445280
1462529451537408	1462529445280
1462529451587312	1462529445290
1462529451587312	1462529445290
1462529451634438	1462529445300
1462529451634438	1462529445300
1462529451684440	1462529445310
1462529451684440	1462529445310
1462529451741387	1462529445320
1462529451741387	1462529445320
1462529451792444	1462529445330
1462529451792444	1462529445330
1462529451839428	1462529445340
1462529451839428	1462529445340
1462529451886425	1462529445350
1462529451886425	1462529445350
1462529451941500	1462529445360
1462529451941500	1462529445360
1462529451990448	1462529445370
1462529451990448	1462529445370
1462529452038493	1462529445380
1462529452038493	1462529445380
1462529452092510	1462529445390
1462529452092510	1462529445390
1462529452149499	1462529445400
1462529452149499	1462529445400
1462529452245421	1462529445410
1462529452245421	1462529445410
1462529452288524	1462529445420
1462529452288524	1462529445420
1462529452338540	1462529445430
1462529452338540	1462529445430
1462529452413487	1462529445440
1462529452413487	1462529445440
1462529452457544	1462529445450
1462529452457544	1462529445450
1462529452518572	1462529445460
1462529452518572	1462529445460
1462529452839598	1462529445470
1462529452839598	1462529445470
1462529453107645	1462529445480
1462529453107645	1462529445480
1462529453156619	1462529445490
1462529453156619	1462529445490
1462529453203663	1462529445500
1462529453203663	1462529445500
1462529453251664	1462529445510
1462529453251664	1462529445510
1462529453325675	1462529445520
1462529453325675	1462529445520
1462529453393663	1462529445530
1462529453393663	1462529445530
1462529453450554	1462529445540
1462529453450554	1462529445540
1462529453506576	1462529445550
1462529453506576	1462529445550
1462529453562613	1462529445560
1462529453562613	1462529445560
1462529453612720	1462529445570
1462529453612720	1462529445570
1462529453665732	1462529445580
1462529453665732	1462529445580
1462529453715644	1462529445590
1462529453715644	1462529445590
1462529453763702	1462529445600
1462529453763702	1462529445600
1462529453816725	1462529445610
1462529453816725	1462529445610
1462529453896742	1462529445620
1462529453896742	1462529445620
1462529453946789	1462529445630
1462529453946789	1462529445630
1462529453995785	1462529445640
1462529453995785	1462529445640
1462529454048786	1462529445650
1462529454048786	1462529445650
1462529454093792	1462529445660
1462529454093792	1462529445660
1462529454142804	1462529445670
1462529454142804	1462529445670
1462529454189825	1462529445680
1462529454189825	1462529445680
1462529454244833	1462529445690
1462529454244833	1462529445690
1462529454297729	1462529445700
1462529454297729	1462529445700
1462529454345736	1462529445710
1462529454345736	1462529445710
1462529454391851	1462529445720
1462529454391851	1462529445720
1462529454441701	1462529445730
1462529454441701	1462529445730
1462529454489886	1462529445740
1462529454489886	1462529445740
1462529454531857	1462529445750
1462529454531857	1462529445750
1462529454577886	1462529445760
1462529454577886	1462529445760
1462529454629796	1462529445770
1462529454629796	1462529445770
1462529454684902	1462529445780
1462529454684902	1462529445780
1462529454747896	1462529445790
1462529454747896	1462529445790
1462529454836910	1462529445800
1462529454836910	1462529445800
1462529454865812	1462529445810
1462529454865812	1462529445810
1462529454934937	1462529445820
1462529454934937	1462529445820
1462529454985936	1462529445830
1462529454985936	1462529445830
1462529455049792	1462529445840
1462529455049792	1462529445840
1462529455105994	1462529445850
1462529455105994	1462529445850
1462529455160860	1462529445860
1462529455160860	1462529445860
1462529455216869	1462529445870
1462529455216869	1462529445870
1462529455247977	1462529445880
1462529455247977	1462529445880
1462529455301953	1462529445890
1462529455301953	1462529445890
1462529455337959	1462529445900
1462529455337959	1462529445900
1462529455424009	1462529445910
1462529455424009	1462529445910
1462529455472017	1462529445920
1462529455472017	1462529445920
1462529455526928	1462529445930
1462529455526928	1462529445930
1462529455585014	1462529445940
1462529455585014	1462529445940
1462529455640034	1462529445950
1462529455640034	1462529445950
1462529455697041	1462529445960
1462529455697041	1462529445960
1462529455753003	1462529445970
1462529455753003	1462529445970
1462529455785023	1462529445980
1462529455785023	1462529445980
1462529455840962	1462529445990
1462529455840962	1462529445990
1462529455896062	1462529446000
1462529455896062	1462529446000
1462529455936035	1462529446010
1462529455936035	1462529446010
1462529455988099	1462529446020
1462529455988099	1462529446020
1462529456035098	1462529446030
1462529456035098	1462529446030
1462529456096995	1462529446040
1462529456096995	1462529446040
1462529456393149	1462529446050
1462529456393149	1462529446050
1462529456683190	1462529446060
1462529456683190	1462529446060
1462529456737100	1462529446070
1462529456737100	1462529446070
1462529456781201	1462529446080
1462529456781201	1462529446080
1462529456828222	1462529446090
1462529456828222	1462529446090
1462529456875121	1462529446100
1462529456875121	1462529446100
1462529456924207	1462529446110
1462529456924207	1462529446110
1462529456971251	1462529446120
1462529456971251	1462529446120
1462529457030138	1462529446130
1462529457030138	1462529446130
1462529457066251	1462529446140
1462529457066251	1462529446140
1462529457296279	1462529446150
1462529457296279	1462529446150
1462529457336287	1462529446160
1462529457336287	1462529446160
1462529457448309	1462529446170
1462529457448309	1462529446170
1462529457495217	1462529446180
1462529457495217	1462529446180
1462529457545320	1462529446190
1462529457545320	1462529446190
1462529457594343	1462529446200
1462529457594343	1462529446200
1462529457644324	1462529446210
1462529457644324	1462529446210
1462529457701341	1462529446220
1462529457701341	1462529446220
1462529457748355	1462529446230
1462529457748355	1462529446230
1462529457798360	1462529446240
1462529457798360	1462529446240
1462529457847369	1462529446250
1462529457847369	1462529446250
1462529457895349	1462529446260
1462529457895349	1462529446260
1462529457951384	1462529446270
1462529457951384	1462529446270
1462529457989340	1462529446280
1462529457989340	1462529446280
1462529458045390	1462529446290
1462529458045390	1462529446290
1462529458100385	1462529446300
1462529458100385	1462529446300
1462529458175416	1462529446310
1462529458175416	1462529446310
1462529458226428	1462529446320
1462529458226428	1462529446320
1462529458282435	1462529446330
1462529458282435	1462529446330
1462529458327442	1462529446340
1462529458327442	1462529446340
1462529458375471	1462529446350
1462529458375471	1462529446350
1462529458432451	1462529446360
1462529458432451	1462529446360
1462529458489319	1462529446370
1462529458489319	1462529446370
1462529458544475	1462529446380
1462529458544475	1462529446380
1462529458583484	1462529446390
1462529458583484	1462529446390
1462529458632408	1462529446400
1462529458632408	1462529446400
1462529458681466	1462529446410
1462529458681466	1462529446410
1462529458746407	1462529446420
1462529458746407	1462529446420
1462529458801432	1462529446430
1462529458801432	1462529446430
1462529458833529	1462529446440
1462529458833529	1462529446440
1462529458887400	1462529446450
1462529458887400	1462529446450
1462529458943633	1462529446460
1462529458943633	1462529446460
1462529459001470	1462529446470
1462529459001470	1462529446470
1462529459055496	1462529446480
1462529459055496	1462529446480
1462529459087408	1462529446490
1462529459087408	1462529446490
1462529459142438	1462529446500
1462529459142438	1462529446500
1462529459178583	1462529446510
1462529459178583	1462529446510
1462529459234556	1462529446520
1462529459234556	1462529446520
1462529459285562	1462529446530
1462529459285562	1462529446530
1462529459333592	1462529446540
1462529459333592	1462529446540
1462529459382599	1462529446550
1462529459382599	1462529446550
1462529459429566	1462529446560
1462529459429566	1462529446560
1462529459478587	1462529446570
1462529459478587	1462529446570
1462529459527618	1462529446580
1462529459527618	1462529446580
1462529459583604	1462529446590
1462529459583604	1462529446590
1462529459640640	1462529446600
1462529459640640	1462529446600
1462529459691652	1462529446610
1462529459691652	1462529446610
1462529459741664	1462529446620
1462529459741664	1462529446620
1462529459790664	1462529446630
1462529459790664	1462529446630
1462529459836668	1462529446640
1462529459836668	1462529446640
1462529459909653	1462529446650
1462529459909653	1462529446650
1462529459939674	1462529446660
1462529459939674	1462529446660
1462529459981614	1462529446670
1462529459981614	1462529446670
1462529460030778	1462529446680
1462529460030778	1462529446680
1462529460087716	1462529446690
1462529460087716	1462529446690
1462529460136719	1462529446700
1462529460136719	1462529446700
1462529460185726	1462529446710
1462529460185726	1462529446710
1462529460235732	1462529446720
1462529460235732	1462529446720
1462529460398758	1462529446730
1462529460398758	1462529446730
1462529460428703	1462529446740
1462529460428703	1462529446740
1462529460458780	1462529446750
1462529460458780	1462529446750
1462529460498748	1462529446760
1462529460498748	1462529446760
1462529460610787	1462529446770
1462529460610787	1462529446770
1462529460694799	1462529446780
1462529460694799	1462529446780
1462529460807815	1462529446790
1462529460807815	1462529446790
1462529460865729	1462529446800
1462529460865729	1462529446800
1462529460922694	1462529446810
1462529460922694	1462529446810
1462529461003854	1462529446820
1462529461003854	1462529446820
1462529461034848	1462529446830
1462529461034848	1462529446830
1462529461090847	1462529446840
1462529461090847	1462529446840
1462529461230879	1462529446850
1462529461230879	1462529446850
1462529461540928	1462529446860
1462529461540928	1462529446860
1462529461584934	1462529446870
1462529461584934	1462529446870
1462529461634944	1462529446880
1462529461634944	1462529446880
1462529461683969	1462529446890
1462529461683969	1462529446890
1462529461732975	1462529446900
1462529461732975	1462529446900
1462529461780943	1462529446910
1462529461780943	1462529446910
1462529461828947	1462529446920
1462529461828947	1462529446920
1462529461876954	1462529446930
1462529461876954	1462529446930
1462529461956002	1462529446940
1462529461956002	1462529446940
1462529462118021	1462529446950
1462529462118021	1462529446950
1462529462463072	1462529446960
1462529462463072	1462529446960
1462529462558088	1462529446970
1462529462558088	1462529446970
1462529462604090	1462529446980
1462529462604090	1462529446980
1462529462661101	1462529446990
1462529462661101	1462529446990
1462529462705110	1462529447000
1462529462705110	1462529447000
1462529462752021	1462529447010
1462529462752021	1462529447010
1462529462805030	1462529447020
1462529462805030	1462529447020
1462529463097073	1462529447030
1462529463097073	1462529447030
1462529463154198	1462529447040
1462529463154198	1462529447040
1462529463208201	1462529447050
1462529463208201	1462529447050
1462529463361216	1462529447060
1462529463361216	1462529447060
1462529463568250	1462529447070
1462529463568250	1462529447070
1462529463613254	1462529447080
1462529463613254	1462529447080
1462529463661254	1462529447090
1462529463661254	1462529447090
1462529463710232	1462529447100
1462529463710232	1462529447100
1462529463761214	1462529447110
1462529463761214	1462529447110
1462529463808268	1462529447120
1462529463808268	1462529447120
1462529463862270	1462529447130
1462529463862270	1462529447130
1462529463914295	1462529447140
1462529463914295	1462529447140
1462529463964298	1462529447150
1462529463964298	1462529447150
1462529464013277	1462529447160
1462529464013277	1462529447160
1462529464309241	1462529447170
1462529464309241	1462529447170
1462529464366339	1462529447180
1462529464366339	1462529447180
1462529464397242	1462529447190
1462529464397242	1462529447190
1462529464426363	1462529447200
1462529464426363	1462529447200
1462529464456341	1462529447210
1462529464456341	1462529447210
1462529464486339	1462529447220
1462529464486339	1462529447220
1462529464516399	1462529447230
1462529464516399	1462529447230
1462529464546392	1462529447240
1462529464546392	1462529447240
1462529464576367	1462529447250
1462529464576367	1462529447250
1462529464606295	1462529447260
1462529464606295	1462529447260
1462529464636401	1462529447270
1462529464636401	1462529447270
1462529464707316	1462529447280
1462529464707316	1462529447280
1462529464738286	1462529447290
1462529464738286	1462529447290
1462529464793251	1462529447300
1462529464793251	1462529447300
1462529464824388	1462529447310
1462529464824388	1462529447310
1462529464854409	1462529447320
1462529464854409	1462529447320
1462529464884387	1462529447330
1462529464884387	1462529447330
1462529464914442	1462529447340
1462529464914442	1462529447340
1462529464944435	1462529447350
1462529464944435	1462529447350
1462529464986429	1462529447360
1462529464986429	1462529447360
1462529465041371	1462529447370
1462529465041371	1462529447370
1462529465092466	1462529447380
1462529465092466	1462529447380
1462529465147448	1462529447390
1462529465147448	1462529447390
1462529465197484	1462529447400
1462529465197484	1462529447400
1462529465246499	1462529447410
1462529465246499	1462529447410
1462529465295406	1462529447420
1462529465295406	1462529447420
1462529465339463	1462529447430
1462529465339463	1462529447430
1462529465391438	1462529447440
1462529465391438	1462529447440
1462529465440521	1462529447450
1462529465440521	1462529447450
1462529465498498	1462529447460
1462529465498498	1462529447460
1462529465580546	1462529447470
1462529465580546	1462529447470
1462529465638452	1462529447480
1462529465638452	1462529447480
1462529465696443	1462529447490
1462529465696443	1462529447490
1462529465751475	1462529447500
1462529465751475	1462529447500
1462529465783451	1462529447510
1462529465783451	1462529447510
1462529465838520	1462529447520
1462529465838520	1462529447520
1462529465868603	1462529447530
1462529465868603	1462529447530
1462529465922563	1462529447540
1462529465922563	1462529447540
1462529465953605	1462529447550
1462529465953605	1462529447550
1462529465997612	1462529447560
1462529465997612	1462529447560
1462529466048616	1462529447570
1462529466048616	1462529447570
1462529466098626	1462529447580
1462529466098626	1462529447580
1462529466152678	1462529447590
1462529466152678	1462529447590
1462529466207633	1462529447600
1462529466207633	1462529447600
1462529466255653	1462529447610
1462529466255653	1462529447610
1462529466309658	1462529447620
1462529466309658	1462529447620
1462529466357698	1462529447630
1462529466357698	1462529447630
1462529466408674	1462529447640
1462529466408674	1462529447640
1462529466459573	1462529447650
1462529466459573	1462529447650
1462529466507666	1462529447660
1462529466507666	1462529447660
1462529466564712	1462529447670
1462529466564712	1462529447670
1462529466603693	1462529447680
1462529466603693	1462529447680
1462529466652595	1462529447690
1462529466652595	1462529447690
1462529466704724	1462529447700
1462529466704724	1462529447700
1462529466752727	1462529447710
1462529466752727	1462529447710
1462529466803740	1462529447720
1462529466803740	1462529447720
1462529466854750	1462529447730
1462529466854750	1462529447730
1462529466910750	1462529447740
1462529466910750	1462529447740
1462529466959732	1462529447750
1462529466959732	1462529447750
1462529467012718	1462529447760
1462529467012718	1462529447760
1462529467067749	1462529447770
1462529467067749	1462529447770
1462529467118684	1462529447780
1462529467118684	1462529447780
1462529467167785	1462529447790
1462529467167785	1462529447790
1462529467253799	1462529447800
1462529467253799	1462529447800
1462529467282778	1462529447810
1462529467282778	1462529447810
1462529467413829	1462529447820
1462529467413829	1462529447820
1462529467464785	1462529447830
1462529467464785	1462529447830
1462529467520695	1462529447840
1462529467520695	1462529447840
1462529467573847	1462529447850
1462529467573847	1462529447850
1462529467622855	1462529447860
1462529467622855	1462529447860
1462529467682862	1462529447870
1462529467682862	1462529447870
1462529467737878	1462529447880
1462529467737878	1462529447880
1462529467811889	1462529447890
1462529467811889	1462529447890
1462529467865909	1462529447900
1462529467865909	1462529447900
1462529467911894	1462529447910
1462529467911894	1462529447910
1462529467959851	1462529447920
1462529467959851	1462529447920
1462529468009891	1462529447930
1462529468009891	1462529447930
1462529468054905	1462529447940
1462529468054905	1462529447940
1462529468108932	1462529447950
1462529468108932	1462529447950
1462529468158946	1462529447960
1462529468158946	1462529447960
1462529468208950	1462529447970
1462529468208950	1462529447970
1462529468256928	1462529447980
1462529468256928	1462529447980
1462529468316919	1462529447990
1462529468316919	1462529447990
1462529468367921	1462529448000
1462529468367921	1462529448000
1462529468420950	1462529448010
1462529468420950	1462529448010
1462529468471992	1462529448020
1462529468471992	1462529448020
1462529468519993	1462529448030
1462529468519993	1462529448030
1462529468574003	1462529448040
1462529468574003	1462529448040
1462529468626011	1462529448050
1462529468626011	1462529448050
1462529468675033	1462529448060
1462529468675033	1462529448060
1462529468725029	1462529448070
1462529468725029	1462529448070
1462529468774939	1462529448080
1462529468774939	1462529448080
1462529468825039	1462529448090
1462529468825039	1462529448090
1462529468875018	1462529448100
1462529468875018	1462529448100
1462529468925070	1462529448110
1462529468925070	1462529448110
1462529468976073	1462529448120
1462529468976073	1462529448120
1462529469023955	1462529448130
1462529469023955	1462529448130
1462529469080098	1462529448140
1462529469080098	1462529448140
1462529469137087	1462529448150
1462529469137087	1462529448150
1462529469182117	1462529448160
1462529469182117	1462529448160
1462529469230133	1462529448170
1462529469230133	1462529448170
1462529469278130	1462529448180
1462529469278130	1462529448180
1462529469324119	1462529448190
1462529469324119	1462529448190
1462529469370115	1462529448200
1462529469370115	1462529448200
1462529469422100	1462529448210
1462529469422100	1462529448210
1462529469472160	1462529448220
1462529469472160	1462529448220
1462529469526049	1462529448230
1462529469526049	1462529448230
1462529469575157	1462529448240
1462529469575157	1462529448240
1462529469623164	1462529448250
1462529469623164	1462529448250
1462529469672144	1462529448260
1462529469672144	1462529448260
1462529469721148	1462529448270
1462529469721148	1462529448270
1462529469771161	1462529448280
1462529469771161	1462529448280
1462529469820204	1462529448290
1462529469820204	1462529448290
1462529469876158	1462529448300
1462529469876158	1462529448300
1462529469933244	1462529448310
1462529469933244	1462529448310
1462529469986220	1462529448320
1462529469986220	1462529448320
1462529470031220	1462529448330
1462529470031220	1462529448330
1462529470078236	1462529448340
1462529470078236	1462529448340
1462529470126226	1462529448350
1462529470126226	1462529448350
1462529470175242	1462529448360
1462529470175242	1462529448360
1462529470231211	1462529448370
1462529470231211	1462529448370
1462529470287282	1462529448380
1462529470287282	1462529448380
1462529470344277	1462529448390
1462529470344277	1462529448390
1462529470392277	1462529448400
1462529470392277	1462529448400
1462529470439308	1462529448410
1462529470439308	1462529448410
1462529470490265	1462529448420
1462529470490265	1462529448420
1462529470546336	1462529448430
1462529470546336	1462529448430
1462529470592326	1462529448440
1462529470592326	1462529448440
1462529470654223	1462529448450
1462529470654223	1462529448450
1462529470738333	1462529448460
1462529470738333	1462529448460
1462529470767342	1462529448470
1462529470767342	1462529448470
1462529470798241	1462529448480
1462529470798241	1462529448480
1462529470851351	1462529448490
1462529470851351	1462529448490
1462529470897273	1462529448500
1462529470897273	1462529448500
1462529470945281	1462529448510
1462529470945281	1462529448510
1462529470992379	1462529448520
1462529470992379	1462529448520
1462529471228407	1462529448530
1462529471228407	1462529448530
1462529471279316	1462529448540
1462529471279316	1462529448540
1462529471347425	1462529448550
1462529471347425	1462529448550
1462529471648366	1462529448560
1462529471648366	1462529448560
1462529471961512	1462529448570
1462529471961512	1462529448570
1462529472072534	1462529448580
1462529472072534	1462529448580
1462529472119549	1462529448590
1462529472119549	1462529448590
1462529472171546	1462529448600
1462529472171546	1462529448600
1462529472225575	1462529448610
1462529472225575	1462529448610
1462529472277567	1462529448620
1462529472277567	1462529448620
1462529472322573	1462529448630
1462529472322573	1462529448630
1462529472369579	1462529448640
1462529472369579	1462529448640
1462529472417585	1462529448650
1462529472417585	1462529448650
1462529472491566	1462529448660
1462529472491566	1462529448660
1462529472537605	1462529448670
1462529472537605	1462529448670
1462529472622609	1462529448680
1462529472622609	1462529448680
1462529472651622	1462529448690
1462529472651622	1462529448690
1462529472705633	1462529448700
1462529472705633	1462529448700
1462529472738533	1462529448710
1462529472738533	1462529448710
1462529472849654	1462529448720
1462529472849654	1462529448720
1462529472878667	1462529448730
1462529472878667	1462529448730
1462529472909554	1462529448740
1462529472909554	1462529448740
1462529472963709	1462529448750
1462529472963709	1462529448750
1462529472994649	1462529448760
1462529472994649	1462529448760
1462529473050666	1462529448770
1462529473050666	1462529448770
1462529473081565	1462529448780
1462529473081565	1462529448780
1462529473138659	1462529448790
1462529473138659	1462529448790
1462529473186705	1462529448800
1462529473186705	1462529448800
1462529473233704	1462529448810
1462529473233704	1462529448810
1462529473283736	1462529448820
1462529473283736	1462529448820
1462529473330628	1462529448830
1462529473330628	1462529448830
1462529473402735	1462529448840
1462529473402735	1462529448840
1462529473469761	1462529448850
1462529473469761	1462529448850
1462529473521757	1462529448860
1462529473521757	1462529448860
1462529473569617	1462529448870
1462529473569617	1462529448870
1462529473619728	1462529448880
1462529473619728	1462529448880
1462529473699786	1462529448890
1462529473699786	1462529448890
1462529473749785	1462529448900
1462529473749785	1462529448900
1462529473797802	1462529448910
1462529473797802	1462529448910
1462529473844783	1462529448920
1462529473844783	1462529448920
1462529473892689	1462529448930
1462529473892689	1462529448930
1462529473989838	1462529448940
1462529473989838	1462529448940
1462529474037836	1462529448950
1462529474037836	1462529448950
1462529474085844	1462529448960
1462529474085844	1462529448960
1462529474133855	1462529448970
1462529474133855	1462529448970
1462529474181852	1462529448980
1462529474181852	1462529448980
1462529474263874	1462529448990
1462529474263874	1462529448990
1462529474311879	1462529449000
1462529474311879	1462529449000
1462529474360895	1462529449010
1462529474360895	1462529449010
1462529474441909	1462529449020
1462529474441909	1462529449020
1462529474487914	1462529449030
1462529474487914	1462529449030
1462529474539918	1462529449040
1462529474539918	1462529449040
1462529474602925	1462529449050
1462529474602925	1462529449050
1462529474649926	1462529449060
1462529474649926	1462529449060
1462529474696932	1462529449070
1462529474696932	1462529449070
1462529474744962	1462529449080
1462529474744962	1462529449080
1462529474804953	1462529449090
1462529474804953	1462529449090
1462529474849961	1462529449100
1462529474849961	1462529449100
1462529474898966	1462529449110
1462529474898966	1462529449110
1462529474948005	1462529449120
1462529474948005	1462529449120
1462529474996978	1462529449130
1462529474996978	1462529449130
1462529475050945	1462529449140
1462529475050945	1462529449140
1462529475101974	1462529449150
1462529475101974	1462529449150
1462529475152020	1462529449160
1462529475152020	1462529449160
1462529475205029	1462529449170
1462529475205029	1462529449170
1462529475260022	1462529449180
1462529475260022	1462529449180
1462529475350043	1462529449190
1462529475350043	1462529449190
1462529475380039	1462529449200
1462529475380039	1462529449200
1462529475489054	1462529449210
1462529475489054	1462529449210
1462529475541065	1462529449220
1462529475541065	1462529449220
1462529475591087	1462529449230
1462529475591087	1462529449230
1462529475644092	1462529449240
1462529475644092	1462529449240
1462529475696086	1462529449250
1462529475696086	1462529449250
1462529475742097	1462529449260
1462529475742097	1462529449260
1462529475791099	1462529449270
1462529475791099	1462529449270
1462529475837112	1462529449280
1462529475837112	1462529449280
1462529475887015	1462529449290
1462529475887015	1462529449290
1462529475933129	1462529449300
1462529475933129	1462529449300
1462529475981066	1462529449310
1462529475981066	1462529449310
1462529476030160	1462529449320
1462529476030160	1462529449320
1462529476084122	1462529449330
1462529476084122	1462529449330
1462529476136178	1462529449340
1462529476136178	1462529449340
1462529476187173	1462529449350
1462529476187173	1462529449350
1462529476321185	1462529449360
1462529476321185	1462529449360
1462529476368190	1462529449370
1462529476368190	1462529449370
1462529476414204	1462529449380
1462529476414204	1462529449380
1462529476461223	1462529449390
1462529476461223	1462529449390
1462529476511073	1462529449400
1462529476511073	1462529449400
1462529476564168	1462529449410
1462529476564168	1462529449410
1462529476613230	1462529449420
1462529476613230	1462529449420
1462529476662234	1462529449430
1462529476662234	1462529449430
1462529476711247	1462529449440
1462529476711247	1462529449440
1462529476759252	1462529449450
1462529476759252	1462529449450
1462529476807141	1462529449460
1462529476807141	1462529449460
1462529476862171	1462529449470
1462529476862171	1462529449470
1462529476915274	1462529449480
1462529476915274	1462529449480
1462529476963282	1462529449490
1462529476963282	1462529449490
1462529477012260	1462529449500
1462529477012260	1462529449500
1462529477060300	1462529449510
1462529477060300	1462529449510
1462529477109288	1462529449520
1462529477109288	1462529449520
1462529477158315	1462529449530
1462529477158315	1462529449530
1462529477208334	1462529449540
1462529477208334	1462529449540
1462529477260344	1462529449550
1462529477260344	1462529449550
1462529477323338	1462529449560
1462529477323338	1462529449560
1462529477379353	1462529449570
1462529477379353	1462529449570
1462529477456358	1462529449580
1462529477456358	1462529449580
1462529477488252	1462529449590
1462529477488252	1462529449590
1462529477543224	1462529449600
1462529477543224	1462529449600
1462529477575212	1462529449610
1462529477575212	1462529449610
1462529477657347	1462529449620
1462529477657347	1462529449620
1462529477686348	1462529449630
1462529477686348	1462529449630
1462529477717291	1462529449640
1462529477717291	1462529449640
1462529477770351	1462529449650
1462529477770351	1462529449650
1462529477804391	1462529449660
1462529477804391	1462529449660
1462529477856394	1462529449670
1462529477856394	1462529449670
1462529477913430	1462529449680
1462529477913430	1462529449680
1462529477968434	1462529449690
1462529477968434	1462529449690
1462529478003479	1462529449700
1462529478003479	1462529449700
1462529478055470	1462529449710
1462529478055470	1462529449710
1462529478100463	1462529449720
1462529478100463	1462529449720
1462529478151473	1462529449730
1462529478151473	1462529449730
1462529478201370	1462529449740
1462529478201370	1462529449740
1462529478253473	1462529449750
1462529478253473	1462529449750
1462529478304486	1462529449760
1462529478304486	1462529449760
1462529478354489	1462529449770
1462529478354489	1462529449770
1462529478405519	1462529449780
1462529478405519	1462529449780
1462529478460542	1462529449790
1462529478460542	1462529449790
1462529478510520	1462529449800
1462529478510520	1462529449800
1462529478568545	1462529449810
1462529478568545	1462529449810
1462529478650463	1462529449820
1462529478650463	1462529449820
1462529478707448	1462529449830
1462529478707448	1462529449830
1462529478763455	1462529449840
1462529478763455	1462529449840
1462529478796417	1462529449850
1462529478796417	1462529449850
1462529478849416	1462529449860
1462529478849416	1462529449860
1462529478882498	1462529449870
1462529478882498	1462529449870
1462529478934533	1462529449880
1462529478934533	1462529449880
1462529478993535	1462529449890
1462529478993535	1462529449890
1462529479023518	1462529449900
1462529479023518	1462529449900
1462529479077559	1462529449910
1462529479077559	1462529449910
1462529479110596	1462529449920
1462529479110596	1462529449920
1462529479163509	1462529449930
1462529479163509	1462529449930
1462529479206595	1462529449940
1462529479206595	1462529449940
1462529479255630	1462529449950
1462529479255630	1462529449950
1462529479304642	1462529449960
1462529479304642	1462529449960
1462529479353648	1462529449970
1462529479353648	1462529449970
1462529479400655	1462529449980
1462529479400655	1462529449980
