0 0 0	1462795660512112
341	1462795646410	1462795660511897	1462795660540258
341	1462795646410	1462795660511897	1462795660563346
342	1462795646420	1462795660563154	1462795660591253
342	1462795646420	1462795660563154	1462795660613888
343	1462795646430	1462795660613617	1462795660667963
344	1462795646440	1462795660667768	1462795660771438
345	1462795646450	1462795660771233	1462795660800801
346	1462795646460	1462795660800604	1462795660831394
346	1462795646460	1462795660800604	1462795660831833
347	1462795646470	1462795660831660	1462795660862228
347	1462795646470	1462795660831660	1462795660875433
348	1462795646480	1462795660875235	1462795660891337
348	1462795646480	1462795660875235	1462795660932287
349	1462795646490	1462795660932092	1462795660986548
350	1462795646500	1462795660986313	1462795661034832
351	1462795646510	1462795661034527	1462795661065189
351	1462795646510	1462795661034527	1462795661120353
351	1462795646510	1462795661034527	1462795661122007
352	1462795646520	1462795661121726	1462795661175401
352	1462795646520	1462795661121726	1462795661206314
352	1462795646520	1462795661121726	1462795661234962
353	1462795646530	1462795661234689	1462795661291439
353	1462795646530	1462795661234689	1462795661321996
354	1462795646540	1462795661321737	1462795661375380
354	1462795646540	1462795661321737	1462795661404823
355	1462795646550	1462795661404563	1462795661433404
355	1462795646550	1462795661404563	1462795661462764
356	1462795646560	1462795661462566	1462795661520446
356	1462795646560	1462795661462566	1462795661520895
357	1462795646570	1462795661520717	1462795661551471
357	1462795646570	1462795661520717	1462795661577768
358	1462795646580	1462795661577594	1462795661605479
358	1462795646580	1462795661577594	1462795661609932
359	1462795646590	1462795661609767	1462795661638484
359	1462795646590	1462795661609767	1462795661666028
360	1462795646600	1462795661665776	1462795661694483
360	1462795646600	1462795661665776	1462795661721895
361	1462795646610	1462795661721695	1462795661749500
361	1462795646610	1462795661721695	1462795661751934
362	1462795646620	1462795661751772	1462795661780359
362	1462795646620	1462795661751772	1462795661806937
363	1462795646630	1462795661806767	1462795661834448
363	1462795646630	1462795661806767	1462795661837880
364	1462795646640	1462795661837708	1462795661865553
364	1462795646640	1462795661837708	1462795661868059
365	1462795646650	1462795661867767	1462795661895542
365	1462795646650	1462795661867767	1462795661921141
366	1462795646660	1462795661920865	1462795661925477
366	1462795646660	1462795661920865	1462795661950985
367	1462795646670	1462795661950796	1462795661976491
367	1462795646670	1462795661950796	1462795661981117
368	1462795646680	1462795661980846	1462795662006464
368	1462795646680	1462795661980846	1462795662011078
369	1462795646690	1462795662010803	1462795662036524
369	1462795646690	1462795662010803	1462795662046686
370	1462795646700	1462795662046491	1462795662067420
370	1462795646700	1462795662046491	1462795662097741
371	1462795646710	1462795662097549	1462795662147837
372	1462795646720	1462795662147562	1462795662206860
373	1462795646730	1462795662206666	1462795662261637
374	1462795646740	1462795662261441	1462795662313139
375	1462795646750	1462795662312886	1462795662362558
376	1462795646760	1462795662362366	1462795662413697
377	1462795646770	1462795662413422	1462795662466605
378	1462795646780	1462795662466413	1462795662518394
379	1462795646790	1462795662518197	1462795662568385
380	1462795646800	1462795662568133	1462795662616960
381	1462795646810	1462795662616792	1462795662673475
382	1462795646820	1462795662673286	1462795662723735
383	1462795646830	1462795662723563	1462795662752560
383	1462795646830	1462795662723563	1462795662771791
384	1462795646840	1462795662771626	1462795662782605
384	1462795646840	1462795662771626	1462795662819514
385	1462795646850	1462795662819314	1462795662865651
385	1462795646850	1462795662819314	1462795662866871
386	1462795646860	1462795662866697	1462795662904654
386	1462795646860	1462795662866697	1462795662917560
387	1462795646870	1462795662917310	1462795662933601
387	1462795646870	1462795662917310	1462795662972257
388	1462795646880	1462795662972056	1462795663027417
389	1462795646890	1462795663027140	1462795663085990
390	1462795646900	1462795663085822	1462795663114708
390	1462795646900	1462795663085822	1462795663136119
391	1462795646910	1462795663135876	1462795663144623
391	1462795646910	1462795663135876	1462795663189581
392	1462795646920	1462795663189388	1462795663247083
393	1462795646930	1462795663246891	1462795663297029
394	1462795646940	1462795663296831	1462795663312712
394	1462795646940	1462795663296831	1462795663348210
395	1462795646950	1462795663348021	1462795663403183
396	1462795646960	1462795663402990	1462795663460422
397	1462795646970	1462795663460228	1462795663512884
398	1462795646980	1462795663512686	1462795663564075
399	1462795646990	1462795663563760	1462795663612191
400	1462795647000	1462795663611996	1462795663661606
401	1462795647010	1462795663661331	1462795663708519
402	1462795647020	1462795663708319	1462795663756263
403	1462795647030	1462795663756063	1462795663812963
404	1462795647040	1462795663812795	1462795663841695
404	1462795647040	1462795663812795	1462795663864945
405	1462795647050	1462795663864778	1462795663897705
405	1462795647050	1462795663864778	1462795663927262
406	1462795647060	1462795663927019	1462795663956725
406	1462795647060	1462795663927019	1462795663983295
407	1462795647070	1462795663983046	1462795664013688
407	1462795647070	1462795663983046	1462795664018002
408	1462795647080	1462795664017828	1462795664072596
408	1462795647080	1462795664017828	1462795664073036
409	1462795647090	1462795664072863	1462795664125726
409	1462795647090	1462795664072863	1462795664129303
410	1462795647100	1462795664129053	1462795664157754
410	1462795647100	1462795664129053	1462795664184384
411	1462795647110	1462795664184142	1462795664212772
411	1462795647110	1462795664184142	1462795664228749
412	1462795647120	1462795664228557	1462795664245760
412	1462795647120	1462795664228557	1462795664282596
413	1462795647130	1462795664282402	1462795664334562
414	1462795647140	1462795664334278	1462795664393376
415	1462795647150	1462795664393101	1462795664429194
416	1462795647160	1462795664428923	1462795664453695
416	1462795647160	1462795664428923	1462795664485554
417	1462795647170	1462795664485365	1462795664533810
417	1462795647170	1462795664485365	1462795664541335
418	1462795647180	1462795664541161	1462795664569796
418	1462795647180	1462795664541161	1462795664594061
419	1462795647190	1462795664593887	1462795664617822
419	1462795647190	1462795664593887	1462795664646406
420	1462795647200	1462795664646157	1462795664702727
420	1462795647200	1462795664646157	1462795664703161
421	1462795647210	1462795664702995	1462795664732809
421	1462795647210	1462795664702995	1462795664752844
422	1462795647220	1462795664752604	1462795664762830
422	1462795647220	1462795664752604	1462795664807754
423	1462795647230	1462795664807556	1462795664818861
423	1462795647230	1462795664807556	1462795664859759
424	1462795647240	1462795664859561	1462795664908917
425	1462795647250	1462795664908718	1462795664957094
426	1462795647260	1462795664956896	1462795665007214
427	1462795647270	1462795665006926	1462795665061477
428	1462795647280	1462795665061278	1462795665117174
429	1462795647290	1462795665116974	1462795665170349
430	1462795647300	1462795665170153	1462795665226570
431	1462795647310	1462795665226379	1462795665279419
432	1462795647320	1462795665279226	1462795665329686
433	1462795647330	1462795665329414	1462795665378889
434	1462795647340	1462795665378614	1462795665432055
435	1462795647350	1462795665431835	1462795665480113
436	1462795647360	1462795665479891	1462795665532499
437	1462795647370	1462795665532299	1462795665580038
438	1462795647380	1462795665579829	1462795665629409
439	1462795647390	1462795665629126	1462795665677873
440	1462795647400	1462795665677599	1462795665725195
441	1462795647410	1462795665725005	1462795665771241
442	1462795647420	1462795665771049	1462795665822124
443	1462795647430	1462795665821853	1462795665877515
444	1462795647440	1462795665877328	1462795665927872
445	1462795647450	1462795665927676	1462795665975205
446	1462795647460	1462795665975013	1462795666023964
447	1462795647470	1462795666023771	1462795666071370
448	1462795647480	1462795666071173	1462795666083015
448	1462795647480	1462795666071173	1462795666120840
449	1462795647490	1462795666120555	1462795666139178
449	1462795647490	1462795666120555	1462795666175368
450	1462795647500	1462795666175169	1462795666204113
450	1462795647500	1462795666175169	1462795666231541
451	1462795647510	1462795666231265	1462795666286579
452	1462795647520	1462795666286390	1462795666337618
453	1462795647530	1462795666337331	1462795666390881
454	1462795647540	1462795666390683	1462795666443357
455	1462795647550	1462795666443165	1462795666495808
456	1462795647560	1462795666495601	1462795666550544
457	1462795647570	1462795666550333	1462795666581078
457	1462795647570	1462795666550333	1462795666600721
458	1462795647580	1462795666600521	1462795666611022
458	1462795647580	1462795666600521	1462795666657641
459	1462795647590	1462795666657439	1462795666687208
459	1462795647590	1462795666657439	1462795666708500
460	1462795647600	1462795666708302	1462795666737252
460	1462795647600	1462795666708302	1462795666755630
461	1462795647610	1462795666755440	1462795666785283
461	1462795647610	1462795666755440	1462795666805177
462	1462795647620	1462795666804901	1462795666863149
462	1462795647620	1462795666804901	1462795666863784
463	1462795647630	1462795666863524	1462795666891180
463	1462795647630	1462795666863524	1462795666900995
464	1462795647640	1462795666900719	1462795666929209
464	1462795647640	1462795666900719	1462795666954923
465	1462795647650	1462795666954724	1462795667006423
466	1462795647660	1462795667006225	1462795667057180
467	1462795647670	1462795667056897	1462795667114232
468	1462795647680	1462795667114037	1462795667164412
469	1462795647690	1462795667164213	1462795667212420
470	1462795647700	1462795667212224	1462795667259405
471	1462795647710	1462795667259214	1462795667308510
472	1462795647720	1462795667308240	1462795667357044
473	1462795647730	1462795667356853	1462795667406606
474	1462795647740	1462795667406332	1462795667459864
475	1462795647750	1462795667459672	1462795667513097
476	1462795647760	1462795667512898	1462795667570387
477	1462795647770	1462795667570185	1462795667624822
478	1462795647780	1462795667624623	1462795667676797
479	1462795647790	1462795667676598	1462795667728031
480	1462795647800	1462795667727807	1462795667775481
481	1462795647810	1462795667775288	1462795667824917
482	1462795647820	1462795667824724	1462795667883745
483	1462795647830	1462795667883540	1462795667929106
484	1462795647840	1462795667928906	1462795667958411
484	1462795647840	1462795667928906	1462795667978562
485	1462795647850	1462795667978363	1462795668028749
486	1462795647860	1462795668028551	1462795668079614
487	1462795647870	1462795668079335	1462795668133536
488	1462795647880	1462795668133342	1462795668185613
489	1462795647890	1462795668185330	1462795668233703
490	1462795647900	1462795668233420	1462795668287177
491	1462795647910	1462795668286986	1462795668344844
492	1462795647920	1462795668344654	1462795668403866
493	1462795647930	1462795668403674	1462795668451939
494	1462795647940	1462795668451656	1462795668504485
495	1462795647950	1462795668504294	1462795668560106
496	1462795647960	1462795668559835	1462795668612787
497	1462795647970	1462795668612587	1462795668667841
498	1462795647980	1462795668667559	1462795668723694
499	1462795647990	1462795668723500	1462795668774258
500	1462795648000	1462795668773982	1462795668827573
501	1462795648010	1462795668827373	1462795668879033
502	1462795648020	1462795668878836	1462795668930731
503	1462795648030	1462795668930447	1462795668981028
504	1462795648040	1462795668980831	1462795669033849
505	1462795648050	1462795669033662	1462795669080794
506	1462795648060	1462795669080596	1462795669136157
507	1462795648070	1462795669135891	1462795669195558
508	1462795648080	1462795669195276	1462795669248096
509	1462795648090	1462795669247887	1462795669299243
510	1462795648100	1462795669299052	1462795669348129
511	1462795648110	1462795669347923	1462795669401381
512	1462795648120	1462795669401183	1462795669453998
513	1462795648130	1462795669453797	1462795669505191
514	1462795648140	1462795669504909	1462795669553547
515	1462795648150	1462795669553196	1462795669602728
516	1462795648160	1462795669602453	1462795669656053
517	1462795648170	1462795669655840	1462795669706829
518	1462795648180	1462795669706639	1462795669758620
519	1462795648190	1462795669758340	1462795669809069
520	1462795648200	1462795669808873	1462795669861997
521	1462795648210	1462795669861804	1462795669919615
522	1462795648220	1462795669919423	1462795669969087
523	1462795648230	1462795669968890	1462795670024226
524	1462795648240	1462795670024027	1462795670076851
525	1462795648250	1462795670076663	1462795670132236
526	1462795648260	1462795670132024	1462795670184507
527	1462795648270	1462795670184294	1462795670232593
528	1462795648280	1462795670232345	1462795670284090
529	1462795648290	1462795670283872	1462795670333035
530	1462795648300	1462795670332837	1462795670379919
531	1462795648310	1462795670379722	1462795670427926
532	1462795648320	1462795670427727	1462795670480100
533	1462795648330	1462795670479790	1462795670534840
534	1462795648340	1462795670534644	1462795670587276
535	1462795648350	1462795670587085	1462795670632550
536	1462795648360	1462795670632358	1462795670691216
537	1462795648370	1462795670691027	1462795670737876
538	1462795648380	1462795670737683	1462795670766876
538	1462795648380	1462795670737683	1462795670789233
539	1462795648390	1462795670788957	1462795670837116
540	1462795648400	1462795670836927	1462795670884399
541	1462795648410	1462795670884213	1462795670932364
542	1462795648420	1462795670932177	1462795670979552
543	1462795648430	1462795670979364	1462795671026808
544	1462795648440	1462795671026599	1462795671077044
545	1462795648450	1462795671076846	1462795671124400
546	1462795648460	1462795671124207	1462795671176541
547	1462795648470	1462795671176351	1462795671229156
548	1462795648480	1462795671228967	1462795671280116
549	1462795648490	1462795671279906	1462795671365472
550	1462795648500	1462795671365230	1462795671422512
551	1462795648510	1462795671422264	1462795671476949
551	1462795648510	1462795671422264	1462795671505508
552	1462795648520	1462795671505341	1462795671533976
552	1462795648520	1462795671505341	1462795671590270
553	1462795648530	1462795671590105	1462795671645276
554	1462795648540	1462795671645105	1462795671674519
555	1462795648550	1462795671674270	1462795671702970
555	1462795648550	1462795671674270	1462795671703384
556	1462795648560	1462795671703224	1462795671755990
556	1462795648560	1462795671703224	1462795671756405
557	1462795648570	1462795671756242	1462795671787019
557	1462795648570	1462795671756242	1462795671787626
558	1462795648580	1462795671787380	1462795671816053
558	1462795648580	1462795671787380	1462795671841679
559	1462795648590	1462795671841420	1462795671869941
559	1462795648590	1462795671841420	1462795671870355
560	1462795648600	1462795671870195	1462795671898975
560	1462795648600	1462795671870195	1462795671915530
561	1462795648610	1462795671915336	1462795671930981
561	1462795648610	1462795671915336	1462795671963719
562	1462795648620	1462795671963442	1462795672012218
563	1462795648630	1462795672012021	1462795672067871
564	1462795648640	1462795672067678	1462795672120272
565	1462795648650	1462795672120085	1462795672168117
566	1462795648660	1462795672167926	1462795672204028
566	1462795648660	1462795672167926	1462795672214970
567	1462795648670	1462795672214773	1462795672260036
567	1462795648670	1462795672214773	1462795672265624
568	1462795648680	1462795672265376	1462795672324029
568	1462795648680	1462795672265376	1462795672324625
569	1462795648690	1462795672324372	1462795672374084
569	1462795648690	1462795672324372	1462795672379607
570	1462795648700	1462795672379370	1462795672407047
570	1462795648700	1462795672379370	1462795672430554
571	1462795648710	1462795672430312	1462795672463014
571	1462795648710	1462795672430312	1462795672485624
572	1462795648720	1462795672485372	1462795672519098
572	1462795648720	1462795672485372	1462795672547637
573	1462795648730	1462795672547389	1462795672576079
573	1462795648730	1462795672547389	1462795672599634
574	1462795648740	1462795672599391	1462795672628035
574	1462795648740	1462795672599391	1462795672656564
575	1462795648750	1462795672656322	1462795672663090
575	1462795648750	1462795672656322	1462795672692110
575	1462795648750	1462795672656322	1462795672692766
576	1462795648760	1462795672692505	1462795672720131
576	1462795648760	1462795672692505	1462795672744754
577	1462795648770	1462795672744468	1462795672772149
577	1462795648770	1462795672744468	1462795672798704
578	1462795648780	1462795672798433	1462795672806105
578	1462795648780	1462795672798433	1462795672828497
579	1462795648790	1462795672828301	1462795672886098
579	1462795648790	1462795672828301	1462795672886700
580	1462795648800	1462795672886445	1462795672917043
580	1462795648800	1462795672886445	1462795672944746
581	1462795648810	1462795672944504	1462795672970095
581	1462795648810	1462795672944504	1462795672976626
582	1462795648820	1462795672976430	1462795673004251
582	1462795648820	1462795672976430	1462795673030535
583	1462795648830	1462795673030338	1462795673086212
583	1462795648830	1462795673030338	1462795673086650
584	1462795648840	1462795673086482	1462795673117156
584	1462795648840	1462795673086482	1462795673128201
585	1462795648850	1462795673128035	1462795673146195
585	1462795648850	1462795673128035	1462795673185756
586	1462795648860	1462795673185591	1462795673227073
586	1462795648860	1462795673185591	1462795673238059
587	1462795648870	1462795673237777	1462795673259214
587	1462795648870	1462795673237777	1462795673285441
588	1462795648880	1462795673285190	1462795673313269
588	1462795648880	1462795673285190	1462795673339995
589	1462795648890	1462795673339792	1462795673345229
589	1462795648890	1462795673339792	1462795673395615
590	1462795648900	1462795673395344	1462795673454689
591	1462795648910	1462795673454490	1462795673501175
592	1462795648920	1462795673500837	1462795673514269
592	1462795648920	1462795673500837	1462795673558618
593	1462795648930	1462795673558378	1462795673609144
594	1462795648940	1462795673608874	1462795673644245
594	1462795648940	1462795673608874	1462795673661374
595	1462795648950	1462795673661208	1462795673693313
595	1462795648950	1462795673661208	1462795673713443
596	1462795648960	1462795673713270	1462795673749374
596	1462795648960	1462795673713270	1462795673768943
597	1462795648970	1462795673768769	1462795673780287
597	1462795648970	1462795673768769	1462795673820783
598	1462795648980	1462795673820588	1462795673872611
599	1462795648990	1462795673872419	1462795673927178
600	1462795649000	1462795673926992	1462795673984267
601	1462795649010	1462795673983872	1462795674042680
602	1462795649020	1462795674042490	1462795674088782
603	1462795649030	1462795674088587	1462795674103318
603	1462795649030	1462795674088587	1462795674143146
604	1462795649040	1462795674142952	1462795674172435
604	1462795649040	1462795674142952	1462795674193787
605	1462795649050	1462795674193596	1462795674223404
605	1462795649050	1462795674193596	1462795674245663
606	1462795649060	1462795674245466	1462795674274398
606	1462795649060	1462795674245466	1462795674299287
607	1462795649070	1462795674299087	1462795674358365
607	1462795649070	1462795674299087	1462795674358818
608	1462795649080	1462795674358630	1462795674399275
609	1462795649090	1462795674399082	1462795674418412
609	1462795649090	1462795674399082	1462795674449110
610	1462795649100	1462795674448827	1462795674496426
611	1462795649110	1462795674496146	1462795674553345
611	1462795649110	1462795674496146	1462795674553766
612	1462795649120	1462795674553592	1462795674583308
612	1462795649120	1462795674553592	1462795674602633
613	1462795649130	1462795674602465	1462795674618360
613	1462795649130	1462795674602465	1462795674651804
614	1462795649140	1462795674651612	1462795674681310
614	1462795649140	1462795674651612	1462795674705876
615	1462795649150	1462795674705682	1462795674763096
616	1462795649160	1462795674762814	1462795674817225
617	1462795649170	1462795674817027	1462795674868558
618	1462795649180	1462795674868370	1462795674917263
619	1462795649190	1462795674917066	1462795674966240
620	1462795649200	1462795674966045	1462795675014188
621	1462795649210	1462795675013985	1462795675044402
621	1462795649210	1462795675013985	1462795675066634
622	1462795649220	1462795675066373	1462795675073346
622	1462795649220	1462795675066373	1462795675119935
623	1462795649230	1462795675119664	1462795675149414
623	1462795649230	1462795675119664	1462795675177571
624	1462795649240	1462795675177292	1462795675233365
624	1462795649240	1462795675177292	1462795675233981
625	1462795649250	1462795675233743	1462795675264365
625	1462795649250	1462795675233743	1462795675291804
626	1462795649260	1462795675291635	1462795675319449
626	1462795649260	1462795675291635	1462795675350051
627	1462795649270	1462795675349800	1462795675402474
627	1462795649270	1462795675349800	1462795675406039
628	1462795649280	1462795675405805	1462795675458527
628	1462795649280	1462795675405805	1462795675463070
629	1462795649290	1462795675462829	1462795675491517
629	1462795649290	1462795675462829	1462795675517884
630	1462795649300	1462795675517704	1462795675546508
630	1462795649300	1462795675517704	1462795675550054
631	1462795649310	1462795675549804	1462795675603558
631	1462795649310	1462795675549804	1462795675604232
632	1462795649320	1462795675603951	1462795675632498
632	1462795649320	1462795675603951	1462795675637586
633	1462795649330	1462795675637344	1462795675662498
633	1462795649330	1462795675637344	1462795675693785
634	1462795649340	1462795675693584	1462795675864213
635	1462795649350	1462795675864000	1462795675893935
636	1462795649360	1462795675893768	1462795675921557
636	1462795649360	1462795675893768	1462795675925043
637	1462795649370	1462795675924758	1462795675952557
637	1462795649370	1462795675924758	1462795675977154
638	1462795649380	1462795675976904	1462795676004593
638	1462795649380	1462795675976904	1462795676037991
639	1462795649390	1462795676037788	1462795676067925
640	1462795649400	1462795676067764	1462795676096551
640	1462795649400	1462795676067764	1462795676124191
641	1462795649410	1462795676123883	1462795676152578
641	1462795649410	1462795676123883	1462795676178920
642	1462795649420	1462795676178745	1462795676207589
642	1462795649420	1462795676178745	1462795676211156
643	1462795649430	1462795676210907	1462795676239599
643	1462795649430	1462795676210907	1462795676266101
644	1462795649440	1462795676265856	1462795676293612
644	1462795649440	1462795676265856	1462795676296074
645	1462795649450	1462795676295889	1462795676324625
645	1462795649450	1462795676295889	1462795676326000
646	1462795649460	1462795676325827	1462795676353616
646	1462795649460	1462795676325827	1462795676381002
647	1462795649470	1462795676380812	1462795676383627
647	1462795649470	1462795676380812	1462795676411238
648	1462795649480	1462795676410961	1462795676438608
648	1462795649480	1462795676410961	1462795676441031
649	1462795649490	1462795676440837	1462795676467649
649	1462795649490	1462795676440837	1462795676484441
650	1462795649500	1462795676484247	1462795676496631
650	1462795649500	1462795676484247	1462795676534100
651	1462795649510	1462795676533903	1462795676583183
652	1462795649520	1462795676582987	1462795676632423
653	1462795649530	1462795676632229	1462795676679361
654	1462795649540	1462795676679171	1462795676736081
655	1462795649550	1462795676735873	1462795676786166
656	1462795649560	1462795676785976	1462795676835178
657	1462795649570	1462795676834989	1462795676884010
658	1462795649580	1462795676883800	1462795676933004
659	1462795649590	1462795676932719	1462795676980428
660	1462795649600	1462795676980232	1462795677028979
661	1462795649610	1462795677028784	1462795677083511
662	1462795649620	1462795677083315	1462795677133697
663	1462795649630	1462795677133501	1462795677184060
664	1462795649640	1462795677183849	1462795677234862
665	1462795649650	1462795677234590	1462795677281139
666	1462795649660	1462795677280952	1462795677293697
666	1462795649660	1462795677280952	1462795677329905
667	1462795649670	1462795677329634	1462795677357720
667	1462795649670	1462795677329634	1462795677376101
668	1462795649680	1462795677375886	1462795677424178
669	1462795649690	1462795677423981	1462795677483388
670	1462795649700	1462795677483108	1462795677521518
671	1462795649710	1462795677521281	1462795677542788
671	1462795649710	1462795677521281	1462795677568165
672	1462795649720	1462795677568002	1462795677596802
672	1462795649720	1462795677568002	1462795677623168
673	1462795649730	1462795677623005	1462795677651800
673	1462795649730	1462795677623005	1462795677663186
674	1462795649740	1462795677662988	1462795677691822
674	1462795649740	1462795677662988	1462795677706751
675	1462795649750	1462795677706575	1462795677710820
675	1462795649750	1462795677706575	1462795677755795
676	1462795649760	1462795677755606	1462795677776825
676	1462795649760	1462795677755606	1462795677805755
677	1462795649770	1462795677805564	1462795677867840
677	1462795649770	1462795677805564	1462795677868273
678	1462795649780	1462795677868105	1462795677895852
678	1462795649780	1462795677868105	1462795677918218
679	1462795649790	1462795677918052	1462795677945845
679	1462795649790	1462795677918052	1462795677959209
680	1462795649800	1462795677959040	1462795677980862
680	1462795649800	1462795677959040	1462795678009176
681	1462795649810	1462795678009005	1462795678059846
681	1462795649810	1462795678009005	1462795678060282
682	1462795649820	1462795678060115	1462795678107131
683	1462795649830	1462795678106940	1462795678122869
683	1462795649830	1462795678106940	1462795678154894
684	1462795649840	1462795678154699	1462795678203634
685	1462795649850	1462795678203356	1462795678250389
686	1462795649860	1462795678250191	1462795678300584
687	1462795649870	1462795678300215	1462795678348376
688	1462795649880	1462795678348038	1462795678396445
689	1462795649890	1462795678396209	1462795678451508
690	1462795649900	1462795678451313	1462795678501416
691	1462795649910	1462795678501215	1462795678552406
692	1462795649920	1462795678552210	1462795678599849
693	1462795649930	1462795678599651	1462795678658579
694	1462795649940	1462795678658298	1462795678743469
695	1462795649950	1462795678743278	1462795678774486
696	1462795649960	1462795678774237	1462795678804000
696	1462795649960	1462795678774237	1462795678830491
697	1462795649970	1462795678830313	1462795678859080
697	1462795649970	1462795678830313	1462795678886460
698	1462795649980	1462795678886296	1462795678916021
698	1462795649980	1462795678886296	1462795678918572
699	1462795649990	1462795678918327	1462795678947068
699	1462795649990	1462795678918327	1462795678973534
700	1462795650000	1462795678973336	1462795679030074
700	1462795650000	1462795678973336	1462795679030498
701	1462795650010	1462795679030330	1462795679060045
701	1462795650010	1462795679030330	1462795679061550
702	1462795650020	1462795679061317	1462795679089959
702	1462795650020	1462795679061317	1462795679115482
703	1462795650030	1462795679115317	1462795679143070
703	1462795650030	1462795679115317	1462795679148641
704	1462795650040	1462795679148390	1462795679203064
704	1462795650040	1462795679148390	1462795679259478
705	1462795650050	1462795679259273	1462795679289701
706	1462795650060	1462795679289454	1462795679318068
706	1462795650060	1462795679289454	1462795679345745
707	1462795650070	1462795679345502	1462795679374037
707	1462795650070	1462795679345502	1462795679402677
708	1462795650080	1462795679402426	1462795679433098
708	1462795650080	1462795679402426	1462795679460754
709	1462795650090	1462795679460501	1462795679517199
709	1462795650090	1462795679460501	1462795679544805
710	1462795650100	1462795679544557	1462795679600254
710	1462795650100	1462795679544557	1462795679629531
711	1462795650110	1462795679629344	1462795679685169
711	1462795650110	1462795679629344	1462795679687626
712	1462795650120	1462795679687453	1462795679742237
712	1462795650120	1462795679687453	1462795679772241
712	1462795650120	1462795679687453	1462795679798791
713	1462795650130	1462795679798543	1462795679827285
713	1462795650130	1462795679798543	1462795679856280
713	1462795650130	1462795679798543	1462795679856914
714	1462795650140	1462795679856659	1462795679885271
714	1462795650140	1462795679856659	1462795679914900
715	1462795650150	1462795679914616	1462795679942231
715	1462795650150	1462795679914616	1462795679946825
716	1462795650160	1462795679946589	1462795679975221
716	1462795650160	1462795679946589	1462795680002870
717	1462795650170	1462795680002589	1462795680030296
717	1462795650170	1462795680002589	1462795680033596
718	1462795650180	1462795680033400	1462795680061168
718	1462795650180	1462795680033400	1462795680112623
719	1462795650190	1462795680112432	1462795680143723
720	1462795650200	1462795680143445	1462795680172169
720	1462795650200	1462795680143445	1462795680174460
721	1462795650210	1462795680174282	1462795680201263
721	1462795650210	1462795680174282	1462795680226587
722	1462795650220	1462795680226421	1462795680254230
722	1462795650220	1462795680226421	1462795680259808
723	1462795650230	1462795680259530	1462795680287238
723	1462795650230	1462795680259530	1462795680342880
724	1462795650240	1462795680342595	1462795680373554
725	1462795650250	1462795680373360	1462795680403138
725	1462795650250	1462795680373360	1462795680403775
726	1462795650260	1462795680403531	1462795680432248
726	1462795650260	1462795680403531	1462795680456790
727	1462795650270	1462795680456551	1462795680484224
727	1462795650270	1462795680456551	1462795680488798
728	1462795650280	1462795680488561	1462795680516263
728	1462795650280	1462795680488561	1462795680519832
729	1462795650290	1462795680519583	1462795680547283
729	1462795650290	1462795680519583	1462795680577820
730	1462795650300	1462795680577549	1462795680607844
731	1462795650310	1462795680607563	1462795680635290
731	1462795650310	1462795680607563	1462795680637880
732	1462795650320	1462795680637600	1462795680664256
732	1462795650320	1462795680637600	1462795680684708
733	1462795650330	1462795680684521	1462795680695271
733	1462795650330	1462795680684521	1462795680720857
734	1462795650340	1462795680720583	1462795680742276
734	1462795650340	1462795680720583	1462795680750698
735	1462795650350	1462795680750505	1462795680771304
735	1462795650350	1462795680750505	1462795680781777
736	1462795650360	1462795680781510	1462795680808334
736	1462795650360	1462795680781510	1462795680812798
737	1462795650370	1462795680812524	1462795680838310
737	1462795650370	1462795680812524	1462795680853883
738	1462795650380	1462795680853690	1462795680895326
738	1462795650380	1462795680853690	1462795680905104
739	1462795650390	1462795680904912	1462795680933274
739	1462795650390	1462795680904912	1462795680955106
740	1462795650400	1462795680954836	1462795680984350
740	1462795650400	1462795680954836	1462795681006964
741	1462795650410	1462795681006776	1462795681058512
742	1462795650420	1462795681058323	1462795681109457
743	1462795650430	1462795681109270	1462795681164840
744	1462795650440	1462795681164641	1462795681220528
745	1462795650450	1462795681220333	1462795681273033
746	1462795650460	1462795681272838	1462795681328966
747	1462795650470	1462795681328769	1462795681382103
748	1462795650480	1462795681381915	1462795681432835
749	1462795650490	1462795681432562	1462795681487559
750	1462795650500	1462795681487363	1462795681541078
751	1462795650510	1462795681540889	1462795681598847
752	1462795650520	1462795681598659	1462795681649396
753	1462795650530	1462795681649205	1462795681704927
754	1462795650540	1462795681704738	1462795681756365
755	1462795650550	1462795681756171	1462795681803832
756	1462795650560	1462795681803632	1462795681851459
757	1462795650570	1462795681851265	1462795681900125
758	1462795650580	1462795681899910	1462795681949488
759	1462795650590	1462795681949292	1462795682006167
760	1462795650600	1462795682005968	1462795682057535
761	1462795650610	1462795682057260	1462795682105641
762	1462795650620	1462795682105450	1462795682153188
763	1462795650630	1462795682152914	1462795682201569
764	1462795650640	1462795682201378	1462795682248897
765	1462795650650	1462795682248707	1462795682296178
766	1462795650660	1462795682295974	1462795682354200
767	1462795650670	1462795682354001	1462795682406239
768	1462795650680	1462795682405961	1462795682454688
769	1462795650690	1462795682454404	1462795682512928
770	1462795650700	1462795682512735	1462795682558712
771	1462795650710	1462795682558518	1462795682607441
772	1462795650720	1462795682607254	1462795682657523
773	1462795650730	1462795682657248	1462795682705830
774	1462795650740	1462795682705641	1462795682762072
775	1462795650750	1462795682761882	1462795682813521
776	1462795650760	1462795682813325	1462795682861030
777	1462795650770	1462795682860745	1462795682910115
778	1462795650780	1462795682909920	1462795682964890
779	1462795650790	1462795682964693	1462795683016523
780	1462795650800	1462795683016244	1462795683074964
781	1462795650810	1462795683074769	1462795683118762
782	1462795650820	1462795683118564	1462795683176525
783	1462795650830	1462795683176325	1462795683187736
783	1462795650830	1462795683176325	1462795683231312
784	1462795650840	1462795683231119	1462795683243751
784	1462795650840	1462795683231119	1462795683282495
785	1462795650850	1462795683282219	1462795683311778
785	1462795650850	1462795683282219	1462795683335530
786	1462795650860	1462795683335340	1462795683387914
787	1462795650870	1462795683387719	1462795683417641
787	1462795650870	1462795683387719	1462795683438667
788	1462795650880	1462795683438387	1462795683492026
789	1462795650890	1462795683491808	1462795683548337
790	1462795650900	1462795683548140	1462795683602193
791	1462795650910	1462795683602005	1462795683656906
792	1462795650920	1462795683656717	1462795683709210
793	1462795650930	1462795683709021	1462795683764082
794	1462795650940	1462795683763786	1462795683816402
795	1462795650950	1462795683816206	1462795683822692
795	1462795650950	1462795683816206	1462795683865025
796	1462795650960	1462795683864828	1462795683878823
796	1462795650960	1462795683864828	1462795683920471
797	1462795650970	1462795683920275	1462795683949761
797	1462795650970	1462795683920275	1462795683973588
798	1462795650980	1462795683973392	1462795684025558
799	1462795650990	1462795684025280	1462795684073828
800	1462795651000	1462795684073560	1462795684121591
801	1462795651010	1462795684121320	1462795684175631
802	1462795651020	1462795684175439	1462795684225890
803	1462795651030	1462795684225696	1462795684275099
804	1462795651040	1462795684274911	1462795684325957
805	1462795651050	1462795684325684	1462795684371823
806	1462795651060	1462795684371618	1462795684418638
807	1462795651070	1462795684418440	1462795684469963
808	1462795651080	1462795684469682	1462795684518311
809	1462795651090	1462795684518114	1462795684570739
810	1462795651100	1462795684570544	1462795684622459
811	1462795651110	1462795684622266	1462795684672335
812	1462795651120	1462795684672059	1462795684729572
813	1462795651130	1462795684729384	1462795684780635
814	1462795651140	1462795684780448	1462795684828778
815	1462795651150	1462795684828507	1462795684876265
816	1462795651160	1462795684875977	1462795684930549
817	1462795651170	1462795684930352	1462795684981644
818	1462795651180	1462795684981450	1462795685036604
819	1462795651190	1462795685036408	1462795685091647
820	1462795651200	1462795685091451	1462795685147830
821	1462795651210	1462795685147641	1462795685198136
822	1462795651220	1462795685197949	1462795685249803
823	1462795651230	1462795685249532	1462795685298468
824	1462795651240	1462795685298198	1462795685350814
825	1462795651250	1462795685350617	1462795685403038
826	1462795651260	1462795685402842	1462795685453182
827	1462795651270	1462795685452901	1462795685510126
828	1462795651280	1462795685509933	1462795685560977
829	1462795651290	1462795685560782	1462795685610692
830	1462795651300	1462795685610419	1462795685663562
831	1462795651310	1462795685663366	1462795685714713
832	1462795651320	1462795685714526	1462795685765449
833	1462795651330	1462795685765177	1462795685818777
834	1462795651340	1462795685818563	1462795685871016
835	1462795651350	1462795685870822	1462795685927197
836	1462795651360	1462795685927007	1462795685930116
836	1462795651360	1462795685927007	1462795685979124
837	1462795651370	1462795685978928	1462795685987069
837	1462795651370	1462795685978928	1462795686028881
838	1462795651380	1462795686028610	1462795686058174
838	1462795651380	1462795686028610	1462795686078203
839	1462795651390	1462795686077929	1462795686107175
839	1462795651390	1462795686077929	1462795686125373
840	1462795651400	1462795686125178	1462795686154202
840	1462795651400	1462795686125178	1462795686174071
841	1462795651410	1462795686173763	1462795686203171
841	1462795651410	1462795686173763	1462795686222301
842	1462795651420	1462795686222022	1462795686269580
843	1462795651430	1462795686269386	1462795686324628
844	1462795651440	1462795686324439	1462795686381003
845	1462795651450	1462795686380813	1462795686433500
846	1462795651460	1462795686433311	1462795686487810
847	1462795651470	1462795686487537	1462795686540459
848	1462795651480	1462795686540269	1462795686591268
849	1462795651490	1462795686591071	1462795686639020
850	1462795651500	1462795686638828	1462795686695309
851	1462795651510	1462795686695114	1462795686748434
852	1462795651520	1462795686748155	1462795686797113
853	1462795651530	1462795686796917	1462795686845942
854	1462795651540	1462795686845662	1462795686899805
855	1462795651550	1462795686899613	1462795686952476
856	1462795651560	1462795686952286	1462795687001291
857	1462795651570	1462795687001105	1462795687054960
858	1462795651580	1462795687054770	1462795687106047
859	1462795651590	1462795687105858	1462795687156443
860	1462795651600	1462795687156255	1462795687206595
861	1462795651610	1462795687206315	1462795687253062
862	1462795651620	1462795687252870	1462795687299649
863	1462795651630	1462795687299454	1462795687359119
864	1462795651640	1462795687358923	1462795687427918
865	1462795651650	1462795687427723	1462795687479148
866	1462795651660	1462795687478959	1462795687529735
867	1462795651670	1462795687529465	1462795687584380
868	1462795651680	1462795687584189	1462795687635383
869	1462795651690	1462795687635193	1462795687685374
870	1462795651700	1462795687685178	1462795687731839
871	1462795651710	1462795687731642	1462795687780958
872	1462795651720	1462795687780676	1462795687837156
873	1462795651730	1462795687836965	1462795687839370
873	1462795651730	1462795687836965	1462795687887554
874	1462795651740	1462795687887361	1462795687916433
874	1462795651740	1462795687887361	1462795687951053
875	1462795651750	1462795687950771	1462795687979477
875	1462795651750	1462795687950771	1462795687986184
876	1462795651760	1462795687985931	1462795688010450
876	1462795651760	1462795687985931	1462795688036871
877	1462795651770	1462795688036698	1462795688065484
877	1462795651770	1462795688036698	1462795688092904
878	1462795651780	1462795688092739	1462795688121531
878	1462795651780	1462795688092739	1462795688140181
879	1462795651790	1462795688140015	1462795688152458
879	1462795651790	1462795688140015	1462795688191247
880	1462795651800	1462795688190961	1462795688244220
881	1462795651810	1462795688244023	1462795688292175
882	1462795651820	1462795688291957	1462795688321479
882	1462795651820	1462795688291957	1462795688343710
883	1462795651830	1462795688343517	1462795688393178
884	1462795651840	1462795688392908	1462795688449277
885	1462795651850	1462795688449088	1462795688504088
886	1462795651860	1462795688503789	1462795688557308
887	1462795651870	1462795688557114	1462795688609328
888	1462795651880	1462795688609133	1462795688667998
889	1462795651890	1462795688667798	1462795688705711
890	1462795651900	1462795688705522	1462795688733522
890	1462795651900	1462795688705522	1462795688752434
891	1462795651910	1462795688752252	1462795688802713
892	1462795651920	1462795688802428	1462795688858465
893	1462795651930	1462795688858270	1462795688907618
894	1462795651940	1462795688907425	1462795688953555
895	1462795651950	1462795688953352	1462795689008343
896	1462795651960	1462795689008155	1462795689060838
897	1462795651970	1462795689060652	1462795689117547
898	1462795651980	1462795689117358	1462795689171874
899	1462795651990	1462795689171682	1462795689220480
900	1462795652000	1462795689220292	1462795689277949
901	1462795652010	1462795689277752	1462795689330606
902	1462795652020	1462795689330409	1462795689377797
903	1462795652030	1462795689377603	1462795689423447
904	1462795652040	1462795689423254	1462795689472724
905	1462795652050	1462795689472533	1462795689527146
906	1462795652060	1462795689526980	1462795689613647
906	1462795652060	1462795689526980	1462795689614271
907	1462795652070	1462795689614022	1462795689669665
907	1462795652070	1462795689614022	1462795689699429
908	1462795652080	1462795689699177	1462795689728746
908	1462795652080	1462795689699177	1462795689785061
909	1462795652090	1462795689784883	1462795689839693
909	1462795652090	1462795689784883	1462795689841151
910	1462795652100	1462795689840985	1462795689869770
910	1462795652100	1462795689840985	1462795689896195
911	1462795652110	1462795689896024	1462795689925755
911	1462795652110	1462795689896024	1462795689954405
912	1462795652120	1462795689954154	1462795690006799
912	1462795652120	1462795689954154	1462795690010423
913	1462795652130	1462795690010182	1462795690038735
913	1462795652130	1462795690010182	1462795690066177
914	1462795652140	1462795690066001	1462795690094767
914	1462795652140	1462795690066001	1462795690097316
915	1462795652150	1462795690097066	1462795690125869
915	1462795652150	1462795690097066	1462795690153471
916	1462795652160	1462795690153199	1462795690180817
916	1462795652160	1462795690153199	1462795690207296
917	1462795652170	1462795690207057	1462795690234878
917	1462795652170	1462795690207057	1462795690240677
918	1462795652180	1462795690240298	1462795690266769
918	1462795652180	1462795690240298	1462795690293245
919	1462795652190	1462795690292981	1462795690297782
919	1462795652190	1462795690292981	1462795690323467
920	1462795652200	1462795690323139	1462795690350811
920	1462795652200	1462795690323139	1462795690354321
921	1462795652210	1462795690354056	1462795690381731
921	1462795652210	1462795690354056	1462795690384398
922	1462795652220	1462795690384134	1462795690411033
922	1462795652220	1462795690384134	1462795690414353
923	1462795652230	1462795690414075	1462795690440818
923	1462795652230	1462795690414075	1462795690466965
924	1462795652240	1462795690466696	1462795690470768
924	1462795652240	1462795690466696	1462795690524571
925	1462795652250	1462795690524302	1462795690587693
926	1462795652260	1462795690579651	1462795690633479
927	1462795652270	1462795690633284	1462795690683911
928	1462795652280	1462795690683635	1462795690741576
929	1462795652290	1462795690741386	1462795690796513
930	1462795652300	1462795690796316	1462795690848754
931	1462795652310	1462795690848553	1462795690904209
932	1462795652320	1462795690903961	1462795690956254
933	1462795652330	1462795690956055	1462795691006861
934	1462795652340	1462795691006673	1462795691056400
935	1462795652350	1462795691056212	1462795691102946
936	1462795652360	1462795691102749	1462795691160380
937	1462795652370	1462795691160185	1462795691211621
938	1462795652380	1462795691211434	1462795691259849
939	1462795652390	1462795691259661	1462795691307882
940	1462795652400	1462795691307685	1462795691360906
941	1462795652410	1462795691360632	1462795691414155
942	1462795652420	1462795691413886	1462795691463617
943	1462795652430	1462795691463417	1462795691512080
944	1462795652440	1462795691511871	1462795691565966
945	1462795652450	1462795691565768	1462795691617746
946	1462795652460	1462795691617550	1462795691668111
947	1462795652470	1462795691667902	1462795691716886
948	1462795652480	1462795691716698	1462795691763940
949	1462795652490	1462795691763754	1462795691813498
950	1462795652500	1462795691813226	1462795691861137
951	1462795652510	1462795691860947	1462795691911916
952	1462795652520	1462795691911643	1462795691967653
953	1462795652530	1462795691967454	1462795692018778
954	1462795652540	1462795692018491	1462795692068307
955	1462795652550	1462795692068108	1462795692120144
956	1462795652560	1462795692119927	1462795692170881
957	1462795652570	1462795692170682	1462795692221385
958	1462795652580	1462795692221196	1462795692276036
959	1462795652590	1462795692275827	1462795692304180
959	1462795652590	1462795692275827	1462795692328183
960	1462795652600	1462795692328017	1462795692338134
960	1462795652600	1462795692328017	1462795692376356
961	1462795652610	1462795692376185	1462795692394188
961	1462795652610	1462795692376185	1462795692424887
962	1462795652620	1462795692424714	1462795692476113
962	1462795652620	1462795692424714	1462795692478516
963	1462795652630	1462795692478345	1462795692507145
963	1462795652630	1462795692478345	1462795692534515
964	1462795652640	1462795692534347	1462795692563222
964	1462795652640	1462795692534347	1462795692584071
965	1462795652650	1462795692583811	1462795692594140
965	1462795652650	1462795692583811	1462795692636650
966	1462795652660	1462795692636458	1462795692687234
967	1462795652670	1462795692687039	1462795692707125
967	1462795652670	1462795692687039	1462795692735076
968	1462795652680	1462795692734888	1462795692764148
968	1462795652680	1462795692734888	1462795692784131
969	1462795652690	1462795692783920	1462795692820284
969	1462795652690	1462795692783920	1462795692840229
970	1462795652700	1462795692840054	1462795692868143
970	1462795652700	1462795692840054	1462795692895414
971	1462795652710	1462795692895243	1462795692918159
971	1462795652710	1462795692895243	1462795692950702
972	1462795652720	1462795692950509	1462795692997322
973	1462795652730	1462795692997121	1462795693053070
974	1462795652740	1462795693052875	1462795693105307
975	1462795652750	1462795693105115	1462795693155056
976	1462795652760	1462795693154863	1462795693205394
977	1462795652770	1462795693205199	1462795693253012
978	1462795652780	1462795693252735	1462795693268191
978	1462795652780	1462795693252735	1462795693301238
979	1462795652790	1462795693301044	1462795693324216
979	1462795652790	1462795693301044	1462795693351366
980	1462795652800	1462795693351096	1462795693404744
981	1462795652810	1462795693404558	1462795693460172
982	1462795652820	1462795693459915	1462795693511440
983	1462795652830	1462795693511246	1462795693568161
984	1462795652840	1462795693567890	1462795693622935
985	1462795652850	1462795693622740	1462795693674169
986	1462795652860	1462795693673891	1462795693727378
987	1462795652870	1462795693727186	1462795693779515
988	1462795652880	1462795693779324	1462795693830774
989	1462795652890	1462795693830505	1462795693888291
990	1462795652900	1462795693888106	1462795693939626
991	1462795652910	1462795693939353	1462795693994971
992	1462795652920	1462795693994785	1462795694045300
993	1462795652930	1462795694045108	1462795694093180
994	1462795652940	1462795694092900	1462795694140575
995	1462795652950	1462795694140381	1462795694189322
996	1462795652960	1462795694189047	1462795694235932
997	1462795652970	1462795694235740	1462795694284862
998	1462795652980	1462795694284668	1462795694343959
999	1462795652990	1462795694343700	1462795694382371
1000	1462795653000	1462795694382091	1462795694438920
1001	1462795653010	1462795694438725	1462795694489379
1002	1462795653020	1462795694489102	1462795694543267
1003	1462795653030	1462795694543077	1462795694593981
1004	1462795653040	1462795694593793	1462795694642879
1005	1462795653050	1462795694642691	1462795694694527
