0	1462795643184355	1462795643198245	1462795643198776	1462795643224855
1	1462795643224920	1462795643234695	1462795643234893	1462795643272227
2	1462795643272282	1462795643281594	1462795643281813	1462795643327816
3	1462795643327887	1462795643339943	1462795643340178	1462795643377596
4	1462795643377637	1462795643388396	1462795643388614	1462795643426125
5	1462795643426177	1462795643436901	1462795643437106	1462795643474356
6	1462795643474409	1462795643485138	1462795643485348	1462795643524363
7	1462795643524426	1462795643533895	1462795643534107	1462795643572334
8	1462795643572410	1462795643581733	1462795643581963	1462795643621764
9	1462795643621827	1462795643631139	1462795643631360	1462795643667881
10	1462795643667929	1462795643678655	1462795643678865	1462795643717204
11	1462795643717268	1462795643726657	1462795643726868	1462795643766663
12	1462795643766743	1462795643776129	1462795643776379	1462795643813466
13	1462795643813530	1462795643822908	1462795643823193	1462795643863201
14	1462795643863273	1462795643876537	1462795643876752	1462795643914219
15	1462795643914265	1462795643926284	1462795643926502	1462795643963511
16	1462795643963563	1462795643975545	1462795643975749	1462795644014031
17	1462795644014100	1462795644024993	1462795644025234	1462795644062704
18	1462795644062739	1462795644073618	1462795644073876	1462795644113658
19	1462795644113692	1462795644123929	1462795644124330	1462795644161449
20	1462795644161484	1462795644170955	1462795644171209	1462795644210097
21	1462795644210131	1462795644219605	1462795644219855	1462795644261128
22	1462795644261176	1462795644274258	1462795644274659	1462795644314694
23	1462795644314743	1462795644325657	1462795644326067	1462795644364157
24	1462795644364220	1462795644373702	1462795644373960	1462795644413256
25	1462795644413289	1462795644423643	1462795644424093	1462795644465107
26	1462795644465155	1462795644477328	1462795644477719	1462795644517703
27	1462795644517751	1462795644528657	1462795644529070	1462795644568139
28	1462795644568187	1462795644578961	1462795644579369	1462795644621419
29	1462795644621466	1462795644633663	1462795644634065	1462795644674082
30	1462795644674130	1462795644685037	1462795644685419	1462795644725347
31	1462795644725395	1462795644738360	1462795644738932	1462795644779073
32	1462795644779117	1462795644791302	1462795644791696	1462795644831119
33	1462795644831196	1462795644845407	1462795644845967	1462795644885941
34	1462795644885990	1462795644898200	1462795644898603	1462795644938620
35	1462795644938667	1462795644949972	1462795644950383	1462795644987836
36	1462795644987871	1462795644997383	1462795644997790	1462795645035468
37	1462795645035502	1462795645045005	1462795645045413	1462795645083478
38	1462795645083532	1462795645094391	1462795645094642	1462795645134567
39	1462795645134614	1462795645144110	1462795645144357	1462795645181490
40	1462795645181524	1462795645194468	1462795645194832	1462795645234031
41	1462795645234107	1462795645246367	1462795645246619	1462795645285952
42	1462795645286001	1462795645296882	1462795645297137	1462795645339861
43	1462795645339902	1462795645353362	1462795645353626	1462795645392637
44	1462795645392684	1462795645403558	1462795645403830	1462795645445457
45	1462795645445491	1462795645456436	1462795645456787	1462795645496314
46	1462795645496362	1462795645509686	1462795645509940	1462795645548392
47	1462795645548470	1462795645559343	1462795645559588	1462795645599845
48	1462795645599893	1462795645613443	1462795645613789	1462795645654126
49	1462795645654170	1462795645666437	1462795645666679	1462795645706531
50	1462795645706579	1462795645717077	1462795645717327	1462795645755477
51	1462795645755512	1462795645765967	1462795645766214	1462795645803750
52	1462795645803805	1462795645812902	1462795645813144	1462795645851303
53	1462795645851352	1462795645864906	1462795645865295	1462795645905880
54	1462795645905929	1462795645918378	1462795645918619	1462795645958746
55	1462795645958789	1462795645969263	1462795645969507	1462795646007198
56	1462795646007231	1462795646016324	1462795646016569	1462795646055270
57	1462795646055305	1462795646065771	1462795646066035	1462795646105338
58	1462795646105401	1462795646114477	1462795646114724	1462795646153673
59	1462795646153707	1462795646162787	1462795646163041	1462795646201731
60	1462795646201765	1462795646210835	1462795646211088	1462795646250910
61	1462795646250959	1462795646264393	1462795646264644	1462795646303592
62	1462795646303627	1462795646315384	1462795646315630	1462795646355606
63	1462795646355661	1462795646366129	1462795646366411	1462795646404436
64	1462795646404470	1462795646413547	1462795646413797	1462795646454037
65	1462795646454072	1462795646463162	1462795646463403	1462795646504443
66	1462795646504491	1462795646517388	1462795646517636	1462795646557649
67	1462795646557697	1462795646568158	1462795646568412	1462795646608582
68	1462795646608631	1462795646617730	1462795646617970	1462795646657652
69	1462795646657705	1462795646666797	1462795646667041	1462795646705378
70	1462795646705411	1462795646714482	1462795646714731	1462795646754307
71	1462795646754341	1462795646763954	1462795646764206	1462795646804764
72	1462795646804809	1462795646817443	1462795646817696	1462795646857428
73	1462795646857476	1462795646868769	1462795646869044	1462795646908508
74	1462795646908557	1462795646917654	1462795646917893	1462795646957307
75	1462795646957341	1462795646966849	1462795646967099	1462795647007788
76	1462795647007842	1462795647020967	1462795647021223	1462795647060433
77	1462795647060482	1462795647072117	1462795647072366	1462795647111906
78	1462795647111958	1462795647122396	1462795647122641	1462795647160094
79	1462795647160154	1462795647169249	1462795647169493	1462795647211729
80	1462795647211792	1462795647224907	1462795647225161	1462795647266130
81	1462795647266183	1462795647276724	1462795647276928	1462795647315448
82	1462795647315482	1462795647324608	1462795647324852	1462795647363098
83	1462795647363132	1462795647373625	1462795647373897	1462795647413398
84	1462795647413433	1462795647422521	1462795647422782	1462795647461417
85	1462795647461452	1462795647470543	1462795647470794	1462795647509562
86	1462795647509613	1462795647520053	1462795647520380	1462795647561907
87	1462795647561952	1462795647573945	1462795647574203	1462795647614512
88	1462795647614561	1462795647625072	1462795647625320	1462795647664844
89	1462795647664892	1462795647675027	1462795647675277	1462795647717805
90	1462795647717880	1462795647730338	1462795647730586	1462795647770063
91	1462795647770114	1462795647780592	1462795647780839	1462795647820969
92	1462795647821038	1462795647830114	1462795647830366	1462795647869710
93	1462795647869745	1462795647878824	1462795647879090	1462795647920433
94	1462795647920475	1462795647932218	1462795647932461	1462795647971675
95	1462795647971710	1462795647983475	1462795647983722	1462795648024039
96	1462795648024122	1462795648034508	1462795648034750	1462795648072625
97	1462795648072663	1462795648081750	1462795648081972	1462795648121454
98	1462795648121489	1462795648131855	1462795648132228	1462795648173291
99	1462795648173339	1462795648185958	1462795648186205	1462795648226248
100	1462795648226324	1462795648237336	1462795648237578	1462795648275887
101	1462795648275923	1462795648285022	1462795648285268	1462795648324139
102	1462795648324174	1462795648333246	1462795648333485	1462795648377626
103	1462795648377676	1462795648390193	1462795648390462	1462795648430008
104	1462795648430057	1462795648440533	1462795648440787	1462795648479953
105	1462795648480007	1462795648490403	1462795648490646	1462795648529328
106	1462795648529382	1462795648538464	1462795648538713	1462795648577929
107	1462795648577964	1462795648587045	1462795648587290	1462795648629445
108	1462795648629493	1462795648641276	1462795648641539	1462795648682297
109	1462795648682345	1462795648692842	1462795648693084	1462795648733842
110	1462795648733890	1462795648742979	1462795648743229	1462795648785232
111	1462795648785281	1462795648797052	1462795648797297	1462795648838075
112	1462795648838132	1462795648848603	1462795648848849	1462795648887638
113	1462795648887673	1462795648896773	1462795648897035	1462795648937216
114	1462795648937259	1462795648946334	1462795648946581	1462795648985981
115	1462795648986016	1462795648995118	1462795648995365	1462795649036387
116	1462795649036436	1462795649048236	1462795649048483	1462795649088751
117	1462795649088811	1462795649099276	1462795649099530	1462795649139908
118	1462795649139955	1462795649150389	1462795649150636	1462795649188615
119	1462795649188649	1462795649197726	1462795649197969	1462795649237698
120	1462795649237732	1462795649246814	1462795649247064	1462795649287651
121	1462795649287709	1462795649300906	1462795649301152	1462795649340778
122	1462795649340841	1462795649351289	1462795649351541	1462795649393007
123	1462795649393056	1462795649405264	1462795649405673	1462795649446664
124	1462795649446714	1462795649458504	1462795649458759	1462795649520643
125	1462795649520693	1462795649532227	1462795649532476	1462795649573000
126	1462795649573050	1462795649582173	1462795649582427	1462795649624889
127	1462795649624939	1462795649636740	1462795649637000	1462795649677260
128	1462795649677323	1462795649687777	1462795649688040	1462795649727568
129	1462795649727604	1462795649738038	1462795649738287	1462795649776772
130	1462795649776834	1462795649785924	1462795649786173	1462795649825577
131	1462795649825612	1462795649834695	1462795649834945	1462795649875865
132	1462795649875909	1462795649888993	1462795649889238	1462795649929472
133	1462795649929520	1462795649940015	1462795649940300	1462795649979657
134	1462795649979719	1462795649990168	1462795649990411	1462795650028145
135	1462795650028207	1462795650037300	1462795650037543	1462795650084385
136	1462795650084434	1462795650096054	1462795650096304	1462795650135678
137	1462795650135739	1462795650146212	1462795650146456	1462795650184772
138	1462795650184806	1462795650194883	1462795650195225	1462795650238301
139	1462795650238350	1462795650250644	1462795650250896	1462795650291469
140	1462795650291533	1462795650301995	1462795650302254	1462795650340481
141	1462795650340539	1462795650349636	1462795650349881	1462795650391043
142	1462795650391105	1462795650404217	1462795650404458	1462795650444283
143	1462795650444326	1462795650454777	1462795650455043	1462795650495398
144	1462795650495460	1462795650505921	1462795650506196	1462795650661605
145	1462795650661649	1462795650672873	1462795650673125	1462795650722205
146	1462795650722254	1462795650733339	1462795650733588	1462795650772557
147	1462795650772605	1462795650781723	1462795650781971	1462795650821363
148	1462795650821421	1462795650830507	1462795650830753	1462795650871517
149	1462795650871565	1462795650884658	1462795650884914	1462795650924828
150	1462795650924911	1462795650935383	1462795650935617	1462795650975809
151	1462795650975857	1462795650986311	1462795650986585	1462795651025200
152	1462795651025234	1462795651034321	1462795651034575	1462795651072104
153	1462795651072138	1462795651081215	1462795651081461	1462795651121003
154	1462795651121038	1462795651130124	1462795651130374	1462795651167369
155	1462795651167404	1462795651176510	1462795651176755	1462795651216703
156	1462795651216746	1462795651225835	1462795651226081	1462795651265008
157	1462795651265042	1462795651275193	1462795651275560	1462795651317547
158	1462795651317631	1462795651330153	1462795651330409	1462795651371054
159	1462795651371118	1462795651381596	1462795651381822	1462795651420822
160	1462795651420856	1462795651429940	1462795651430179	1462795651468694
161	1462795651468743	1462795651478922	1462795651479175	1462795651521336
162	1462795651521385	1462795651533188	1462795651533458	1462795651574291
163	1462795651574340	1462795651584836	1462795651585082	1462795651623885
164	1462795651623943	1462795651633058	1462795651633302	1462795651673823
165	1462795651673871	1462795651682982	1462795651683229	1462795651725356
166	1462795651725405	1462795651737195	1462795651737458	1462795651777504
167	1462795651777552	1462795651788028	1462795651788276	1462795651828712
168	1462795651828760	1462795651838935	1462795651839179	1462795651877754
169	1462795651877812	1462795651886899	1462795651887145	1462795651925720
170	1462795651925755	1462795651934829	1462795651935076	1462795651972397
171	1462795651972431	1462795651981525	1462795651981773	1462795652020985
172	1462795652021020	1462795652030113	1462795652030379	1462795652069516
173	1462795652069581	1462795652078683	1462795652078930	1462795652116193
174	1462795652116228	1462795652125316	1462795652125562	1462795652165339
175	1462795652165374	1462795652174457	1462795652174703	1462795652211712
176	1462795652211746	1462795652220882	1462795652221135	1462795652259312
177	1462795652259346	1462795652268456	1462795652268704	1462795652306691
178	1462795652306726	1462795652317212	1462795652317455	1462795652355879
179	1462795652355914	1462795652365011	1462795652365252	1462795652405231
180	1462795652405279	1462795652414381	1462795652414632	1462795652458431
181	1462795652458475	1462795652470253	1462795652470499	1462795652512898
182	1462795652512946	1462795652526505	1462795652526865	1462795652572600
183	1462795652572645	1462795652585944	1462795652586315	1462795652627784
184	1462795652627855	1462795652639644	1462795652639900	1462795652681085
185	1462795652681134	1462795652693361	1462795652693713	1462795652734228
186	1462795652734305	1462795652746529	1462795652746789	1462795652787530
187	1462795652787578	1462795652801138	1462795652801488	1462795652842170
188	1462795652842216	1462795652854445	1462795652854696	1462795652895103
189	1462795652895148	1462795652905614	1462795652905862	1462795652946504
190	1462795652946552	1462795652960105	1462795652960354	1462795653001161
191	1462795653001209	1462795653011694	1462795653011937	1462795653052626
192	1462795653052699	1462795653064654	1462795653065015	1462795653106071
193	1462795653106121	1462795653117924	1462795653118192	1462795653158078
194	1462795653158122	1462795653168614	1462795653168861	1462795653208584
195	1462795653208632	1462795653217736	1462795653217986	1462795653257392
196	1462795653257442	1462795653266540	1462795653266776	1462795653306006
197	1462795653306041	1462795653315142	1462795653315391	1462795653354045
198	1462795653354079	1462795653363160	1462795653363402	1462795653399921
199	1462795653399955	1462795653410379	1462795653410630	1462795653450466
200	1462795653450511	1462795653459597	1462795653459843	1462795653498013
201	1462795653498048	1462795653507133	1462795653507381	1462795653548910
202	1462795653548980	1462795653560756	1462795653561005	1462795653600233
203	1462795653600282	1462795653610754	1462795653611000	1462795653650350
204	1462795653650398	1462795653660888	1462795653661160	1462795653699843
205	1462795653699878	1462795653710338	1462795653710582	1462795653747731
206	1462795653747795	1462795653756903	1462795653757139	1462795653796530
207	1462795653796574	1462795653805660	1462795653805912	1462795653845066
208	1462795653845118	1462795653855317	1462795653855671	1462795653893609
209	1462795653893645	1462795653902733	1462795653902979	1462795653942728
210	1462795653942772	1462795653951865	1462795653952118	1462795653993560
211	1462795653993604	1462795654005623	1462795654005872	1462795654044834
212	1462795654044881	1462795654055349	1462795654055597	1462795654095386
213	1462795654095434	1462795654105893	1462795654106142	1462795654145494
214	1462795654145543	1462795654155452	1462795654155694	1462795654193527
215	1462795654193561	1462795654202645	1462795654202910	1462795654241302
216	1462795654241336	1462795654250419	1462795654250663	1462795654290330
217	1462795654290374	1462795654299466	1462795654299713	1462795654340868
218	1462795654340917	1462795654352687	1462795654352936	1462795654392064
219	1462795654392112	1462795654402596	1462795654402850	1462795654442958
220	1462795654443007	1462795654457678	1462795654457925	1462795654498022
221	1462795654498070	1462795654510723	1462795654510988	1462795654549241
222	1462795654549310	1462795654565071	1462795654565316	1462795654608420
223	1462795654608469	1462795654618973	1462795654619225	1462795654660646
224	1462795654660695	1462795654672730	1462795654673072	1462795654714419
225	1462795654714463	1462795654726230	1462795654726496	1462795654768183
226	1462795654768249	1462795654777336	1462795654777576	1462795654821756
227	1462795654821803	1462795654833591	1462795654833844	1462795654873809
228	1462795654873858	1462795654884366	1462795654884614	1462795654924093
229	1462795654924143	1462795654933260	1462795654933510	1462795654972505
230	1462795654972540	1462795654981623	1462795654981871	1462795655021153
231	1462795655021187	1462795655030275	1462795655030527	1462795655071468
232	1462795655071515	1462795655084620	1462795655084862	1462795655123680
233	1462795655123713	1462795655135457	1462795655135704	1462795655176322
234	1462795655176370	1462795655189929	1462795655190281	1462795655230467
235	1462795655230516	1462795655242747	1462795655243013	1462795655282277
236	1462795655282325	1462795655293319	1462795655293568	1462795655342413
237	1462795655342461	1462795655353444	1462795655353685	1462795655395410
238	1462795655395458	1462795655408563	1462795655408812	1462795655449969
239	1462795655450018	1462795655460509	1462795655460756	1462795655499261
240	1462795655499296	1462795655508415	1462795655508663	1462795655548096
241	1462795655548146	1462795655557259	1462795655557507	1462795655597151
242	1462795655597186	1462795655606262	1462795655606509	1462795655644991
243	1462795655645025	1462795655655148	1462795655655504	1462795655693538
244	1462795655693573	1462795655702663	1462795655702915	1462795655741635
245	1462795655741670	1462795655750751	1462795655751018	1462795655792947
246	1462795655792996	1462795655804780	1462795655805029	1462795655845431
247	1462795655845516	1462795655855994	1462795655856219	1462795655895843
248	1462795655895878	1462795655906337	1462795655906593	1462795655944338
249	1462795655944373	1462795655953457	1462795655953701	1462795655992801
250	1462795655992836	1462795656001915	1462795656002160	1462795656040333
251	1462795656040368	1462795656049489	1462795656049737	1462795656091398
252	1462795656091478	1462795656104546	1462795656104791	1462795656143668
253	1462795656143703	1462795656155478	1462795656155731	1462795656196518
254	1462795656196566	1462795656210112	1462795656210451	1462795656251336
255	1462795656251384	1462795656263312	1462795656263587	1462795656303910
256	1462795656303960	1462795656314394	1462795656314639	1462795656352568
257	1462795656352633	1462795656361730	1462795656361971	1462795656401155
258	1462795656401190	1462795656413406	1462795656413773	1462795656455392
259	1462795656455440	1462795656467227	1462795656467468	1462795656507610
260	1462795656507658	1462795656518115	1462795656518365	1462795656557795
261	1462795656557829	1462795656566916	1462795656567165	1462795656609127
262	1462795656609177	1462795656621845	1462795656622095	1462795656662515
263	1462795656662564	1462795656673060	1462795656673308	1462795656711378
264	1462795656711413	1462795656720502	1462795656720744	1462795656760236
265	1462795656760304	1462795656769398	1462795656769668	1462795656809661
266	1462795656809695	1462795656818772	1462795656819019	1462795656861352
267	1462795656861401	1462795656873180	1462795656873429	1462795656913422
268	1462795656913471	1462795656924729	1462795656924966	1462795656964740
269	1462795656964788	1462795656973887	1462795656974138	1462795657017011
270	1462795657017059	1462795657028845	1462795657029097	1462795657069288
271	1462795657069371	1462795657079836	1462795657080097	1462795657119097
272	1462795657119169	1462795657129645	1462795657129889	1462795657169001
273	1462795657169050	1462795657178156	1462795657178411	1462795657217484
274	1462795657217519	1462795657226601	1462795657226855	1462795657268024
275	1462795657268073	1462795657281130	1462795657281397	1462795657321256
276	1462795657321332	1462795657331800	1462795657332088	1462795657370200
277	1462795657370235	1462795657380725	1462795657380977	1462795657419487
278	1462795657419522	1462795657429964	1462795657430207	1462795657467869
279	1462795657467903	1462795657477007	1462795657477252	1462795657515836
280	1462795657515871	1462795657526318	1462795657526577	1462795657565428
281	1462795657565462	1462795657577799	1462795657578144	1462795657618665
282	1462795657618714	1462795657630501	1462795657630744	1462795657669334
283	1462795657669382	1462795657679860	1462795657680121	1462795657719063
284	1462795657719097	1462795657729547	1462795657729789	1462795657768256
285	1462795657768290	1462795657777372	1462795657777636	1462795657819615
286	1462795657819699	1462795657832785	1462795657833040	1462795657871424
287	1462795657871464	1462795657883237	1462795657883483	1462795657922516
288	1462795657922564	1462795657933473	1462795657933722	1462795657973089
289	1462795657973137	1462795657983170	1462795657983422	1462795658021297
290	1462795658021347	1462795658030439	1462795658030687	1462795658069112
291	1462795658069146	1462795658078227	1462795658078481	1462795658117239
292	1462795658117275	1462795658126355	1462795658126604	1462795658164976
293	1462795658165010	1462795658174088	1462795658174329	1462795658214791
294	1462795658214830	1462795658223916	1462795658224177	1462795658260027
295	1462795658260094	1462795658269189	1462795658269437	1462795658307229
296	1462795658307265	1462795658317717	1462795658317983	1462795658355668
297	1462795658355758	1462795658367624	1462795658367868	1462795658403035
298	1462795658403071	1462795658412164	1462795658412417	1462795658448963
299	1462795658449023	1462795658459513	1462795658459761	1462795658497829
300	1462795658497878	1462795658509011	1462795658509258	1462795658547323
301	1462795658547358	1462795658557796	1462795658558044	1462795658595829
302	1462795658595878	1462795658609855	1462795658610326	1462795658645370
303	1462795658645408	1462795658654501	1462795658654842	1462795658691191
304	1462795658691227	1462795658701723	1462795658701923	1462795658740264
305	1462795658740300	1462795658749390	1462795658749636	1462795658797197
306	1462795658797246	1462795658808629	1462795658808875	1462795658847473
307	1462795658847530	1462795658857992	1462795658858261	1462795658895342
308	1462795658895377	1462795658904466	1462795658904709	1462795658941669
309	1462795658941704	1462795658952196	1462795658952440	1462795658989690
310	1462795658989724	1462795659000191	1462795659000447	1462795659037873
311	1462795659037909	1462795659048378	1462795659048626	1462795659087395
312	1462795659087429	1462795659097872	1462795659098090	1462795659136789
313	1462795659136824	1462795659145903	1462795659146149	1462795659186893
314	1462795659186951	1462795659200063	1462795659200333	1462795659238295
315	1462795659238348	1462795659250126	1462795659250375	1462795659288394
316	1462795659288443	1462795659298909	1462795659299158	1462795659339083
317	1462795659339140	1462795659349569	1462795659349812	1462795659388254
318	1462795659388310	1462795659397394	1462795659397665	1462795659435923
319	1462795659435957	1462795659446337	1462795659446581	1462795659483299
320	1462795659483334	1462795659493812	1462795659494057	1462795659532008
321	1462795659532043	1462795659541124	1462795659541374	1462795659579676
322	1462795659579711	1462795659590182	1462795659590425	1462795659629433
323	1462795659629510	1462795659639441	1462795659639686	1462795659678036
324	1462795659678070	1462795659687146	1462795659687401	1462795659723181
325	1462795659723237	1462795659732344	1462795659732589	1462795659771648
326	1462795659771682	1462795659782129	1462795659782373	1462795659820877
327	1462795659820912	1462795659829982	1462795659830231	1462795659868306
328	1462795659868362	1462795659877439	1462795659877681	1462795659914932
329	1462795659914967	1462795659925448	1462795659925715	1462795659963505
330	1462795659963540	1462795659973986	1462795659974237	1462795660011758
331	1462795660011793	1462795660020877	1462795660021121	1462795660058365
332	1462795660058423	1462795660068901	1462795660069147	1462795660107887
333	1462795660107921	1462795660118370	1462795660118613	1462795660156722
334	1462795660156756	1462795660165827	1462795660166069	1462795660203728
335	1462795660203763	1462795660212859	1462795660213101	1462795660251158
336	1462795660251192	1462795660261618	1462795660261868	1462795660300182
337	1462795660300218	1462795660309379	1462795660309626	1462795660343497
338	1462795660343534	1462795660353638	1462795660353883	1462795660393443
339	1462795660393483	1462795660403960	1462795660404211	1462795660444533
340	1462795660444568	1462795660453644	1462795660453921	1462795660498228
341	1462795660498263	1462795660510048	1462795660510292	1462795660550815
342	1462795660550851	1462795660561300	1462795660561564	1462795660601863
343	1462795660601898	1462795660610983	1462795660611237	1462795660654074
344	1462795660654124	1462795660665926	1462795660666190	1462795660707333
345	1462795660707410	1462795660717894	1462795660718162	1462795660756131
346	1462795660756166	1462795660765251	1462795660765467	1462795660806995
347	1462795660807030	1462795660820143	1462795660820388	1462795660862882
348	1462795660862930	1462795660873404	1462795660873647	1462795660917666
349	1462795660917714	1462795660930225	1462795660930479	1462795660972017
350	1462795660972067	1462795660983757	1462795660984109	1462795661021173
351	1462795661021230	1462795661031421	1462795661031702	1462795661071195
352	1462795661071264	1462795661085231	1462795661085520	1462795661128919
353	1462795661128991	1462795661142397	1462795661142788	1462795661183146
354	1462795661183196	1462795661195546	1462795661195803	1462795661236885
355	1462795661236934	1462795661247565	1462795661247818	1462795661285706
356	1462795661285762	1462795661299086	1462795661299408	1462795661339871
357	1462795661339920	1462795661352179	1462795661352436	1462795661392960
358	1462795661393039	1462795661402666	1462795661402898	1462795661448315
359	1462795661448363	1462795661459192	1462795661459455	1462795661499717
360	1462795661499764	1462795661514298	1462795661514685	1462795661554387
361	1462795661554433	1462795661567244	1462795661567498	1462795661609435
362	1462795661609485	1462795661619212	1462795661619461	1462795661663130
363	1462795661663206	1462795661675869	1462795661676134	1462795661714824
364	1462795661714859	1462795661725921	1462795661726173	1462795661765298
365	1462795661765356	1462795661775068	1462795661775325	1462795661817076
366	1462795661817125	1462795661829530	1462795661829787	1462795661869452
367	1462795661869512	1462795661880597	1462795661880851	1462795661926460
368	1462795661926508	1462795661938927	1462795661939180	1462795661979415
369	1462795661979463	1462795661990358	1462795661990593	1462795662031698
370	1462795662031747	1462795662045024	1462795662045264	1462795662085363
371	1462795662085411	1462795662096060	1462795662096276	1462795662136163
372	1462795662136213	1462795662145491	1462795662145731	1462795662192061
373	1462795662192111	1462795662202792	1462795662203013	1462795662246169
374	1462795662246251	1462795662259443	1462795662259801	1462795662300289
375	1462795662300338	1462795662311112	1462795662311383	1462795662349626
376	1462795662349680	1462795662360494	1462795662360702	1462795662401432
377	1462795662401480	1462795662410910	1462795662411179	1462795662451632
378	1462795662451667	1462795662464775	1462795662464990	1462795662506065
379	1462795662506114	1462795662516630	1462795662516866	1462795662556750
380	1462795662556794	1462795662566001	1462795662566242	1462795662605979
381	1462795662606037	1462795662615245	1462795662615414	1462795662659924
382	1462795662659999	1462795662671765	1462795662672005	1462795662712846
383	1462795662712881	1462795662722058	1462795662722270	1462795662759476
384	1462795662759537	1462795662770084	1462795662770283	1462795662808508
385	1462795662808568	1462795662817804	1462795662818008	1462795662855964
386	1462795662856043	1462795662865294	1462795662865512	1462795662904673
387	1462795662904758	1462795662915127	1462795662915335	1462795662957756
388	1462795662957826	1462795662970498	1462795662970725	1462795663012624
389	1462795663012700	1462795663024929	1462795663025220	1462795663066402
390	1462795663066487	1462795663078895	1462795663079162	1462795663119242
391	1462795663119326	1462795663133174	1462795663133522	1462795663175268
392	1462795663175327	1462795663187482	1462795663187704	1462795663228387
393	1462795663228435	1462795663242223	1462795663242569	1462795663284292
394	1462795663284364	1462795663294973	1462795663295226	1462795663335507
395	1462795663335572	1462795663346166	1462795663346411	1462795663389135
396	1462795663389205	1462795663401138	1462795663401386	1462795663445394
397	1462795663445474	1462795663457953	1462795663458353	1462795663499097
398	1462795663499146	1462795663511249	1462795663511483	1462795663552377
399	1462795663552425	1462795663561621	1462795663561831	1462795663601305
400	1462795663601368	1462795663610542	1462795663610791	1462795663649871
401	1462795663649933	1462795663659165	1462795663659371	1462795663697547
402	1462795663697604	1462795663706782	1462795663706996	1462795663745040
403	1462795663745074	1462795663754243	1462795663754556	1462795663798671
404	1462795663798719	1462795663810969	1462795663811276	1462795663853838
405	1462795663853872	1462795663863046	1462795663863336	1462795663901043
406	1462795663901077	1462795663910245	1462795663910520	1462795663953043
407	1462795663953092	1462795663965051	1462795663965343	1462795664005067
408	1462795664005115	1462795664015763	1462795664016093	1462795664055338
409	1462795664055372	1462795664064644	1462795664065018	1462795664104854
410	1462795664104902	1462795664114176	1462795664114486	1462795664156475
411	1462795664156524	1462795664168477	1462795664168790	1462795664213225
412	1462795664213273	1462795664225796	1462795664226223	1462795664269581
413	1462795664269630	1462795664280310	1462795664280675	1462795664322084
414	1462795664322133	1462795664331399	1462795664331709	1462795664369712
415	1462795664369746	1462795664378999	1462795664379373	1462795664416720
416	1462795664416754	1462795664426010	1462795664426323	1462795664470890
417	1462795664470938	1462795664483204	1462795664483571	1462795664525781
418	1462795664525831	1462795664538682	1462795664539127	1462795664579725
419	1462795664579796	1462795664591736	1462795664592082	1462795664632235
420	1462795664632269	1462795664641512	1462795664641885	1462795664688828
421	1462795664688876	1462795664699526	1462795664699871	1462795664740317
422	1462795664740364	1462795664749627	1462795664749961	1462795664792241
423	1462795664792289	1462795664805416	1462795664805787	1462795664846741
424	1462795664846788	1462795664857424	1462795664857790	1462795664895927
425	1462795664895961	1462795664906536	1462795664906861	1462795664945866
426	1462795664945900	1462795664955050	1462795664955383	1462795664994203
427	1462795664994238	1462795665003981	1462795665004319	1462795665047223
428	1462795665047267	1462795665059095	1462795665059437	1462795665101678
429	1462795665101726	1462795665114355	1462795665114837	1462795665156181
430	1462795665156230	1462795665167991	1462795665168389	1462795665212309
431	1462795665212357	1462795665224225	1462795665224598	1462795665266054
432	1462795665266102	1462795665277253	1462795665277643	1462795665317530
433	1462795665317579	1462795665326783	1462795665327051	1462795665366204
434	1462795665366239	1462795665375982	1462795665376229	1462795665418051
435	1462795665418099	1462795665429982	1462795665430235	1462795665466084
436	1462795665466144	1462795665478043	1462795665478294	1462795665519823
437	1462795665519872	1462795665530428	1462795665530687	1462795665568768
438	1462795665568803	1462795665577985	1462795665578231	1462795665615901
439	1462795665615961	1462795665626507	1462795665626755	1462795665665752
440	1462795665665787	1462795665674960	1462795665675232	1462795665713989
441	1462795665714023	1462795665723206	1462795665723453	1462795665760092
442	1462795665760126	1462795665769288	1462795665769561	1462795665809233
443	1462795665809282	1462795665819349	1462795665819615	1462795665864075
444	1462795665864140	1462795665875535	1462795665875787	1462795665915348
445	1462795665915383	1462795665925918	1462795665926199	1462795665964404
446	1462795665964438	1462795665973578	1462795665973803	1462795666013153
447	1462795666013188	1462795666022342	1462795666022562	1462795666060585
448	1462795666060620	1462795666069747	1462795666069966	1462795666107881
449	1462795666107916	1462795666118419	1462795666118661	1462795666161840
450	1462795666161888	1462795666173732	1462795666173955	1462795666216915
451	1462795666216964	1462795666229157	1462795666229504	1462795666274384
452	1462795666274459	1462795666284962	1462795666285187	1462795666326070
453	1462795666326140	1462795666335311	1462795666335480	1462795666377366
454	1462795666377414	1462795666389250	1462795666389470	1462795666431124
455	1462795666431204	1462795666441741	1462795666441950	1462795666483333
456	1462795666483383	1462795666493322	1462795666493801	1462795666535249
457	1462795666535299	1462795666548058	1462795666548520	1462795666587481
458	1462795666587525	1462795666598592	1462795666598977	1462795666642764
459	1462795666642813	1462795666655513	1462795666655913	1462795666696675
460	1462795666696730	1462795666706363	1462795666706768	1462795666743874
461	1462795666743927	1462795666753528	1462795666753963	1462795666792596
462	1462795666792646	1462795666802231	1462795666802637	1462795666842192
463	1462795666842226	1462795666851659	1462795666852100	1462795666888489
464	1462795666888523	1462795666898078	1462795666898492	1462795666940666
465	1462795666940715	1462795666952805	1462795666953213	1462795666991796
466	1462795666991831	1462795667004296	1462795667004701	1462795667044778
467	1462795667044833	1462795667054253	1462795667054683	1462795667100022
468	1462795667100071	1462795667112132	1462795667112533	1462795667152846
469	1462795667152881	1462795667162271	1462795667162675	1462795667199482
470	1462795667199517	1462795667210286	1462795667210683	1462795667247831
471	1462795667247866	1462795667257285	1462795667257718	1462795667296115
472	1462795667296185	1462795667305583	1462795667305982	1462795667345428
473	1462795667345490	1462795667354901	1462795667355309	1462795667393380
474	1462795667393430	1462795667403685	1462795667404106	1462795667445209
475	1462795667445259	1462795667457744	1462795667458161	1462795667499533
476	1462795667499629	1462795667510963	1462795667511345	1462795667555594
477	1462795667555662	1462795667568276	1462795667568682	1462795667607274
478	1462795667607323	1462795667622044	1462795667622616	1462795667662021
479	1462795667662093	1462795667674665	1462795667675067	1462795667714605
480	1462795667714652	1462795667725896	1462795667726294	1462795667763465
481	1462795667763498	1462795667773365	1462795667773791	1462795667811499
482	1462795667811555	1462795667822787	1462795667823206	1462795667861503
483	1462795667861538	1462795667871394	1462795667871790	1462795667913708
484	1462795667913784	1462795667926979	1462795667927376	1462795667965653
485	1462795667965701	1462795667976787	1462795667977137	1462795668015854
486	1462795668015911	1462795668026955	1462795668027291	1462795668065651
487	1462795668065685	1462795668077027	1462795668077524	1462795668119126
488	1462795668119177	1462795668131765	1462795668132106	1462795668172219
489	1462795668172268	1462795668183184	1462795668183514	1462795668221563
490	1462795668221598	1462795668231257	1462795668231593	1462795668273000
491	1462795668273048	1462795668285404	1462795668285774	1462795668329366
492	1462795668329414	1462795668342583	1462795668343079	1462795668382481
493	1462795668382521	1462795668394965	1462795668395174	1462795668436649
494	1462795668436698	1462795668449490	1462795668449798	1462795668490010
495	1462795668490054	1462795668502761	1462795668502971	1462795668543323
496	1462795668543372	1462795668557632	1462795668557939	1462795668598800
497	1462795668598844	1462795668611037	1462795668611254	1462795668651090
498	1462795668651137	1462795668665380	1462795668665691	1462795668710566
499	1462795668710614	1462795668721992	1462795668722216	1462795668762270
500	1462795668762304	1462795668771849	1462795668772067	1462795668813556
501	1462795668813606	1462795668825868	1462795668826103	1462795668866245
502	1462795668866293	1462795668877325	1462795668877530	1462795668918185
503	1462795668918228	1462795668927862	1462795668928120	1462795668965685
504	1462795668965719	1462795668978980	1462795668979269	1462795669020272
505	1462795669020320	1462795669032148	1462795669032359	1462795669068304
506	1462795669068387	1462795669079044	1462795669079262	1462795669121147
507	1462795669121211	1462795669133700	1462795669134017	1462795669179024
508	1462795669179104	1462795669193148	1462795669193478	1462795669234274
509	1462795669234348	1462795669246441	1462795669246665	1462795669286734
510	1462795669286782	1462795669297530	1462795669297746	1462795669335852
511	1462795669335886	1462795669346434	1462795669346669	1462795669385571
512	1462795669385605	1462795669399523	1462795669399813	1462795669441165
513	1462795669441214	1462795669451947	1462795669452210	1462795669492861
514	1462795669492914	1462795669502276	1462795669502520	1462795669541627
515	1462795669541683	1462795669551183	1462795669551430	1462795669590330
516	1462795669590387	1462795669599881	1462795669600146	1462795669641731
517	1462795669641798	1462795669653996	1462795669654244	1462795669693891
518	1462795669693960	1462795669704802	1462795669705054	1462795669745242
519	1462795669745328	1462795669755700	1462795669755953	1462795669793522
520	1462795669793584	1462795669806584	1462795669806938	1462795669849072
521	1462795669849120	1462795669859977	1462795669860242	1462795669904135
522	1462795669904183	1462795669917575	1462795669917830	1462795669956158
523	1462795669956238	1462795669967044	1462795669967290	1462795670007194
524	1462795670007242	1462795670021331	1462795670021683	1462795670061938
525	1462795670062024	1462795670074792	1462795670075043	1462795670115166
526	1462795670115213	1462795670129299	1462795670129655	1462795670170212
527	1462795670170259	1462795670182417	1462795670182661	1462795670220955
528	1462795670220988	1462795670230420	1462795670230815	1462795670272481
529	1462795670272515	1462795670281950	1462795670282353	1462795670321373
530	1462795670321408	1462795670330905	1462795670331311	1462795670368217
531	1462795670368275	1462795670377824	1462795670378204	1462795670416312
532	1462795670416346	1462795670425826	1462795670426233	1462795670464360
533	1462795670464416	1462795670477125	1462795670477462	1462795670521801
534	1462795670521851	1462795670532785	1462795670533048	1462795670575093
535	1462795670575144	1462795670585302	1462795670585565	1462795670620620
536	1462795670620657	1462795670630477	1462795670630755	1462795670669179
537	1462795670669247	1462795670683586	1462795670683930	1462795670723078
538	1462795670723165	1462795670735837	1462795670736097	1462795670776528
539	1462795670776579	1462795670786318	1462795670786570	1462795670825242
540	1462795670825309	1462795670835059	1462795670835307	1462795670872475
541	1462795670872542	1462795670882318	1462795670882576	1462795670920495
542	1462795670920548	1462795670930290	1462795670930544	1462795670967061
543	1462795670967123	1462795670977855	1462795670978074	1462795671015622
544	1462795671015683	1462795671025082	1462795671025305	1462795671063914
545	1462795671064007	1462795671074979	1462795671075222	1462795671111279
546	1462795671111333	1462795671122336	1462795671122576	1462795671159263
547	1462795671159349	1462795671173754	1462795671174115	1462795671214719
548	1462795671214763	1462795671227098	1462795671227349	1462795671268337
549	1462795671268404	1462795671278040	1462795671278305	1462795671321474
550	1462795671321523	1462795671334627	1462795671334872	1462795671373980
551	1462795671374048	1462795671385090	1462795671385340	1462795671424758
552	1462795671424852	1462795671435527	1462795671435815	1462795671473125
553	1462795671473186	1462795671481952	1462795671482130	1462795671520781
554	1462795671520830	1462795671530675	1462795671530856	1462795671573443
555	1462795671573491	1462795671585790	1462795671586003	1462795671626874
556	1462795671626922	1462795671640074	1462795671640371	1462795671682080
557	1462795671682153	1462795671694215	1462795671694415	1462795671735173
558	1462795671735222	1462795671748436	1462795671748746	1462795671791442
559	1462795671791491	1462795671803022	1462795671803239	1462795671848459
560	1462795671848507	1462795671864637	1462795671864862	1462795671904744
561	1462795671904806	1462795671913823	1462795671914045	1462795671952335
562	1462795671952369	1462795671961320	1462795671961548	1462795672001151
563	1462795672001188	1462795672010483	1462795672010703	1462795672054107
564	1462795672054156	1462795672066169	1462795672066380	1462795672107839
565	1462795672107886	1462795672118550	1462795672118771	1462795672157080
566	1462795672157114	1462795672166411	1462795672166616	1462795672203810
567	1462795672203873	1462795672213271	1462795672213479	1462795672252736
568	1462795672252784	1462795672263229	1462795672263448	1462795672301930
569	1462795672301984	1462795672311347	1462795672311561	1462795672349747
570	1462795672349782	1462795672359131	1462795672359344	1462795672404713
571	1462795672404761	1462795672415398	1462795672415731	1462795672456441
572	1462795672456489	1462795672471043	1462795672471530	1462795672511467
573	1462795672511515	1462795672524161	1462795672524546	1462795672564324
574	1462795672564371	1462795672575353	1462795672575676	1462795672613765
575	1462795672613799	1462795672623600	1462795672623918	1462795672661453
576	1462795672661488	1462795672671200	1462795672671556	1462795672707926
577	1462795672707960	1462795672717724	1462795672718083	1462795672759226
578	1462795672759276	1462795672773222	1462795672773479	1462795672814448
579	1462795672814497	1462795672825493	1462795672825747	1462795672863769
580	1462795672863805	1462795672874749	1462795672874993	1462795672914240
581	1462795672914275	1462795672923833	1462795672924196	1462795672961787
582	1462795672961822	1462795672971596	1462795672971885	1462795673012697
583	1462795673012756	1462795673026003	1462795673026248	1462795673065948
584	1462795673065997	1462795673076898	1462795673077158	1462795673115565
585	1462795673115626	1462795673126190	1462795673126454	1462795673171266
586	1462795673171334	1462795673183734	1462795673183991	1462795673224757
587	1462795673224805	1462795673235147	1462795673235396	1462795673273928
588	1462795673273963	1462795673283224	1462795673283475	1462795673325008
589	1462795673325094	1462795673337991	1462795673338242	1462795673378830
590	1462795673378879	1462795673392714	1462795673393059	1462795673437323
591	1462795673437373	1462795673448027	1462795673448277	1462795673489131
592	1462795673489180	1462795673498335	1462795673498608	1462795673545928
593	1462795673545994	1462795673556562	1462795673556802	1462795673597140
594	1462795673597212	1462795673606366	1462795673606612	1462795673646213
595	1462795673646248	1462795673659086	1462795673659433	1462795673699613
596	1462795673699662	1462795673711484	1462795673711751	1462795673752706
597	1462795673752790	1462795673766443	1462795673766778	1462795673806808
598	1462795673806857	1462795673818721	1462795673818971	1462795673860044
599	1462795673860091	1462795673870557	1462795673870806	1462795673913253
600	1462795673913318	1462795673925153	1462795673925413	1462795673967161
601	1462795673967208	1462795673981186	1462795673981557	1462795674022849
602	1462795674022908	1462795674035250	1462795674035511	1462795674075941
603	1462795674076009	1462795674086724	1462795674086974	1462795674127561
604	1462795674127609	1462795674141114	1462795674141374	1462795674180948
605	1462795674180997	1462795674191723	1462795674191979	1462795674231550
606	1462795674231584	1462795674243607	1462795674243849	1462795674283875
607	1462795674283924	1462795674297268	1462795674297536	1462795674337956
608	1462795674338006	1462795674348740	1462795674348994	1462795674387832
609	1462795674387893	1462795674397242	1462795674397484	1462795674436851
610	1462795674436886	1462795674446193	1462795674446444	1462795674484586
611	1462795674484620	1462795674493709	1462795674494004	1462795674535844
612	1462795674535892	1462795674549029	1462795674549360	1462795674590032
613	1462795674590079	1462795674600608	1462795674600897	1462795674639318
614	1462795674639353	1462795674649806	1462795674650098	1462795674692148
615	1462795674692196	1462795674703938	1462795674704268	1462795674748491
616	1462795674748538	1462795674760427	1462795674760789	1462795674803194
617	1462795674803242	1462795674815271	1462795674815527	1462795674856077
618	1462795674856125	1462795674866516	1462795674866812	1462795674906189
619	1462795674906223	1462795674915344	1462795674915627	1462795674953730
620	1462795674953764	1462795674963643	1462795674964016	1462795675001637
621	1462795675001671	1462795675011504	1462795675011874	1462795675050013
622	1462795675050046	1462795675063565	1462795675064041	1462795675105927
623	1462795675105976	1462795675116942	1462795675117282	1462795675162190
624	1462795675162240	1462795675174551	1462795675174868	1462795675217033
625	1462795675217076	1462795675230001	1462795675230462	1462795675271640
626	1462795675271705	1462795675283857	1462795675284388	1462795675324642
627	1462795675324686	1462795675334153	1462795675334460	1462795675373878
628	1462795675373911	1462795675383460	1462795675383759	1462795675419758
629	1462795675419792	1462795675429207	1462795675429511	1462795675468580
630	1462795675468629	1462795675477989	1462795675478241	1462795675517427
631	1462795675517462	1462795675530138	1462795675530491	1462795675573015
632	1462795675573062	1462795675583786	1462795675584134	1462795675625020
633	1462795675625068	1462795675634425	1462795675634808	1462795675678784
634	1462795675678832	1462795675691224	1462795675691782	1462795675731112
635	1462795675731147	1462795675741899	1462795675742232	1462795675779201
636	1462795675779237	1462795675790051	1462795675790278	1462795675824957
637	1462795675825019	1462795675834382	1462795675834606	1462795675873293
638	1462795675873355	1462795675883876	1462795675884102	1462795675923619
639	1462795675923668	1462795675937636	1462795675937952	1462795675980633
640	1462795675980702	1462795675992378	1462795675992670	1462795676032835
641	1462795676032870	1462795676042079	1462795676042366	1462795676079395
642	1462795676079444	1462795676093196	1462795676093608	1462795676129871
643	1462795676129905	1462795676139132	1462795676139450	1462795676176214
644	1462795676176249	1462795676185484	1462795676185782	1462795676223457
645	1462795676223492	1462795676234122	1462795676234426	1462795676272104
646	1462795676272153	1462795676282677	1462795676282983	1462795676320088
647	1462795676320123	1462795676329369	1462795676329700	1462795676367575
648	1462795676367610	1462795676378221	1462795676378534	1462795676419939
649	1462795676419993	1462795676433223	1462795676433526	1462795676469988
650	1462795676470024	1462795676482141	1462795676482458	1462795676519798
651	1462795676519833	1462795676531885	1462795676532200	1462795676570098
652	1462795676570133	1462795676580905	1462795676581250	1462795676619292
653	1462795676619327	1462795676630060	1462795676630433	1462795676667667
654	1462795676667702	1462795676677072	1462795676677385	1462795676720517
655	1462795676720565	1462795676733705	1462795676734054	1462795676771737
656	1462795676771772	1462795676783848	1462795676784191	1462795676822050
657	1462795676822086	1462795676832849	1462795676833209	1462795676870873
658	1462795676870909	1462795676881666	1462795676882008	1462795676920411
659	1462795676920446	1462795676929802	1462795676930175	1462795676968602
660	1462795676968637	1462795676978088	1462795676978427	1462795677017176
661	1462795677017210	1462795677026652	1462795677026993	1462795677067629
662	1462795677067677	1462795677081202	1462795677081553	1462795677119188
663	1462795677119222	1462795677131339	1462795677131689	1462795677170469
664	1462795677170518	1462795677181718	1462795677182046	1462795677221372
665	1462795677221421	1462795677231669	1462795677232012	1462795677269389
666	1462795677269424	1462795677278782	1462795677279164	1462795677317296
667	1462795677317340	1462795677326736	1462795677327087	1462795677364303
668	1462795677364338	1462795677373703	1462795677374035	1462795677412445
669	1462795677412480	1462795677421821	1462795677422185	1462795677459618
670	1462795677459654	1462795677468764	1462795677469097	1462795677508321
671	1462795677508369	1462795677518812	1462795677519125	1462795677556919
672	1462795677556954	1462795677566227	1462795677566526	1462795677602665
673	1462795677602700	1462795677613352	1462795677613679	1462795677651857
674	1462795677651891	1462795677661195	1462795677661529	1462795677695381
675	1462795677695418	1462795677704748	1462795677705095	1462795677741834
676	1462795677741869	1462795677753825	1462795677754132	1462795677791770
677	1462795677791805	1462795677803757	1462795677804096	1462795677843204
678	1462795677843253	1462795677857099	1462795677857532	1462795677896881
679	1462795677896916	1462795677908853	1462795677909183	1462795677945573
680	1462795677945607	1462795677957217	1462795677957536	1462795677995900
681	1462795677995934	1462795678007580	1462795678007917	1462795678046349
682	1462795678046384	1462795678056690	1462795678056989	1462795678096102
683	1462795678096138	1462795678105124	1462795678105411	1462795678143876
684	1462795678143911	1462795678152885	1462795678153197	1462795678190680
685	1462795678190714	1462795678201102	1462795678201347	1462795678239533
686	1462795678239568	1462795678248560	1462795678248801	1462795678286688
687	1462795678286723	1462795678297129	1462795678297351	1462795678336828
688	1462795678336863	1462795678345896	1462795678346124	1462795678384850
689	1462795678384884	1462795678393937	1462795678394184	1462795678438022
690	1462795678438056	1462795678449825	1462795678450050	1462795678488660
691	1462795678488695	1462795678499346	1462795678499597	1462795678539633
692	1462795678539668	1462795678550341	1462795678550603	1462795678588535
693	1462795678588569	1462795678597817	1462795678598061	1462795678635640
694	1462795678635675	1462795678646291	1462795678646540	1462795678682967
695	1462795678683001	1462795678692245	1462795678692494	1462795678730837
696	1462795678730871	1462795678741535	1462795678741800	1462795678779878
697	1462795678779913	1462795678790460	1462795678790701	1462795678826985
698	1462795678827019	1462795678836205	1462795678836465	1462795678874194
699	1462795678874248	1462795678884824	1462795678885091	1462795678923179
700	1462795678923241	1462795678933814	1462795678934063	1462795678972578
701	1462795678972613	1462795678981632	1462795678981846	1462795679021344
702	1462795679021377	1462795679030451	1462795679030662	1462795679069461
703	1462795679069495	1462795679078576	1462795679078789	1462795679116370
704	1462795679116404	1462795679125455	1462795679125667	1462795679163199
705	1462795679163232	1462795679173678	1462795679173894	1462795679212512
706	1462795679212560	1462795679222778	1462795679222995	1462795679261367
707	1462795679261428	1462795679270541	1462795679270817	1462795679309095
708	1462795679309144	1462795679319206	1462795679319455	1462795679361384
709	1462795679361449	1462795679373277	1462795679373533	1462795679415811
710	1462795679415845	1462795679426290	1462795679426532	1462795679465123
711	1462795679465171	1462795679476209	1462795679476487	1462795679516728
712	1462795679516763	1462795679529355	1462795679529636	1462795679566740
713	1462795679566796	1462795679579378	1462795679579659	1462795679617571
714	1462795679617606	1462795679628692	1462795679628939	1462795679667258
715	1462795679667312	1462795679678343	1462795679678584	1462795679716403
716	1462795679716438	1462795679726008	1462795679726255	1462795679770567
717	1462795679770623	1462795679782882	1462795679783151	1462795679821587
718	1462795679821662	1462795679833407	1462795679833650	1462795679871107
719	1462795679871142	1462795679881986	1462795679882227	1462795679920314
720	1462795679920348	1462795679929791	1462795679930039	1462795679967784
721	1462795679967818	1462795679977596	1462795679977842	1462795680015318
722	1462795680015352	1462795680026333	1462795680026566	1462795680063882
723	1462795680063916	1462795680073374	1462795680073704	1462795680112185
724	1462795680112227	1462795680121959	1462795680122326	1462795680159467
725	1462795680159500	1462795680169263	1462795680169589	1462795680208517
726	1462795680208564	1462795680219412	1462795680219730	1462795680263291
727	1462795680263339	1462795680275915	1462795680276293	1462795680313388
728	1462795680313422	1462795680324538	1462795680324865	1462795680362451
729	1462795680362485	1462795680373635	1462795680374258	1462795680410962
730	1462795680411020	1462795680422208	1462795680422862	1462795680460516
731	1462795680460610	1462795680473927	1462795680474731	1462795680513990
732	1462795680514052	1462795680526526	1462795680526882	1462795680579094
733	1462795680579143	1462795680590494	1462795680590826	1462795680633298
734	1462795680633346	1462795680646698	1462795680647058	1462795680684210
735	1462795680684259	1462795680695284	1462795680695645	1462795680733460
736	1462795680733494	1462795680744502	1462795680744840	1462795680784372
737	1462795680784407	1462795680794156	1462795680794463	1462795680840299
738	1462795680840348	1462795680851506	1462795680851915	1462795680891626
739	1462795680891660	1462795680902782	1462795680903138	1462795680941199
740	1462795680941233	1462795680951982	1462795680952313	1462795680992412
741	1462795680992460	1462795681004663	1462795681005003	1462795681044001
742	1462795681044052	1462795681056183	1462795681056556	1462795681097634
743	1462795681097669	1462795681107159	1462795681107468	1462795681150248
744	1462795681150296	1462795681162493	1462795681162824	1462795681203229
745	1462795681203278	1462795681217444	1462795681217894	1462795681258423
746	1462795681258471	1462795681270665	1462795681271012	1462795681313187
747	1462795681313235	1462795681326119	1462795681326570	1462795681367558
748	1462795681367606	1462795681379786	1462795681380148	1462795681420107
749	1462795681420143	1462795681429630	1462795681429956	1462795681472449
750	1462795681472498	1462795681485593	1462795681485883	1462795681527780
751	1462795681527829	1462795681538708	1462795681539051	1462795681584545
752	1462795681584594	1462795681596566	1462795681596899	1462795681637520
753	1462795681637554	1462795681647062	1462795681647401	1462795681690311
754	1462795681690360	1462795681702583	1462795681702926	1462795681743050
755	1462795681743097	1462795681753989	1462795681754323	1462795681790537
756	1462795681790574	1462795681801471	1462795681801835	1462795681839591
757	1462795681839627	1462795681849163	1462795681849520	1462795681886823
758	1462795681886857	1462795681897743	1462795681898114	1462795681937581
759	1462795681937616	1462795681947117	1462795681947469	1462795681990918
760	1462795681990964	1462795682003848	1462795682004194	1462795682044481
761	1462795682044531	1462795682054339	1462795682054697	1462795682093567
762	1462795682093602	1462795682103322	1462795682103649	1462795682140304
763	1462795682140339	1462795682150047	1462795682150374	1462795682189515
764	1462795682189550	1462795682199240	1462795682199616	1462795682235440
765	1462795682235476	1462795682246564	1462795682246899	1462795682284094
766	1462795682284130	1462795682293818	1462795682294155	1462795682339242
767	1462795682339291	1462795682351886	1462795682352241	1462795682393355
768	1462795682393390	1462795682403074	1462795682403457	1462795682442064
769	1462795682442099	1462795682451985	1462795682452303	1462795682493648
770	1462795682493697	1462795682505693	1462795682506023	1462795682545952
771	1462795682546000	1462795682556722	1462795682557037	1462795682595429
772	1462795682595464	1462795682605114	1462795682605501	1462795682643287
773	1462795682643321	1462795682654316	1462795682654642	1462795682693814
774	1462795682693849	1462795682703489	1462795682703839	1462795682748576
775	1462795682748624	1462795682759743	1462795682760113	1462795682801485
776	1462795682801519	1462795682811168	1462795682811564	1462795682848215
777	1462795682848250	1462795682857901	1462795682858211	1462795682898220
778	1462795682898254	1462795682907895	1462795682908239	1462795682950342
779	1462795682950391	1462795682962757	1462795682963060	1462795683004084
780	1462795683004126	1462795683013743	1462795683013999	1462795683053845
781	1462795683053880	1462795683064038	1462795683064290	1462795683103037
782	1462795683103073	1462795683116720	1462795683116966	1462795683160809
783	1462795683160857	1462795683173760	1462795683174095	1462795683218184
784	1462795683218256	1462795683229270	1462795683229524	1462795683269909
785	1462795683269957	1462795683279610	1462795683279866	1462795683321062
786	1462795683321138	1462795683333491	1462795683333736	1462795683374802
787	1462795683374849	1462795683385865	1462795683386112	1462795683426076
788	1462795683426146	1462795683435785	1462795683436062	1462795683477791
789	1462795683477839	1462795683489971	1462795683490220	1462795683532835
790	1462795683532916	1462795683545491	1462795683545861	1462795683589290
791	1462795683589339	1462795683600171	1462795683600415	1462795683641392
792	1462795683641452	1462795683654326	1462795683654682	1462795683694958
793	1462795683695026	1462795683707139	1462795683707385	1462795683748591
794	1462795683748639	1462795683761114	1462795683761465	1462795683802131
795	1462795683802179	1462795683814337	1462795683814581	1462795683852058
796	1462795683852110	1462795683862955	1462795683863206	1462795683903491
797	1462795683903541	1462795683917619	1462795683917969	1462795683961380
798	1462795683961429	1462795683971886	1462795683972128	1462795684013708
799	1462795684013765	1462795684023118	1462795684023328	1462795684062255
800	1462795684062289	1462795684071425	1462795684071654	1462795684109861
801	1462795684109919	1462795684119158	1462795684119380	1462795684161994
802	1462795684162046	1462795684173925	1462795684174140	1462795684213576
803	1462795684213632	1462795684224193	1462795684224406	1462795684264194
804	1462795684264229	1462795684273392	1462795684273608	1462795684313669
805	1462795684313726	1462795684323043	1462795684323292	1462795684360387
806	1462795684360424	1462795684369765	1462795684370023	1462795684407227
807	1462795684407262	1462795684416603	1462795684416853	1462795684456712
808	1462795684456761	1462795684467163	1462795684467414	1462795684505509
809	1462795684505544	1462795684516269	1462795684516543	1462795684556646
810	1462795684556695	1462795684568706	1462795684568947	1462795684609636
811	1462795684609685	1462795684620403	1462795684620652	1462795684660082
812	1462795684660116	1462795684669415	1462795684669668	1462795684715276
813	1462795684715325	1462795684727515	1462795684727772	1462795684767896
814	1462795684767937	1462795684778575	1462795684778824	1462795684816540
815	1462795684816574	1462795684825877	1462795684826124	1462795684864082
816	1462795684864143	1462795684873469	1462795684873692	1462795684916511
817	1462795684916562	1462795684928591	1462795684928848	1462795684967453
818	1462795684967502	1462795684979641	1462795684979889	1462795685019931
819	1462795685019994	1462795685033887	1462795685034255	1462795685078545
820	1462795685078595	1462795685089664	1462795685089919	1462795685133806
821	1462795685133855	1462795685145884	1462795685146150	1462795685185387
822	1462795685185421	1462795685196157	1462795685196414	1462795685236417
823	1462795685236465	1462795685246979	1462795685247231	1462795685286183
824	1462795685286218	1462795685295554	1462795685295804	1462795685336690
825	1462795685336751	1462795685348762	1462795685349014	1462795685390199
826	1462795685390247	1462795685400993	1462795685401235	1462795685441229
827	1462795685441283	1462795685450748	1462795685450996	1462795685495893
828	1462795685495942	1462795685508096	1462795685508354	1462795685548017
829	1462795685548072	1462795685558931	1462795685559195	1462795685597541
830	1462795685597603	1462795685607828	1462795685608084	1462795685649424
831	1462795685649467	1462795685661602	1462795685661859	1462795685701778
832	1462795685701826	1462795685712688	1462795685712950	1462795685753172
833	1462795685753220	1462795685762678	1462795685762938	1462795685803245
834	1462795685803279	1462795685816719	1462795685816979	1462795685857186
835	1462795685857278	1462795685868994	1462795685869245	1462795685911672
836	1462795685911720	1462795685925178	1462795685925427	1462795685966060
837	1462795685966107	1462795685977077	1462795685977352	1462795686016434
838	1462795686016469	1462795686025950	1462795686026187	1462795686065830
839	1462795686065864	1462795686075345	1462795686075615	1462795686113867
840	1462795686113922	1462795686123382	1462795686123649	1462795686161664
841	1462795686161699	1462795686171140	1462795686171385	1462795686209786
842	1462795686209841	1462795686219410	1462795686219655	1462795686257960
843	1462795686258014	1462795686267596	1462795686267856	1462795686310253
844	1462795686310287	1462795686322563	1462795686322814	1462795686363439
845	1462795686363523	1462795686378435	1462795686378780	1462795686418746
846	1462795686418800	1462795686431430	1462795686431675	1462795686471389
847	1462795686471437	1462795686485350	1462795686485658	1462795686526759
848	1462795686526805	1462795686538759	1462795686538970	1462795686578858
849	1462795686578906	1462795686589570	1462795686589810	1462795686627913
850	1462795686627993	1462795686637324	1462795686637547	1462795686679799
851	1462795686679885	1462795686693287	1462795686693539	1462795686736080
852	1462795686736155	1462795686745521	1462795686745773	1462795686785700
853	1462795686785756	1462795686795124	1462795686795384	1462795686833643
854	1462795686833677	1462795686843026	1462795686843274	1462795686885661
855	1462795686885705	1462795686897778	1462795686898030	1462795686939644
856	1462795686939716	1462795686950424	1462795686950671	1462795686989875
857	1462795686989937	1462795686999241	1462795686999491	1462795687039350
858	1462795687039409	1462795687052934	1462795687053182	1462795687092001
859	1462795687092087	1462795687104018	1462795687104286	1462795687143686
860	1462795687143747	1462795687154392	1462795687154638	1462795687194331
861	1462795687194383	1462795687203687	1462795687203934	1462795687241638
862	1462795687241700	1462795687250998	1462795687251237	1462795687288261
863	1462795687288316	1462795687297621	1462795687297864	1462795687345578
864	1462795687345663	1462795687357083	1462795687357336	1462795687412826
865	1462795687412911	1462795687425886	1462795687426133	1462795687466140
866	1462795687466206	1462795687477109	1462795687477357	1462795687517365
867	1462795687517431	1462795687526853	1462795687527101	1462795687569205
868	1462795687569291	1462795687582316	1462795687582558	1462795687622456
869	1462795687622519	1462795687633350	1462795687633616	1462795687673777
870	1462795687673838	1462795687683311	1462795687683563	1462795687720282
871	1462795687720345	1462795687729809	1462795687730056	1462795687767165
872	1462795687767220	1462795687778039	1462795687778284	1462795687822389
873	1462795687822476	1462795687835108	1462795687835359	1462795687874655
874	1462795687874716	1462795687885540	1462795687885786	1462795687924245
875	1462795687924281	1462795687933745	1462795687933991	1462795687972802
876	1462795687972850	1462795687983300	1462795687983558	1462795688021810
877	1462795688021851	1462795688031276	1462795688031475	1462795688075319
878	1462795688075367	1462795688087791	1462795688088034	1462795688127188
879	1462795688127223	1462795688138137	1462795688138406	1462795688178609
880	1462795688178657	1462795688188277	1462795688188477	1462795688229447
881	1462795688229492	1462795688242153	1462795688242401	1462795688277809
882	1462795688277856	1462795688290124	1462795688290376	1462795688330768
883	1462795688330818	1462795688341750	1462795688342003	1462795688380694
884	1462795688380727	1462795688390285	1462795688390526	1462795688436296
885	1462795688436374	1462795688447301	1462795688447563	1462795688488131
886	1462795688488180	1462795688500781	1462795688501229	1462795688542604
887	1462795688542652	1462795688554989	1462795688555325	1462795688596019
888	1462795688596069	1462795688606975	1462795688607310	1462795688645884
889	1462795688645918	1462795688655529	1462795688655907	1462795688693715
890	1462795688693751	1462795688703374	1462795688703710	1462795688740443
891	1462795688740477	1462795688750077	1462795688750441	1462795688788748
892	1462795688788797	1462795688799455	1462795688799809	1462795688843565
893	1462795688843599	1462795688855881	1462795688856455	1462795688895600
894	1462795688895634	1462795688905318	1462795688905672	1462795688942260
895	1462795688942299	1462795688951556	1462795688951831	1462795688991745
896	1462795688991794	1462795689005782	1462795689006150	1462795689046665
897	1462795689046707	1462795689058868	1462795689059150	1462795689101055
898	1462795689101103	1462795689115057	1462795689115486	1462795689158792
899	1462795689158840	1462795689169576	1462795689169941	1462795689208761
900	1462795689208795	1462795689218138	1462795689218515	1462795689263392
901	1462795689263440	1462795689275627	1462795689276015	1462795689318849
902	1462795689318883	1462795689328252	1462795689328642	1462795689365789
903	1462795689365824	1462795689375180	1462795689375708	1462795689411719
904	1462795689411753	1462795689421106	1462795689421461	1462795689459692
905	1462795689459728	1462795689470417	1462795689470773	1462795689511446
906	1462795689511494	1462795689524842	1462795689525194	1462795689564443
907	1462795689564491	1462795689575201	1462795689575574	1462795689616012
908	1462795689616060	1462795689626691	1462795689627043	1462795689667588
909	1462795689667637	1462795689681065	1462795689681441	1462795689721987
910	1462795689722035	1462795689732750	1462795689732991	1462795689771730
911	1462795689771794	1462795689781186	1462795689781453	1462795689820331
912	1462795689820380	1462795689830904	1462795689831161	1462795689873334
913	1462795689873382	1462795689885426	1462795689885667	1462795689926641
914	1462795689926689	1462795689937411	1462795689937662	1462795689973998
915	1462795689974047	1462795689985252	1462795689985511	1462795690023864
916	1462795690023898	1462795690033446	1462795690033696	1462795690073857
917	1462795690073904	1462795690084107	1462795690084358	1462795690125843
918	1462795690125887	1462795690138287	1462795690138543	1462795690181981
919	1462795690182029	1462795690195365	1462795690195753	1462795690239938
920	1462795690239983	1462795690251001	1462795690251270	1462795690289761
921	1462795690289796	1462795690300378	1462795690300721	1462795690340513
922	1462795690340558	1462795690353798	1462795690354052	1462795690395261
923	1462795690395310	1462795690409705	1462795690410044	1462795690454087
924	1462795690454136	1462795690464688	1462795690464902	1462795690510341
925	1462795690510389	1462795690522260	1462795690522481	1462795690564579
926	1462795690564626	1462795690576692	1462795690576995	1462795690619764
927	1462795690619855	1462795690631759	1462795690631975	1462795690672262
928	1462795690672311	1462795690681532	1462795690681737	1462795690727895
929	1462795690727943	1462795690739871	1462795690740123	1462795690781044
930	1462795690781091	1462795690793724	1462795690794099	1462795690834525
931	1462795690834573	1462795690846671	1462795690846905	1462795690887267
932	1462795690887315	1462795690901316	1462795690901687	1462795690942324
933	1462795690942374	1462795690954503	1462795690954717	1462795690994751
934	1462795690994796	1462795691005153	1462795691005368	1462795691045625
935	1462795691045659	1462795691054663	1462795691054874	1462795691092132
936	1462795691092194	1462795691101253	1462795691101475	1462795691146809
937	1462795691146878	1462795691158654	1462795691158887	1462795691200756
938	1462795691200815	1462795691209930	1462795691210156	1462795691248957
939	1462795691249013	1462795691258156	1462795691258392	1462795691295629
940	1462795691295686	1462795691306210	1462795691306421	1462795691345425
941	1462795691345463	1462795691357861	1462795691358153	1462795691399964
942	1462795691400020	1462795691411820	1462795691412043	1462795691451888
943	1462795691451923	1462795691461552	1462795691461826	1462795691500437
944	1462795691500473	1462795691510095	1462795691510349	1462795691549668
945	1462795691549724	1462795691563902	1462795691564224	1462795691603626
946	1462795691603661	1462795691615773	1462795691616135	1462795691656397
947	1462795691656464	1462795691666013	1462795691666390	1462795691703814
948	1462795691703894	1462795691714781	1462795691715152	1462795691752329
949	1462795691752407	1462795691761859	1462795691762259	1462795691801015
950	1462795691801092	1462795691810576	1462795691810971	1462795691849505
951	1462795691849591	1462795691859022	1462795691859394	1462795691897736
952	1462795691897829	1462795691908901	1462795691909448	1462795691953327
953	1462795691953467	1462795691965534	1462795691965933	1462795692005955
954	1462795692006047	1462795692015864	1462795692016255	1462795692053618
955	1462795692053713	1462795692065358	1462795692065941	1462795692105514
956	1462795692105620	1462795692118054	1462795692118453	1462795692157412
957	1462795692157514	1462795692168785	1462795692169170	1462795692208036
958	1462795692208163	1462795692219270	1462795692219659	1462795692261235
959	1462795692261353	1462795692273932	1462795692274332	1462795692314727
960	1462795692314836	1462795692326096	1462795692326474	1462795692364462
961	1462795692364545	1462795692374268	1462795692374665	1462795692411767
962	1462795692411852	1462795692422805	1462795692423184	1462795692460553
963	1462795692460656	1462795692469969	1462795692470287	1462795692513447
964	1462795692513556	1462795692525752	1462795692526063	1462795692567107
965	1462795692567239	1462795692581482	1462795692581974	1462795692622390
966	1462795692622500	1462795692634879	1462795692635209	1462795692674600
967	1462795692674706	1462795692685504	1462795692685837	1462795692723907
968	1462795692723942	1462795692733372	1462795692733591	1462795692772992
969	1462795692773052	1462795692782407	1462795692782639	1462795692825225
970	1462795692825274	1462795692838173	1462795692838430	1462795692878168
971	1462795692878251	1462795692893398	1462795692893651	1462795692936865
972	1462795692936924	1462795692948656	1462795692948915	1462795692983510
973	1462795692983567	1462795692995620	1462795692995843	1462795693037159
974	1462795693037243	1462795693051065	1462795693051394	1462795693091237
975	1462795693091284	1462795693103606	1462795693103819	1462795693143554
976	1462795693143589	1462795693153022	1462795693153279	1462795693193926
977	1462795693193959	1462795693203338	1462795693203594	1462795693240395
978	1462795693240450	1462795693249831	1462795693250169	1462795693289474
979	1462795693289508	1462795693298889	1462795693299239	1462795693337303
980	1462795693337337	1462795693348083	1462795693348523	1462795693390232
981	1462795693390293	1462795693402373	1462795693402761	1462795693444576
982	1462795693444624	1462795693456963	1462795693457413	1462795693495662
983	1462795693495712	1462795693509098	1462795693509452	1462795693552558
984	1462795693552605	1462795693564930	1462795693565385	1462795693608807
985	1462795693608856	1462795693620584	1462795693620941	1462795693661534
986	1462795693661581	1462795693670936	1462795693671299	1462795693712994
987	1462795693713041	1462795693725064	1462795693725417	1462795693766391
988	1462795693766439	1462795693777183	1462795693777564	1462795693817231
989	1462795693817279	1462795693827529	1462795693827862	1462795693874859
990	1462795693874907	1462795693885959	1462795693886293	1462795693925567
991	1462795693925600	1462795693936383	1462795693936841	1462795693980931
992	1462795693980978	1462795693992667	1462795693993061	1462795694033552
993	1462795694033584	1462795694042939	1462795694043273	1462795694080610
994	1462795694080644	1462795694089995	1462795694090372	1462795694128835
995	1462795694128869	1462795694138218	1462795694138544	1462795694176736
996	1462795694176783	1462795694186155	1462795694186515	1462795694224256
997	1462795694224289	1462795694233625	1462795694233955	1462795694271783
998	1462795694271816	1462795694282518	1462795694282860	1462795694320405
999	1462795694320455	1462795694329807	1462795694330190	1462795694369721
1000	1462795694369768	1462795694379165	1462795694379518	1462795694424857
1001	1462795694424906	1462795694436663	1462795694437012	1462795694476816
1002	1462795694476875	1462795694486313	1462795694486656	1462795694527135
1003	1462795694527207	1462795694540902	1462795694541298	1462795694579234
1004	1462795694579301	1462795694591617	1462795694591970	1462795694629646
1005	1462795694629695	1462795694640519	1462795694640843	1462795694680837
1006	1462795694680906	1462795694691388	1462795694691739	1462795694728711
