1462795660512093	1462795646400	62
1462795660563325	1462795646410	79
1462795660613861	1462795646420	99
1462795660667943	1462795646430	116
1462795660771416	1462795646440	130
1462795660800782	1462795646450	140
1462795660831891	1462795646460	159
1462795660875411	1462795646470	175
1462795660932265	1462795646480	197
1462795660986526	1462795646490	211
1462795661034804	1462795646500	225
1462795661149238	1462795646510	253
1462795661263292	1462795646520	274
1462795661347303	1462795646530	291
1462795661405317	1462795646540	310
1462795661462741	1462795646550	327
1462795661521326	1462795646560	351
1462795661578324	1462795646570	369
1462795661634333	1462795646580	386
1462795661667313	1462795646590	401
1462795661721872	1462795646600	415
1462795661777371	1462795646610	428
1462795661808485	1462795646620	442
1462795661838374	1462795646630	456
1462795661868033	1462795646640	469
1462795661921116	1462795646650	485
1462795661950966	1462795646660	499
1462795661981092	1462795646670	513
1462795662011053	1462795646680	527
1462795662046665	1462795646690	542
1462795662097719	1462795646700	559
1462795662147810	1462795646710	572
1462795662178355	1462795646710	584
1462795662206838	1462795646720	591
1462795662261615	1462795646730	607
1462795662313059	1462795646740	624
1462795662362536	1462795646750	638
1462795662413670	1462795646760	652
1462795662466581	1462795646770	668
1462795662518372	1462795646780	683
1462795662574432	1462795646790	695
1462795662630415	1462795646800	711
1462795662673452	1462795646810	723
1462795662724317	1462795646820	734
1462795662779460	1462795646830	747
1462795662819491	1462795646840	760
1462795662876469	1462795646850	777
1462795662920434	1462795646860	795
1462795662972234	1462795646870	812
1462795663027388	1462795646880	826
1462795663086482	1462795646890	844
1462795663139497	1462795646900	860
1462795663189557	1462795646910	876
1462795663247060	1462795646920	894
1462795663297006	1462795646930	910
1462795663348188	1462795646940	927
1462795663403160	1462795646950	941
1462795663460401	1462795646960	957
1462795663512862	1462795646970	971
1462795663564046	1462795646980	985
1462795663612168	1462795646990	999
1462795663661578	1462795647000	1014
1462795663708495	1462795647010	1028
1462795663756241	1462795647020	1043
1462795663813547	1462795647030	1058
1462795663870576	1462795647040	1073
1462795663927581	1462795647050	1088
1462795663984596	1462795647060	1100
1462795664041520	1462795647070	1112
1462795664097779	1462795647080	1129
1462795664129627	1462795647090	1145
1462795664186653	1462795647100	1162
1462795664228726	1462795647110	1175
1462795664282572	1462795647120	1190
1462795664334532	1462795647130	1204
1462795664364512	1462795647130	1218
1462795664393347	1462795647140	1225
1462795664429166	1462795647150	1240
1462795664485532	1462795647160	1258
1462795664541810	1462795647170	1275
1462795664597687	1462795647180	1293
1462795664646698	1462795647190	1309
1462795664704547	1462795647200	1327
1462795664758711	1462795647210	1343
1462795664807731	1462795647220	1360
1462795664859736	1462795647230	1375
1462795664908895	1462795647240	1389
1462795664957071	1462795647250	1405
1462795665007185	1462795647260	1419
1462795665061454	1462795647270	1434
1462795665117152	1462795647280	1447
1462795665170325	1462795647290	1461
1462795665226547	1462795647300	1475
1462795665279397	1462795647310	1490
1462795665329658	1462795647320	1504
1462795665378861	1462795647330	1518
1462795665432033	1462795647340	1534
1462795665480090	1462795647350	1548
1462795665532476	1462795647360	1562
1462795665580016	1462795647370	1576
1462795665629381	1462795647380	1590
1462795665677845	1462795647390	1603
1462795665725175	1462795647400	1614
1462795665771218	1462795647410	1628
1462795665822097	1462795647420	1642
1462795665877494	1462795647430	1656
1462795665927850	1462795647440	1672
1462795665975183	1462795647450	1686
1462795666023942	1462795647460	1700
1462795666071350	1462795647470	1716
1462795666120812	1462795647480	1730
1462795666175346	1462795647490	1748
1462795666231513	1462795647500	1762
1462795666286558	1462795647510	1776
1462795666337589	1462795647520	1790
1462795666390859	1462795647530	1804
1462795666443335	1462795647540	1820
1462795666495785	1462795647550	1835
1462795666550517	1462795647560	1850
1462795666600699	1462795647570	1869
1462795666657616	1462795647580	1888
1462795666708476	1462795647590	1905
1462795666755606	1462795647600	1922
1462795666805147	1462795647610	1939
1462795666863765	1462795647620	1961
1462795666900965	1462795647630	1979
1462795666954900	1462795647640	1998
1462795667006400	1462795647650	2013
1462795667057151	1462795647660	2026
1462795667114209	1462795647670	2039
1462795667164390	1462795647680	2052
1462795667212398	1462795647690	2065
1462795667259383	1462795647700	2078
1462795667308483	1462795647710	2091
1462795667357021	1462795647720	2103
1462795667406578	1462795647730	2116
1462795667459841	1462795647740	2131
1462795667513074	1462795647750	2144
1462795667570364	1462795647760	2160
1462795667624799	1462795647770	2175
1462795667676774	1462795647780	2189
1462795667728008	1462795647790	2203
1462795667775457	1462795647800	2216
1462795667824894	1462795647810	2231
1462795667883721	1462795647820	2251
1462795667929083	1462795647830	2270
1462795667978539	1462795647840	2289
1462795668028726	1462795647850	2304
1462795668079585	1462795647860	2319
1462795668133513	1462795647870	2332
1462795668185586	1462795647880	2345
1462795668233676	1462795647890	2357
1462795668287154	1462795647900	2369
1462795668344822	1462795647910	2381
1462795668375188	1462795647910	2393
1462795668403843	1462795647920	2400
1462795668451910	1462795647930	2418
1462795668504464	1462795647940	2436
1462795668560084	1462795647950	2449
1462795668612764	1462795647960	2461
1462795668667813	1462795647970	2474
1462795668723672	1462795647980	2487
1462795668774232	1462795647990	2500
1462795668827551	1462795648000	2514
1462795668879011	1462795648010	2527
1462795668930703	1462795648020	2542
1462795668981006	1462795648030	2555
1462795669033829	1462795648040	2568
1462795669080772	1462795648050	2579
1462795669136136	1462795648060	2591
1462795669195531	1462795648070	2603
1462795669248076	1462795648080	2614
1462795669299221	1462795648090	2627
1462795669348108	1462795648100	2640
1462795669401359	1462795648110	2653
1462795669453975	1462795648120	2668
1462795669505163	1462795648130	2681
1462795669553523	1462795648140	2694
1462795669602700	1462795648150	2706
1462795669656030	1462795648160	2719
1462795669706807	1462795648170	2732
1462795669758593	1462795648180	2745
1462795669809047	1462795648190	2758
1462795669861976	1462795648200	2772
1462795669919593	1462795648210	2788
1462795669969064	1462795648220	2801
1462795670024204	1462795648230	2815
1462795670076828	1462795648240	2828
1462795670132214	1462795648250	2841
1462795670184461	1462795648260	2854
1462795670232566	1462795648270	2868
1462795670284067	1462795648280	2882
1462795670333011	1462795648290	2896
1462795670379896	1462795648300	2910
1462795670427903	1462795648310	2925
1462795670480077	1462795648320	2938
1462795670534815	1462795648330	2951
1462795670587254	1462795648340	2968
1462795670632527	1462795648350	2981
1462795670662558	1462795648350	2994
1462795670691193	1462795648360	3002
1462795670737853	1462795648370	3019
1462795670789204	1462795648380	3038
1462795670837093	1462795648390	3051
1462795670884377	1462795648400	3064
1462795670932341	1462795648410	3080
1462795670979529	1462795648420	3093
1462795671026786	1462795648430	3107
1462795671077022	1462795648440	3120
1462795671124376	1462795648450	3133
1462795671176518	1462795648460	3146
1462795671229134	1462795648470	3159
1462795671280093	1462795648480	3174
1462795671391790	1462795648490	3191
1462795671475857	1462795648500	3210
1462795671531857	1462795648510	3224
1462795671615816	1462795648520	3243
1462795671646826	1462795648530	3257
1462795671675807	1462795648540	3267
1462795671727916	1462795648550	3277
1462795671759017	1462795648560	3286
1462795671811907	1462795648570	3295
1462795671842908	1462795648580	3307
1462795671871854	1462795648590	3316
1462795671915508	1462795648600	3331
1462795671963692	1462795648610	3345
1462795672012195	1462795648620	3356
1462795672067849	1462795648630	3369
1462795672120250	1462795648640	3384
1462795672175903	1462795648650	3396
1462795672214946	1462795648660	3413
1462795672267082	1462795648670	3426
1462795672345053	1462795648680	3443
1462795672400940	1462795648690	3458
1462795672435028	1462795648700	3475
1462795672491064	1462795648710	3487
1462795672568815	1462795648720	3502
1462795672604918	1462795648730	3517
1462795672656983	1462795648740	3533
1462795672712983	1462795648750	3549
1462795672744728	1462795648760	3564
1462795672798678	1462795648770	3579
1462795672828476	1462795648780	3593
1462795672914055	1462795648790	3615
1462795672945060	1462795648800	3635
1462795672976605	1462795648810	3653
1462795673030515	1462795648820	3668
1462795673087099	1462795648830	3689
1462795673143110	1462795648840	3704
1462795673199089	1462795648850	3721
1462795673238031	1462795648860	3735
1462795673286140	1462795648870	3748
1462795673339973	1462795648880	3762
1462795673395587	1462795648890	3777
1462795673454666	1462795648900	3799
1462795673501096	1462795648910	3813
1462795673558548	1462795648920	3834
1462795673609118	1462795648930	3846
1462795673665346	1462795648940	3862
1462795673721177	1462795648950	3880
1462795673777199	1462795648960	3895
1462795673820760	1462795648970	3909
1462795673872588	1462795648980	3922
1462795673927157	1462795648990	3938
1462795673984246	1462795649000	3954
1462795674014240	1462795649000	3967
1462795674042658	1462795649010	3974
1462795674088761	1462795649020	3989
1462795674143121	1462795649030	4009
1462795674193765	1462795649040	4024
1462795674245640	1462795649050	4039
1462795674299265	1462795649060	4054
1462795674330252	1462795649060	4067
1462795674358803	1462795649070	4074
1462795674399254	1462795649080	4088
1462795674449081	1462795649090	4109
1462795674496399	1462795649100	4122
1462795674554222	1462795649110	4140
1462795674609222	1462795649120	4155
1462795674651781	1462795649130	4171
1462795674705853	1462795649140	4185
1462795674763067	1462795649150	4199
1462795674817202	1462795649160	4212
1462795674868536	1462795649170	4225
1462795674917239	1462795649180	4241
1462795674966216	1462795649190	4256
1462795675014163	1462795649200	4270
1462795675066606	1462795649210	4287
1462795675119908	1462795649220	4305
1462795675177539	1462795649230	4322
1462795675236313	1462795649240	4340
1462795675293321	1462795649250	4359
1462795675374346	1462795649260	4376
1462795675430452	1462795649270	4391
1462795675487365	1462795649280	4406
1462795675520332	1462795649290	4421
1462795675574375	1462795649300	4434
1462795675604369	1462795649310	4446
1462795675661375	1462795649320	4459
1462795675693760	1462795649330	4473
1462795675864188	1462795649340	4494
1462795675894414	1462795649350	4505
1462795675925015	1462795649360	4526
1462795675979428	1462795649370	4541
1462795676037967	1462795649380	4562
1462795676093441	1462795649390	4575
1462795676125457	1462795649400	4593
1462795676179423	1462795649410	4605
1462795676236476	1462795649420	4620
1462795676266477	1462795649430	4633
1462795676296452	1462795649440	4647
1462795676351494	1462795649450	4660
1462795676380981	1462795649460	4672
1462795676411212	1462795649470	4685
1462795676441012	1462795649480	4700
1462795676484421	1462795649490	4714
1462795676534077	1462795649500	4731
1462795676583160	1462795649510	4744
1462795676632400	1462795649520	4757
1462795676679338	1462795649530	4770
1462795676736059	1462795649540	4783
1462795676786144	1462795649550	4795
1462795676835156	1462795649560	4808
1462795676883983	1462795649570	4821
1462795676932976	1462795649580	4837
1462795676980407	1462795649590	4851
1462795677028957	1462795649600	4865
1462795677083488	1462795649610	4879
1462795677133675	1462795649620	4894
1462795677184039	1462795649630	4907
1462795677234833	1462795649640	4922
1462795677281119	1462795649650	4939
1462795677329877	1462795649660	4954
1462795677376078	1462795649670	4973
1462795677424156	1462795649680	4988
1462795677483359	1462795649690	5008
1462795677538669	1462795649700	5021
1462795677569654	1462795649710	5037
1462795677623685	1462795649720	5049
1462795677663162	1462795649730	5061
1462795677709700	1462795649740	5074
1462795677755775	1462795649750	5091
1462795677805733	1462795649760	5107
1462795677888734	1462795649770	5128
1462795677923729	1462795649780	5144
1462795677974741	1462795649790	5160
1462795678009744	1462795649800	5173
1462795678065756	1462795649810	5188
1462795678107108	1462795649820	5202
1462795678154872	1462795649830	5219
1462795678203604	1462795649840	5231
1462795678250367	1462795649850	5242
1462795678300550	1462795649860	5254
1462795678348288	1462795649870	5266
1462795678396422	1462795649880	5278
1462795678451486	1462795649890	5293
1462795678501394	1462795649900	5307
1462795678552383	1462795649910	5321
1462795678599824	1462795649920	5336
1462795678629812	1462795649920	5350
1462795678658550	1462795649930	5358
1462795678743447	1462795649940	5379
1462795678799971	1462795649950	5393
1462795678831984	1462795649960	5411
1462795678887977	1462795649970	5426
1462795678942971	1462795649980	5440
1462795678973511	1462795649990	5454
1462795679030930	1462795650000	5475
1462795679086004	1462795650010	5488
1462795679117002	1462795650020	5504
1462795679172039	1462795650030	5519
1462795679259454	1462795650040	5537
1462795679316049	1462795650050	5551
1462795679347039	1462795650060	5566
1462795679404069	1462795650070	5579
1462795679488026	1462795650080	5601
1462795679574088	1462795650090	5619
1462795679657099	1462795650100	5636
1462795679714217	1462795650110	5648
1462795679800127	1462795650120	5669
1462795679858118	1462795650130	5687
1462795679914871	1462795650140	5704
1462795679970155	1462795650150	5723
1462795680002844	1462795650160	5739
1462795680033575	1462795650170	5754
1462795680112600	1462795650180	5777
1462795680143697	1462795650190	5794
1462795680197046	1462795650200	5811
1462795680228081	1462795650210	5825
1462795680259782	1462795650220	5840
1462795680342851	1462795650230	5863
1462795680373530	1462795650240	5878
1462795680427089	1462795650250	5897
1462795680459122	1462795650260	5912
1462795680490121	1462795650270	5926
1462795680542153	1462795650280	5940
1462795680577793	1462795650290	5955
1462795680607817	1462795650300	5966
1462795680637855	1462795650310	5979
1462795680684688	1462795650320	5995
1462795680720832	1462795650330	6010
1462795680750678	1462795650340	6024
1462795680781750	1462795650350	6040
1462795680812773	1462795650360	6055
1462795680853863	1462795650370	6070
1462795680905082	1462795650380	6093
1462795680955077	1462795650390	6116
1462795681006941	1462795650400	6133
1462795681058489	1462795650410	6148
1462795681109435	1462795650420	6162
1462795681164818	1462795650430	6175
1462795681220506	1462795650440	6188
1462795681273011	1462795650450	6201
1462795681328944	1462795650460	6215
1462795681382081	1462795650470	6228
1462795681432807	1462795650480	6243
1462795681487536	1462795650490	6256
1462795681541056	1462795650500	6270
1462795681598825	1462795650510	6283
1462795681649373	1462795650520	6296
1462795681704905	1462795650530	6309
1462795681756343	1462795650540	6321
1462795681803809	1462795650550	6334
1462795681851437	1462795650560	6346
1462795681900103	1462795650570	6359
1462795681949465	1462795650580	6374
1462795682006145	1462795650590	6387
1462795682057506	1462795650600	6400
1462795682105617	1462795650610	6414
1462795682153160	1462795650620	6428
1462795682201547	1462795650630	6441
1462795682248875	1462795650640	6454
1462795682296154	1462795650650	6466
1462795682354178	1462795650660	6479
1462795682406211	1462795650670	6492
1462795682454660	1462795650680	6506
1462795682512906	1462795650690	6526
1462795682558690	1462795650700	6540
1462795682607420	1462795650710	6557
1462795682657494	1462795650720	6569
1462795682705808	1462795650730	6581
1462795682762050	1462795650740	6595
1462795682813499	1462795650750	6608
1462795682861001	1462795650760	6620
1462795682910092	1462795650770	6633
1462795682964869	1462795650780	6648
1462795683016497	1462795650790	6660
1462795683074943	1462795650800	6678
1462795683118739	1462795650810	6693
1462795683176505	1462795650820	6714
1462795683231291	1462795650830	6728
1462795683282466	1462795650840	6747
1462795683335509	1462795650850	6761
1462795683387891	1462795650860	6774
1462795683438640	1462795650870	6790
1462795683492003	1462795650880	6803
1462795683548314	1462795650890	6816
1462795683602171	1462795650900	6830
1462795683656883	1462795650910	6843
1462795683709188	1462795650920	6855
1462795683764056	1462795650930	6868
1462795683816382	1462795650940	6883
1462795683865001	1462795650950	6898
1462795683920448	1462795650960	6919
1462795683973565	1462795650970	6932
1462795684025530	1462795650980	6946
1462795684073801	1462795650990	6959
1462795684121563	1462795651000	6971
1462795684175610	1462795651010	6983
1462795684225868	1462795651020	6995
1462795684275078	1462795651030	7007
1462795684325931	1462795651040	7019
1462795684371799	1462795651050	7031
1462795684418616	1462795651060	7045
1462795684469936	1462795651070	7059
1462795684518288	1462795651080	7072
1462795684570717	1462795651090	7087
1462795684622436	1462795651100	7099
1462795684672307	1462795651110	7113
1462795684729551	1462795651120	7126
1462795684780615	1462795651130	7138
1462795684828750	1462795651140	7150
1462795684876236	1462795651150	7163
1462795684930527	1462795651160	7178
1462795684981623	1462795651170	7191
1462795685036582	1462795651180	7204
1462795685091626	1462795651190	7216
1462795685147808	1462795651200	7229
1462795685198115	1462795651210	7243
1462795685249776	1462795651220	7256
1462795685298442	1462795651230	7269
1462795685350792	1462795651240	7282
1462795685403015	1462795651250	7295
1462795685453154	1462795651260	7310
1462795685510104	1462795651270	7323
1462795685560955	1462795651280	7337
1462795685610664	1462795651290	7350
1462795685663540	1462795651300	7363
1462795685714692	1462795651310	7375
1462795685765422	1462795651320	7388
1462795685818729	1462795651330	7401
1462795685870995	1462795651340	7414
1462795685927177	1462795651350	7432
1462795685979102	1462795651360	7446
1462795686028853	1462795651370	7465
1462795686078175	1462795651380	7480
1462795686125351	1462795651390	7495
1462795686174032	1462795651400	7510
1462795686222272	1462795651410	7524
1462795686269559	1462795651420	7538
1462795686324606	1462795651430	7552
1462795686380980	1462795651440	7565
1462795686433478	1462795651450	7580
1462795686487782	1462795651460	7593
1462795686540438	1462795651470	7606
1462795686591247	1462795651480	7618
1462795686638997	1462795651490	7629
1462795686695286	1462795651500	7642
1462795686748406	1462795651510	7655
1462795686797091	1462795651520	7669
1462795686845914	1462795651530	7682
1462795686899784	1462795651540	7695
1462795686952453	1462795651550	7711
1462795687001269	1462795651560	7725
1462795687054937	1462795651570	7738
1462795687106024	1462795651580	7751
1462795687156421	1462795651590	7764
1462795687206567	1462795651600	7777
1462795687253041	1462795651610	7790
1462795687299627	1462795651620	7803
1462795687359097	1462795651630	7816
1462795687427895	1462795651640	7831
1462795687479126	1462795651650	7844
1462795687529706	1462795651660	7857
1462795687584356	1462795651670	7872
1462795687635360	1462795651680	7886
1462795687685351	1462795651690	7900
1462795687731817	1462795651700	7913
1462795687780929	1462795651710	7927
1462795687837138	1462795651720	7944
1462795687887532	1462795651730	7959
1462795687951027	1462795651740	7984
1462795688000375	1462795651750	7997
1462795688038379	1462795651760	8015
1462795688094393	1462795651770	8030
1462795688149404	1462795651780	8042
1462795688191217	1462795651790	8057
1462795688244198	1462795651800	8071
1462795688292152	1462795651810	8083
1462795688343689	1462795651820	8097
1462795688393150	1462795651830	8110
1462795688449256	1462795651840	8126
1462795688504066	1462795651850	8140
1462795688557286	1462795651860	8154
1462795688609305	1462795651870	8166
1462795688667963	1462795651880	8186
1462795688705688	1462795651890	8201
1462795688752416	1462795651900	8219
1462795688802684	1462795651910	8233
1462795688858442	1462795651920	8247
1462795688907595	1462795651930	8260
1462795688953530	1462795651940	8276
1462795689008322	1462795651950	8289
1462795689060816	1462795651960	8302
1462795689117525	1462795651970	8314
1462795689171851	1462795651980	8326
1462795689220458	1462795651990	8339
1462795689277925	1462795652000	8352
1462795689330583	1462795652010	8366
1462795689377775	1462795652020	8380
1462795689423425	1462795652030	8396
1462795689472703	1462795652040	8410
1462795689530498	1462795652050	8425
1462795689643542	1462795652060	8444
1462795689726654	1462795652070	8461
1462795689810658	1462795652080	8481
1462795689866679	1462795652090	8497
1462795689897820	1462795652100	8512
1462795689978702	1462795652110	8528
1462795690034586	1462795652120	8541
1462795690067689	1462795652130	8556
1462795690121733	1462795652140	8568
1462795690153443	1462795652150	8582
1462795690208769	1462795652160	8599
1462795690240642	1462795652170	8614
1462795690293219	1462795652180	8629
1462795690323444	1462795652190	8643
1462795690354297	1462795652200	8659
1462795690384375	1462795652210	8672
1462795690414330	1462795652220	8686
1462795690466939	1462795652230	8702
1462795690524544	1462795652240	8718
1462795690587673	1462795652250	8730
1462795690633458	1462795652260	8742
1462795690683885	1462795652270	8754
1462795690741553	1462795652280	8766
1462795690796490	1462795652290	8778
1462795690848730	1462795652300	8790
1462795690904188	1462795652310	8804
1462795690956231	1462795652320	8819
1462795691006840	1462795652330	8831
1462795691056378	1462795652340	8841
1462795691102923	1462795652350	8851
1462795691160358	1462795652360	8863
1462795691211598	1462795652370	8874
1462795691259826	1462795652380	8886
1462795691307859	1462795652390	8898
1462795691360878	1462795652400	8909
1462795691414127	1462795652410	8921
1462795691463595	1462795652420	8935
1462795691512057	1462795652430	8949
1462795691565943	1462795652440	8965
1462795691617724	1462795652450	8981
1462795691668088	1462795652460	8995
1462795691716865	1462795652470	9010
1462795691763919	1462795652480	9025
1462795691813470	1462795652490	9040
1462795691861114	1462795652500	9054
1462795691911889	1462795652510	9067
1462795691967631	1462795652520	9082
1462795692018749	1462795652530	9096
1462795692068284	1462795652540	9112
1462795692120120	1462795652550	9128
1462795692170859	1462795652560	9144
1462795692221362	1462795652570	9158
1462795692276015	1462795652580	9174
1462795692333044	1462795652590	9189
1462795692388036	1462795652600	9207
1462795692448061	1462795652610	9223
1462795692505065	1462795652620	9236
1462795692535063	1462795652630	9248
1462795692592094	1462795652640	9262
1462795692636626	1462795652650	9276
1462795692687213	1462795652660	9291
1462795692735120	1462795652670	9307
1462795692784109	1462795652680	9324
1462795692848070	1462795652690	9344
1462795692896074	1462795652700	9362
1462795692950678	1462795652710	9379
1462795692997299	1462795652720	9393
1462795693053047	1462795652730	9406
1462795693105284	1462795652740	9420
1462795693155034	1462795652750	9434
1462795693205372	1462795652760	9449
1462795693252984	1462795652770	9464
1462795693301216	1462795652780	9479
1462795693351337	1462795652790	9498
1462795693404721	1462795652800	9512
1462795693460149	1462795652810	9528
1462795693511416	1462795652820	9542
1462795693568138	1462795652830	9557
1462795693622912	1462795652840	9569
1462795693674140	1462795652850	9584
1462795693727356	1462795652860	9598
1462795693779492	1462795652870	9611
1462795693830747	1462795652880	9624
1462795693888269	1462795652890	9638
1462795693939599	1462795652900	9651
1462795693994949	1462795652910	9665
1462795694045278	1462795652920	9678
1462795694093152	1462795652930	9691
1462795694140553	1462795652940	9703
1462795694189294	1462795652950	9716
1462795694235910	1462795652960	9729
1462795694284840	1462795652970	9741
1462795694343936	1462795652980	9760
1462795694382343	1462795652990	9776
1462795694438897	1462795653000	9797
1462795694489351	1462795653010	9810
1462795694543244	1462795653020	9822
1462795694593959	1462795653030	9836
1462795694642857	1462795653040	9850
1462795694694498	1462795653050	9863
