1462795643119629  New Frame: 0
1462795643207189  New Frame: 1
1462795643257557  New Frame: 2
1462795643307070  New Frame: 3
1462795643361035  New Frame: 4
1462795643409298  New Frame: 5
1462795643457771  New Frame: 6
1462795643508725  New Frame: 7
1462795643556805  New Frame: 8
1462795643606997  New Frame: 9
1462795643653998  New Frame: 10
1462795643702114  New Frame: 11
1462795643749191  New Frame: 12
1462795643798723  New Frame: 13
1462795643845788  New Frame: 14
1462795643897066  New Frame: 15
1462795643946974  New Frame: 16
1462795643996500  New Frame: 17
1462795644045963  New Frame: 18
1462795644098190  New Frame: 19
1462795644146278  New Frame: 20
1462795644194888  New Frame: 21
1462795644243269  New Frame: 22
1462795644296783  New Frame: 23
1462795644347102  New Frame: 24
1462795644398205  New Frame: 25
1462795644447381  New Frame: 26
1462795644500018  New Frame: 27
1462795644551017  New Frame: 28
1462795644603607  New Frame: 29
1462795644656151  New Frame: 30
1462795644707600  New Frame: 31
1462795644761352  New Frame: 32
1462795644813479  New Frame: 33
1462795644868278  New Frame: 34
1462795644920589  New Frame: 35
1462795644972093  New Frame: 36
1462795645019807  New Frame: 37
1462795645067634  New Frame: 38
1462795645117145  New Frame: 39
1462795645167181  New Frame: 40
1462795645217140  New Frame: 41
1462795645268187  New Frame: 42
1462795645322166  New Frame: 43
1462795645375491  New Frame: 44
1462795645430230  New Frame: 45
1462795645478819  New Frame: 46
1462795645531418  New Frame: 47
1462795645582060  New Frame: 48
1462795645636329  New Frame: 49
1462795645688968  New Frame: 50
1462795645739794  New Frame: 51
1462795645788293  New Frame: 52
1462795645835499  New Frame: 53
1462795645888081  New Frame: 54
1462795645941126  New Frame: 55
1462795645991692  New Frame: 56
1462795646038655  New Frame: 57
1462795646087995  New Frame: 58
1462795646138960  New Frame: 59
1462795646186933  New Frame: 60
1462795646235217  New Frame: 61
1462795646286442  New Frame: 62
1462795646337873  New Frame: 63
1462795646388746  New Frame: 64
1462795646438965  New Frame: 65
1462795646487002  New Frame: 66
1462795646539945  New Frame: 67
1462795646591429  New Frame: 68
1462795646642605  New Frame: 69
1462795646690730  New Frame: 70
1462795646739142  New Frame: 71
1462795646787495  New Frame: 72
1462795646840060  New Frame: 73
1462795646891325  New Frame: 74
1462795646942517  New Frame: 75
1462795646991709  New Frame: 76
1462795647043341  New Frame: 77
1462795647095080  New Frame: 78
1462795647145043  New Frame: 79
1462795647194165  New Frame: 80
1462795647248318  New Frame: 81
1462795647299640  New Frame: 82
1462795647347667  New Frame: 83
1462795647398390  New Frame: 84
1462795647446687  New Frame: 85
1462795647494547  New Frame: 86
1462795647544227  New Frame: 87
1462795647596811  New Frame: 88
1462795647647538  New Frame: 89
1462795647699854  New Frame: 90
1462795647752463  New Frame: 91
1462795647803403  New Frame: 92
1462795647854922  New Frame: 93
1462795647902996  New Frame: 94
1462795647954764  New Frame: 95
1462795648006385  New Frame: 96
1462795648057390  New Frame: 97
1462795648106708  New Frame: 98
1462795648155546  New Frame: 99
1462795648208622  New Frame: 100
1462795648260336  New Frame: 101
1462795648309366  New Frame: 102
1462795648359722  New Frame: 103
1462795648412202  New Frame: 104
1462795648462915  New Frame: 105
1462795648513977  New Frame: 106
1462795648563216  New Frame: 107
1462795648611581  New Frame: 108
1462795648664352  New Frame: 109
1462795648716050  New Frame: 110
1462795648767322  New Frame: 111
1462795648820350  New Frame: 112
1462795648872257  New Frame: 113
1462795648919569  New Frame: 114
1462795648970982  New Frame: 115
1462795649020034  New Frame: 116
1462795649071567  New Frame: 117
1462795649122178  New Frame: 118
1462795649173102  New Frame: 119
1462795649222919  New Frame: 120
1462795649271666  New Frame: 121
1462795649323481  New Frame: 122
1462795649375136  New Frame: 123
1462795649428790  New Frame: 124
1462795649502695  New Frame: 125
1462795649555340  New Frame: 126
1462795649607337  New Frame: 127
1462795649659798  New Frame: 128
1462795649710510  New Frame: 129
1462795649761434  New Frame: 130
1462795649810726  New Frame: 131
1462795649859799  New Frame: 132
1462795649911640  New Frame: 133
1462795649962603  New Frame: 134
1462795650012924  New Frame: 135
1462795650068159  New Frame: 136
1462795650118523  New Frame: 137
1462795650169058  New Frame: 138
1462795650220085  New Frame: 139
1462795650273910  New Frame: 140
1462795650324764  New Frame: 141
1462795650375339  New Frame: 142
1462795650427164  New Frame: 143
1462795650477699  New Frame: 144
1462795650528575  New Frame: 145
1462795650706168  New Frame: 146
1462795650755354  New Frame: 147
1462795650806515  New Frame: 148
1462795650853898  New Frame: 149
1462795650907114  New Frame: 150
1462795650957921  New Frame: 151
1462795651009360  New Frame: 152
1462795651057509  New Frame: 153
1462795651105927  New Frame: 154
1462795651152952  New Frame: 155
1462795651199299  New Frame: 156
1462795651250031  New Frame: 157
1462795651299786  New Frame: 158
1462795651353070  New Frame: 159
1462795651405322  New Frame: 160
1462795651452633  New Frame: 161
1462795651503620  New Frame: 162
1462795651556001  New Frame: 163
1462795651607858  New Frame: 164
1462795651655995  New Frame: 165
1462795651707512  New Frame: 166
1462795651760006  New Frame: 167
1462795651811398  New Frame: 168
1462795651862944  New Frame: 169
1462795651910670  New Frame: 170
1462795651957612  New Frame: 171
1462795652005667  New Frame: 172
1462795652054640  New Frame: 173
1462795652101241  New Frame: 174
1462795652150209  New Frame: 175
1462795652196934  New Frame: 176
1462795652243651  New Frame: 177
1462795652291546  New Frame: 178
1462795652340664  New Frame: 179
1462795652387824  New Frame: 180
1462795652440830  New Frame: 181
1462795652494424  New Frame: 182
1462795652554984  New Frame: 183
1462795652610084  New Frame: 184
1462795652663137  New Frame: 185
1462795652716500  New Frame: 186
1462795652770007  New Frame: 187
1462795652824552  New Frame: 188
1462795652877589  New Frame: 189
1462795652928687  New Frame: 190
1462795652983397  New Frame: 191
1462795653035173  New Frame: 192
1462795653088281  New Frame: 193
1462795653140395  New Frame: 194
1462795653191346  New Frame: 195
1462795653242687  New Frame: 196
1462795653291063  New Frame: 197
1462795653339176  New Frame: 198
1462795653385627  New Frame: 199
1462795653432644  New Frame: 200
1462795653483212  New Frame: 201
1462795653531331  New Frame: 202
1462795653583139  New Frame: 203
1462795653632907  New Frame: 204
1462795653682874  New Frame: 205
1462795653732630  New Frame: 206
1462795653779181  New Frame: 207
1462795653830274  New Frame: 208
1462795653878503  New Frame: 209
1462795653924841  New Frame: 210
1462795653975881  New Frame: 211
1462795654027498  New Frame: 212
1462795654077796  New Frame: 213
1462795654127962  New Frame: 214
1462795654178977  New Frame: 215
1462795654226277  New Frame: 216
1462795654272690  New Frame: 217
1462795654323498  New Frame: 218
1462795654375221  New Frame: 219
1462795654424957  New Frame: 220
1462795654481178  New Frame: 221
1462795654531335  New Frame: 222
1462795654590449  New Frame: 223
1462795654642700  New Frame: 224
1462795654696645  New Frame: 225
1462795654748535  New Frame: 226
1462795654803962  New Frame: 227
1462795654856104  New Frame: 228
1462795654907013  New Frame: 229
1462795654957833  New Frame: 230
1462795655006009  New Frame: 231
1462795655055592  New Frame: 232
1462795655106816  New Frame: 233
1462795655158783  New Frame: 234
1462795655212758  New Frame: 235
1462795655264793  New Frame: 236
1462795655315603  New Frame: 237
1462795655377672  New Frame: 238
1462795655431736  New Frame: 239
1462795655483735  New Frame: 240
1462795655532470  New Frame: 241
1462795655581806  New Frame: 242
1462795655630500  New Frame: 243
1462795655678612  New Frame: 244
1462795655726974  New Frame: 245
1462795655775353  New Frame: 246
1462795655827772  New Frame: 247
1462795655878903  New Frame: 248
1462795655928860  New Frame: 249
1462795655978199  New Frame: 250
1462795656026159  New Frame: 251
1462795656073922  New Frame: 252
1462795656126703  New Frame: 253
1462795656178951  New Frame: 254
1462795656233475  New Frame: 255
1462795656286322  New Frame: 256
1462795656336913  New Frame: 257
1462795656386512  New Frame: 258
1462795656437181  New Frame: 259
1462795656489742  New Frame: 260
1462795656540803  New Frame: 261
1462795656591674  New Frame: 262
1462795656644814  New Frame: 263
1462795656696081  New Frame: 264
1462795656743123  New Frame: 265
1462795656794963  New Frame: 266
1462795656843664  New Frame: 267
1462795656896059  New Frame: 268
1462795656947318  New Frame: 269
1462795656999400  New Frame: 270
1462795657052014  New Frame: 271
1462795657101515  New Frame: 272
1462795657151513  New Frame: 273
1462795657202522  New Frame: 274
1462795657250180  New Frame: 275
1462795657304000  New Frame: 276
1462795657353327  New Frame: 277
1462795657402682  New Frame: 278
1462795657452799  New Frame: 279
1462795657498942  New Frame: 280
1462795657550698  New Frame: 281
1462795657600808  New Frame: 282
1462795657651883  New Frame: 283
1462795657702061  New Frame: 284
1462795657753422  New Frame: 285
1462795657802059  New Frame: 286
1462795657854750  New Frame: 287
1462795657905244  New Frame: 288
1462795657955370  New Frame: 289
1462795658006441  New Frame: 290
1462795658054274  New Frame: 291
1462795658102450  New Frame: 292
1462795658150292  New Frame: 293
1462795658197445  New Frame: 294
1462795658245782  New Frame: 295
1462795658290169  New Frame: 296
1462795658338414  New Frame: 297
1462795658388146  New Frame: 298
1462795658432780  New Frame: 299
1462795658480607  New Frame: 300
1462795658530185  New Frame: 301
1462795658578608  New Frame: 302
1462795658630861  New Frame: 303
1462795658675645  New Frame: 304
1462795658722800  New Frame: 305
1462795658779692  New Frame: 306
1462795658830815  New Frame: 307
1462795658879898  New Frame: 308
1462795658925753  New Frame: 309
1462795658972979  New Frame: 310
1462795659021317  New Frame: 311
1462795659070512  New Frame: 312
1462795659119662  New Frame: 313
1462795659169616  New Frame: 314
1462795659221615  New Frame: 315
1462795659271489  New Frame: 316
1462795659321648  New Frame: 317
1462795659370808  New Frame: 318
1462795659421132  New Frame: 319
1462795659467884  New Frame: 320
1462795659516856  New Frame: 321
1462795659563031  New Frame: 322
1462795659612011  New Frame: 323
1462795659663228  New Frame: 324
1462795659708869  New Frame: 325
1462795659754315  New Frame: 326
1462795659803697  New Frame: 327
1462795659853671  New Frame: 328
1462795659898545  New Frame: 329
1462795659946932  New Frame: 330
1462795659996941  New Frame: 331
1462795660042091  New Frame: 332
1462795660090974  New Frame: 333
1462795660139725  New Frame: 334
1462795660189044  New Frame: 335
1462795660234290  New Frame: 336
1462795660284427  New Frame: 337
1462795660331071  New Frame: 338
1462795660376095  New Frame: 339
1462795660426651  New Frame: 340
1462795660479732  New Frame: 341
1462795660532639  New Frame: 342
1462795660584731  New Frame: 343
1462795660636300  New Frame: 344
1462795660689649  New Frame: 345
1462795660740221  New Frame: 346
1462795660789728  New Frame: 347
1462795660844513  New Frame: 348
1462795660899155  New Frame: 349
1462795660953711  New Frame: 350
1462795661005139  New Frame: 351
1462795661055364  New Frame: 352
1462795661110900  New Frame: 353
1462795661164800  New Frame: 354
1462795661218824  New Frame: 355
1462795661271218  New Frame: 356
1462795661321908  New Frame: 357
1462795661374940  New Frame: 358
1462795661429258  New Frame: 359
1462795661482004  New Frame: 360
1462795661536457  New Frame: 361
1462795661591328  New Frame: 362
1462795661645144  New Frame: 363
1462795661697510  New Frame: 364
1462795661749224  New Frame: 365
1462795661799396  New Frame: 366
1462795661851572  New Frame: 367
1462795661907830  New Frame: 368
1462795661961180  New Frame: 369
1462795662013738  New Frame: 370
1462795662067501  New Frame: 371
1462795662118828  New Frame: 372
1462795662172919  New Frame: 373
1462795662227936  New Frame: 374
1462795662282290  New Frame: 375
1462795662333035  New Frame: 376
1462795662383449  New Frame: 377
1462795662434310  New Frame: 378
1462795662488132  New Frame: 379
1462795662539307  New Frame: 380
1462795662591151  New Frame: 381
1462795662642913  New Frame: 382
1462795662697364  New Frame: 383
1462795662744078  New Frame: 384
1462795662793365  New Frame: 385
1462795662841189  New Frame: 386
1462795662887856  New Frame: 387
1462795662939872  New Frame: 388
1462795662994688  New Frame: 389
1462795663048640  New Frame: 390
1462795663101688  New Frame: 391
1462795663157630  New Frame: 392
1462795663210480  New Frame: 393
1462795663266324  New Frame: 394
1462795663317907  New Frame: 395
1462795663371182  New Frame: 396
1462795663426948  New Frame: 397
1462795663481229  New Frame: 398
1462795663534519  New Frame: 399
1462795663586438  New Frame: 400
1462795663634453  New Frame: 401
1462795663682801  New Frame: 402
1462795663730226  New Frame: 403
1462795663780076  New Frame: 404
1462795663837679  New Frame: 405
1462795663885954  New Frame: 406
1462795663936205  New Frame: 407
1462795663987359  New Frame: 408
1462795664039457  New Frame: 409
1462795664087237  New Frame: 410
1462795664138685  New Frame: 411
1462795664194962  New Frame: 412
1462795664251239  New Frame: 413
1462795664303934  New Frame: 414
1462795664355110  New Frame: 415
1462795664401794  New Frame: 416
1462795664452783  New Frame: 417
1462795664506618  New Frame: 418
1462795664561661  New Frame: 419
1462795664615549  New Frame: 420
1462795664669556  New Frame: 421
1462795664723049  New Frame: 422
1462795664774593  New Frame: 423
1462795664828659  New Frame: 424
1462795664880341  New Frame: 425
1462795664929966  New Frame: 426
1462795664978742  New Frame: 427
1462795665029117  New Frame: 428
1462795665083599  New Frame: 429
1462795665138283  New Frame: 430
1462795665192751  New Frame: 431
1462795665248102  New Frame: 432
1462795665299691  New Frame: 433
1462795665350979  New Frame: 434
1462795665401034  New Frame: 435
1462795665452076  New Frame: 436
1462795665501652  New Frame: 437
1462795665552908  New Frame: 438
1462795665600333  New Frame: 439
1462795665650890  New Frame: 440
1462795665699172  New Frame: 441
1462795665745470  New Frame: 442
1462795665792385  New Frame: 443
1462795665845829  New Frame: 444
1462795665898185  New Frame: 445
1462795665948258  New Frame: 446
1462795665997975  New Frame: 447
1462795666045345  New Frame: 448
1462795666092356  New Frame: 449
1462795666143688  New Frame: 450
1462795666198234  New Frame: 451
1462795666255516  New Frame: 452
1462795666307941  New Frame: 453
1462795666359567  New Frame: 454
1462795666412811  New Frame: 455
1462795666463375  New Frame: 456
1462795666517049  New Frame: 457
1462795666569254  New Frame: 458
1462795666623698  New Frame: 459
1462795666680640  New Frame: 460
1462795666729205  New Frame: 461
1462795666775073  New Frame: 462
1462795666826976  New Frame: 463
1462795666874089  New Frame: 464
1462795666922394  New Frame: 465
1462795666974625  New Frame: 466
1462795667027195  New Frame: 467
1462795667081303  New Frame: 468
1462795667137106  New Frame: 469
1462795667184061  New Frame: 470
1462795667232302  New Frame: 471
1462795667279153  New Frame: 472
1462795667330308  New Frame: 473
1462795667376628  New Frame: 474
1462795667427322  New Frame: 475
1462795667481465  New Frame: 476
1462795667536718  New Frame: 477
1462795667589497  New Frame: 478
1462795667644112  New Frame: 479
1462795667696741  New Frame: 480
1462795667747824  New Frame: 481
1462795667794714  New Frame: 482
1462795667846076  New Frame: 483
1462795667896513  New Frame: 484
1462795667947824  New Frame: 485
1462795667998779  New Frame: 486
1462795668051113  New Frame: 487
1462795668101226  New Frame: 488
1462795668154160  New Frame: 489
1462795668206686  New Frame: 490
1462795668255447  New Frame: 491
1462795668310772  New Frame: 492
1462795668364737  New Frame: 493
1462795668418271  New Frame: 494
1462795668472192  New Frame: 495
1462795668525486  New Frame: 496
1462795668581151  New Frame: 497
1462795668633196  New Frame: 498
1462795668691280  New Frame: 499
1462795668746873  New Frame: 500
1462795668795660  New Frame: 501
1462795668848403  New Frame: 502
1462795668899956  New Frame: 503
1462795668950286  New Frame: 504
1462795669002367  New Frame: 505
1462795669054910  New Frame: 506
1462795669103011  New Frame: 507
1462795669160739  New Frame: 508
1462795669216457  New Frame: 509
1462795669268755  New Frame: 510
1462795669320500  New Frame: 511
1462795669369973  New Frame: 512
1462795669423098  New Frame: 513
1462795669476683  New Frame: 514
1462795669526437  New Frame: 515
1462795669575202  New Frame: 516
1462795669623939  New Frame: 517
1462795669675931  New Frame: 518
1462795669727636  New Frame: 519
1462795669779148  New Frame: 520
1462795669830934  New Frame: 521
1462795669885402  New Frame: 522
1462795669938659  New Frame: 523
1462795669989439  New Frame: 524
1462795670044076  New Frame: 525
1462795670097532  New Frame: 526
1462795670152419  New Frame: 527
1462795670207241  New Frame: 528
1462795670256887  New Frame: 529
1462795670305887  New Frame: 530
1462795670353307  New Frame: 531
1462795670401382  New Frame: 532
1462795670447947  New Frame: 533
1462795670502950  New Frame: 534
1462795670557183  New Frame: 535
1462795670607664  New Frame: 536
1462795670653502  New Frame: 537
1462795670705765  New Frame: 538
1462795670758413  New Frame: 539
1462795670809701  New Frame: 540
1462795670857940  New Frame: 541
1462795670905450  New Frame: 542
1462795670951597  New Frame: 543
1462795671000108  New Frame: 544
1462795671046897  New Frame: 545
1462795671097594  New Frame: 546
1462795671143325  New Frame: 547
1462795671196752  New Frame: 548
1462795671251454  New Frame: 549
1462795671304207  New Frame: 550
1462795671356206  New Frame: 551
1462795671406887  New Frame: 552
1462795671457875  New Frame: 553
1462795671504474  New Frame: 554
1462795671555865  New Frame: 555
1462795671608405  New Frame: 556
1462795671664521  New Frame: 557
1462795671717291  New Frame: 558
1462795671773283  New Frame: 559
1462795671829637  New Frame: 560
1462795671889740  New Frame: 561
1462795671937342  New Frame: 562
1462795671986510  New Frame: 563
1462795672036965  New Frame: 564
1462795672090242  New Frame: 565
1462795672141906  New Frame: 566
1462795672189452  New Frame: 567
1462795672234992  New Frame: 568
1462795672286875  New Frame: 569
1462795672334368  New Frame: 570
1462795672386700  New Frame: 571
1462795672438453  New Frame: 572
1462795672493607  New Frame: 573
1462795672546394  New Frame: 574
1462795672598778  New Frame: 575
1462795672646329  New Frame: 576
1462795672693400  New Frame: 577
1462795672740718  New Frame: 578
1462795672796462  New Frame: 579
1462795672847980  New Frame: 580
1462795672899023  New Frame: 581
1462795672946635  New Frame: 582
1462795672995000  New Frame: 583
1462795673048129  New Frame: 584
1462795673099844  New Frame: 585
1462795673152839  New Frame: 586
1462795673207201  New Frame: 587
1462795673259199  New Frame: 588
1462795673307274  New Frame: 589
1462795673361016  New Frame: 590
1462795673419469  New Frame: 591
1462795673470894  New Frame: 592
1462795673527589  New Frame: 593
1462795673579618  New Frame: 594
1462795673631182  New Frame: 595
1462795673681864  New Frame: 596
1462795673734769  New Frame: 597
1462795673789250  New Frame: 598
1462795673842187  New Frame: 599
1462795673895379  New Frame: 600
1462795673948980  New Frame: 601
1462795674004996  New Frame: 602
1462795674058189  New Frame: 603
1462795674109582  New Frame: 604
1462795674163431  New Frame: 605
1462795674214345  New Frame: 606
1462795674266034  New Frame: 607
1462795674319944  New Frame: 608
1462795674372148  New Frame: 609
1462795674421083  New Frame: 610
1462795674469423  New Frame: 611
1462795674518188  New Frame: 612
1462795674572422  New Frame: 613
1462795674623626  New Frame: 614
1462795674673975  New Frame: 615
1462795674729705  New Frame: 616
1462795674785443  New Frame: 617
1462795674838282  New Frame: 618
1462795674890756  New Frame: 619
1462795674938758  New Frame: 620
1462795674986408  New Frame: 621
1462795675034971  New Frame: 622
1462795675087489  New Frame: 623
1462795675144914  New Frame: 624
1462795675199034  New Frame: 625
1462795675253869  New Frame: 626
1462795675306484  New Frame: 627
1462795675358760  New Frame: 628
1462795675405154  New Frame: 629
1462795675450906  New Frame: 630
1462795675502193  New Frame: 631
1462795675554857  New Frame: 632
1462795675606959  New Frame: 633
1462795675660036  New Frame: 634
1462795675713632  New Frame: 635
1462795675765642  New Frame: 636
1462795675812154  New Frame: 637
1462795675858847  New Frame: 638
1462795675905818  New Frame: 639
1462795675962066  New Frame: 640
1462795676017396  New Frame: 641
1462795676063590  New Frame: 642
1462795676115187  New Frame: 643
1462795676160860  New Frame: 644
1462795676206535  New Frame: 645
1462795676255259  New Frame: 646
1462795676305134  New Frame: 647
1462795676352085  New Frame: 648
1462795676401473  New Frame: 649
1462795676453196  New Frame: 650
1462795676503174  New Frame: 651
1462795676553189  New Frame: 652
1462795676602325  New Frame: 653
1462795676652430  New Frame: 654
1462795676702147  New Frame: 655
1462795676754853  New Frame: 656
1462795676805153  New Frame: 657
1462795676854109  New Frame: 658
1462795676903122  New Frame: 659
1462795676953553  New Frame: 660
1462795677002129  New Frame: 661
1462795677049880  New Frame: 662
1462795677102278  New Frame: 663
1462795677152688  New Frame: 664
1462795677203578  New Frame: 665
1462795677254581  New Frame: 666
1462795677299883  New Frame: 667
1462795677349539  New Frame: 668
1462795677397388  New Frame: 669
1462795677443578  New Frame: 670
1462795677490969  New Frame: 671
1462795677541922  New Frame: 672
1462795677587606  New Frame: 673
1462795677636857  New Frame: 674
1462795677682465  New Frame: 675
1462795677725747  New Frame: 676
1462795677774720  New Frame: 677
1462795677825617  New Frame: 678
1462795677879811  New Frame: 679
1462795677928915  New Frame: 680
1462795677979238  New Frame: 681
1462795678028993  New Frame: 682
1462795678080393  New Frame: 683
1462795678129198  New Frame: 684
1462795678174176  New Frame: 685
1462795678224820  New Frame: 686
1462795678270315  New Frame: 687
1462795678322109  New Frame: 688
1462795678370317  New Frame: 689
1462795678419785  New Frame: 690
1462795678470516  New Frame: 691
1462795678522256  New Frame: 692
1462795678573298  New Frame: 693
1462795678620053  New Frame: 694
1462795678667833  New Frame: 695
1462795678715134  New Frame: 696
1462795678762876  New Frame: 697
1462795678811860  New Frame: 698
1462795678857881  New Frame: 699
1462795678906196  New Frame: 700
1462795678957745  New Frame: 701
1462795679006616  New Frame: 702
1462795679052127  New Frame: 703
1462795679101561  New Frame: 704
1462795679146816  New Frame: 705
1462795679195310  New Frame: 706
1462795679247143  New Frame: 707
1462795679291990  New Frame: 708
1462795679343691  New Frame: 709
1462795679397495  New Frame: 710
1462795679447247  New Frame: 711
1462795679499437  New Frame: 712
1462795679549916  New Frame: 713
1462795679600169  New Frame: 714
1462795679650200  New Frame: 715
1462795679699202  New Frame: 716
1462795679752371  New Frame: 717
1462795679803924  New Frame: 718
1462795679854287  New Frame: 719
1462795679903102  New Frame: 720
1462795679952180  New Frame: 721
1462795679998481  New Frame: 722
1462795680048829  New Frame: 723
1462795680095074  New Frame: 724
1462795680144411  New Frame: 725
1462795680191115  New Frame: 726
1462795680244738  New Frame: 727
1462795680296509  New Frame: 728
1462795680345576  New Frame: 729
1462795680394008  New Frame: 730
1462795680442812  New Frame: 731
1462795680496462  New Frame: 732
1462795680551116  New Frame: 733
1462795680615177  New Frame: 734
1462795680667115  New Frame: 735
1462795680715943  New Frame: 736
1462795680766896  New Frame: 737
1462795680821332  New Frame: 738
1462795680874177  New Frame: 739
1462795680925119  New Frame: 740
1462795680974990  New Frame: 741
1462795681026830  New Frame: 742
1462795681081447  New Frame: 743
1462795681132040  New Frame: 744
1462795681185057  New Frame: 745
1462795681240488  New Frame: 746
1462795681295159  New Frame: 747
1462795681349630  New Frame: 748
1462795681403539  New Frame: 749
1462795681454374  New Frame: 750
1462795681509118  New Frame: 751
1462795681563876  New Frame: 752
1462795681621366  New Frame: 753
1462795681672752  New Frame: 754
1462795681725119  New Frame: 755
1462795681776557  New Frame: 756
1462795681823663  New Frame: 757
1462795681871550  New Frame: 758
1462795681921617  New Frame: 759
1462795681972405  New Frame: 760
1462795682026463  New Frame: 761
1462795682078508  New Frame: 762
1462795682125810  New Frame: 763
1462795682174016  New Frame: 764
1462795682221030  New Frame: 765
1462795682268659  New Frame: 766
1462795682321231  New Frame: 767
1462795682376783  New Frame: 768
1462795682426558  New Frame: 769
1462795682475471  New Frame: 770
1462795682527997  New Frame: 771
1462795682579545  New Frame: 772
1462795682627536  New Frame: 773
1462795682678237  New Frame: 774
1462795682729948  New Frame: 775
1462795682785169  New Frame: 776
1462795682833275  New Frame: 777
1462795682882937  New Frame: 778
1462795682932871  New Frame: 779
1462795682985896  New Frame: 780
1462795683038357  New Frame: 781
1462795683087460  New Frame: 782
1462795683142035  New Frame: 783
1462795683199571  New Frame: 784
1462795683251784  New Frame: 785
1462795683302998  New Frame: 786
1462795683356848  New Frame: 787
1462795683407983  New Frame: 788
1462795683459493  New Frame: 789
1462795683514748  New Frame: 790
1462795683571161  New Frame: 791
1462795683623423  New Frame: 792
1462795683677230  New Frame: 793
1462795683730615  New Frame: 794
1462795683784289  New Frame: 795
1462795683837586  New Frame: 796
1462795683885357  New Frame: 797
1462795683942874  New Frame: 798
1462795683997629  New Frame: 799
1462795684047211  New Frame: 800
1462795684095048  New Frame: 801
1462795684144031  New Frame: 802
1462795684195790  New Frame: 803
1462795684248170  New Frame: 804
1462795684298643  New Frame: 805
1462795684347017  New Frame: 806
1462795684392753  New Frame: 807
1462795684439874  New Frame: 808
1462795684491003  New Frame: 809
1462795684539291  New Frame: 810
1462795684591711  New Frame: 811
1462795684644077  New Frame: 812
1462795684696781  New Frame: 813
1462795684750133  New Frame: 814
1462795684800490  New Frame: 815
1462795684850556  New Frame: 816
1462795684898398  New Frame: 817
1462795684949594  New Frame: 818
1462795685001919  New Frame: 819
1462795685059794  New Frame: 820
1462795685115506  New Frame: 821
1462795685168144  New Frame: 822
1462795685218857  New Frame: 823
1462795685270864  New Frame: 824
1462795685319112  New Frame: 825
1462795685372412  New Frame: 826
1462795685424570  New Frame: 827
1462795685476996  New Frame: 828
1462795685532582  New Frame: 829
1462795685582101  New Frame: 830
1462795685631653  New Frame: 831
1462795685683815  New Frame: 832
1462795685735529  New Frame: 833
1462795685786847  New Frame: 834
1462795685839160  New Frame: 835
1462795685893331  New Frame: 836
1462795685947729  New Frame: 837
1462795686000527  New Frame: 838
1462795686050753  New Frame: 839
1462795686098773  New Frame: 840
1462795686146737  New Frame: 841
1462795686194783  New Frame: 842
1462795686242831  New Frame: 843
1462795686292794  New Frame: 844
1462795686345495  New Frame: 845
1462795686400651  New Frame: 846
1462795686453212  New Frame: 847
1462795686508745  New Frame: 848
1462795686561089  New Frame: 849
1462795686612737  New Frame: 850
1462795686661345  New Frame: 851
1462795686717946  New Frame: 852
1462795686770355  New Frame: 853
1462795686818543  New Frame: 854
1462795686867846  New Frame: 855
1462795686921438  New Frame: 856
1462795686974634  New Frame: 857
1462795687021457  New Frame: 858
1462795687074921  New Frame: 859
1462795687126466  New Frame: 860
1462795687176584  New Frame: 861
1462795687227208  New Frame: 862
1462795687273205  New Frame: 863
1462795687326550  New Frame: 864
1462795687395291  New Frame: 865
1462795687447988  New Frame: 866
1462795687499420  New Frame: 867
1462795687551247  New Frame: 868
1462795687604662  New Frame: 869
1462795687658318  New Frame: 870
1462795687705873  New Frame: 871
1462795687751740  New Frame: 872
1462795687804201  New Frame: 873
1462795687856876  New Frame: 874
1462795687908465  New Frame: 875
1462795687955074  New Frame: 876
1462795688006830  New Frame: 877
1462795688057174  New Frame: 878
1462795688109866  New Frame: 879
1462795688160757  New Frame: 880
1462795688211520  New Frame: 881
1462795688263466  New Frame: 882
1462795688312961  New Frame: 883
1462795688365010  New Frame: 884
1462795688417429  New Frame: 885
1462795688471244  New Frame: 886
1462795688524582  New Frame: 887
1462795688578073  New Frame: 888
1462795688630285  New Frame: 889
1462795688678451  New Frame: 890
1462795688725912  New Frame: 891
1462795688772461  New Frame: 892
1462795688826340  New Frame: 893
1462795688879551  New Frame: 894
1462795688928565  New Frame: 895
1462795688975254  New Frame: 896
1462795689028855  New Frame: 897
1462795689082858  New Frame: 898
1462795689140485  New Frame: 899
1462795689192611  New Frame: 900
1462795689245422  New Frame: 901
1462795689301917  New Frame: 902
1462795689350829  New Frame: 903
1462795689397161  New Frame: 904
1462795689444009  New Frame: 905
1462795689493563  New Frame: 906
1462795689546952  New Frame: 907
1462795689598148  New Frame: 908
1462795689649651  New Frame: 909
1462795689704000  New Frame: 910
1462795689756054  New Frame: 911
1462795689802976  New Frame: 912
1462795689855432  New Frame: 913
1462795689908481  New Frame: 914
1462795689958735  New Frame: 915
1462795690007696  New Frame: 916
1462795690055862  New Frame: 917
1462795690107927  New Frame: 918
1462795690163230  New Frame: 919
1462795690221070  New Frame: 920
1462795690274212  New Frame: 921
1462795690324179  New Frame: 922
1462795690377337  New Frame: 923
1462795690434347  New Frame: 924
1462795690491771  New Frame: 925
1462795690546678  New Frame: 926
1462795690601710  New Frame: 927
1462795690654286  New Frame: 928
1462795690709157  New Frame: 929
1462795690763052  New Frame: 930
1462795690816884  New Frame: 931
1462795690869219  New Frame: 932
1462795690924265  New Frame: 933
1462795690977247  New Frame: 934
1462795691028711  New Frame: 935
1462795691077701  New Frame: 936
1462795691128281  New Frame: 937
1462795691184281  New Frame: 938
1462795691234063  New Frame: 939
1462795691280153  New Frame: 940
1462795691329803  New Frame: 941
1462795691381991  New Frame: 942
1462795691435636  New Frame: 943
1462795691484535  New Frame: 944
1462795691534122  New Frame: 945
1462795691586554  New Frame: 946
1462795691640919  New Frame: 947
1462795691688234  New Frame: 948
1462795691737209  New Frame: 949
1462795691784586  New Frame: 950
1462795691834479  New Frame: 951
1462795691882614  New Frame: 952
1462795691934578  New Frame: 953
1462795691990193  New Frame: 954
1462795692038789  New Frame: 955
1462795692087750  New Frame: 956
1462795692139749  New Frame: 957
1462795692190908  New Frame: 958
1462795692243794  New Frame: 959
1462795692296823  New Frame: 960
1462795692349420  New Frame: 961
1462795692396114  New Frame: 962
1462795692443109  New Frame: 963
1462795692495589  New Frame: 964
1462795692549075  New Frame: 965
1462795692604420  New Frame: 966
1462795692656885  New Frame: 967
1462795692707605  New Frame: 968
1462795692756971  New Frame: 969
1462795692807708  New Frame: 970
1462795692859637  New Frame: 971
1462795692918895  New Frame: 972
1462795692969714  New Frame: 973
1462795693019234  New Frame: 974
1462795693073294  New Frame: 975
1462795693127255  New Frame: 976
1462795693178054  New Frame: 977
1462795693225900  New Frame: 978
1462795693274261  New Frame: 979
1462795693322289  New Frame: 980
1462795693372159  New Frame: 981
1462795693426107  New Frame: 982
1462795693480898  New Frame: 983
1462795693533742  New Frame: 984
1462795693590344  New Frame: 985
1462795693643531  New Frame: 986
1462795693695069  New Frame: 987
1462795693748365  New Frame: 988
1462795693799427  New Frame: 989
1462795693856670  New Frame: 990
1462795693908724  New Frame: 991
1462795693962131  New Frame: 992
1462795694017769  New Frame: 993
1462795694065933  New Frame: 994
1462795694113612  New Frame: 995
1462795694160498  New Frame: 996
1462795694209001  New Frame: 997
1462795694256098  New Frame: 998
1462795694305024  New Frame: 999
1462795694354575  New Frame: 1000
1462795694406330  New Frame: 1001
1462795694459221  New Frame: 1002
1462795694509437  New Frame: 1003
1462795694561789  New Frame: 1004
1462795694612827  New Frame: 1005
1462795694663215  New Frame: 1006
1462795694713373  New Frame: 1007
1462795694764628  New Frame: 1008
1462795694816181  New Frame: 1009
1462795694867884  New Frame: 1010
1462795694917519  New Frame: 1011
1462795694963540  New Frame: 1012
1462795695016110  New Frame: 1013
1462795695067994  New Frame: 1014
1462795695118938  New Frame: 1015
1462795695172333  New Frame: 1016
1462795695222834  New Frame: 1017
1462795695273863  New Frame: 1018
1462795695324758  New Frame: 1019
1462795695376255  New Frame: 1020
1462795695428499  New Frame: 1021
1462795695480409  New Frame: 1022
1462795695529640  New Frame: 1023
1462795695577009  New Frame: 1024
1462795695625480  New Frame: 1025
